2019-04-03 16:16:49 INFO     Namespace(adam_learning_rate=0.005, bos_token='<BOS>', config_file='models/slm_pku_4_config.json', cpu_num=4, do_predict=True, do_supervised=False, do_unsupervised=True, do_valid=True, english_token='<ENG>', eos_token='</s>', gradient_clip=0.1, init_checkpoint=None, init_embedding_path='data/vocab/embedding.npy', log_every_steps=100, max_seq_length=32, number_token='<NUM>', predict_batch_size=500, predict_inputs=['data/pku/test.txt'], predict_output='models/unsupervised-pku-4/prediction.txt', punctuation_token='<PUNC>', save_every_steps=400, save_path='models/unsupervised-pku-4', segment_token='  ', segmented=None, sgd_learning_rate=16.0, supervised_batch_size=1000, supervised_lambda=1.0, train_steps=6000, unsegmented=['data/pku/unsegmented.txt', 'data/pku/test.txt'], unsupervised_batch_size=16000, use_cuda=True, valid_batch_size=500, valid_inputs=['data/pku/test.txt'], valid_output='models/unsupervised-pku-4/valid_prediction.txt', vocab_file='data/vocab/vocab.txt', warm_up_steps=800)
2019-04-03 16:16:49 INFO     Loading init embedding from data/vocab/embedding.npy...
2019-04-03 16:16:49 INFO     Config Info:
{
  "decoder_dropout_rate": 0.1,
  "decoder_input_dropout_rate": 0.3,
  "decoder_layer_number": 2,
  "embedding_size": 256,
  "encoder_dropout_rate": 0.1,
  "encoder_input_dropout_rate": 0.1,
  "encoder_layer_number": 2,
  "eng_id": 7,
  "eos_id": 5,
  "hidden_size": 256,
  "max_segment_length": 4,
  "num_id": 3,
  "punc_id": 2,
  "vocab_size": 8677
}
2019-04-03 16:16:49 INFO     Model Info:
SegmentalLM(
  (embedding): Embedding(8677, 256)
  (embedding2vocab): Linear(in_features=256, out_features=8677, bias=True)
  (context_encoder): ContextEncoder(
    (rnn): LSTM(256, 256, num_layers=2, dropout=0.1)
  )
  (segment_decoder): SegmentDecoder(
    (rnn): LSTM(256, 256, num_layers=2, dropout=0.1)
    (output_dropout): Dropout(p=0.1)
  )
  (decoder_h_transformation): Linear(in_features=256, out_features=512, bias=True)
  (encoder_input_dropout): Dropout(p=0.1)
  (decoder_input_dropout): Dropout(p=0.3)
  (y0_transformation): Linear(in_features=256, out_features=256, bias=True)
)
2019-04-03 16:16:53 INFO     Prepare unsupervised dataloader
2019-04-03 16:16:59 INFO     #line: 21001
2019-04-03 16:16:59 INFO     #sentence: 138102
2019-04-03 16:16:59 INFO     #token: 2222127
2019-04-03 16:16:59 INFO     ##########Example 0##########
2019-04-03 16:16:59 INFO     Characters: <BOS> 迈 向 充 满 希 望 的 新 世 纪 —— 一 九 九 八 年 新 年 讲 话 （ 附 图 片 １ 张 ） <\n>
2019-04-03 16:16:59 INFO     Tokens: <BOS> 迈 向 充 满 希 望 的 新 世 纪 <PUNC> 一 九 九 八 年 新 年 讲 话 <PUNC> 附 图 片 <NUM> 张 <PUNC> </s>
2019-04-03 16:16:59 INFO     Segments: 27
2019-04-03 16:16:59 INFO     ##########Example 1##########
2019-04-03 16:16:59 INFO     Characters: <BOS> 中 共 中 央 总 书 记 、 国 家 主 席 江 泽 民 <\n>
2019-04-03 16:16:59 INFO     Tokens: <BOS> 中 共 中 央 总 书 记 <PUNC> 国 家 主 席 江 泽 民 </s>
2019-04-03 16:16:59 INFO     Segments: 15
2019-04-03 16:16:59 INFO     ##########Example 2##########
2019-04-03 16:16:59 INFO     Characters: <BOS> （ 一 九 九 七 年 十 二 月 三 十 一 日 ） <\n>
2019-04-03 16:16:59 INFO     Tokens: <BOS> <PUNC> 一 九 九 七 年 十 二 月 三 十 一 日 <PUNC> </s>
2019-04-03 16:16:59 INFO     Segments: 14
2019-04-03 16:16:59 INFO     ##########Example 3##########
2019-04-03 16:16:59 INFO     Characters: <BOS> １２ 月 ３１ 日 ， 
2019-04-03 16:16:59 INFO     Tokens: <BOS> <NUM> 月 <NUM> 日 <PUNC> </s>
2019-04-03 16:16:59 INFO     Segments: 5
2019-04-03 16:16:59 INFO     ##########Example 4##########
2019-04-03 16:16:59 INFO     Characters: <BOS> 中 共 中 央 总 书 记 、 国 家 主 席 江 泽 民 发 表 １９９８ 年 新 年 讲 话 《 迈 向 充 满 希 望 
2019-04-03 16:16:59 INFO     Tokens: <BOS> 中 共 中 央 总 书 记 <PUNC> 国 家 主 席 江 泽 民 发 表 <NUM> 年 新 年 讲 话 <PUNC> 迈 向 充 满 希 望 </s>
2019-04-03 16:16:59 INFO     Segments: 30
2019-04-03 16:16:59 INFO     ##########Example 5##########
2019-04-03 16:16:59 INFO     Characters: <BOS> 的 新 世 纪 》  。  （ 
2019-04-03 16:16:59 INFO     Tokens: <BOS> 的 新 世 纪 <PUNC> </s>
2019-04-03 16:16:59 INFO     Segments: 5
2019-04-03 16:16:59 INFO     ##########Example 6##########
2019-04-03 16:16:59 INFO     Characters: <BOS> 新 华 社 记 者 兰 红 光 摄 ） <\n>
2019-04-03 16:16:59 INFO     Tokens: <BOS> 新 华 社 记 者 兰 红 光 摄 <PUNC> </s>
2019-04-03 16:16:59 INFO     Segments: 10
2019-04-03 16:16:59 INFO     ##########Example 7##########
2019-04-03 16:16:59 INFO     Characters: <BOS> 同 胞 们 、 朋 友 们 、 女 士 们 、 先 生 们 ： <\n>
2019-04-03 16:16:59 INFO     Tokens: <BOS> 同 胞 们 <PUNC> 朋 友 们 <PUNC> 女 士 们 <PUNC> 先 生 们 <PUNC> </s>
2019-04-03 16:16:59 INFO     Segments: 16
2019-04-03 16:16:59 INFO     ##########Example 8##########
2019-04-03 16:16:59 INFO     Characters: <BOS> 在 １９９８ 年 来 临 之 际 ， 
2019-04-03 16:16:59 INFO     Tokens: <BOS> 在 <NUM> 年 来 临 之 际 <PUNC> </s>
2019-04-03 16:16:59 INFO     Segments: 8
2019-04-03 16:16:59 INFO     ##########Example 9##########
2019-04-03 16:16:59 INFO     Characters: <BOS> 我 十 分 高 兴 地 通 过 中 央 人 民 广 播 电 台 、 中 国 国 际 广 播 电 台 和 中 央 电 视 
2019-04-03 16:16:59 INFO     Tokens: <BOS> 我 十 分 高 兴 地 通 过 中 央 人 民 广 播 电 台 <PUNC> 中 国 国 际 广 播 电 台 和 中 央 电 视 </s>
2019-04-03 16:16:59 INFO     Segments: 30
2019-04-03 16:17:01 INFO     Bucket batch sizes: 2285,1600,1333,1066,941,761,592,500
2019-04-03 16:17:01 INFO     Prepare validation dataloader
2019-04-03 16:17:02 INFO     #line: 1945
2019-04-03 16:17:02 INFO     #sentence: 11845
2019-04-03 16:17:02 INFO     #token: 191520
2019-04-03 16:17:02 INFO     ##########Example 0##########
2019-04-03 16:17:02 INFO     Characters: <BOS> 共 同 创 造 美 好 的 新 世 纪 —— 二 ○ ○ 一 年 新 年 贺 词 <\n>
2019-04-03 16:17:02 INFO     Tokens: <BOS> 共 同 创 造 美 好 的 新 世 纪 <PUNC> 二 ○ ○ 一 年 新 年 贺 词 </s>
2019-04-03 16:17:02 INFO     Segments: 20
2019-04-03 16:17:02 INFO     ##########Example 1##########
2019-04-03 16:17:02 INFO     Characters: <BOS> （ 二 ○ ○ ○ 年 十 二 月 三 十 一 日 ）  （ 附 图 片 1 张 ） <\n>
2019-04-03 16:17:02 INFO     Tokens: <BOS> <PUNC> 二 ○ ○ ○ 年 十 二 月 三 十 一 日 <PUNC> 附 图 片 <NUM> 张 <PUNC> </s>
2019-04-03 16:17:02 INFO     Segments: 20
2019-04-03 16:17:02 INFO     ##########Example 2##########
2019-04-03 16:17:02 INFO     Characters: <BOS> 女 士 们 ， 
2019-04-03 16:17:02 INFO     Tokens: <BOS> 女 士 们 <PUNC> </s>
2019-04-03 16:17:02 INFO     Segments: 4
2019-04-03 16:17:02 INFO     ##########Example 3##########
2019-04-03 16:17:02 INFO     Characters: <BOS> 先 生 们 ， 
2019-04-03 16:17:02 INFO     Tokens: <BOS> 先 生 们 <PUNC> </s>
2019-04-03 16:17:02 INFO     Segments: 4
2019-04-03 16:17:02 INFO     ##########Example 4##########
2019-04-03 16:17:02 INFO     Characters: <BOS> 同 志 们 ， 
2019-04-03 16:17:02 INFO     Tokens: <BOS> 同 志 们 <PUNC> </s>
2019-04-03 16:17:02 INFO     Segments: 4
2019-04-03 16:17:02 INFO     ##########Example 5##########
2019-04-03 16:17:02 INFO     Characters: <BOS> 朋 友 们 ： <\n>
2019-04-03 16:17:02 INFO     Tokens: <BOS> 朋 友 们 <PUNC> </s>
2019-04-03 16:17:02 INFO     Segments: 4
2019-04-03 16:17:02 INFO     ##########Example 6##########
2019-04-03 16:17:02 INFO     Characters: <BOS> 2001 年 新 年 钟 声 即 将 敲 响 。 
2019-04-03 16:17:02 INFO     Tokens: <BOS> <NUM> 年 新 年 钟 声 即 将 敲 响 <PUNC> </s>
2019-04-03 16:17:02 INFO     Segments: 11
2019-04-03 16:17:02 INFO     ##########Example 7##########
2019-04-03 16:17:02 INFO     Characters: <BOS> 人 类 社 会 前 进 的 航 船 就 要 驶 入 21 世 纪 的 新 航 程 。 
2019-04-03 16:17:02 INFO     Tokens: <BOS> 人 类 社 会 前 进 的 航 船 就 要 驶 入 <NUM> 世 纪 的 新 航 程 <PUNC> </s>
2019-04-03 16:17:02 INFO     Segments: 21
2019-04-03 16:17:02 INFO     ##########Example 8##########
2019-04-03 16:17:02 INFO     Characters: <BOS> 中 国 人 民 进 入 了 向 现 代 化 建 设 第 三 步 战 略 目 标 迈 进 的 新 征 程 。 <\n>
2019-04-03 16:17:02 INFO     Tokens: <BOS> 中 国 人 民 进 入 了 向 现 代 化 建 设 第 三 步 战 略 目 标 迈 进 的 新 征 程 <PUNC> </s>
2019-04-03 16:17:02 INFO     Segments: 27
2019-04-03 16:17:02 INFO     ##########Example 9##########
2019-04-03 16:17:02 INFO     Characters: <BOS> 在 这 个 激 动 人 心 的 时 刻 ， 
2019-04-03 16:17:02 INFO     Tokens: <BOS> 在 这 个 激 动 人 心 的 时 刻 <PUNC> </s>
2019-04-03 16:17:02 INFO     Segments: 11
2019-04-03 16:17:02 INFO     Ramdomly Initializing SLM parameters...
2019-04-03 16:17:03 INFO     global_step = 0
2019-04-03 16:17:03 INFO     unsupervised_loss = 16.626530
2019-04-03 16:17:03 INFO     Saving checkpoint models/unsupervised-pku-4...
2019-04-03 16:17:17 INFO     Bash Command: bash run.sh valid pku 4
2019-04-03 16:17:22 INFO     Validation results:
1.0.0
=== SUMMARY:
=== TOTAL INSERTIONS:	63230
=== TOTAL DELETIONS:	538
=== TOTAL SUBSTITUTIONS:	57125
=== TOTAL NCHANGE:	120893
=== TOTAL TRUE WORD COUNT:	104372
=== TOTAL TEST WORD COUNT:	167064
=== TOTAL TRUE WORDS RECALL:	0.448
=== TOTAL TEST WORDS PRECISION:	0.280
=== F MEASURE:	0.344
=== OOV Rate:	0.058
=== OOV Recall Rate:	0.195
=== IV Recall Rate:	0.463
Examples:
共  同  创  造  美  好  的  新  世  纪  ——  二  ○  ○  一  年  新年  贺  词  
（  二  ○  ○  ○  年  十  二  月  三  十  一  日  ）  （  附  图  片  1  张  ）  
女  士  们  ，  先  生  们  ，  同  志  们  ，  朋  友  们  ：  
2001  年  新年  钟  声  即  将  敲  响  。  人  类  社  会  前  进  的  航  船  就  要  驶  入  21  世  纪  的  新  航  程  。  中  国  人  民  进  入  了  向  现  代  化  建  设  第  三  步  战  略  目  标  迈  进  的  新  征  程  。  
在  这  个  激  动  人  心  的  时  刻  ，  我  很  高  兴  通  过  中  国  国  际  广  播  电  台  、  中  央  人  民  广  播  电  台  和  中  央  电  视  台  ，  向  全  国  各  族  人  民  ，  向  香  港  特  别  行  政  区  同  胞  、  澳  门  特  别  行  政  区  同  胞  和  台  湾  同  胞  、  海  外  侨  胞  ，  向  世  界  各  国  的  朋  友  们  ，  致  以  新  世  纪  第  一  个  新年  的  祝  贺  ！  
过  去  的  一  年  ，  是  我  国  社  会  主  义  改  革  开  放和  现  代  化  建  设  进  程  中  具  有  标  志  意  义  的  一  年  。  在  中  国  共  产  党  的  领  导  下  ，  全  国  各  族  人  民  团  结  奋  斗  ，  国  民  经  济  继  续  保  持  较  快  的  发  展  势  头  ，  经  济  结  构  的  战  略  性调  整  顺  利  部  署  实  施  。  西  部  大  开  发  取  得  良  好  开  端  。  精  神  文  明  建  设  和  民  主  法  制  建  设  进  一  步  加  强  。  我  们  在  过  去  几  年  取  得  成  绩  的  基  础  上  ，  胜  利  完成  了  第  九  个  五  年  计  划  。  我  国  已  进  入  了  全  面  建  设  小  康  社  会  ，  加  快  社  会  主  义  现  代  化  建  设  的  新  的  发  展  阶  段  。  
面  对  新  世  纪  ，  世  界  各  国  人  民  的  共  同  愿  望  是  ：  继  续  发  展  人  类  以  往  创  造  的  一  切  文  明  成  果  ，  克  服  20  世  纪  困  扰  着  人  类  的  战  争  和  贫  困  问  题  ，  推  进  和  平  与  发  展  的  崇  高  事  业  ，  创  造  一  个  美  好  的  世  界  。  
我  们  希  望  ，  新  世  纪  成  为  各  国  人  民  共  享  和  平  的  世  纪  。  在  20  世  纪  里  ，  世  界  饱  受  各  种  战  争  和  冲  突  的  苦  难  。  时  至  今日  ，  仍  有  不  少  国  家  和  地  区  的  人  民  还  在  忍  受  战  火  的  煎  熬  。  中  国  人  民  真  诚  地  祝  愿  他  们  早  日  过  上  和  平安  定  的  生  活  。  中  国  人  民  热  爱  和  平  与  自  由  ，  始  终  奉  行  独  立  自  主  的  和  平外  交  政  策  ，  永  远  站  在  人  类  正  义  事  业  的  一  边  。  我  们  愿  同  世  界  上  一  切  爱  好  和  平  的  国  家  和  人  民  一  道  ，  为  促  进  世  界  多  极  化  ，  建  立  和  平  稳  定  、  公  正  合  理  的  国  际  政  治经  济  新  秩  序  而  努  力  奋  斗  。  
我  们  希  望  ，  新  世  纪  成  为  各  国  人  民  共  同  发  展  的  世  纪  。  在  20  世  纪  里  ，  世  界  的  生  产  力  和  科  学  技  术  取  得  了  惊  人  的  成  就  。  但  是  ，  世  界  上  仍  有  许  多  人  民  尚  未  摆  脱  贫  穷  和  饥  饿  ，  有  的  甚  至  连  基  本  生  存  条  件  都  不  具  备  ，  时  刻  面  临  着  死  亡  的  威  胁  。  经  济  全  球  化  对  生  产  力  发  展  的  新  推  动  ，  科  学  技  术  突  飞  猛  进  带  来  的  新  成  果  ，  应  该  造  福  于  全  人  类  ，  特  别  是  应  该  用  来  促  进  发  展  中  国  家  的  发  展  ，  改  善  极  度  贫  困  人  口  的  生  活  境  遇  ，  使  他  们  得  以  具  备  自  我  发  展  的  条  件  。  中  国  人  民  将  坚  持  不  懈  地  为  此  作  出  自  己  的  贡  献  。  
我  们  希  望  ，  新  世  纪  成  为  各  种  文  明  共  同  进  步  的  世  纪  。  世  界  是  丰  富  多  彩  的  。  世  界  各  国  的  文  明  ，  都  是  人  类  的  宝  贵  财  富  ，  应  该  相  互  尊  重  、  相  互  学  习  。  历  史  充  分  证  明  ，  各  国  人  民  自  主  选  择  各  自  的  社  会  制  度  和  发  展  道  路  ，  在  继  承  和  发  展  本  民  族  文  明  的  基  础  上  吸  取  其  他  文  明  的  精  华  ，  按  照  自  己  的  意  志  创  造  并  享  受  美  好  的  生  活  ，  是  世  界  发  展  的  重  要  动  力  。  只  有  加  强  各  种  文  明  之  间  的  交  流  ，  推  动  各  种  文  明  共  同  进  步  ，  世  界  和  平  与  发  展  的  崇  高  事  业  才  能  真  正  实  现  。  

2019-04-03 16:17:22 INFO     Saving best checkpoint....
2019-04-03 16:18:05 INFO     global_step = 100
2019-04-03 16:18:05 INFO     unsupervised_loss = 8.919905
2019-04-03 16:18:48 INFO     global_step = 200
2019-04-03 16:18:48 INFO     unsupervised_loss = 6.213415
2019-04-03 16:19:33 INFO     global_step = 300
2019-04-03 16:19:33 INFO     unsupervised_loss = 5.512163
2019-04-03 16:20:17 INFO     global_step = 400
2019-04-03 16:20:17 INFO     unsupervised_loss = 5.282130
2019-04-03 16:20:18 INFO     Saving checkpoint models/unsupervised-pku-4...
2019-04-03 16:20:33 INFO     Bash Command: bash run.sh valid pku 4
2019-04-03 16:20:37 INFO     Validation results:
1.0.0
=== SUMMARY:
=== TOTAL INSERTIONS:	3249
=== TOTAL DELETIONS:	14150
=== TOTAL SUBSTITUTIONS:	23961
=== TOTAL NCHANGE:	41360
=== TOTAL TRUE WORD COUNT:	104372
=== TOTAL TEST WORD COUNT:	93471
=== TOTAL TRUE WORDS RECALL:	0.635
=== TOTAL TEST WORDS PRECISION:	0.709
=== F MEASURE:	0.670
=== OOV Rate:	0.058
=== OOV Recall Rate:	0.431
=== IV Recall Rate:	0.647
Examples:
共同  创造  美好的  新世纪  ——  二○  ○一年  新年  贺词  
（  二○  ○  ○年  十二  月  三十一  日  ）  （  附图片  1  张  ）  
女士  们  ，  先生  们  ，  同志  们  ，  朋友  们  ：  
2001  年  新年  钟声  即将  敲响  。  人类  社会  前进的  航船  就要  驶入  21  世纪的  新航程  。  中国  人民  进入了  向  现代化  建设  第三步  战略  目标  迈进  的新  征程  。  
在  这个  激动  人心的  时刻  ，  我  很高兴  通过  中国  国际  广播电台  、  中央  人民  广播电台  和  中央  电视台  ，  向  全国  各族  人民  ，  向  香港  特别  行政区  同胞  、  澳门  特别  行政区  同胞和  台湾  同胞  、  海外  侨胞  ，  向世界  各国的  朋友  们  ，  致以  新世纪  第一个  新年的  祝贺  ！  
过去的  一年  ，  是  我国  社会主义  改革  开放和  现代化  建设  进程中  具有  标志  意义的  一年  。  在  中国  共产党的  领导下  ，  全国  各族  人民  团结  奋斗  ，  国民  经济  继续  保持  较快的  发展  势头  ，  经济  结构的  战略  性  调整  顺利  部署  实施  。  西部  大  开发  取得  良好  开端  。  精神文明  建设和  民主  法制  建设  进一步  加强  。  我  们  在  过去几年  取得  成绩的  基础上  ，  胜利  完成了  第九个五  年  计划  。  我国已  进入了  全面  建设  小康  社会  ，  加快  社会主义  现代化  建设的  新的  发展  阶段  。  
面对  新世纪  ，  世界  各国  人民的  共同  愿望  是  ：  继续  发展  人类  以往  创造的  一切  文明  成果  ，  克服  20  世纪  困扰着  人类的  战争和  贫困  问题  ，  推进  和平  与  发展的  崇高  事业  ，  创造  一个  美好的  世界  。  
我  们  希望  ，  新世纪  成为  各国  人民  共享  和平的  世纪  。  在  20  世纪里  ，  世界  饱受  各种  战争和  冲突的  苦难  。  时  至今日  ，  仍有  不少  国家和  地区的  人民  还在  忍受  战火  的  煎熬  。  中国  人民  真诚地  祝愿  他  们  早日  过上  和平安  定的  生活  。  中国  人民  热爱  和平  与  自由  ，  始终  奉行  独立  自主的  和平  外交  政策  ，  永远  站在  人类  正义  事业的  一边  。  我  们  愿  同  世界上  一切  爱好  和平  的  国家和  人民  一道  ，  为  促进  世界  多  极化  ，  建立  和平  稳定  、  公正  合理的  国际  政治  经济  新秩序而  努力  奋斗  。  
我  们  希望  ，  新世纪  成为  各国  人民  共同  发展的  世纪  。  在  20  世纪里  ，  世界的  生产  力和  科学  技术  取得了  惊人的  成就  。  但是  ，  世界上  仍有  许多  人民  尚未  摆脱贫  穷和  饥饿  ，  有的  甚至  连  基本  生存  条件  都不  具备  ，  时刻  面临着  死亡  的威胁  。  经济  全球  化  对  生产  力  发展  的新  推动  ，  科学  技术  突飞  猛进  带来  的新  成果  ，  应该  造福  于  全  人类  ，  特别是  应该  用来  促进  发展中  国家的  发展  ，  改善  极度  贫困  人口的  生活  境遇  ，  使  他  们  得以  具备  自我  发展的  条件  。  中国  人民  将  坚持  不懈地  为此  作出  自己的  贡献  。  
我  们  希望  ，  新世纪  成为  各种  文明  共同  进步的  世纪  。  世界  是  丰富  多彩  的  。  世界  各国  的文明  ，  都是  人类  的宝贵  财富  ，  应该  相互  尊重  、  相互  学习  。  历史  充分  证明  ，  各国  人民  自主  选择  各自的  社会  制度和  发展  道路  ，  在  继承和  发展  本  民族  文明的  基础上  吸取  其他  文明的  精华  ，  按照  自己的  意志创造  并享受  美好的  生活  ，  是  世界  发展的  重要  动力  。  只有  加强  各种  文明  之间的  交流  ，  推动  各种  文明  共同  进步  ，  世界  和平  与  发展的  崇高  事业  才能  真正  实现  。  

2019-04-03 16:20:37 INFO     Saving best checkpoint....
2019-04-03 16:21:20 INFO     global_step = 500
2019-04-03 16:21:20 INFO     unsupervised_loss = 5.136421
2019-04-03 16:22:04 INFO     global_step = 600
2019-04-03 16:22:04 INFO     unsupervised_loss = 5.020831
2019-04-03 16:22:47 INFO     global_step = 700
2019-04-03 16:22:47 INFO     unsupervised_loss = 4.930428
2019-04-03 16:23:30 INFO     global_step = 800
2019-04-03 16:23:30 INFO     unsupervised_loss = 4.860539
2019-04-03 16:23:31 INFO     Saving checkpoint models/unsupervised-pku-4...
2019-04-03 16:23:44 INFO     Bash Command: bash run.sh valid pku 4
2019-04-03 16:23:49 INFO     Validation results:
1.0.0
=== SUMMARY:
=== TOTAL INSERTIONS:	2852
=== TOTAL DELETIONS:	14295
=== TOTAL SUBSTITUTIONS:	22583
=== TOTAL NCHANGE:	39730
=== TOTAL TRUE WORD COUNT:	104372
=== TOTAL TEST WORD COUNT:	92929
=== TOTAL TRUE WORDS RECALL:	0.647
=== TOTAL TEST WORDS PRECISION:	0.726
=== F MEASURE:	0.684
=== OOV Rate:	0.058
=== OOV Recall Rate:	0.451
=== IV Recall Rate:	0.659
Examples:
共同  创造  美好的  新世纪  ——  二○  ○一年  新年  贺词  
（  二○  ○  ○年  十二  月  三十一  日  ）  （  附图片  1  张  ）  
女士  们  ，  先生  们  ，  同志  们  ，  朋友  们  ：  
2001  年  新年  钟声  即将  敲响  。  人类  社会  前进  的  航船  就要  驶入  21  世纪的  新  航程  。  中国  人民  进入了  向  现代化  建设  第三步  战略  目标  迈进  的  新征程  。  
在  这个  激动  人心  的时刻  ，  我  很高兴  通过  中国  国际  广播电台  、  中央  人民  广播电台  和  中央  电视台  ，  向  全国  各族  人民  ，  向  香港  特别  行政区  同胞  、  澳门  特别  行政区  同胞和  台湾  同胞  、  海外  侨胞  ，  向  世界  各国的  朋友  们  ，  致以  新世纪  第一个  新年的  祝贺  ！  
过去的一  年  ，  是  我国  社会主义  改革  开放和  现代化  建设  进程中  具有  标志  意义  的一  年  。  在  中国  共产党的  领导下  ，  全国  各族  人民  团结  奋斗  ，  国民  经济  继续  保持  较快的  发展  势头  ，  经济  结构的  战略  性  调整  顺利  部署  实施  。  西部  大  开发  取得  良好  开端  。  精神文明  建设和  民主  法制  建设  进一步  加强  。  我  们  在  过去几年  取得  成绩  的  基础上  ，  胜利  完成了  第九个五  年  计划  。  我国已  进入了  全面  建设  小康  社会  ，  加快  社会主义  现代化  建设  的  新的  发展  阶段  。  
面对  新世纪  ，  世界  各国  人民  的  共同  愿望  是  ：  继续  发展  人类  以往  创造  的一切  文明  成果  ，  克服  20  世纪  困扰着  人类  的  战争和  贫困  问题  ，  推进  和平  与  发展  的崇高  事业  ，  创造  一个  美好的  世界  。  
我  们  希望  ，  新世纪  成为  各国  人民  共享  和平  的世纪  。  在  20  世纪里  ，  世界  饱受  各种  战争和  冲突  的  苦难  。  时至今日  ，  仍有  不少  国家和  地区的  人民  还在  忍受  战火  的  煎熬  。  中国  人民  真诚地  祝愿  他  们  早日  过上  和平  安定的  生活  。  中国  人民  热爱  和平  与  自由  ，  始终  奉行  独立  自主的  和平  外交  政策  ，  永远  站在  人类  正义  事业  的一边  。  我  们  愿  同  世界上  一切  爱好  和平  的  国家和  人民  一道  ，  为  促进  世界  多  极化  ，  建立  和平  稳定  、  公正  合理  的  国际  政治  经济  新秩序  而努力  奋斗  。  
我  们  希望  ，  新世纪  成为  各国  人民  共同  发展  的世纪  。  在  20  世纪里  ，  世界的  生产力和  科学  技术  取得了  惊人  的  成就  。  但是  ，  世界上  仍有  许多  人民  尚未  摆脱贫穷  和  饥饿  ，  有的  甚至  连基本  生存  条件  都不  具备  ，  时刻  面临着  死亡  的  威胁  。  经济  全球  化  对  生产力  发展  的新  推动  ，  科学  技术  突飞  猛进  带来  的新  成果  ，  应该  造福  于  全人类  ，  特别是  应该  用来  促进  发展中  国家的  发展  ，  改善  极度  贫困  人口  的  生活  境遇  ，  使  他  们  得以  具备  自我  发展  的  条件  。  中国  人民  将  坚持  不懈地  为此  作出  自己的  贡献  。  
我  们  希望  ，  新世纪  成为  各种  文明  共同  进步  的  世纪  。  世界  是  丰富  多彩  的  。  世界  各国  的文明  ，  都是  人类  的宝贵  财富  ，  应该  相互  尊重  、  相互  学习  。  历史  充分  证明  ，  各国  人民  自主  选择  各自的  社会  制度和  发展  道路  ，  在  继承和  发展  本民族  文明  的基础上  吸取  其他  文明  的  精华  ，  按照  自己的  意志创造  并享受  美好的  生活  ，  是  世界  发展  的  重要  动力  。  只有  加强  各种  文明  之间  的  交流  ，  推动  各种  文明  共同  进步  ，  世界  和平  与  发展  的崇高  事业  才能  真正  实现  。  

2019-04-03 16:23:49 INFO     Saving best checkpoint....
2019-04-03 16:24:31 INFO     global_step = 900
2019-04-03 16:24:31 INFO     unsupervised_loss = 4.849780
2019-04-03 16:25:15 INFO     global_step = 1000
2019-04-03 16:25:15 INFO     unsupervised_loss = 4.621274
2019-04-03 16:25:57 INFO     global_step = 1100
2019-04-03 16:25:57 INFO     unsupervised_loss = 4.478898
2019-04-03 16:26:42 INFO     global_step = 1200
2019-04-03 16:26:42 INFO     unsupervised_loss = 4.439636
2019-04-03 16:26:43 INFO     Saving checkpoint models/unsupervised-pku-4...
2019-04-03 16:26:56 INFO     Bash Command: bash run.sh valid pku 4
2019-04-03 16:27:01 INFO     Validation results:
1.0.0
=== SUMMARY:
=== TOTAL INSERTIONS:	4371
=== TOTAL DELETIONS:	10214
=== TOTAL SUBSTITUTIONS:	19679
=== TOTAL NCHANGE:	34264
=== TOTAL TRUE WORD COUNT:	104372
=== TOTAL TEST WORD COUNT:	98529
=== TOTAL TRUE WORDS RECALL:	0.714
=== TOTAL TEST WORDS PRECISION:	0.756
=== F MEASURE:	0.734
=== OOV Rate:	0.058
=== OOV Recall Rate:	0.449
=== IV Recall Rate:	0.730
Examples:
共同  创造  美好的  新世纪  ——  二○  ○一  年  新年  贺词  
（  二○  ○○  年十二  月  三十一  日  ）  （  附图片  1  张  ）  
女士  们  ，  先生  们  ，  同志  们  ，  朋友  们  ：  
2001  年  新年  钟声  即将  敲响  。  人类  社会  前进  的  航船  就要  驶入  21  世纪  的  新  航程  。  中国  人民  进入了  向  现代化  建设  第三  步  战略  目标  迈进  的  新  征程  。  
在  这个  激动  人心  的时刻  ，  我  很高兴  通过  中国  国际  广播  电台  、  中央  人民  广播  电台  和  中央  电视台  ，  向  全国  各族  人民  ，  向  香港  特别  行政  区  同胞  、  澳门  特别  行政  区  同胞和  台湾  同胞  、  海外  侨胞  ，  向  世界  各国  的  朋友  们  ，  致以  新世纪  第一个  新年的  祝贺  ！  
过去的一  年  ，  是  我国  社会  主义  改革  开放和  现代化  建设  进程中  具有  标志  意义  的一  年  。  在  中国  共产党的  领导下  ，  全国  各族  人民  团结  奋斗  ，  国民  经济  继续  保持  较快  的  发展  势头  ，  经济  结构的  战略  性  调整  顺利  部署  实施  。  西部  大  开发  取得  良好  开端  。  精神文明  建设和  民主  法制  建设  进一步  加强  。  我  们  在  过去几年  取得  成绩  的基础  上  ，  胜利  完成了  第九  个  五  年  计划  。  我国  已  进入了  全面  建设  小康  社会  ，  加快  社会  主义  现代化  建设的  新的  发展  阶段  。  
面对  新世纪  ，  世界  各国  人民的  共同  愿望  是  ：  继续  发展  人类  以往  创造  的  一切  文明  成果  ，  克服  20  世纪  困扰着  人类  的  战争  和  贫困  问题  ，  推进  和平  与  发展  的  崇高  事业  ，  创造  一个  美好的  世界  。  
我  们  希望  ，  新世纪  成为  各国  人民  共享  和平  的  世纪  。  在  20  世纪里  ，  世界  饱受  各种  战争和  冲突  的  苦难  。  时至今日  ，  仍有  不少  国家和  地区  的  人民  还  在  忍受  战火  的  煎熬  。  中国  人民  真诚地  祝愿  他  们  早日  过上  和平  安定  的  生活  。  中国  人民  热爱  和平  与  自由  ，  始终  奉行  独立  自主  的和平  外交  政策  ，  永远  站在  人类  正义  事业  的  一边  。  我  们  愿  同  世界上  一切  爱好  和平  的国家和  人民  一道  ，  为  促进  世界  多极化  ，  建立  和平  稳定  、  公正  合理  的  国际  政治  经济  新  秩序而  努力  奋斗  。  
我  们  希望  ，  新世纪  成为  各国  人民  共同  发展  的世纪  。  在  20  世纪里  ，  世界  的  生产力和  科学  技术  取得了  惊人  的  成就  。  但是  ，  世界上  仍有  许多  人民  尚未  摆脱贫穷  和  饥饿  ，  有的  甚至  连基本  生存  条件  都不  具备  ，  时刻  面临着  死亡  的  威胁  。  经济  全球  化  对  生产力  发展  的  新  推动  ，  科学  技术  突飞  猛进  带来的  新  成果  ，  应该  造福  于  全人类  ，  特别是  应该  用来  促进  发展  中  国家  的  发展  ，  改善  极度  贫困  人口  的  生活  境遇  ，  使  他  们  得以  具备  自我  发展  的  条件  。  中国  人民  将  坚持  不懈  地  为此  作出  自己的  贡献  。  
我  们  希望  ，  新世纪  成为  各种  文明  共同  进步  的世纪  。  世界  是  丰富  多彩  的  。  世界  各国的  文明  ，  都  是  人类  的宝贵  财富  ，  应该  相互  尊重  、  相互  学习  。  历史  充分  证明  ，  各国  人民  自主  选择  各自  的  社会  制度和  发展  道路  ，  在  继承和  发展  本  民族  文明  的  基础  上  吸取  其他  文明  的  精华  ，  按照  自己的  意志  创造  并享受  美好的  生活  ，  是  世界  发展  的  重要  动力  。  只有  加强  各种  文明  之间  的  交流  ，  推动  各种  文明  共同  进步  ，  世界  和平  与  发展  的  崇高  事业  才能  真正  实现  。  

2019-04-03 16:27:01 INFO     Saving best checkpoint....
2019-04-03 16:27:43 INFO     global_step = 1300
2019-04-03 16:27:43 INFO     unsupervised_loss = 4.361460
2019-04-03 16:28:25 INFO     global_step = 1400
2019-04-03 16:28:25 INFO     unsupervised_loss = 4.320533
2019-04-03 16:29:08 INFO     global_step = 1500
2019-04-03 16:29:08 INFO     unsupervised_loss = 4.286260
2019-04-03 16:29:52 INFO     global_step = 1600
2019-04-03 16:29:52 INFO     unsupervised_loss = 4.283657
2019-04-03 16:29:53 INFO     Saving checkpoint models/unsupervised-pku-4...
2019-04-03 16:30:06 INFO     Bash Command: bash run.sh valid pku 4
2019-04-03 16:30:11 INFO     Validation results:
1.0.0
=== SUMMARY:
=== TOTAL INSERTIONS:	5472
=== TOTAL DELETIONS:	7830
=== TOTAL SUBSTITUTIONS:	17515
=== TOTAL NCHANGE:	30817
=== TOTAL TRUE WORD COUNT:	104372
=== TOTAL TEST WORD COUNT:	102014
=== TOTAL TRUE WORDS RECALL:	0.757
=== TOTAL TEST WORDS PRECISION:	0.775
=== F MEASURE:	0.766
=== OOV Rate:	0.058
=== OOV Recall Rate:	0.447
=== IV Recall Rate:	0.776
Examples:
共同  创造  美好  的  新世纪  ——  二○  ○一  年  新年  贺词  
（  二○  ○○  年十二  月  三十一  日  ）  （  附图片  1  张  ）  
女士  们  ，  先生  们  ，  同志  们  ，  朋友  们  ：  
2001  年  新年  钟声  即将  敲响  。  人类  社会  前进  的  航船  就要  驶入  21  世纪  的  新航程  。  中国  人民  进入了  向  现代化  建设  第三  步  战略  目标  迈进  的  新  征程  。  
在  这个  激动人  心  的时刻  ，  我  很  高兴  通过  中国  国际  广播  电台  、  中央  人民  广播  电台  和  中央  电视台  ，  向  全国  各族  人民  ，  向  香港  特别  行政  区  同胞  、  澳门  特别  行政  区  同胞  和  台湾  同胞  、  海外  侨胞  ，  向  世界  各国  的  朋友  们  ，  致以  新世纪  第一  个  新年  的  祝贺  ！  
过去的一  年  ，  是  我国  社会  主义  改革  开放和  现代化  建设  进程  中  具有  标志  意义  的一  年  。  在  中国  共产党的  领导  下  ，  全国  各族  人民  团结  奋斗  ，  国民  经济  继续  保持  较快  的  发展  势头  ，  经济  结构的  战略  性  调整  顺利  部署  实施  。  西部  大  开发  取得  良好  开端  。  精神文明  建设和  民主  法制  建设  进一步  加强  。  我  们  在  过去  几年  取得  成绩  的基础  上  ，  胜利  完成了  第九  个  五  年  计划  。  我国  已  进入了  全面  建设  小康  社会  ，  加快  社会  主义  现代化  建设  的  新的  发展  阶段  。  
面对  新世纪  ，  世界  各国  人民  的  共同  愿望  是  ：  继续  发展  人类  以往  创造  的一切  文明  成果  ，  克服  20  世纪  困扰  着  人类  的  战争  和  贫困  问题  ，  推进  和平  与  发展  的  崇高  事业  ，  创造  一个  美好  的  世界  。  
我  们  希望  ，  新世纪  成为  各国  人民  共享  和平  的  世纪  。  在  20  世纪里  ，  世界  饱受  各种  战争  和  冲突  的  苦难  。  时至今日  ，  仍  有  不少  国家和  地区  的  人民  还  在  忍受  战火  的  煎熬  。  中国  人民  真诚  地  祝愿  他  们  早日  过上  和平  安定  的  生活  。  中国  人民  热爱  和平  与  自由  ，  始终  奉行  独立  自主  的和平  外交  政策  ，  永远  站在  人类  正义  事业  的  一边  。  我  们  愿  同  世界上  一切  爱好  和平  的国家和  人民  一道  ，  为  促进  世界  多极化  ，  建立  和平  稳定  、  公正  合理  的  国际  政治  经济  新  秩序而  努力  奋斗  。  
我  们  希望  ，  新世纪  成为  各国  人民  共同  发展  的  世纪  。  在  20  世纪里  ，  世界  的  生产力和  科学  技术  取得了  惊人  的  成就  。  但是  ，  世界上  仍有  许多  人民  尚未  摆脱  贫穷  和  饥饿  ，  有的  甚至  连  基本  生存  条件  都  不  具备  ，  时刻  面临着  死亡  的  威胁  。  经济  全球  化  对  生产力  发展  的  新  推动  ，  科学  技术  突飞  猛进  带来  的  新  成果  ，  应该造福  于  全人类  ，  特别是  应该  用来  促进  发展  中  国家  的  发展  ，  改善  极度  贫困  人口  的  生活  境遇  ，  使  他  们  得以  具备  自我  发展  的  条件  。  中国  人民  将  坚持  不懈  地  为此  作出  自己  的  贡献  。  
我  们  希望  ，  新世纪  成为  各种  文明  共同  进步  的  世纪  。  世界  是  丰富  多彩  的  。  世界  各国  的  文明  ，  都  是  人类  的宝贵  财富  ，  应该  相互  尊重  、  相互  学习  。  历史  充分  证明  ，  各国  人民  自主  选择  各自  的  社会  制度和  发展  道路  ，  在  继承和  发展  本  民族  文明  的基础  上  吸取  其他  文明  的  精华  ，  按照  自己  的  意志  创造  并  享受  美好  的  生活  ，  是  世界  发展  的  重要  动力  。  只有  加强  各种  文明  之间  的  交流  ，  推动  各种  文明  共同  进步  ，  世界  和平  与  发展  的  崇高  事业  才能  真正  实现  。  

2019-04-03 16:30:11 INFO     Saving best checkpoint....
2019-04-03 16:30:54 INFO     global_step = 1700
2019-04-03 16:30:54 INFO     unsupervised_loss = 4.233926
2019-04-03 16:31:38 INFO     global_step = 1800
2019-04-03 16:31:38 INFO     unsupervised_loss = 4.231072
2019-04-03 16:32:22 INFO     global_step = 1900
2019-04-03 16:32:22 INFO     unsupervised_loss = 4.208017
2019-04-03 16:33:05 INFO     global_step = 2000
2019-04-03 16:33:05 INFO     unsupervised_loss = 4.185110
2019-04-03 16:33:06 INFO     Saving checkpoint models/unsupervised-pku-4...
2019-04-03 16:33:19 INFO     Bash Command: bash run.sh valid pku 4
2019-04-03 16:33:25 INFO     Validation results:
1.0.0
=== SUMMARY:
=== TOTAL INSERTIONS:	5805
=== TOTAL DELETIONS:	7294
=== TOTAL SUBSTITUTIONS:	17178
=== TOTAL NCHANGE:	30277
=== TOTAL TRUE WORD COUNT:	104372
=== TOTAL TEST WORD COUNT:	102883
=== TOTAL TRUE WORDS RECALL:	0.766
=== TOTAL TEST WORDS PRECISION:	0.777
=== F MEASURE:	0.771
=== OOV Rate:	0.058
=== OOV Recall Rate:	0.441
=== IV Recall Rate:	0.785
Examples:
共同  创造  美好  的  新世纪  ——  二○  ○一  年  新年  贺词  
（  二○  ○  ○  年十二  月  三十一  日  ）  （  附图片  1  张  ）  
女士  们  ，  先生  们  ，  同志  们  ，  朋友  们  ：  
2001  年  新年  钟声  即将  敲响  。  人类  社会  前进  的  航船  就要  驶入  21  世纪  的  新航程  。  中国  人民  进入了  向  现代化  建设  第三  步  战略  目标  迈进  的  新  征程  。  
在  这个  激动人  心  的  时刻  ，  我  很  高兴  通过  中国  国际  广播  电台  、  中央  人民  广播  电台  和  中央  电视台  ，  向  全国  各族  人民  ，  向  香港  特别  行政  区  同胞  、  澳门  特别  行政  区  同胞  和  台湾  同胞  、  海外  侨胞  ，  向  世界  各国  的  朋友  们  ，  致以  新世纪  第一  个  新年  的祝贺  ！  
过去的一  年  ，  是  我国  社会  主义  改革  开放和  现代化  建设  进程  中  具有  标志  意义  的一  年  。  在  中国  共产党的  领导  下  ，  全国  各族  人民  团结  奋斗  ，  国民  经济  继续  保持  较快  的  发展  势头  ，  经济  结构  的  战略  性  调整  顺利  部署  实施  。  西部  大  开发  取得  良好  开端  。  精神文明  建设和  民主  法制  建设  进一步  加强  。  我  们  在  过去  几  年  取得  成绩  的  基础  上  ，  胜利  完成了  第九  个  五  年  计划  。  我国  已  进入了  全面  建设  小康  社会  ，  加快  社会  主义  现代化  建设  的  新的  发展  阶段  。  
面对  新世纪  ，  世界  各国  人民  的  共同  愿望  是  ：  继续  发展  人类  以往  创造  的一切  文明  成果  ，  克服  20  世纪  困扰着  人类  的  战争  和  贫困  问题  ，  推进  和平  与  发展  的  崇高  事业  ，  创造  一个  美好  的  世界  。  
我  们  希望  ，  新世纪  成为  各国  人民  共享  和平  的  世纪  。  在  20  世纪里  ，  世界  饱受  各种  战争  和  冲突  的  苦难  。  时至今日  ，  仍有  不少  国家和  地区  的  人民  还  在  忍受  战火的  煎熬  。  中国  人民  真诚  地  祝愿  他  们  早日  过上  和平  安定  的  生活  。  中国  人民  热爱  和平  与  自由  ，  始终  奉行  独立  自主  的和平  外交  政策  ，  永远  站在  人类  正义  事业  的  一边  。  我  们  愿  同  世界上  一切  爱好  和平  的国家和  人民  一道  ，  为  促进  世界  多极化  ，  建立  和平  稳定  、  公正  合理  的  国际  政治  经济  新  秩序  而  努力  奋斗  。  
我  们  希望  ，  新世纪  成为  各国  人民  共同  发展  的  世纪  。  在  20  世纪里  ，  世界  的  生产力  和  科学  技术  取得了  惊人  的  成就  。  但是  ，  世界上  仍有  许多  人民  尚未  摆脱  贫穷  和  饥饿  ，  有的  甚至  连  基本  生存  条件  都  不  具备  ，  时刻  面临着  死亡  的  威胁  。  经济  全球  化  对  生产力  发展  的  新  推动  ，  科学  技术  突飞  猛进  带来的  新  成果  ，  应该  造福  于  全人类  ，  特别  是  应该  用来  促进  发展  中  国家  的  发展  ，  改善  极度  贫困  人口  的  生活  境遇  ，  使  他  们  得以  具备  自我  发展  的  条件  。  中国  人民  将  坚持  不懈  地  为此  作出  自己  的  贡献  。  
我  们  希望  ，  新世纪  成为  各种  文明  共同  进步  的  世纪  。  世界  是  丰富  多彩  的  。  世界  各国  的文明  ，  都  是  人类  的宝贵  财富  ，  应该  相互  尊重  、  相互  学习  。  历史  充分  证明  ，  各国  人民  自主  选择  各自  的  社会  制度  和  发展  道路  ，  在  继承和  发展  本  民族  文明  的  基础  上  吸取  其他  文明  的  精华  ，  按照  自己  的  意志  创造  并  享受  美好  的  生活  ，  是  世界  发展  的  重要  动力  。  只有  加强  各种  文明  之间  的  交流  ，  推动  各种  文明  共同  进步  ，  世界  和平  与  发展  的  崇高  事业  才能  真正  实现  。  

2019-04-03 16:33:25 INFO     Saving best checkpoint....
2019-04-03 16:34:07 INFO     global_step = 2100
2019-04-03 16:34:07 INFO     unsupervised_loss = 4.170588
2019-04-03 16:34:49 INFO     global_step = 2200
2019-04-03 16:34:49 INFO     unsupervised_loss = 4.153324
2019-04-03 16:35:33 INFO     global_step = 2300
2019-04-03 16:35:33 INFO     unsupervised_loss = 4.132917
2019-04-03 16:36:16 INFO     global_step = 2400
2019-04-03 16:36:16 INFO     unsupervised_loss = 4.141197
2019-04-03 16:36:17 INFO     Saving checkpoint models/unsupervised-pku-4...
2019-04-03 16:36:30 INFO     Bash Command: bash run.sh valid pku 4
2019-04-03 16:36:35 INFO     Validation results:
1.0.0
=== SUMMARY:
=== TOTAL INSERTIONS:	6125
=== TOTAL DELETIONS:	6835
=== TOTAL SUBSTITUTIONS:	16983
=== TOTAL NCHANGE:	29943
=== TOTAL TRUE WORD COUNT:	104372
=== TOTAL TEST WORD COUNT:	103662
=== TOTAL TRUE WORDS RECALL:	0.772
=== TOTAL TEST WORDS PRECISION:	0.777
=== F MEASURE:	0.774
=== OOV Rate:	0.058
=== OOV Recall Rate:	0.431
=== IV Recall Rate:	0.793
Examples:
共同  创造  美好  的  新世纪  ——  二  ○  ○一  年  新年  贺词  
（  二○  ○  ○  年  十二  月  三十一  日  ）  （  附图片  1  张  ）  
女士  们  ，  先生  们  ，  同志  们  ，  朋友  们  ：  
2001  年  新年  钟声  即将  敲响  。  人类  社会  前进  的航船  就要  驶入  21  世纪  的  新航程  。  中国  人民  进入了  向  现代化  建设  第三  步  战略  目标  迈进  的  新  征程  。  
在  这个  激动人  心  的  时刻  ，  我  很  高兴  通过  中国  国际  广播  电台  、  中央  人民  广播  电台  和  中央  电视台  ，  向  全国  各族  人民  ，  向  香港  特别  行政  区  同胞  、  澳门  特别  行政  区  同胞  和  台湾  同胞  、  海外  侨胞  ，  向  世界  各国  的  朋友  们  ，  致以  新世纪  第一  个  新年  的  祝贺  ！  
过去的一  年  ，  是  我国  社会  主义  改革  开放和  现代化  建设  进程  中  具有  标志  意义  的一  年  。  在  中国  共产党的  领导  下  ，  全国  各族  人民  团结  奋斗  ，  国民  经济  继续  保持  较快  的  发展  势头  ，  经济  结构  的  战略  性  调整  顺利  部署  实施  。  西部  大  开发  取得  良好  开端  。  精神文明  建设  和  民主  法制  建设  进一步  加强  。  我  们  在  过去  几  年  取得  成绩  的  基础  上  ，  胜利  完成了  第九  个  五  年  计划  。  我国  已  进入了  全面  建设  小康  社会  ，  加快  社会  主义  现代化  建设  的  新的  发展  阶段  。  
面对  新世纪  ，  世界  各国  人民  的  共同  愿望  是  ：  继续  发展  人类  以往  创造  的  一切  文明  成果  ，  克服  20  世纪  困扰  着  人类  的  战争  和  贫困  问题  ，  推进  和平  与  发展  的  崇高  事业  ，  创造  一个  美好  的  世界  。  
我  们  希望  ，  新世纪  成为  各国  人民  共享  和平  的  世纪  。  在  20  世纪里  ，  世界  饱受  各种  战争  和  冲突  的  苦难  。  时至今日  ，  仍  有  不少  国家和  地区  的  人民  还  在  忍受  战火  的  煎熬  。  中国  人民  真诚  地  祝愿  他  们  早日  过上  和平  安定  的  生活  。  中国  人民  热爱  和平  与  自由  ，  始终  奉行  独立  自主  的  和平  外交  政策  ，  永远  站在  人类  正义  事业  的  一边  。  我  们  愿  同  世界上  一切  爱好  和平  的  国家  和  人民  一道  ，  为  促进  世界  多极化  ，  建立  和平  稳定  、  公正  合理  的  国际  政治  经济  新  秩序而  努力  奋斗  。  
我  们  希望  ，  新世纪  成为  各国  人民  共同  发展  的  世纪  。  在  20  世纪里  ，  世界  的  生产力  和  科学  技术  取得了  惊人  的  成就  。  但是  ，  世界上  仍有  许多  人民  尚未  摆脱  贫穷  和  饥饿  ，  有的  甚至  连  基本  生存  条件  都  不  具备  ，  时刻  面临着  死亡  的  威胁  。  经济  全球  化  对  生产力  发展  的  新  推动  ，  科学  技术  突飞  猛进  带来  的  新  成果  ，  应该  造福  于  全人类  ，  特别  是应该  用来  促进  发展  中  国家  的  发展  ，  改善  极度  贫困  人口  的  生活  境遇  ，  使  他  们  得以  具备  自我  发展  的  条件  。  中国  人民  将  坚持  不懈  地  为此  作出  自己  的  贡献  。  
我  们  希望  ，  新世纪  成为  各种  文明  共同  进步  的  世纪  。  世界  是  丰富  多彩  的  。  世界  各国  的  文明  ，  都  是  人类  的宝贵  财富  ，  应该  相互  尊重  、  相互  学习  。  历史  充分  证明  ，  各国  人民  自主  选择  各自  的  社会  制度  和  发展  道路  ，  在  继承和  发展  本  民族  文明  的  基础  上  吸取  其他  文明  的  精华  ，  按照  自己  的  意志  创造并  享受  美好  的  生活  ，  是  世界  发展  的  重要  动力  。  只有  加强  各种  文明  之间  的  交流  ，  推动  各种  文明  共同  进步  ，  世界  和平  与  发展  的  崇高  事业  才能  真正  实现  。  

2019-04-03 16:36:35 INFO     Saving best checkpoint....
2019-04-03 16:37:17 INFO     global_step = 2500
2019-04-03 16:37:17 INFO     unsupervised_loss = 4.120237
2019-04-03 16:38:01 INFO     global_step = 2600
2019-04-03 16:38:01 INFO     unsupervised_loss = 4.143160
2019-04-03 16:38:44 INFO     global_step = 2700
2019-04-03 16:38:44 INFO     unsupervised_loss = 4.102730
2019-04-03 16:39:28 INFO     global_step = 2800
2019-04-03 16:39:28 INFO     unsupervised_loss = 4.118533
2019-04-03 16:39:29 INFO     Saving checkpoint models/unsupervised-pku-4...
2019-04-03 16:39:42 INFO     Bash Command: bash run.sh valid pku 4
2019-04-03 16:39:47 INFO     Validation results:
1.0.0
=== SUMMARY:
=== TOTAL INSERTIONS:	6551
=== TOTAL DELETIONS:	6190
=== TOTAL SUBSTITUTIONS:	16519
=== TOTAL NCHANGE:	29260
=== TOTAL TRUE WORD COUNT:	104372
=== TOTAL TEST WORD COUNT:	104733
=== TOTAL TRUE WORDS RECALL:	0.782
=== TOTAL TEST WORDS PRECISION:	0.780
=== F MEASURE:	0.781
=== OOV Rate:	0.058
=== OOV Recall Rate:	0.432
=== IV Recall Rate:	0.804
Examples:
共同  创造  美好  的  新世纪  ——  二  ○  ○一  年  新年  贺词  
（  二○  ○  ○  年十二  月  三十一  日  ）  （  附图片  1  张  ）  
女士  们  ，  先生  们  ，  同志  们  ，  朋友  们  ：  
2001  年  新年  钟声  即将  敲响  。  人类  社会  前进  的航船  就  要  驶入  21  世纪  的  新  航程  。  中国  人民  进入了  向  现代化  建设  第三  步  战略  目标  迈进  的  新  征程  。  
在  这个  激动人  心  的  时刻  ，  我  很  高兴  通过  中国  国际  广播  电台  、  中央  人民  广播  电台  和  中央  电视台  ，  向  全国  各族  人民  ，  向  香港  特别  行政  区  同胞  、  澳门  特别  行政  区  同胞  和  台湾  同胞  、  海外  侨胞  ，  向  世界  各国  的  朋友  们  ，  致以  新世纪  第一  个  新年  的  祝贺  ！  
过去的一  年  ，  是  我国  社会  主义  改革  开放  和  现代化  建设  进程  中  具有  标志  意义  的一  年  。  在  中国  共产党的  领导  下  ，  全国  各族  人民  团结  奋斗  ，  国民  经济  继续  保持  较快  的  发展  势头  ，  经济  结构  的  战略  性  调整  顺利  部署  实施  。  西部  大  开发  取得  良好  开端  。  精神文明  建设  和  民主  法制  建设  进一步  加强  。  我  们  在  过去  几  年  取得  成绩  的  基础  上  ，  胜利  完成了  第九  个  五  年  计划  。  我国  已  进入  了  全面  建设  小康  社会  ，  加快  社会  主义  现代化  建设  的  新的  发展  阶段  。  
面对  新世纪  ，  世界  各国  人民  的  共同  愿望  是  ：  继续  发展  人类  以往  创造  的  一切  文明  成果  ，  克服  20  世纪  困扰  着  人类  的  战争  和  贫困  问题  ，  推进  和平  与  发展  的  崇高  事业  ，  创造  一个  美好  的  世界  。  
我  们  希望  ，  新世纪  成为  各国  人民  共享  和平  的  世纪  。  在  20  世纪里  ，  世界  饱受  各种  战争  和  冲突  的  苦难  。  时至今日  ，  仍  有  不少  国家和  地区  的  人民  还  在  忍受  战火  的  煎熬  。  中国  人民  真诚  地  祝愿  他  们  早日  过上  和平  安定  的  生活  。  中国  人民  热爱  和平  与  自由  ，  始终  奉行  独立  自主  的  和平  外交  政策  ，  永远  站在  人类  正义  事业  的  一  边  。  我  们  愿  同  世界  上  一切  爱好  和平  的国家和  人民  一道  ，  为  促进  世界  多极化  ，  建立  和平  稳定  、  公正  合理  的  国际  政治  经济  新  秩序而  努力  奋斗  。  
我  们  希望  ，  新世纪  成为  各国  人民  共同  发展  的  世纪  。  在  20  世纪里  ，  世界  的  生产力  和  科学  技术  取得了  惊人  的  成就  。  但  是  ，  世界上  仍有  许多  人民  尚未  摆脱  贫穷  和  饥饿  ，  有的  甚至  连  基本  生存  条件  都  不  具备  ，  时刻  面临着  死亡  的  威胁  。  经济  全球  化  对  生产力  发展  的  新  推动  ，  科学  技术  突飞  猛进  带来的  新  成果  ，  应该  造福  于  全人类  ，  特别  是  应该  用来  促进  发展  中  国家  的  发展  ，  改善  极度  贫困  人口  的  生活  境遇  ，  使  他  们  得以  具备  自我  发展  的  条件  。  中国  人民  将  坚持  不懈  地  为此  作出  自己  的  贡献  。  
我  们  希望  ，  新世纪  成为  各种  文明  共同  进步  的  世纪  。  世界  是  丰富  多彩  的  。  世界  各国  的文明  ，  都  是  人类  的宝贵  财富  ，  应该  相互  尊重  、  相互  学习  。  历史  充分  证明  ，  各国  人民  自主  选择  各自  的  社会  制度  和  发展  道路  ，  在  继承和  发展  本  民族  文明  的  基础  上  吸取  其他  文明  的  精华  ，  按照  自己  的  意志  创造  并  享受  美好  的  生活  ，  是  世界  发展  的  重要  动力  。  只  有  加强  各种  文明  之间  的  交流  ，  推动  各种  文明  共同  进步  ，  世界  和平  与  发展  的  崇高  事业  才能  真正  实现  。  

2019-04-03 16:39:47 INFO     Saving best checkpoint....
2019-04-03 16:40:28 INFO     global_step = 2900
2019-04-03 16:40:28 INFO     unsupervised_loss = 4.097275
2019-04-03 16:41:10 INFO     global_step = 3000
2019-04-03 16:41:10 INFO     unsupervised_loss = 4.095505
2019-04-03 16:41:55 INFO     global_step = 3100
2019-04-03 16:41:55 INFO     unsupervised_loss = 4.090808
2019-04-03 16:42:39 INFO     global_step = 3200
2019-04-03 16:42:39 INFO     unsupervised_loss = 4.099498
2019-04-03 16:42:40 INFO     Saving checkpoint models/unsupervised-pku-4...
2019-04-03 16:42:54 INFO     Bash Command: bash run.sh valid pku 4
2019-04-03 16:42:58 INFO     Validation results:
1.0.0
=== SUMMARY:
=== TOTAL INSERTIONS:	6666
=== TOTAL DELETIONS:	5977
=== TOTAL SUBSTITUTIONS:	16343
=== TOTAL NCHANGE:	28986
=== TOTAL TRUE WORD COUNT:	104372
=== TOTAL TEST WORD COUNT:	105061
=== TOTAL TRUE WORDS RECALL:	0.786
=== TOTAL TEST WORDS PRECISION:	0.781
=== F MEASURE:	0.784
=== OOV Rate:	0.058
=== OOV Recall Rate:	0.425
=== IV Recall Rate:	0.808
Examples:
共同  创造  美好  的  新世纪  ——  二  ○  ○一  年  新年  贺词  
（  二○  ○  ○  年十二  月  三十一  日  ）  （  附图片  1  张  ）  
女士  们  ，  先生  们  ，  同志  们  ，  朋友  们  ：  
2001  年  新年  钟声  即将  敲响  。  人类  社会  前进  的航船  就  要  驶入  21  世纪  的  新  航程  。  中国  人民  进入了  向  现代化  建设  第三  步  战略  目标  迈进  的  新  征程  。  
在  这个  激动  人  心  的  时刻  ，  我  很  高兴  通过  中国  国际  广播  电台  、  中央  人民  广播  电台  和  中央  电视台  ，  向  全国  各族  人民  ，  向  香港  特别  行政  区  同胞  、  澳门  特别  行政  区  同胞  和  台湾  同胞  、  海外  侨胞  ，  向  世界  各国  的  朋友  们  ，  致以  新世纪  第一  个  新年  的  祝贺  ！  
过去的一  年  ，  是  我国  社会  主义  改革  开放  和  现代化  建设  进程  中  具有  标志  意义  的一  年  。  在  中国  共产党的  领导  下  ，  全国  各族  人民  团结  奋斗  ，  国民  经济  继续  保持  较快  的  发展  势头  ，  经济  结构  的  战略  性  调整  顺利  部署  实施  。  西部  大  开发  取得  良好  开端  。  精神文明  建设  和  民主  法制  建设  进一步  加强  。  我  们  在  过去  几  年  取得  成绩  的  基础  上  ，  胜利  完成了  第九  个  五  年  计划  。  我国  已  进入  了  全面  建设  小康  社会  ，  加快  社会  主义  现代化  建设  的  新的  发展  阶段  。  
面对  新世纪  ，  世界  各国  人民  的  共同  愿望  是  ：  继续  发展  人类  以往  创造  的  一切  文明  成果  ，  克服  20  世纪  困扰  着  人类  的  战争  和  贫困  问题  ，  推进  和平  与  发展  的  崇高  事业  ，  创造  一个  美好  的  世界  。  
我  们  希望  ，  新世纪  成为  各国  人民  共享  和平  的  世纪  。  在  20  世纪里  ，  世界  饱受  各种  战争  和  冲突  的  苦难  。  时至今日  ，  仍  有  不少  国家  和  地区  的  人民  还  在  忍受  战火  的  煎  熬  。  中国  人民  真诚  地  祝愿  他  们  早日  过上  和平  安定  的  生活  。  中国  人民  热爱  和平  与  自由  ，  始终  奉行  独立  自主  的  和平  外交  政策  ，  永远  站在  人类  正义  事业  的  一边  。  我  们  愿  同  世界  上  一切  爱好  和平  的国家  和  人民  一道  ，  为  促进  世界  多极化  ，  建立  和平  稳定  、  公正  合理  的  国际  政治  经济  新  秩序而  努力  奋斗  。  
我  们  希望  ，  新世纪  成为  各国  人民  共同  发展  的  世纪  。  在  20  世纪里  ，  世界  的  生产力  和  科学  技术  取得了  惊人  的  成就  。  但是  ，  世界  上  仍有  许多  人民  尚未  摆脱  贫穷  和  饥饿  ，  有的  甚至  连基本  生存  条件  都  不  具备  ，  时刻  面临着  死亡  的  威胁  。  经济  全球  化  对  生产力  发展  的  新  推动  ，  科学  技术  突飞  猛进  带来的  新  成果  ，  应该  造福  于  全人类  ，  特别  是  应该  用来  促进  发展  中  国家  的  发展  ，  改善  极度  贫困  人口  的  生活  境遇  ，  使  他  们  得以  具备  自我  发展  的  条件  。  中国  人民  将  坚持  不懈  地  为此  作出  自己  的  贡献  。  
我  们  希望  ，  新世纪  成为  各种  文明  共同  进步  的  世纪  。  世界  是  丰富  多彩  的  。  世界  各国  的文明  ，  都  是  人类  的宝贵  财富  ，  应该  相互  尊重  、  相互  学习  。  历史  充分  证明  ，  各国  人民  自主  选择  各自  的  社会  制度  和  发展  道路  ，  在  继承和  发展  本  民族  文明  的  基础  上  吸取  其他  文明  的  精华  ，  按照  自己  的  意志  创造  并  享受  美好  的  生活  ，  是  世界  发展  的  重要  动力  。  只  有  加强  各种  文明  之间  的  交流  ，  推动  各种  文明  共同  进步  ，  世界  和平  与  发展  的  崇高  事业  才能  真正  实现  。  

2019-04-03 16:42:58 INFO     Saving best checkpoint....
2019-04-03 16:43:42 INFO     global_step = 3300
2019-04-03 16:43:42 INFO     unsupervised_loss = 4.090880
2019-04-03 16:44:26 INFO     global_step = 3400
2019-04-03 16:44:26 INFO     unsupervised_loss = 4.065545
2019-04-03 16:45:10 INFO     global_step = 3500
2019-04-03 16:45:10 INFO     unsupervised_loss = 4.071145
2019-04-03 16:45:53 INFO     global_step = 3600
2019-04-03 16:45:53 INFO     unsupervised_loss = 4.058964
2019-04-03 16:45:54 INFO     Saving checkpoint models/unsupervised-pku-4...
2019-04-03 16:46:08 INFO     Bash Command: bash run.sh valid pku 4
2019-04-03 16:46:13 INFO     Validation results:
1.0.0
=== SUMMARY:
=== TOTAL INSERTIONS:	6719
=== TOTAL DELETIONS:	5716
=== TOTAL SUBSTITUTIONS:	15781
=== TOTAL NCHANGE:	28216
=== TOTAL TRUE WORD COUNT:	104372
=== TOTAL TEST WORD COUNT:	105375
=== TOTAL TRUE WORDS RECALL:	0.794
=== TOTAL TEST WORDS PRECISION:	0.786
=== F MEASURE:	0.790
=== OOV Rate:	0.058
=== OOV Recall Rate:	0.435
=== IV Recall Rate:	0.816
Examples:
共同  创造  美好  的  新世纪  ——  二  ○  ○一  年  新年  贺词  
（  二○  ○  ○  年十二  月  三十一  日  ）  （  附图片  1  张  ）  
女士  们  ，  先生  们  ，  同志  们  ，  朋友  们  ：  
2001  年  新年  钟声  即将  敲响  。  人类  社会  前进  的  航船  就  要  驶入  21  世纪  的  新  航程  。  中国  人民  进入了  向  现代化  建设  第三  步  战略  目标  迈进  的  新  征程  。  
在  这个  激动  人  心  的  时刻  ，  我  很  高兴  通过  中国  国际  广播  电台  、  中央  人民  广播  电台  和  中央  电视台  ，  向  全国  各族  人民  ，  向  香港  特别  行政  区  同胞  、  澳门  特别  行政  区  同胞  和  台湾  同胞  、  海外  侨胞  ，  向  世界  各国  的  朋友  们  ，  致以  新世纪  第一  个  新年  的  祝贺  ！  
过去的一  年  ，  是  我国  社会  主义  改革  开放  和  现代化  建设  进程  中  具有  标志  意义  的  一  年  。  在  中国  共产党的  领导  下  ，  全国  各族  人民  团结  奋斗  ，  国民  经济  继续  保持  较快  的  发展  势头  ，  经济  结构  的  战略  性  调整  顺利  部署  实施  。  西部  大  开发  取得  良好  开端  。  精神文明  建设  和  民主  法制  建设  进一步  加强  。  我  们  在  过去  几  年  取得  成绩  的  基础  上  ，  胜利  完成了  第九  个  五  年  计划  。  我国  已  进入了  全面  建设  小康  社会  ，  加快  社会  主义  现代化  建设  的  新的  发展  阶段  。  
面对  新世纪  ，  世界  各国  人民  的  共同  愿望  是  ：  继续  发展  人类  以往  创造  的  一切  文明  成果  ，  克服  20  世纪  困扰  着  人类  的  战争  和  贫困  问题  ，  推进  和平  与  发展  的  崇高  事业  ，  创造  一个  美好  的  世界  。  
我  们  希望  ，  新世纪  成为  各国  人民  共享  和平  的  世纪  。  在  20  世纪里  ，  世界  饱受  各种  战争  和  冲突  的  苦难  。  时至  今日  ，  仍  有  不少  国家  和  地区  的  人民  还  在  忍受  战火  的  煎熬  。  中国  人民  真诚  地  祝愿  他  们  早日  过上  和平  安定  的  生活  。  中国  人民  热爱  和平  与  自由  ，  始终  奉行  独立  自主  的  和平  外交  政策  ，  永远  站在  人类  正义  事业  的  一边  。  我  们  愿  同  世界  上  一切  爱好  和平  的  国家  和  人民  一道  ，  为  促进  世界  多极化  ，  建立  和平  稳定  、  公正  合理  的  国际  政治  经济  新  秩序而  努力  奋斗  。  
我  们  希望  ，  新世纪  成为  各国  人民  共同  发展  的  世纪  。  在  20  世纪里  ，  世界  的  生产力  和  科学  技术  取得了  惊人  的  成就  。  但是  ，  世界  上  仍有  许多  人民  尚未  摆脱贫穷  和  饥饿  ，  有的  甚至  连  基本  生存  条件  都  不  具备  ，  时刻  面临着  死亡  的  威胁  。  经济  全球  化  对  生产力  发展  的  新  推动  ，  科学  技术  突飞  猛进  带来  的  新  成果  ，  应该  造福  于  全人类  ，  特别  是  应该  用来  促进  发展  中  国家  的  发展  ，  改善  极度  贫困  人口  的  生活  境遇  ，  使  他  们  得以  具备  自我  发展  的  条件  。  中国  人民  将  坚持  不懈  地  为此  作出  自己  的  贡献  。  
我  们  希望  ，  新世纪  成为  各种  文明  共同  进步  的  世纪  。  世界  是  丰富  多彩  的  。  世界  各国  的文明  ，  都  是  人类  的  宝贵  财富  ，  应该  相互  尊重  、  相互  学习  。  历史  充分  证明  ，  各国  人民  自主  选择  各自  的  社会  制度  和  发展  道路  ，  在  继承和  发展  本  民族  文明  的  基础  上  吸取  其他  文明  的  精华  ，  按照  自己  的  意志  创造  并  享受  美好  的  生活  ，  是  世界  发展  的  重要  动力  。  只  有  加强  各种  文明  之间  的  交流  ，  推动  各种  文明  共同  进步  ，  世界  和平  与  发展  的  崇高  事业  才能  真正  实现  。  

2019-04-03 16:46:13 INFO     Saving best checkpoint....
2019-04-03 16:46:57 INFO     global_step = 3700
2019-04-03 16:46:57 INFO     unsupervised_loss = 4.070150
2019-04-03 16:47:41 INFO     global_step = 3800
2019-04-03 16:47:41 INFO     unsupervised_loss = 4.055095
2019-04-03 16:48:25 INFO     global_step = 3900
2019-04-03 16:48:25 INFO     unsupervised_loss = 4.052892
2019-04-03 16:49:07 INFO     global_step = 4000
2019-04-03 16:49:07 INFO     unsupervised_loss = 4.029121
2019-04-03 16:49:08 INFO     Saving checkpoint models/unsupervised-pku-4...
2019-04-03 16:49:22 INFO     Bash Command: bash run.sh valid pku 4
2019-04-03 16:49:26 INFO     Validation results:
1.0.0
=== SUMMARY:
=== TOTAL INSERTIONS:	6947
=== TOTAL DELETIONS:	5693
=== TOTAL SUBSTITUTIONS:	15987
=== TOTAL NCHANGE:	28627
=== TOTAL TRUE WORD COUNT:	104372
=== TOTAL TEST WORD COUNT:	105626
=== TOTAL TRUE WORDS RECALL:	0.792
=== TOTAL TEST WORDS PRECISION:	0.783
=== F MEASURE:	0.788
=== OOV Rate:	0.058
=== OOV Recall Rate:	0.425
=== IV Recall Rate:	0.815
Examples:
共同  创造  美好  的  新世纪  ——  二  ○  ○一  年  新年  贺词  
（  二○  ○  ○  年十二  月  三十一  日  ）  （  附图片  1  张  ）  
女士  们  ，  先生  们  ，  同志  们  ，  朋友  们  ：  
2001  年  新年  钟声  即将  敲响  。  人类  社会  前进  的  航船  就  要  驶入  21  世纪  的  新航程  。  中国  人民  进入了  向  现代化  建设  第三  步  战略  目标  迈进  的  新  征程  。  
在  这个  激动  人  心  的  时刻  ，  我  很  高兴  通过  中国  国际  广播  电台  、  中央  人民  广播  电台  和  中央  电视台  ，  向  全国  各族  人民  ，  向  香港  特别  行政  区  同胞  、  澳门  特别  行政  区  同胞  和  台湾  同胞  、  海外  侨胞  ，  向  世界  各国  的  朋友  们  ，  致以  新世纪  第一  个  新年  的  祝贺  ！  
过去的一  年  ，  是  我国  社会  主义  改革  开放  和  现代化  建设  进程  中  具有  标志  意义  的一  年  。  在  中国  共产党的  领导  下  ，  全国  各族  人民  团结  奋斗  ，  国民  经济  继续  保持  较快  的  发展  势头  ，  经济  结构  的  战略  性  调整  顺利  部署  实施  。  西部  大  开发  取得  良好  开端  。  精神文明  建设  和  民主  法制  建设  进一步  加强  。  我  们  在  过去  几  年  取得  成绩  的  基础  上  ，  胜利  完成了  第九  个  五  年  计划  。  我国  已  进入  了  全面  建设  小康  社会  ，  加快  社会  主义  现代化  建设  的  新的  发展  阶段  。  
面对  新世纪  ，  世界  各国  人民  的  共同  愿望  是  ：  继续  发展  人类  以往  创造  的  一切  文明  成果  ，  克服  20  世纪  困扰  着  人类  的  战争  和  贫困  问题  ，  推进  和平  与  发展  的  崇高  事业  ，  创造  一个  美好  的  世界  。  
我  们  希望  ，  新世纪  成为  各国  人民  共享  和平  的  世纪  。  在  20  世纪里  ，  世界  饱受  各种  战争  和  冲突  的  苦难  。  时至  今日  ，  仍  有  不少  国家  和  地区  的  人民  还  在  忍受  战火  的  煎熬  。  中国  人民  真诚  地  祝愿  他  们  早日  过上  和平  安定  的  生活  。  中国  人民  热爱  和平  与  自由  ，  始终  奉行  独立  自主  的  和平  外交  政策  ，  永远  站在  人类  正义  事业  的  一边  。  我  们  愿  同  世界  上  一切  爱好  和平  的  国家  和  人民  一道  ，  为  促进  世界  多极化  ，  建立  和平  稳定  、  公正  合理  的  国际  政治  经济  新  秩序而  努力  奋斗  。  
我  们  希望  ，  新世纪  成为  各国  人民  共同  发展  的  世纪  。  在  20  世纪里  ，  世界  的  生产力  和  科学  技术  取得了  惊人  的  成就  。  但是  ，  世界  上  仍有  许多  人民  尚未  摆脱  贫穷  和  饥饿  ，  有的  甚至  连  基本  生存  条件  都  不  具备  ，  时刻  面临着  死亡  的  威胁  。  经济  全球  化  对  生产力  发展  的  新  推动  ，  科学  技术  突飞  猛进  带来  的  新  成果  ，  应该  造福  于  全人类  ，  特别  是  应该  用  来  促进  发展  中  国家  的  发展  ，  改善  极度  贫困  人口  的  生活  境遇  ，  使  他  们  得以  具备  自我  发展  的  条件  。  中国  人民  将  坚持  不懈  地  为此  作出  自己  的  贡献  。  
我  们  希望  ，  新世纪  成为  各种  文明  共同  进步  的  世纪  。  世界  是  丰富  多彩  的  。  世界  各国  的  文明  ，  都  是  人类  的宝贵  财富  ，  应该  相互  尊重  、  相互  学习  。  历史  充分  证明  ，  各国  人民  自主  选择  各自  的  社会  制度  和  发展  道路  ，  在  继承和  发展  本  民族  文明  的  基础  上  吸取  其他  文明  的  精华  ，  按照  自己  的  意志  创造  并  享受  美好  的  生活  ，  是  世界  发展  的  重要  动力  。  只  有  加强  各种  文明  之间  的  交流  ，  推动  各种  文明  共同  进步  ，  世界  和平  与  发展  的  崇高  事业  才能  真正  实现  。  

2019-04-03 16:50:08 INFO     global_step = 4100
2019-04-03 16:50:08 INFO     unsupervised_loss = 4.029110
2019-04-03 16:50:52 INFO     global_step = 4200
2019-04-03 16:50:52 INFO     unsupervised_loss = 4.038965
2019-04-03 16:51:36 INFO     global_step = 4300
2019-04-03 16:51:36 INFO     unsupervised_loss = 4.024405
2019-04-03 16:52:19 INFO     global_step = 4400
2019-04-03 16:52:19 INFO     unsupervised_loss = 4.030822
2019-04-03 16:52:20 INFO     Saving checkpoint models/unsupervised-pku-4...
2019-04-03 16:52:33 INFO     Bash Command: bash run.sh valid pku 4
2019-04-03 16:52:38 INFO     Validation results:
1.0.0
=== SUMMARY:
=== TOTAL INSERTIONS:	7004
=== TOTAL DELETIONS:	5429
=== TOTAL SUBSTITUTIONS:	15792
=== TOTAL NCHANGE:	28225
=== TOTAL TRUE WORD COUNT:	104372
=== TOTAL TEST WORD COUNT:	105947
=== TOTAL TRUE WORDS RECALL:	0.797
=== TOTAL TEST WORDS PRECISION:	0.785
=== F MEASURE:	0.791
=== OOV Rate:	0.058
=== OOV Recall Rate:	0.424
=== IV Recall Rate:	0.819
Examples:
共同  创造  美好  的  新世纪  ——  二  ○  ○一  年  新年  贺词  
（  二○  ○  ○  年  十二  月  三十一  日  ）  （  附图片  1  张  ）  
女士  们  ，  先生  们  ，  同志  们  ，  朋友  们  ：  
2001  年  新年  钟声  即将  敲响  。  人类  社会  前进  的  航船  就  要  驶入  21  世纪  的  新  航程  。  中国  人民  进入了  向  现代化  建设  第三  步  战略  目标  迈进  的  新  征程  。  
在  这个  激动  人  心的  时刻  ，  我  很  高兴  通过  中国  国际  广播  电台  、  中央  人民  广播  电台  和  中央  电视台  ，  向  全国  各族  人民  ，  向  香港  特别  行政  区  同胞  、  澳门  特别  行政  区  同胞  和  台湾  同胞  、  海外  侨胞  ，  向  世界  各国  的  朋友  们  ，  致以  新世纪  第一  个  新年  的  祝贺  ！  
过去的一  年  ，  是  我国  社会  主义  改革  开放  和  现代化  建设  进程  中  具有  标志  意义  的  一  年  。  在  中国  共产党的  领导  下  ，  全国  各族  人民  团结  奋斗  ，  国民  经济  继续  保持  较快  的  发展  势头  ，  经济  结构  的  战略  性  调整  顺利  部署  实施  。  西部  大  开发  取得  良好  开端  。  精神文明  建设  和  民主  法制  建设  进一步  加强  。  我  们  在  过去  几  年  取得  成绩  的  基础  上  ，  胜利  完成了  第九  个  五  年  计划  。  我国  已  进入  了  全面  建设  小康  社会  ，  加快  社会  主义  现代化  建设  的  新的  发展  阶段  。  
面对  新  世纪  ，  世界  各国  人民  的  共同  愿望  是  ：  继续  发展  人类  以往  创造  的  一切  文明  成果  ，  克服  20  世纪  困扰  着  人类  的  战争  和  贫困  问题  ，  推进  和平  与  发展  的  崇高  事业  ，  创造  一个  美好  的  世界  。  
我  们  希望  ，  新世纪  成为  各国  人民  共享  和平  的  世纪  。  在  20  世纪里  ，  世界  饱受  各种  战争  和  冲突  的  苦难  。  时至  今日  ，  仍  有  不少  国家  和  地区  的  人民  还  在  忍受  战火  的  煎熬  。  中国  人民  真诚  地  祝愿  他  们  早日  过上  和平  安定  的  生活  。  中国  人民  热爱  和平  与  自由  ，  始终  奉行  独立  自主  的  和平  外交  政策  ，  永远  站在  人类  正义  事业  的  一边  。  我  们  愿  同  世界  上  一切  爱好  和平  的  国家  和  人民  一道  ，  为  促进  世界  多极化  ，  建立  和平  稳定  、  公正  合理  的  国际  政治  经济  新  秩序而  努力  奋斗  。  
我  们  希望  ，  新世纪  成为  各国  人民  共同  发展  的  世纪  。  在  20  世纪里  ，  世界  的  生产力  和  科学  技术  取得了  惊人  的  成就  。  但是  ，  世界  上  仍有  许多  人民  尚未  摆脱  贫穷  和  饥饿  ，  有的  甚至  连基本  生存  条件  都  不  具备  ，  时刻  面临着  死亡  的  威胁  。  经济  全球  化  对  生产力  发展  的  新  推动  ，  科学  技术  突飞  猛进  带来  的  新  成果  ，  应该  造福  于  全人类  ，  特别  是  应该  用来  促进  发展  中  国家  的  发展  ，  改善  极度  贫困  人口  的  生活  境遇  ，  使  他  们  得以  具备  自我  发展  的  条件  。  中国  人民  将  坚持  不懈  地  为此  作出  自己  的  贡献  。  
我  们  希望  ，  新世纪  成为  各种  文明  共同  进步  的  世纪  。  世界  是  丰富  多彩  的  。  世界  各国  的  文明  ，  都  是  人类  的宝贵  财富  ，  应该  相互  尊重  、  相互  学习  。  历史  充分  证明  ，  各国  人民  自主  选择  各自  的  社会  制度  和  发展  道路  ，  在  继承和  发展  本  民族  文明  的  基础  上  吸取  其他  文明  的  精华  ，  按照  自己  的  意志  创造  并  享受  美好  的  生活  ，  是  世界  发展  的  重要  动力  。  只  有  加强  各种  文明  之间  的  交流  ，  推动  各种  文明  共同  进步  ，  世界  和平  与  发展  的  崇高  事业  才能  真正  实现  。  

2019-04-03 16:52:38 INFO     Saving best checkpoint....
2019-04-03 16:53:21 INFO     global_step = 4500
2019-04-03 16:53:21 INFO     unsupervised_loss = 4.035406
2019-04-03 16:54:03 INFO     global_step = 4600
2019-04-03 16:54:03 INFO     unsupervised_loss = 4.003075
2019-04-03 16:54:47 INFO     global_step = 4700
2019-04-03 16:54:47 INFO     unsupervised_loss = 4.003083
2019-04-03 16:55:29 INFO     global_step = 4800
2019-04-03 16:55:29 INFO     unsupervised_loss = 4.011728
2019-04-03 16:55:30 INFO     Saving checkpoint models/unsupervised-pku-4...
2019-04-03 16:55:45 INFO     Bash Command: bash run.sh valid pku 4
2019-04-03 16:55:50 INFO     Validation results:
1.0.0
=== SUMMARY:
=== TOTAL INSERTIONS:	7249
=== TOTAL DELETIONS:	5140
=== TOTAL SUBSTITUTIONS:	15580
=== TOTAL NCHANGE:	27969
=== TOTAL TRUE WORD COUNT:	104372
=== TOTAL TEST WORD COUNT:	106481
=== TOTAL TRUE WORDS RECALL:	0.801
=== TOTAL TEST WORDS PRECISION:	0.786
=== F MEASURE:	0.793
=== OOV Rate:	0.058
=== OOV Recall Rate:	0.427
=== IV Recall Rate:	0.824
Examples:
共同  创造  美好  的  新世纪  ——  二  ○  ○一  年  新年  贺词  
（  二○  ○  ○  年  十二  月  三十一  日  ）  （  附图片  1  张  ）  
女士  们  ，  先生  们  ，  同志  们  ，  朋友  们  ：  
2001  年  新年  钟声  即将  敲响  。  人类  社会  前进  的  航船  就  要  驶入  21  世纪  的  新  航程  。  中国  人民  进入了  向  现代  化  建设  第三  步  战略  目标  迈进  的  新  征程  。  
在  这个  激动  人  心  的  时刻  ，  我  很  高兴  通过  中国  国际  广播  电台  、  中央  人民  广播  电台  和  中央  电视台  ，  向  全国  各族  人民  ，  向  香港  特别  行政  区  同胞  、  澳门  特别  行政  区  同胞  和  台湾  同胞  、  海外  侨胞  ，  向  世界  各国  的  朋友  们  ，  致以  新世纪  第一  个  新年  的  祝贺  ！  
过去的一  年  ，  是  我国  社会  主义  改革  开放  和  现代化  建设  进程  中  具有  标志  意义  的  一  年  。  在  中国  共产党的  领导  下  ，  全国  各族  人民  团结  奋斗  ，  国民  经济  继续  保持  较快  的  发展  势头  ，  经济  结构  的  战略  性  调整  顺利  部署  实施  。  西部  大  开发  取得  良好  开端  。  精神文明  建设  和  民主  法制  建设  进一步  加强  。  我  们  在  过去  几  年  取得  成绩  的  基础  上  ，  胜利  完成了  第九  个  五  年  计划  。  我国  已  进入  了  全面  建设  小康  社会  ，  加快  社会  主义  现代化  建设  的  新的  发展  阶段  。  
面对  新世纪  ，  世界  各国  人民  的  共同  愿望  是  ：  继续  发展  人类  以往  创造  的  一切  文明  成果  ，  克服  20  世纪  困扰  着  人类  的  战争  和  贫困  问题  ，  推进  和平  与  发展  的  崇高  事业  ，  创造  一个  美好  的  世界  。  
我  们  希望  ，  新世纪  成为  各国  人民  共享  和平  的  世纪  。  在  20  世纪里  ，  世界  饱受  各种  战争  和  冲突  的  苦难  。  时至  今日  ，  仍  有  不少  国家  和  地区  的  人民  还  在  忍受  战火  的  煎熬  。  中国  人民  真诚  地  祝愿  他  们  早日  过上  和平  安定  的  生活  。  中国  人民  热爱  和平  与  自由  ，  始终  奉行  独立  自主  的  和平  外交  政策  ，  永远  站在  人类  正义  事业  的  一边  。  我  们  愿  同  世界  上  一切  爱好  和平  的  国家  和  人民  一道  ，  为  促进  世界  多极化  ，  建立  和平  稳定  、  公正  合理  的  国际  政治  经济  新  秩序而  努力  奋斗  。  
我  们  希望  ，  新世纪  成为  各国  人民  共同  发展  的  世纪  。  在  20  世纪里  ，  世界  的  生产力  和  科学  技术  取得了  惊人  的  成就  。  但  是  ，  世界  上  仍有  许多  人民  尚未  摆脱  贫穷  和  饥饿  ，  有的  甚至  连  基本  生存  条件  都  不  具备  ，  时刻  面临着  死亡  的  威胁  。  经济  全球  化  对  生产力  发展  的  新  推动  ，  科学  技术  突飞  猛进  带来  的  新  成果  ，  应该  造福  于  全人类  ，  特别  是  应该  用来  促进  发展  中  国家  的  发展  ，  改善  极度  贫困  人口  的  生活  境遇  ，  使  他  们  得以  具备  自我  发展  的  条件  。  中国  人民  将  坚持  不懈  地  为此  作出  自己  的  贡献  。  
我  们  希望  ，  新世纪  成为  各种  文明  共同  进步  的  世纪  。  世界  是  丰富  多彩  的  。  世界  各国  的  文明  ，  都  是  人类  的  宝贵  财富  ，  应该  相互  尊重  、  相互  学习  。  历史  充分  证明  ，  各国  人民  自主  选择  各自  的  社会  制度  和  发展  道路  ，  在  继承和  发展  本  民族  文明  的  基础  上  吸取  其他  文明  的  精华  ，  按照  自己  的  意志  创造  并  享受  美好  的  生活  ，  是  世界  发展  的  重要  动力  。  只  有  加强  各种  文明  之间  的  交流  ，  推动  各种  文明  共同  进步  ，  世界  和平  与  发展  的  崇高  事业  才能  真正  实现  。  

2019-04-03 16:55:50 INFO     Saving best checkpoint....
2019-04-03 16:56:32 INFO     global_step = 4900
2019-04-03 16:56:32 INFO     unsupervised_loss = 3.976271
2019-04-03 16:57:16 INFO     global_step = 5000
2019-04-03 16:57:16 INFO     unsupervised_loss = 3.963314
2019-04-03 16:57:59 INFO     global_step = 5100
2019-04-03 16:57:59 INFO     unsupervised_loss = 3.931959
2019-04-03 16:58:43 INFO     global_step = 5200
2019-04-03 16:58:43 INFO     unsupervised_loss = 3.923978
2019-04-03 16:58:44 INFO     Saving checkpoint models/unsupervised-pku-4...
2019-04-03 16:58:58 INFO     Bash Command: bash run.sh valid pku 4
2019-04-03 16:59:01 INFO     Validation results:
1.0.0
=== SUMMARY:
=== TOTAL INSERTIONS:	7422
=== TOTAL DELETIONS:	4971
=== TOTAL SUBSTITUTIONS:	15405
=== TOTAL NCHANGE:	27798
=== TOTAL TRUE WORD COUNT:	104372
=== TOTAL TEST WORD COUNT:	106823
=== TOTAL TRUE WORDS RECALL:	0.805
=== TOTAL TEST WORDS PRECISION:	0.786
=== F MEASURE:	0.795
=== OOV Rate:	0.058
=== OOV Recall Rate:	0.422
=== IV Recall Rate:	0.828
Examples:
共同  创造  美好  的  新世纪  ——  二  ○  ○一  年  新年  贺词  
（  二○  ○  ○  年  十二  月  三十一  日  ）  （  附图片  1  张  ）  
女士  们  ，  先生  们  ，  同志  们  ，  朋友  们  ：  
2001  年  新年  钟声  即将  敲响  。  人类  社会  前进  的  航船  就  要  驶入  21  世纪  的  新  航程  。  中国  人民  进入  了  向  现代化  建设  第三  步  战略  目标  迈进  的  新  征程  。  
在  这个  激动  人  心  的  时刻  ，  我  很  高兴  通过  中国  国际  广播  电台  、  中央  人民  广播  电台  和  中央  电视台  ，  向  全国  各族  人民  ，  向  香港  特别  行政  区  同胞  、  澳门  特别  行政  区  同胞  和  台湾  同胞  、  海外  侨胞  ，  向  世界  各国  的  朋友  们  ，  致以  新世纪  第一  个  新年  的  祝贺  ！  
过去的一  年  ，  是  我国  社会  主义  改革  开放  和  现代化  建设  进程  中  具有  标志  意义  的  一  年  。  在  中国  共产党的  领导  下  ，  全国  各族  人民  团结  奋斗  ，  国民  经济  继续  保持  较快  的  发展  势头  ，  经济  结构  的  战略  性  调整  顺利  部署  实施  。  西部  大  开发  取得  良好  开端  。  精神文明  建设  和  民主  法制  建设  进一步  加强  。  我  们  在  过去  几  年  取得  成绩  的  基础  上  ，  胜利  完成了  第九  个  五  年  计划  。  我国  已  进入  了  全面  建设  小康  社会  ，  加快  社会  主义  现代化  建设  的  新的  发展  阶段  。  
面对  新世纪  ，  世界  各国  人民  的  共同  愿望  是  ：  继续  发展  人类  以往  创造  的  一切  文明  成果  ，  克服  20  世纪  困扰  着  人类  的  战争  和  贫困  问题  ，  推进  和平  与  发展  的  崇高  事业  ，  创造  一个  美好  的  世界  。  
我  们  希望  ，  新世纪  成为  各国  人民  共享  和平  的  世纪  。  在  20  世纪里  ，  世界  饱受  各种  战争  和  冲突  的  苦难  。  时至  今日  ，  仍  有  不少  国家  和  地区  的  人民  还  在  忍受  战火  的  煎熬  。  中国  人民  真诚  地  祝愿  他  们  早日  过上  和平  安定  的  生活  。  中国  人民  热爱  和平  与  自由  ，  始终  奉行  独立  自主  的  和平  外交  政策  ，  永远  站在  人类  正义  事业  的  一边  。  我  们  愿  同  世界  上  一切  爱好  和平  的  国家  和  人民  一道  ，  为  促进  世界  多极化  ，  建立  和平  稳定  、  公正  合理  的  国际  政治  经济  新  秩序而  努力  奋斗  。  
我  们  希望  ，  新世纪  成为  各国  人民  共同  发展  的  世纪  。  在  20  世纪里  ，  世界  的  生产力  和  科学  技术  取得了  惊人  的  成就  。  但  是  ，  世界  上  仍有  许多  人民  尚未  摆脱  贫穷  和  饥饿  ，  有的  甚至  连  基本  生存  条件  都  不  具备  ，  时刻  面临着  死亡  的  威胁  。  经济  全球  化  对  生产力  发展  的  新  推动  ，  科学  技术  突飞  猛进  带来  的  新  成果  ，  应该  造福  于  全人类  ，  特别  是  应该  用来  促进  发展  中  国家  的  发展  ，  改善  极度  贫困  人口  的  生活  境遇  ，  使  他  们  得以  具备  自我  发展  的  条件  。  中国  人民  将  坚持  不懈  地  为此  作出  自己  的  贡献  。  
我  们  希望  ，  新世纪  成为  各种  文明  共同  进步  的  世纪  。  世界  是  丰富  多彩  的  。  世界  各国  的  文明  ，  都  是  人类  的宝贵  财富  ，  应该  相互  尊重  、  相互  学习  。  历史  充分  证明  ，  各国  人民  自主  选择  各自  的  社会  制度  和  发展  道路  ，  在  继承和  发展  本  民族  文明  的  基础  上  吸取  其他  文明  的  精华  ，  按照  自己  的  意志  创造  并  享受  美好  的  生活  ，  是  世界  发展  的  重要  动力  。  只  有  加强  各种  文明  之间  的  交流  ，  推动  各种  文明  共同  进步  ，  世界  和平  与  发展  的  崇高  事业  才能  真正  实现  。  

2019-04-03 16:59:01 INFO     Saving best checkpoint....
2019-04-03 16:59:44 INFO     global_step = 5300
2019-04-03 16:59:44 INFO     unsupervised_loss = 3.916896
2019-04-03 17:00:26 INFO     global_step = 5400
2019-04-03 17:00:26 INFO     unsupervised_loss = 3.891210
2019-04-03 17:01:09 INFO     global_step = 5500
2019-04-03 17:01:09 INFO     unsupervised_loss = 3.894812
2019-04-03 17:01:52 INFO     global_step = 5600
2019-04-03 17:01:52 INFO     unsupervised_loss = 3.874822
2019-04-03 17:01:53 INFO     Saving checkpoint models/unsupervised-pku-4...
2019-04-03 17:02:07 INFO     Bash Command: bash run.sh valid pku 4
2019-04-03 17:02:11 INFO     Validation results:
1.0.0
=== SUMMARY:
=== TOTAL INSERTIONS:	7406
=== TOTAL DELETIONS:	4983
=== TOTAL SUBSTITUTIONS:	15421
=== TOTAL NCHANGE:	27810
=== TOTAL TRUE WORD COUNT:	104372
=== TOTAL TEST WORD COUNT:	106795
=== TOTAL TRUE WORDS RECALL:	0.805
=== TOTAL TEST WORDS PRECISION:	0.786
=== F MEASURE:	0.795
=== OOV Rate:	0.058
=== OOV Recall Rate:	0.423
=== IV Recall Rate:	0.828
Examples:
共同  创造  美好  的  新世纪  ——  二  ○  ○一  年  新年  贺词  
（  二○  ○  ○  年  十二  月  三十一  日  ）  （  附图片  1  张  ）  
女士  们  ，  先生  们  ，  同志  们  ，  朋友  们  ：  
2001  年  新年  钟声  即将  敲响  。  人类  社会  前进  的  航船  就  要  驶入  21  世纪  的  新航程  。  中国  人民  进入  了  向  现代化  建设  第三  步  战略  目标  迈进  的  新  征程  。  
在  这个  激动  人  心  的  时刻  ，  我  很  高兴  通过  中国  国际  广播  电台  、  中央  人民  广播  电台  和  中央  电视台  ，  向  全国  各族  人民  ，  向  香港  特别  行政  区  同胞  、  澳门  特别  行政  区  同胞  和  台湾  同胞  、  海外  侨胞  ，  向  世界  各国  的  朋友  们  ，  致以  新世纪  第一  个  新年  的  祝贺  ！  
过去的一  年  ，  是  我国  社会  主义  改革  开放  和  现代化  建设  进程  中  具有  标志  意义  的  一  年  。  在  中国  共产党的  领导  下  ，  全国  各族  人民  团结  奋斗  ，  国民  经济  继续  保持  较快  的  发展  势头  ，  经济  结构  的  战略  性  调整  顺利  部署  实施  。  西部  大  开发  取得  良好  开端  。  精神文明  建设  和  民主  法制  建设  进一步  加强  。  我  们  在  过去  几  年  取得  成绩  的  基础  上  ，  胜利  完成了  第九  个  五  年  计划  。  我国  已  进入  了  全面  建设  小康  社会  ，  加快  社会  主义  现代化  建设  的  新的  发展  阶段  。  
面对  新  世纪  ，  世界  各国  人民  的  共同  愿望  是  ：  继续  发展  人类  以往  创造  的  一切  文明  成果  ，  克服  20  世纪  困扰  着  人类  的  战争  和  贫困  问题  ，  推进  和平  与  发展  的  崇高  事业  ，  创造  一个  美好  的  世界  。  
我  们  希望  ，  新世纪  成为  各国  人民  共享  和平  的  世纪  。  在  20  世纪里  ，  世界  饱受  各种  战争  和  冲突  的  苦难  。  时至  今日  ，  仍  有  不少  国家  和  地区  的  人民  还  在  忍受  战火  的  煎熬  。  中国  人民  真诚  地  祝愿  他  们  早日  过上  和平  安定  的  生活  。  中国  人民  热爱  和平  与  自由  ，  始终  奉行  独立  自主  的  和平  外交  政策  ，  永远  站在  人类  正义  事业  的  一边  。  我  们  愿  同  世界  上  一切  爱好  和平  的  国家  和  人民  一道  ，  为  促进  世界  多极化  ，  建立  和平  稳定  、  公正  合理  的  国际  政治  经济  新  秩序而  努力  奋斗  。  
我  们  希望  ，  新世纪  成为  各国  人民  共同  发展  的  世纪  。  在  20  世纪里  ，  世界  的  生产力  和  科学  技术  取得了  惊人  的  成就  。  但  是  ，  世界  上  仍有  许多  人民  尚未  摆脱  贫穷  和  饥饿  ，  有的  甚至  连  基本  生存  条件  都  不  具备  ，  时刻  面临着  死亡  的  威胁  。  经济  全球  化  对  生产力  发展  的  新  推动  ，  科学  技术  突飞  猛进  带来  的  新  成果  ，  应该  造福  于  全人类  ，  特别  是  应该  用来  促进  发展  中  国家  的  发展  ，  改善  极度  贫困  人口  的  生活  境遇  ，  使  他  们  得以  具备  自我  发展  的  条件  。  中国  人民  将  坚持  不懈  地  为此  作出  自己  的  贡献  。  
我  们  希望  ，  新世纪  成为  各种  文明  共同  进步  的  世纪  。  世界  是  丰富  多彩  的  。  世界  各国  的  文明  ，  都  是  人类  的  宝贵  财富  ，  应该  相互  尊重  、  相互  学习  。  历史  充分  证明  ，  各国  人民  自主  选择  各自  的  社会  制度  和  发展  道路  ，  在  继承和  发展  本  民族  文明  的  基础  上  吸取  其他  文明  的  精华  ，  按照  自己  的  意志  创造  并  享受  美好  的  生活  ，  是  世界  发展  的  重要  动力  。  只  有  加强  各种  文明  之间  的  交流  ，  推动  各种  文明  共同  进步  ，  世界  和平  与  发展  的  崇高  事业  才能  真正  实现  。  

2019-04-03 17:02:54 INFO     global_step = 5700
2019-04-03 17:02:54 INFO     unsupervised_loss = 3.896624
2019-04-03 17:03:37 INFO     global_step = 5800
2019-04-03 17:03:37 INFO     unsupervised_loss = 3.875241
2019-04-03 17:04:22 INFO     global_step = 5900
2019-04-03 17:04:22 INFO     unsupervised_loss = 3.883183
2019-04-03 17:05:04 INFO     Training Complete!
2019-04-03 17:05:04 INFO     Saving final checkpoint models/unsupervised-pku-4...
2019-04-03 17:05:17 INFO     Bash Command: bash run.sh valid pku 4
2019-04-03 17:05:22 INFO     Validation results:
1.0.0
=== SUMMARY:
=== TOTAL INSERTIONS:	7432
=== TOTAL DELETIONS:	4895
=== TOTAL SUBSTITUTIONS:	15327
=== TOTAL NCHANGE:	27654
=== TOTAL TRUE WORD COUNT:	104372
=== TOTAL TEST WORD COUNT:	106909
=== TOTAL TRUE WORDS RECALL:	0.806
=== TOTAL TEST WORDS PRECISION:	0.787
=== F MEASURE:	0.797
=== OOV Rate:	0.058
=== OOV Recall Rate:	0.423
=== IV Recall Rate:	0.830
Examples:
共同  创造  美好  的  新世纪  ——  二  ○  ○一  年  新年  贺词  
（  二○  ○  ○  年  十二  月  三十一  日  ）  （  附图片  1  张  ）  
女士  们  ，  先生  们  ，  同志  们  ，  朋友  们  ：  
2001  年  新年  钟声  即将  敲响  。  人类  社会  前进  的  航船  就  要  驶入  21  世纪  的  新航程  。  中国  人民  进入  了  向  现代化  建设  第三  步  战略  目标  迈进  的  新  征程  。  
在  这个  激动  人  心  的  时刻  ，  我  很  高兴  通过  中国  国际  广播  电台  、  中央  人民  广播  电台  和  中央  电视台  ，  向  全国  各族  人民  ，  向  香港  特别  行政  区  同胞  、  澳门  特别  行政  区  同胞  和  台湾  同胞  、  海外  侨胞  ，  向  世界  各国  的  朋友  们  ，  致以  新世纪  第一  个  新年  的  祝贺  ！  
过去的一  年  ，  是  我国  社会  主义  改革  开放  和  现代化  建设  进程  中  具有  标志  意义  的  一  年  。  在  中国  共产党的  领导  下  ，  全国  各族  人民  团结  奋斗  ，  国民  经济  继续  保持  较快  的  发展  势头  ，  经济  结构  的  战略  性  调整  顺利  部署  实施  。  西部  大  开发  取得  良好  开端  。  精神文明  建设  和  民主  法制  建设  进一步  加强  。  我  们  在  过去  几  年  取得  成绩  的  基础  上  ，  胜利  完成了  第九  个  五  年  计划  。  我国  已  进入  了  全面  建设  小康  社会  ，  加快  社会  主义  现代化  建设  的  新的  发展  阶段  。  
面对  新  世纪  ，  世界  各国  人民  的  共同  愿望  是  ：  继续  发展  人类  以往  创造  的  一切  文明  成果  ，  克服  20  世纪  困扰  着  人类  的  战争  和  贫困  问题  ，  推进  和平  与  发展  的  崇高  事业  ，  创造  一个  美好  的  世界  。  
我  们  希望  ，  新世纪  成为  各国  人民  共享  和平  的  世纪  。  在  20  世纪里  ，  世界  饱受  各种  战争  和  冲突  的  苦难  。  时至  今日  ，  仍  有  不少  国家  和  地区  的  人民  还  在  忍受  战火  的  煎熬  。  中国  人民  真诚  地  祝愿  他  们  早日  过上  和平  安定  的  生活  。  中国  人民  热爱  和平  与  自由  ，  始终  奉行  独立  自主  的  和平  外交  政策  ，  永远  站在  人类  正义  事业  的  一边  。  我  们  愿  同  世界  上  一切  爱好  和平  的  国家  和  人民  一道  ，  为  促进  世界  多极化  ，  建立  和平  稳定  、  公正  合理  的  国际  政治  经济  新  秩序而  努力  奋斗  。  
我  们  希望  ，  新世纪  成为  各国  人民  共同  发展  的  世纪  。  在  20  世纪里  ，  世界  的  生产力  和  科学  技术  取得了  惊人  的  成就  。  但  是  ，  世界  上  仍有  许多  人民  尚未  摆脱  贫穷  和  饥饿  ，  有的  甚至  连  基本  生存  条件  都  不  具备  ，  时刻  面临着  死亡  的  威胁  。  经济  全球  化  对  生产力  发展  的  新  推动  ，  科学  技术  突飞  猛进  带来  的  新  成果  ，  应该  造福  于  全人类  ，  特别  是  应该  用来  促进  发展  中  国家  的  发展  ，  改善  极度  贫困  人口  的  生活  境遇  ，  使  他  们  得以  具备  自我  发展  的  条件  。  中国  人民  将  坚持  不懈  地  为此  作出  自己  的  贡献  。  
我  们  希望  ，  新世纪  成为  各种  文明  共同  进步  的  世纪  。  世界  是  丰富  多彩  的  。  世界  各国  的  文明  ，  都  是  人类  的宝贵  财富  ，  应该  相互  尊重  、  相互  学习  。  历史  充分  证明  ，  各国  人民  自主  选择  各自  的  社会  制度  和  发展  道路  ，  在  继承和  发展  本  民族  文明  的  基础  上  吸取  其他  文明  的  精华  ，  按照  自己  的  意志  创造  并  享受  美好  的  生活  ，  是  世界  发展  的  重要  动力  。  只  有  加强  各种  文明  之间  的  交流  ，  推动  各种  文明  共同  进步  ，  世界  和平  与  发展  的  崇高  事业  才能  真正  实现  。  

2019-04-03 17:05:22 INFO     Saving best checkpoint....
2019-04-03 17:05:22 INFO     Prepare prediction dataloader
2019-04-03 17:05:23 INFO     #line: 1945
2019-04-03 17:05:23 INFO     #sentence: 11845
2019-04-03 17:05:23 INFO     #token: 191520
2019-04-03 17:05:23 INFO     ##########Example 0##########
2019-04-03 17:05:23 INFO     Characters: <BOS> 共 同 创 造 美 好 的 新 世 纪 —— 二 ○ ○ 一 年 新 年 贺 词 <\n>
2019-04-03 17:05:23 INFO     Tokens: <BOS> 共 同 创 造 美 好 的 新 世 纪 <PUNC> 二 ○ ○ 一 年 新 年 贺 词 </s>
2019-04-03 17:05:23 INFO     Segments: 20
2019-04-03 17:05:23 INFO     ##########Example 1##########
2019-04-03 17:05:23 INFO     Characters: <BOS> （ 二 ○ ○ ○ 年 十 二 月 三 十 一 日 ）  （ 附 图 片 1 张 ） <\n>
2019-04-03 17:05:23 INFO     Tokens: <BOS> <PUNC> 二 ○ ○ ○ 年 十 二 月 三 十 一 日 <PUNC> 附 图 片 <NUM> 张 <PUNC> </s>
2019-04-03 17:05:23 INFO     Segments: 20
2019-04-03 17:05:23 INFO     ##########Example 2##########
2019-04-03 17:05:23 INFO     Characters: <BOS> 女 士 们 ， 
2019-04-03 17:05:23 INFO     Tokens: <BOS> 女 士 们 <PUNC> </s>
2019-04-03 17:05:23 INFO     Segments: 4
2019-04-03 17:05:23 INFO     ##########Example 3##########
2019-04-03 17:05:23 INFO     Characters: <BOS> 先 生 们 ， 
2019-04-03 17:05:23 INFO     Tokens: <BOS> 先 生 们 <PUNC> </s>
2019-04-03 17:05:23 INFO     Segments: 4
2019-04-03 17:05:23 INFO     ##########Example 4##########
2019-04-03 17:05:23 INFO     Characters: <BOS> 同 志 们 ， 
2019-04-03 17:05:23 INFO     Tokens: <BOS> 同 志 们 <PUNC> </s>
2019-04-03 17:05:23 INFO     Segments: 4
2019-04-03 17:05:23 INFO     ##########Example 5##########
2019-04-03 17:05:23 INFO     Characters: <BOS> 朋 友 们 ： <\n>
2019-04-03 17:05:23 INFO     Tokens: <BOS> 朋 友 们 <PUNC> </s>
2019-04-03 17:05:23 INFO     Segments: 4
2019-04-03 17:05:23 INFO     ##########Example 6##########
2019-04-03 17:05:23 INFO     Characters: <BOS> 2001 年 新 年 钟 声 即 将 敲 响 。 
2019-04-03 17:05:23 INFO     Tokens: <BOS> <NUM> 年 新 年 钟 声 即 将 敲 响 <PUNC> </s>
2019-04-03 17:05:23 INFO     Segments: 11
2019-04-03 17:05:23 INFO     ##########Example 7##########
2019-04-03 17:05:23 INFO     Characters: <BOS> 人 类 社 会 前 进 的 航 船 就 要 驶 入 21 世 纪 的 新 航 程 。 
2019-04-03 17:05:23 INFO     Tokens: <BOS> 人 类 社 会 前 进 的 航 船 就 要 驶 入 <NUM> 世 纪 的 新 航 程 <PUNC> </s>
2019-04-03 17:05:23 INFO     Segments: 21
2019-04-03 17:05:23 INFO     ##########Example 8##########
2019-04-03 17:05:23 INFO     Characters: <BOS> 中 国 人 民 进 入 了 向 现 代 化 建 设 第 三 步 战 略 目 标 迈 进 的 新 征 程 。 <\n>
2019-04-03 17:05:23 INFO     Tokens: <BOS> 中 国 人 民 进 入 了 向 现 代 化 建 设 第 三 步 战 略 目 标 迈 进 的 新 征 程 <PUNC> </s>
2019-04-03 17:05:23 INFO     Segments: 27
2019-04-03 17:05:23 INFO     ##########Example 9##########
2019-04-03 17:05:23 INFO     Characters: <BOS> 在 这 个 激 动 人 心 的 时 刻 ， 
2019-04-03 17:05:23 INFO     Tokens: <BOS> 在 这 个 激 动 人 心 的 时 刻 <PUNC> </s>
2019-04-03 17:05:23 INFO     Segments: 11
2019-04-03 17:05:23 INFO     Loading checkpoint None...
2019-04-03 17:05:23 INFO     Model Info:
SegmentalLM(
  (embedding): Embedding(8677, 256)
  (embedding2vocab): Linear(in_features=256, out_features=8677, bias=True)
  (context_encoder): ContextEncoder(
    (rnn): LSTM(256, 256, num_layers=2, dropout=0.1)
  )
  (segment_decoder): SegmentDecoder(
    (rnn): LSTM(256, 256, num_layers=2, dropout=0.1)
    (output_dropout): Dropout(p=0.1)
  )
  (decoder_h_transformation): Linear(in_features=256, out_features=512, bias=True)
  (encoder_input_dropout): Dropout(p=0.1)
  (decoder_input_dropout): Dropout(p=0.3)
  (y0_transformation): Linear(in_features=256, out_features=256, bias=True)
)
2019-04-03 17:05:23 INFO     Global step: 5999
2019-04-03 17:05:36 INFO     Bash Command: bash run.sh valid pku 4
2019-04-03 17:05:41 INFO     Test evaluation results:
1.0.0
=== SUMMARY:
=== TOTAL INSERTIONS:	7432
=== TOTAL DELETIONS:	4895
=== TOTAL SUBSTITUTIONS:	15327
=== TOTAL NCHANGE:	27654
=== TOTAL TRUE WORD COUNT:	104372
=== TOTAL TEST WORD COUNT:	106909
=== TOTAL TRUE WORDS RECALL:	0.806
=== TOTAL TEST WORDS PRECISION:	0.787
=== F MEASURE:	0.797
=== OOV Rate:	0.058
=== OOV Recall Rate:	0.423
=== IV Recall Rate:	0.830
Examples:
共同  创造  美好  的  新世纪  ——  二  ○  ○一  年  新年  贺词  
（  二○  ○  ○  年  十二  月  三十一  日  ）  （  附图片  1  张  ）  
女士  们  ，  先生  们  ，  同志  们  ，  朋友  们  ：  
2001  年  新年  钟声  即将  敲响  。  人类  社会  前进  的  航船  就  要  驶入  21  世纪  的  新航程  。  中国  人民  进入  了  向  现代化  建设  第三  步  战略  目标  迈进  的  新  征程  。  
在  这个  激动  人  心  的  时刻  ，  我  很  高兴  通过  中国  国际  广播  电台  、  中央  人民  广播  电台  和  中央  电视台  ，  向  全国  各族  人民  ，  向  香港  特别  行政  区  同胞  、  澳门  特别  行政  区  同胞  和  台湾  同胞  、  海外  侨胞  ，  向  世界  各国  的  朋友  们  ，  致以  新世纪  第一  个  新年  的  祝贺  ！  
过去的一  年  ，  是  我国  社会  主义  改革  开放  和  现代化  建设  进程  中  具有  标志  意义  的  一  年  。  在  中国  共产党的  领导  下  ，  全国  各族  人民  团结  奋斗  ，  国民  经济  继续  保持  较快  的  发展  势头  ，  经济  结构  的  战略  性  调整  顺利  部署  实施  。  西部  大  开发  取得  良好  开端  。  精神文明  建设  和  民主  法制  建设  进一步  加强  。  我  们  在  过去  几  年  取得  成绩  的  基础  上  ，  胜利  完成了  第九  个  五  年  计划  。  我国  已  进入  了  全面  建设  小康  社会  ，  加快  社会  主义  现代化  建设  的  新的  发展  阶段  。  
面对  新  世纪  ，  世界  各国  人民  的  共同  愿望  是  ：  继续  发展  人类  以往  创造  的  一切  文明  成果  ，  克服  20  世纪  困扰  着  人类  的  战争  和  贫困  问题  ，  推进  和平  与  发展  的  崇高  事业  ，  创造  一个  美好  的  世界  。  
我  们  希望  ，  新世纪  成为  各国  人民  共享  和平  的  世纪  。  在  20  世纪里  ，  世界  饱受  各种  战争  和  冲突  的  苦难  。  时至  今日  ，  仍  有  不少  国家  和  地区  的  人民  还  在  忍受  战火  的  煎熬  。  中国  人民  真诚  地  祝愿  他  们  早日  过上  和平  安定  的  生活  。  中国  人民  热爱  和平  与  自由  ，  始终  奉行  独立  自主  的  和平  外交  政策  ，  永远  站在  人类  正义  事业  的  一边  。  我  们  愿  同  世界  上  一切  爱好  和平  的  国家  和  人民  一道  ，  为  促进  世界  多极化  ，  建立  和平  稳定  、  公正  合理  的  国际  政治  经济  新  秩序而  努力  奋斗  。  
我  们  希望  ，  新世纪  成为  各国  人民  共同  发展  的  世纪  。  在  20  世纪里  ，  世界  的  生产力  和  科学  技术  取得了  惊人  的  成就  。  但  是  ，  世界  上  仍有  许多  人民  尚未  摆脱  贫穷  和  饥饿  ，  有的  甚至  连  基本  生存  条件  都  不  具备  ，  时刻  面临着  死亡  的  威胁  。  经济  全球  化  对  生产力  发展  的  新  推动  ，  科学  技术  突飞  猛进  带来  的  新  成果  ，  应该  造福  于  全人类  ，  特别  是  应该  用来  促进  发展  中  国家  的  发展  ，  改善  极度  贫困  人口  的  生活  境遇  ，  使  他  们  得以  具备  自我  发展  的  条件  。  中国  人民  将  坚持  不懈  地  为此  作出  自己  的  贡献  。  
我  们  希望  ，  新世纪  成为  各种  文明  共同  进步  的  世纪  。  世界  是  丰富  多彩  的  。  世界  各国  的  文明  ，  都  是  人类  的宝贵  财富  ，  应该  相互  尊重  、  相互  学习  。  历史  充分  证明  ，  各国  人民  自主  选择  各自  的  社会  制度  和  发展  道路  ，  在  继承和  发展  本  民族  文明  的  基础  上  吸取  其他  文明  的  精华  ，  按照  自己  的  意志  创造  并  享受  美好  的  生活  ，  是  世界  发展  的  重要  动力  。  只  有  加强  各种  文明  之间  的  交流  ，  推动  各种  文明  共同  进步  ，  世界  和平  与  发展  的  崇高  事业  才能  真正  实现  。  

