2019-04-03 15:42:28 INFO     Namespace(adam_learning_rate=0.005, bos_token='<BOS>', config_file='models/slm_pku_2_config.json', cpu_num=4, do_predict=True, do_supervised=False, do_unsupervised=True, do_valid=True, english_token='<ENG>', eos_token='</s>', gradient_clip=0.1, init_checkpoint=None, init_embedding_path='data/vocab/embedding.npy', log_every_steps=100, max_seq_length=32, number_token='<NUM>', predict_batch_size=500, predict_inputs=['data/pku/test.txt'], predict_output='models/unsupervised-pku-2/prediction.txt', punctuation_token='<PUNC>', save_every_steps=400, save_path='models/unsupervised-pku-2', segment_token='  ', segmented=None, sgd_learning_rate=16.0, supervised_batch_size=1000, supervised_lambda=1.0, train_steps=6000, unsegmented=['data/pku/unsegmented.txt', 'data/pku/test.txt'], unsupervised_batch_size=16000, use_cuda=True, valid_batch_size=500, valid_inputs=['data/pku/test.txt'], valid_output='models/unsupervised-pku-2/valid_prediction.txt', vocab_file='data/vocab/vocab.txt', warm_up_steps=800)
2019-04-03 15:42:28 INFO     Loading init embedding from data/vocab/embedding.npy...
2019-04-03 15:42:28 INFO     Config Info:
{
  "decoder_dropout_rate": 0.1,
  "decoder_input_dropout_rate": 0.2,
  "decoder_layer_number": 2,
  "embedding_size": 256,
  "encoder_dropout_rate": 0.1,
  "encoder_input_dropout_rate": 0.1,
  "encoder_layer_number": 2,
  "eng_id": 7,
  "eos_id": 5,
  "hidden_size": 256,
  "max_segment_length": 2,
  "num_id": 3,
  "punc_id": 2,
  "vocab_size": 8677
}
2019-04-03 15:42:28 INFO     Model Info:
SegmentalLM(
  (embedding): Embedding(8677, 256)
  (embedding2vocab): Linear(in_features=256, out_features=8677, bias=True)
  (context_encoder): ContextEncoder(
    (rnn): LSTM(256, 256, num_layers=2, dropout=0.1)
  )
  (segment_decoder): SegmentDecoder(
    (rnn): LSTM(256, 256, num_layers=2, dropout=0.1)
    (output_dropout): Dropout(p=0.1)
  )
  (decoder_h_transformation): Linear(in_features=256, out_features=512, bias=True)
  (encoder_input_dropout): Dropout(p=0.1)
  (decoder_input_dropout): Dropout(p=0.2)
  (y0_transformation): Linear(in_features=256, out_features=256, bias=True)
)
2019-04-03 15:42:31 INFO     Prepare unsupervised dataloader
2019-04-03 15:42:38 INFO     #line: 21001
2019-04-03 15:42:38 INFO     #sentence: 138102
2019-04-03 15:42:38 INFO     #token: 2222127
2019-04-03 15:42:38 INFO     ##########Example 0##########
2019-04-03 15:42:38 INFO     Characters: <BOS> 迈 向 充 满 希 望 的 新 世 纪 —— 一 九 九 八 年 新 年 讲 话 （ 附 图 片 １ 张 ） <\n>
2019-04-03 15:42:38 INFO     Tokens: <BOS> 迈 向 充 满 希 望 的 新 世 纪 <PUNC> 一 九 九 八 年 新 年 讲 话 <PUNC> 附 图 片 <NUM> 张 <PUNC> </s>
2019-04-03 15:42:38 INFO     Segments: 27
2019-04-03 15:42:38 INFO     ##########Example 1##########
2019-04-03 15:42:38 INFO     Characters: <BOS> 中 共 中 央 总 书 记 、 国 家 主 席 江 泽 民 <\n>
2019-04-03 15:42:38 INFO     Tokens: <BOS> 中 共 中 央 总 书 记 <PUNC> 国 家 主 席 江 泽 民 </s>
2019-04-03 15:42:38 INFO     Segments: 15
2019-04-03 15:42:38 INFO     ##########Example 2##########
2019-04-03 15:42:38 INFO     Characters: <BOS> （ 一 九 九 七 年 十 二 月 三 十 一 日 ） <\n>
2019-04-03 15:42:38 INFO     Tokens: <BOS> <PUNC> 一 九 九 七 年 十 二 月 三 十 一 日 <PUNC> </s>
2019-04-03 15:42:38 INFO     Segments: 14
2019-04-03 15:42:38 INFO     ##########Example 3##########
2019-04-03 15:42:38 INFO     Characters: <BOS> １２ 月 ３１ 日 ， 
2019-04-03 15:42:38 INFO     Tokens: <BOS> <NUM> 月 <NUM> 日 <PUNC> </s>
2019-04-03 15:42:38 INFO     Segments: 5
2019-04-03 15:42:38 INFO     ##########Example 4##########
2019-04-03 15:42:38 INFO     Characters: <BOS> 中 共 中 央 总 书 记 、 国 家 主 席 江 泽 民 发 表 １９９８ 年 新 年 讲 话 《 迈 向 充 满 希 望 
2019-04-03 15:42:38 INFO     Tokens: <BOS> 中 共 中 央 总 书 记 <PUNC> 国 家 主 席 江 泽 民 发 表 <NUM> 年 新 年 讲 话 <PUNC> 迈 向 充 满 希 望 </s>
2019-04-03 15:42:38 INFO     Segments: 30
2019-04-03 15:42:38 INFO     ##########Example 5##########
2019-04-03 15:42:38 INFO     Characters: <BOS> 的 新 世 纪 》  。  （ 
2019-04-03 15:42:38 INFO     Tokens: <BOS> 的 新 世 纪 <PUNC> </s>
2019-04-03 15:42:38 INFO     Segments: 5
2019-04-03 15:42:38 INFO     ##########Example 6##########
2019-04-03 15:42:38 INFO     Characters: <BOS> 新 华 社 记 者 兰 红 光 摄 ） <\n>
2019-04-03 15:42:38 INFO     Tokens: <BOS> 新 华 社 记 者 兰 红 光 摄 <PUNC> </s>
2019-04-03 15:42:38 INFO     Segments: 10
2019-04-03 15:42:38 INFO     ##########Example 7##########
2019-04-03 15:42:38 INFO     Characters: <BOS> 同 胞 们 、 朋 友 们 、 女 士 们 、 先 生 们 ： <\n>
2019-04-03 15:42:38 INFO     Tokens: <BOS> 同 胞 们 <PUNC> 朋 友 们 <PUNC> 女 士 们 <PUNC> 先 生 们 <PUNC> </s>
2019-04-03 15:42:38 INFO     Segments: 16
2019-04-03 15:42:38 INFO     ##########Example 8##########
2019-04-03 15:42:38 INFO     Characters: <BOS> 在 １９９８ 年 来 临 之 际 ， 
2019-04-03 15:42:38 INFO     Tokens: <BOS> 在 <NUM> 年 来 临 之 际 <PUNC> </s>
2019-04-03 15:42:38 INFO     Segments: 8
2019-04-03 15:42:38 INFO     ##########Example 9##########
2019-04-03 15:42:38 INFO     Characters: <BOS> 我 十 分 高 兴 地 通 过 中 央 人 民 广 播 电 台 、 中 国 国 际 广 播 电 台 和 中 央 电 视 
2019-04-03 15:42:38 INFO     Tokens: <BOS> 我 十 分 高 兴 地 通 过 中 央 人 民 广 播 电 台 <PUNC> 中 国 国 际 广 播 电 台 和 中 央 电 视 </s>
2019-04-03 15:42:38 INFO     Segments: 30
2019-04-03 15:42:39 INFO     Bucket batch sizes: 2285,1600,1333,1066,941,761,592,500
2019-04-03 15:42:39 INFO     Prepare validation dataloader
2019-04-03 15:42:40 INFO     #line: 1945
2019-04-03 15:42:40 INFO     #sentence: 11845
2019-04-03 15:42:40 INFO     #token: 191520
2019-04-03 15:42:40 INFO     ##########Example 0##########
2019-04-03 15:42:40 INFO     Characters: <BOS> 共 同 创 造 美 好 的 新 世 纪 —— 二 ○ ○ 一 年 新 年 贺 词 <\n>
2019-04-03 15:42:40 INFO     Tokens: <BOS> 共 同 创 造 美 好 的 新 世 纪 <PUNC> 二 ○ ○ 一 年 新 年 贺 词 </s>
2019-04-03 15:42:40 INFO     Segments: 20
2019-04-03 15:42:40 INFO     ##########Example 1##########
2019-04-03 15:42:40 INFO     Characters: <BOS> （ 二 ○ ○ ○ 年 十 二 月 三 十 一 日 ）  （ 附 图 片 1 张 ） <\n>
2019-04-03 15:42:40 INFO     Tokens: <BOS> <PUNC> 二 ○ ○ ○ 年 十 二 月 三 十 一 日 <PUNC> 附 图 片 <NUM> 张 <PUNC> </s>
2019-04-03 15:42:40 INFO     Segments: 20
2019-04-03 15:42:40 INFO     ##########Example 2##########
2019-04-03 15:42:40 INFO     Characters: <BOS> 女 士 们 ， 
2019-04-03 15:42:40 INFO     Tokens: <BOS> 女 士 们 <PUNC> </s>
2019-04-03 15:42:40 INFO     Segments: 4
2019-04-03 15:42:40 INFO     ##########Example 3##########
2019-04-03 15:42:40 INFO     Characters: <BOS> 先 生 们 ， 
2019-04-03 15:42:40 INFO     Tokens: <BOS> 先 生 们 <PUNC> </s>
2019-04-03 15:42:40 INFO     Segments: 4
2019-04-03 15:42:40 INFO     ##########Example 4##########
2019-04-03 15:42:40 INFO     Characters: <BOS> 同 志 们 ， 
2019-04-03 15:42:40 INFO     Tokens: <BOS> 同 志 们 <PUNC> </s>
2019-04-03 15:42:40 INFO     Segments: 4
2019-04-03 15:42:40 INFO     ##########Example 5##########
2019-04-03 15:42:40 INFO     Characters: <BOS> 朋 友 们 ： <\n>
2019-04-03 15:42:40 INFO     Tokens: <BOS> 朋 友 们 <PUNC> </s>
2019-04-03 15:42:40 INFO     Segments: 4
2019-04-03 15:42:40 INFO     ##########Example 6##########
2019-04-03 15:42:40 INFO     Characters: <BOS> 2001 年 新 年 钟 声 即 将 敲 响 。 
2019-04-03 15:42:40 INFO     Tokens: <BOS> <NUM> 年 新 年 钟 声 即 将 敲 响 <PUNC> </s>
2019-04-03 15:42:40 INFO     Segments: 11
2019-04-03 15:42:40 INFO     ##########Example 7##########
2019-04-03 15:42:40 INFO     Characters: <BOS> 人 类 社 会 前 进 的 航 船 就 要 驶 入 21 世 纪 的 新 航 程 。 
2019-04-03 15:42:40 INFO     Tokens: <BOS> 人 类 社 会 前 进 的 航 船 就 要 驶 入 <NUM> 世 纪 的 新 航 程 <PUNC> </s>
2019-04-03 15:42:40 INFO     Segments: 21
2019-04-03 15:42:40 INFO     ##########Example 8##########
2019-04-03 15:42:40 INFO     Characters: <BOS> 中 国 人 民 进 入 了 向 现 代 化 建 设 第 三 步 战 略 目 标 迈 进 的 新 征 程 。 <\n>
2019-04-03 15:42:40 INFO     Tokens: <BOS> 中 国 人 民 进 入 了 向 现 代 化 建 设 第 三 步 战 略 目 标 迈 进 的 新 征 程 <PUNC> </s>
2019-04-03 15:42:40 INFO     Segments: 27
2019-04-03 15:42:40 INFO     ##########Example 9##########
2019-04-03 15:42:40 INFO     Characters: <BOS> 在 这 个 激 动 人 心 的 时 刻 ， 
2019-04-03 15:42:40 INFO     Tokens: <BOS> 在 这 个 激 动 人 心 的 时 刻 <PUNC> </s>
2019-04-03 15:42:40 INFO     Segments: 11
2019-04-03 15:42:40 INFO     Ramdomly Initializing SLM parameters...
2019-04-03 15:42:41 INFO     global_step = 0
2019-04-03 15:42:41 INFO     unsupervised_loss = 16.494198
2019-04-03 15:42:41 INFO     Saving checkpoint models/unsupervised-pku-2...
2019-04-03 15:42:50 INFO     Bash Command: bash run.sh valid pku 2
2019-04-03 15:42:55 INFO     Validation results:
1.0.0
=== SUMMARY:
=== TOTAL INSERTIONS:	63558
=== TOTAL DELETIONS:	497
=== TOTAL SUBSTITUTIONS:	56866
=== TOTAL NCHANGE:	120921
=== TOTAL TRUE WORD COUNT:	104372
=== TOTAL TEST WORD COUNT:	167433
=== TOTAL TRUE WORDS RECALL:	0.450
=== TOTAL TEST WORDS PRECISION:	0.281
=== F MEASURE:	0.346
=== OOV Rate:	0.058
=== OOV Recall Rate:	0.195
=== IV Recall Rate:	0.466
Examples:
共  同  创  造  美  好  的  新  世  纪  ——  二  ○  ○  一  年  新  年  贺  词  
（  二  ○  ○  ○  年  十  二  月  三  十  一  日  ）  （  附  图  片  1  张  ）  
女  士  们  ，  先  生  们  ，  同  志  们  ，  朋  友  们  ：  
2001  年  新  年  钟  声  即  将  敲  响  。  人  类  社  会  前  进  的  航  船  就  要  驶  入  21  世  纪  的  新  航  程  。  中  国  人  民  进  入  了  向  现  代  化  建  设  第  三  步  战  略  目  标  迈  进  的  新  征  程  。  
在  这  个  激  动  人  心  的  时  刻  ，  我  很  高  兴通  过  中  国  国  际  广  播  电  台  、  中  央  人  民  广  播  电  台  和  中  央  电  视  台  ，  向  全  国  各  族  人  民  ，  向  香  港  特  别  行  政  区  同  胞  、  澳  门  特  别  行  政  区  同  胞  和  台  湾  同  胞  、  海  外  侨  胞  ，  向  世  界  各  国  的  朋  友  们  ，  致  以  新  世  纪  第  一  个  新  年  的  祝  贺  ！  
过  去  的  一  年  ，  是  我  国  社  会  主  义  改  革  开  放  和  现  代  化  建  设  进  程  中  具  有  标  志  意  义  的  一  年  。  在  中  国  共  产  党  的  领  导  下  ，  全  国  各  族  人  民  团  结  奋  斗  ，  国  民  经济  继  续  保  持  较  快  的  发  展  势  头  ，  经济  结  构  的  战  略  性  调  整  顺  利  部  署  实  施  。  西  部  大  开  发  取  得  良  好  开  端  。  精  神  文明  建  设  和  民  主  法  制  建  设  进  一  步  加  强  。  我  们  在  过  去  几  年  取  得  成  绩  的  基  础  上  ，  胜  利  完  成  了  第  九  个  五  年  计  划  。  我  国  已  进  入  了  全  面  建  设  小  康  社  会  ，  加  快  社  会  主  义  现  代  化  建  设  的  新  的  发  展  阶  段  。  
面  对  新  世  纪  ，  世  界  各  国  人  民  的  共  同  愿  望  是  ：  继  续  发  展  人  类  以  往  创  造  的  一  切  文明  成  果  ，  克  服  20  世  纪  困  扰  着  人  类  的  战  争  和  贫  困  问  题  ，  推  进  和  平  与  发  展  的  崇  高  事  业  ，  创  造  一  个  美  好  的  世  界  。  
我  们  希  望  ，  新  世  纪  成  为  各  国  人  民  共  享  和  平  的  世  纪  。  在  20  世  纪  里  ，  世  界  饱  受  各  种  战  争  和  冲  突  的  苦  难  。  时  至  今日  ，  仍  有  不  少  国  家  和  地  区  的  人  民  还  在  忍  受  战  火  的  煎  熬  。  中  国  人  民  真  诚  地  祝  愿  他  们  早  日  过  上  和  平  安  定  的  生  活  。  中  国  人  民  热  爱  和  平  与  自  由  ，  始  终  奉  行  独  立  自  主  的  和  平  外  交  政  策  ，  永  远  站  在  人  类  正  义  事  业  的  一  边  。  我  们  愿  同  世  界  上  一  切  爱  好  和  平  的  国  家  和  人  民  一  道  ，  为  促  进  世  界  多  极  化  ，  建  立  和  平  稳  定  、  公  正  合  理  的  国  际  政  治  经济  新  秩  序  而  努  力  奋  斗  。  
我  们  希  望  ，  新  世  纪  成  为  各  国  人  民  共  同  发  展  的  世  纪  。  在  20  世  纪  里  ，  世  界  的  生产  力  和  科  学  技  术  取  得  了  惊  人  的  成  就  。  但  是  ，  世  界  上  仍  有  许  多  人  民  尚  未  摆  脱  贫  穷  和  饥  饿  ，  有  的  甚  至  连  基  本  生  存  条  件  都  不  具  备  ，  时  刻  面  临  着  死  亡  的  威  胁  。  经济  全  球  化  对  生产  力  发  展  的  新  推  动  ，  科  学  技  术  突  飞  猛  进  带  来  的  新  成  果  ，  应  该  造  福  于  全  人  类  ，  特  别  是  应  该  用  来  促  进  发  展  中  国  家  的  发  展  ，  改  善  极  度  贫  困  人  口  的  生  活  境  遇  ，  使  他  们  得  以  具  备  自  我  发  展  的  条  件  。  中  国  人  民  将  坚  持  不  懈  地  为  此  作  出  自  己  的  贡  献  。  
我  们  希  望  ，  新  世  纪  成  为  各  种  文明  共  同  进  步  的  世  纪  。  世  界  是  丰  富  多  彩  的  。  世  界  各  国  的  文明  ，  都  是  人  类  的  宝  贵  财  富  ，  应  该  相  互  尊  重  、  相  互  学  习  。  历  史  充  分  证  明  ，  各  国  人  民  自  主  选  择  各  自  的  社  会  制  度  和  发  展  道  路  ，  在  继  承  和  发  展  本  民  族  文明  的  基  础  上  吸  取  其  他  文明  的  精  华  ，  按  照  自  己  的  意  志  创  造  并  享  受  美  好  的  生  活  ，  是  世  界  发  展  的  重  要  动  力  。  只  有  加  强  各  种  文明  之  间  的  交  流  ，  推  动  各  种  文明  共  同  进  步  ，  世  界  和  平  与  发  展  的  崇  高  事  业  才  能  真  正  实  现  。  

2019-04-03 15:42:55 INFO     Saving best checkpoint....
2019-04-03 15:43:22 INFO     global_step = 100
2019-04-03 15:43:22 INFO     unsupervised_loss = 8.828224
2019-04-03 15:43:49 INFO     global_step = 200
2019-04-03 15:43:49 INFO     unsupervised_loss = 6.297986
2019-04-03 15:44:17 INFO     global_step = 300
2019-04-03 15:44:17 INFO     unsupervised_loss = 5.584409
2019-04-03 15:44:44 INFO     global_step = 400
2019-04-03 15:44:44 INFO     unsupervised_loss = 5.289444
2019-04-03 15:44:44 INFO     Saving checkpoint models/unsupervised-pku-2...
2019-04-03 15:44:52 INFO     Bash Command: bash run.sh valid pku 2
2019-04-03 15:44:57 INFO     Validation results:
1.0.0
=== SUMMARY:
=== TOTAL INSERTIONS:	8762
=== TOTAL DELETIONS:	3955
=== TOTAL SUBSTITUTIONS:	17211
=== TOTAL NCHANGE:	29928
=== TOTAL TRUE WORD COUNT:	104372
=== TOTAL TEST WORD COUNT:	109179
=== TOTAL TRUE WORDS RECALL:	0.797
=== TOTAL TEST WORDS PRECISION:	0.762
=== F MEASURE:	0.779
=== OOV Rate:	0.058
=== OOV Recall Rate:	0.401
=== IV Recall Rate:	0.821
Examples:
共同  创造  美好  的  新  世纪  ——  二○  ○一  年  新年  贺词  
（  二○  ○  ○年  十二  月  三  十一  日  ）  （  附  图片  1  张  ）  
女士  们  ，  先生  们  ，  同志  们  ，  朋友  们  ：  
2001  年  新年  钟声  即将  敲响  。  人类  社会  前进  的  航船  就要  驶入  21  世纪  的  新  航程  。  中国  人民  进入  了  向  现代  化  建设  第三  步  战略  目标  迈进  的  新  征程  。  
在  这个  激动  人  心  的  时刻  ，  我  很  高兴  通过  中国  国际  广播  电台  、  中央  人民  广播  电台  和  中央  电视  台  ，  向  全国  各族  人民  ，  向  香港  特别  行政  区  同胞  、  澳门  特别  行政  区  同胞  和  台湾  同胞  、  海外  侨胞  ，  向  世界  各国  的  朋友  们  ，  致以  新  世纪  第一  个  新年  的  祝贺  ！  
过去  的  一  年  ，  是  我国  社会  主义  改革  开放  和  现代  化  建设  进程  中  具有  标志  意义  的  一年  。  在  中国  共产  党的  领导  下  ，  全国  各族  人民  团结  奋斗  ，  国民  经济  继续  保持  较快  的  发展  势头  ，  经济  结构  的  战略  性  调整  顺利  部署  实施  。  西部  大  开发  取得  良好  开端  。  精神  文明  建设  和  民主  法制  建设  进一  步  加强  。  我  们  在  过去  几  年  取得  成绩  的  基础  上  ，  胜利  完成  了  第九  个  五年  计划  。  我国  已  进入  了  全面  建设  小康  社会  ，  加快  社会  主义  现代  化  建设  的  新的  发展  阶段  。  
面对  新  世纪  ，  世界  各国  人民  的  共同  愿望  是  ：  继续  发展  人类  以往  创造  的  一切  文明  成果  ，  克服  20  世纪  困扰  着  人类  的  战争  和  贫困  问题  ，  推进  和平  与  发展  的  崇高  事业  ，  创造  一个  美好  的  世界  。  
我  们  希望  ，  新  世纪  成为  各国  人民  共享  和  平的  世纪  。  在  20  世纪  里  ，  世界  饱受  各种  战争  和  冲突  的  苦难  。  时至  今日  ，  仍有  不少  国家  和  地区  的  人民  还  在  忍受  战火  的  煎熬  。  中国  人民  真诚  地  祝愿  他  们  早日  过上  和平  安定  的  生活  。  中国  人民  热爱  和  平与  自由  ，  始终  奉行  独立  自主  的  和平  外交  政策  ，  永远  站在  人类  正义  事业  的  一边  。  我  们  愿  同  世界  上  一切  爱好  和平  的  国家  和  人民  一道  ，  为  促进  世界  多  极化  ，  建立  和平  稳定  、  公正  合理  的  国际  政治  经济  新  秩序  而  努力  奋斗  。  
我  们  希望  ，  新  世纪  成为  各国  人民  共同  发展  的  世纪  。  在  20  世纪  里  ，  世界  的  生产  力和  科学  技术  取得  了  惊人  的  成就  。  但是  ，  世界  上  仍有  许多  人民  尚未  摆脱  贫穷  和  饥饿  ，  有的  甚至  连  基本  生存  条件  都  不  具备  ，  时刻  面临  着  死亡  的  威胁  。  经济  全球  化  对  生产  力  发展  的  新  推动  ，  科学  技术  突飞  猛进  带来  的  新  成果  ，  应该  造福  于  全  人类  ，  特别  是  应该  用来  促进  发展  中  国家  的  发展  ，  改善  极度  贫困  人口  的  生活  境遇  ，  使  他  们  得以  具备  自我  发展  的  条件  。  中国  人民  将  坚持  不懈  地  为此  作出  自己  的  贡献  。  
我  们  希望  ，  新  世纪  成为  各种  文明  共同  进步  的  世纪  。  世界  是  丰富  多彩  的  。  世界  各国  的  文明  ，  都是  人类  的  宝贵  财富  ，  应该  相互  尊重  、  相互  学习  。  历史  充分  证明  ，  各国  人民  自主  选择  各自  的  社会  制度  和  发展  道路  ，  在  继承  和  发展  本  民族  文明  的  基础  上  吸取  其他  文明  的  精华  ，  按照  自己  的  意志  创造  并  享受  美好  的  生活  ，  是  世界  发展  的  重要  动力  。  只有  加强  各种  文明  之间  的  交流  ，  推动  各种  文明  共同  进步  ，  世界  和  平与  发展  的  崇高  事业  才能  真正  实现  。  

2019-04-03 15:44:57 INFO     Saving best checkpoint....
2019-04-03 15:45:24 INFO     global_step = 500
2019-04-03 15:45:24 INFO     unsupervised_loss = 5.118468
2019-04-03 15:45:51 INFO     global_step = 600
2019-04-03 15:45:51 INFO     unsupervised_loss = 4.998408
2019-04-03 15:46:17 INFO     global_step = 700
2019-04-03 15:46:17 INFO     unsupervised_loss = 4.920635
2019-04-03 15:46:45 INFO     global_step = 800
2019-04-03 15:46:45 INFO     unsupervised_loss = 4.834452
2019-04-03 15:46:46 INFO     Saving checkpoint models/unsupervised-pku-2...
2019-04-03 15:46:54 INFO     Bash Command: bash run.sh valid pku 2
2019-04-03 15:46:58 INFO     Validation results:
1.0.0
=== SUMMARY:
=== TOTAL INSERTIONS:	10088
=== TOTAL DELETIONS:	3361
=== TOTAL SUBSTITUTIONS:	16243
=== TOTAL NCHANGE:	29692
=== TOTAL TRUE WORD COUNT:	104372
=== TOTAL TEST WORD COUNT:	111099
=== TOTAL TRUE WORDS RECALL:	0.812
=== TOTAL TEST WORDS PRECISION:	0.763
=== F MEASURE:	0.787
=== OOV Rate:	0.058
=== OOV Recall Rate:	0.384
=== IV Recall Rate:	0.838
Examples:
共同  创造  美好  的  新  世纪  ——  二○  ○  一  年  新年  贺词  
（  二○  ○  ○  年  十二  月  三十  一  日  ）  （  附  图片  1  张  ）  
女士  们  ，  先生  们  ，  同志  们  ，  朋友  们  ：  
2001  年  新年  钟声  即将  敲响  。  人类  社会  前进  的  航船  就要  驶入  21  世纪  的  新  航程  。  中国  人民  进入  了  向  现代  化  建设  第三  步  战略  目标  迈进  的  新  征程  。  
在  这个  激动  人心  的  时刻  ，  我  很  高兴  通过  中国  国际  广播  电台  、  中央  人民  广播  电台  和  中央  电视  台  ，  向  全国  各族  人民  ，  向  香港  特别  行政  区  同胞  、  澳门  特别  行政  区  同胞  和  台湾  同胞  、  海外  侨胞  ，  向  世界  各国  的  朋友  们  ，  致以  新  世纪  第一  个  新年  的  祝贺  ！  
过去  的  一  年  ，  是  我国  社会  主义  改革  开放  和  现代  化  建设  进程  中  具有  标志  意义  的  一  年  。  在  中国  共产  党  的  领导  下  ，  全国  各族  人民  团结  奋斗  ，  国民  经济  继续  保持  较快  的  发展  势头  ，  经济  结构  的  战略  性  调整  顺利  部署  实施  。  西部  大  开发  取得  良好  开端  。  精神  文明  建设  和  民主  法制  建设  进一  步  加强  。  我  们  在  过去  几  年  取得  成绩  的  基础  上  ，  胜利  完成  了  第九  个  五  年  计划  。  我国  已  进入  了  全面  建设  小康  社会  ，  加快  社会  主义  现代  化  建设  的  新的  发展  阶段  。  
面对  新  世纪  ，  世界  各国  人民  的  共同  愿望  是  ：  继续  发展  人类  以往  创造  的  一切  文明  成果  ，  克服  20  世纪  困扰  着  人类  的  战争  和  贫困  问题  ，  推进  和平  与  发展  的  崇高  事业  ，  创造  一个  美好  的  世界  。  
我  们  希望  ，  新  世纪  成为  各国  人民  共享  和  平  的  世纪  。  在  20  世纪  里  ，  世界  饱受  各种  战争  和  冲突  的  苦难  。  时至  今日  ，  仍有  不少  国家  和  地区  的  人民  还  在  忍受  战火  的  煎熬  。  中国  人民  真诚  地  祝愿  他  们  早日  过  上  和平  安定  的  生活  。  中国  人民  热爱  和平  与  自由  ，  始终  奉行  独立  自主  的  和平  外交  政策  ，  永远  站在  人类  正义  事业  的  一边  。  我  们  愿  同  世界  上  一切  爱好  和平  的  国家  和  人民  一道  ，  为  促进  世界  多  极化  ，  建立  和平  稳定  、  公正  合理  的  国际  政治  经济  新  秩序  而  努力  奋斗  。  
我  们  希望  ，  新  世纪  成为  各国  人民  共同  发展  的  世纪  。  在  20  世纪  里  ，  世界  的  生产  力  和  科学  技术  取得  了  惊人  的  成就  。  但是  ，  世界  上  仍有  许多  人民  尚未  摆脱  贫穷  和  饥饿  ，  有的  甚至  连  基本  生存  条件  都  不  具备  ，  时刻  面临  着  死亡  的  威胁  。  经济  全球  化  对  生产  力  发展  的  新  推动  ，  科学  技术  突飞  猛进  带来  的  新  成果  ，  应该  造福  于  全  人类  ，  特别  是  应该  用  来  促进  发展  中  国家  的  发展  ，  改善  极度  贫困  人口  的  生活  境遇  ，  使  他  们  得以  具备  自我  发展  的  条件  。  中国  人民  将  坚持  不懈  地  为此  作出  自己  的  贡献  。  
我  们  希望  ，  新  世纪  成为  各种  文明  共同  进步  的  世纪  。  世界  是  丰富  多彩  的  。  世界  各国  的  文明  ，  都是  人类  的  宝贵  财富  ，  应该  相互  尊重  、  相互  学习  。  历史  充分  证明  ，  各国  人民  自主  选择  各自  的  社会  制度  和  发展  道路  ，  在  继承  和  发展  本  民族  文明  的  基础  上  吸取  其他  文明  的  精华  ，  按照  自己  的  意志  创造  并  享受  美好  的  生活  ，  是  世界  发展  的  重要  动力  。  只有  加强  各种  文明  之间  的  交流  ，  推动  各种  文明  共同  进步  ，  世界  和平  与  发展  的  崇高  事业  才能  真正  实现  。  

2019-04-03 15:46:58 INFO     Saving best checkpoint....
2019-04-03 15:47:26 INFO     global_step = 900
2019-04-03 15:47:26 INFO     unsupervised_loss = 4.757482
2019-04-03 15:47:55 INFO     global_step = 1000
2019-04-03 15:47:55 INFO     unsupervised_loss = 4.556747
2019-04-03 15:48:22 INFO     global_step = 1100
2019-04-03 15:48:22 INFO     unsupervised_loss = 4.431281
2019-04-03 15:48:50 INFO     global_step = 1200
2019-04-03 15:48:50 INFO     unsupervised_loss = 4.367653
2019-04-03 15:48:50 INFO     Saving checkpoint models/unsupervised-pku-2...
2019-04-03 15:48:58 INFO     Bash Command: bash run.sh valid pku 2
2019-04-03 15:49:03 INFO     Validation results:
1.0.0
=== SUMMARY:
=== TOTAL INSERTIONS:	9345
=== TOTAL DELETIONS:	3446
=== TOTAL SUBSTITUTIONS:	15798
=== TOTAL NCHANGE:	28589
=== TOTAL TRUE WORD COUNT:	104372
=== TOTAL TEST WORD COUNT:	110271
=== TOTAL TRUE WORDS RECALL:	0.816
=== TOTAL TEST WORDS PRECISION:	0.772
=== F MEASURE:	0.793
=== OOV Rate:	0.058
=== OOV Recall Rate:	0.410
=== IV Recall Rate:	0.840
Examples:
共同  创造  美好  的  新  世纪  ——  二○  ○一  年  新年  贺词  
（  二○  ○  ○  年十  二  月  三十  一  日  ）  （  附  图片  1  张  ）  
女士  们  ，  先生  们  ，  同志  们  ，  朋友  们  ：  
2001  年  新年  钟声  即将  敲响  。  人类  社会  前进  的  航船  就要  驶入  21  世纪  的  新  航程  。  中国  人民  进入  了  向  现代  化  建设  第三  步  战略  目标  迈进  的  新  征程  。  
在  这个  激动  人心  的  时刻  ，  我  很  高兴  通过  中国  国际  广播  电台  、  中央  人民  广播  电台  和  中央  电视  台  ，  向  全国  各族  人民  ，  向  香港  特别  行政  区  同胞  、  澳门  特别  行政  区  同胞  和  台湾  同胞  、  海外  侨胞  ，  向  世界  各国  的  朋友  们  ，  致以  新  世纪  第一  个  新年  的  祝贺  ！  
过去  的  一  年  ，  是  我国  社会  主义  改革  开放  和  现代  化  建设  进程  中  具有  标志  意义  的  一  年  。  在  中国  共产  党  的  领导  下  ，  全国  各族  人民  团结  奋斗  ，  国民  经济  继续  保持  较快  的  发展  势头  ，  经济  结构  的  战略  性  调整  顺利  部署  实施  。  西部  大  开发  取得  良好  开端  。  精神  文明  建设  和  民主  法制  建设  进一  步  加强  。  我  们  在  过去  几  年  取得  成绩  的  基础  上  ，  胜利  完成  了  第九  个  五  年  计划  。  我国  已  进入  了  全面  建设  小康  社会  ，  加快  社会  主义  现代  化  建设  的  新的  发展  阶段  。  
面对  新  世纪  ，  世界  各国  人民  的  共同  愿望  是  ：  继续  发展  人类  以往  创造  的  一切  文明  成果  ，  克服  20  世纪  困扰  着  人类  的  战争  和  贫困  问题  ，  推进  和  平  与  发展  的  崇高  事业  ，  创造  一个  美好  的  世界  。  
我  们  希望  ，  新  世纪  成为  各国  人民  共享  和  平  的  世纪  。  在  20  世纪  里  ，  世界  饱受  各种  战争  和  冲突  的  苦难  。  时至  今日  ，  仍有  不少  国家  和  地区  的  人民  还  在  忍受  战火  的  煎熬  。  中国  人民  真诚  地  祝愿  他  们  早日  过上  和  平  安定  的  生活  。  中国  人民  热爱  和  平  与  自由  ，  始终  奉行  独立  自主  的  和  平  外交  政策  ，  永远  站在  人类  正义  事业  的  一边  。  我  们  愿  同  世界  上  一切  爱好  和  平  的  国家  和  人民  一道  ，  为  促进  世界  多  极化  ，  建立  和  平  稳定  、  公正  合理  的  国际  政治  经济  新  秩序  而  努力  奋斗  。  
我  们  希望  ，  新  世纪  成为  各国  人民  共同  发展  的  世纪  。  在  20  世纪  里  ，  世界  的  生产  力和  科学  技术  取得  了  惊人  的  成就  。  但是  ，  世界  上  仍有  许多  人民  尚未  摆脱  贫穷  和  饥饿  ，  有的  甚至  连  基本  生存  条件  都  不  具备  ，  时刻  面临  着  死亡  的  威胁  。  经济  全球  化  对  生产  力  发展  的  新  推动  ，  科学  技术  突飞  猛进  带来  的  新  成果  ，  应该  造福  于  全  人类  ，  特别  是  应该  用  来  促进  发展  中  国家  的  发展  ，  改善  极度  贫困  人口  的  生活  境遇  ，  使  他  们  得以  具备  自我  发展  的  条件  。  中国  人民  将  坚持  不懈  地  为此  作出  自己  的  贡献  。  
我  们  希望  ，  新  世纪  成为  各种  文明  共同  进步  的  世纪  。  世界  是  丰富  多彩  的  。  世界  各国  的  文明  ，  都是  人类  的  宝贵  财富  ，  应该  相互  尊重  、  相互  学习  。  历史  充分  证明  ，  各国  人民  自主  选择  各自  的  社会  制度  和  发展  道路  ，  在  继承  和  发展  本  民族  文明  的  基础  上  吸取  其他  文明  的  精华  ，  按照  自己  的  意志  创造  并  享受  美好  的  生活  ，  是  世界  发展  的  重要  动力  。  只有  加强  各种  文明  之间  的  交流  ，  推动  各种  文明  共同  进步  ，  世界  和  平  与  发展  的  崇高  事业  才能  真正  实现  。  

2019-04-03 15:49:03 INFO     Saving best checkpoint....
2019-04-03 15:49:30 INFO     global_step = 1300
2019-04-03 15:49:30 INFO     unsupervised_loss = 4.300905
2019-04-03 15:49:58 INFO     global_step = 1400
2019-04-03 15:49:58 INFO     unsupervised_loss = 4.251589
2019-04-03 15:50:26 INFO     global_step = 1500
2019-04-03 15:50:26 INFO     unsupervised_loss = 4.223918
2019-04-03 15:50:55 INFO     global_step = 1600
2019-04-03 15:50:55 INFO     unsupervised_loss = 4.193152
2019-04-03 15:50:55 INFO     Saving checkpoint models/unsupervised-pku-2...
2019-04-03 15:51:03 INFO     Bash Command: bash run.sh valid pku 2
2019-04-03 15:51:08 INFO     Validation results:
1.0.0
=== SUMMARY:
=== TOTAL INSERTIONS:	9893
=== TOTAL DELETIONS:	3074
=== TOTAL SUBSTITUTIONS:	15591
=== TOTAL NCHANGE:	28558
=== TOTAL TRUE WORD COUNT:	104372
=== TOTAL TEST WORD COUNT:	111191
=== TOTAL TRUE WORDS RECALL:	0.821
=== TOTAL TEST WORDS PRECISION:	0.771
=== F MEASURE:	0.795
=== OOV Rate:	0.058
=== OOV Recall Rate:	0.405
=== IV Recall Rate:	0.847
Examples:
共同  创造  美好  的  新  世纪  ——  二○  ○一  年  新年  贺词  
（  二○  ○  ○  年  十二  月  三十  一  日  ）  （  附  图片  1  张  ）  
女士  们  ，  先生  们  ，  同志  们  ，  朋友  们  ：  
2001  年  新年  钟声  即将  敲响  。  人类  社会  前进  的  航船  就要  驶入  21  世纪  的  新  航程  。  中国  人民  进入  了  向  现代  化  建设  第三  步  战略  目标  迈进  的  新  征程  。  
在  这个  激动  人心  的  时刻  ，  我  很  高兴  通过  中国  国际  广播  电台  、  中央  人民  广播  电台  和  中央  电视  台  ，  向  全国  各族  人民  ，  向  香港  特别  行政  区  同胞  、  澳门  特别  行政  区  同胞  和  台湾  同胞  、  海外  侨胞  ，  向  世界  各国  的  朋友  们  ，  致以  新  世纪  第一  个  新年  的  祝贺  ！  
过去  的  一  年  ，  是  我国  社会  主义  改革  开放  和  现代  化  建设  进程  中  具有  标志  意义  的  一  年  。  在  中国  共产  党  的  领导  下  ，  全国  各族  人民  团结  奋斗  ，  国民  经济  继续  保持  较快  的  发展  势头  ，  经济  结构  的  战略  性  调整  顺利  部署  实施  。  西部  大  开发  取得  良好  开端  。  精神  文明  建设  和  民主  法制  建设  进一  步  加强  。  我  们  在  过去  几  年  取得  成绩  的  基础  上  ，  胜利  完成  了  第九  个  五  年  计划  。  我国  已  进入  了  全面  建设  小康  社会  ，  加快  社会  主义  现代  化  建设  的  新的  发展  阶段  。  
面对  新  世纪  ，  世界  各国  人民  的  共同  愿望  是  ：  继续  发展  人类  以往  创造  的  一切  文明  成果  ，  克服  20  世纪  困扰  着  人类  的  战争  和  贫困  问题  ，  推进  和  平  与  发展  的  崇高  事业  ，  创造  一个  美好  的  世界  。  
我  们  希望  ，  新  世纪  成为  各国  人民  共享  和  平  的  世纪  。  在  20  世纪  里  ，  世界  饱受  各种  战争  和  冲突  的  苦难  。  时至  今日  ，  仍有  不少  国家  和  地区  的  人民  还  在  忍受  战火  的  煎熬  。  中国  人民  真诚  地  祝愿  他  们  早日  过上  和  平  安定  的  生活  。  中国  人民  热爱  和  平  与  自由  ，  始终  奉行  独立  自主  的  和  平  外交  政策  ，  永远  站在  人类  正义  事业  的  一边  。  我  们  愿  同  世界  上  一切  爱好  和  平  的  国家  和  人民  一道  ，  为  促进  世界  多  极  化  ，  建立  和  平  稳定  、  公正  合理  的  国际  政治  经济  新  秩序  而  努力  奋斗  。  
我  们  希望  ，  新  世纪  成为  各国  人民  共同  发展  的  世纪  。  在  20  世纪  里  ，  世界  的  生产  力  和  科学  技术  取得  了  惊人  的  成就  。  但是  ，  世界  上  仍有  许多  人民  尚未  摆脱  贫穷  和  饥饿  ，  有的  甚至  连  基本  生存  条件  都  不  具备  ，  时刻  面临  着  死亡  的  威胁  。  经济  全球  化  对  生产  力  发展  的  新  推动  ，  科学  技术  突飞  猛进  带来  的  新  成果  ，  应该  造福  于  全  人类  ，  特别  是  应该  用  来  促进  发展  中  国家  的  发展  ，  改善  极度  贫困  人口  的  生活  境遇  ，  使  他  们  得以  具备  自我  发展  的  条件  。  中国  人民  将  坚持  不懈  地  为此  作出  自己  的  贡献  。  
我  们  希望  ，  新  世纪  成为  各种  文明  共同  进步  的  世纪  。  世界  是  丰富  多彩  的  。  世界  各国  的  文明  ，  都  是  人类  的  宝贵  财富  ，  应该  相互  尊重  、  相互  学习  。  历史  充分  证明  ，  各国  人民  自主  选择  各自  的  社会  制度  和  发展  道路  ，  在  继承  和  发展  本  民族  文明  的  基础  上  吸取  其他  文明  的  精华  ，  按照  自己  的  意志  创造  并  享受  美好  的  生活  ，  是  世界  发展  的  重要  动力  。  只有  加强  各种  文明  之间  的  交流  ，  推动  各种  文明  共同  进步  ，  世界  和  平  与  发展  的  崇高  事业  才能  真正  实现  。  

2019-04-03 15:51:08 INFO     Saving best checkpoint....
2019-04-03 15:51:35 INFO     global_step = 1700
2019-04-03 15:51:35 INFO     unsupervised_loss = 4.173649
2019-04-03 15:52:03 INFO     global_step = 1800
2019-04-03 15:52:03 INFO     unsupervised_loss = 4.151966
2019-04-03 15:52:31 INFO     global_step = 1900
2019-04-03 15:52:31 INFO     unsupervised_loss = 4.137668
2019-04-03 15:52:59 INFO     global_step = 2000
2019-04-03 15:52:59 INFO     unsupervised_loss = 4.131299
2019-04-03 15:53:00 INFO     Saving checkpoint models/unsupervised-pku-2...
2019-04-03 15:53:08 INFO     Bash Command: bash run.sh valid pku 2
2019-04-03 15:53:13 INFO     Validation results:
1.0.0
=== SUMMARY:
=== TOTAL INSERTIONS:	10132
=== TOTAL DELETIONS:	2999
=== TOTAL SUBSTITUTIONS:	15542
=== TOTAL NCHANGE:	28673
=== TOTAL TRUE WORD COUNT:	104372
=== TOTAL TEST WORD COUNT:	111505
=== TOTAL TRUE WORDS RECALL:	0.822
=== TOTAL TEST WORDS PRECISION:	0.770
=== F MEASURE:	0.795
=== OOV Rate:	0.058
=== OOV Recall Rate:	0.405
=== IV Recall Rate:	0.848
Examples:
共同  创造  美好  的  新  世纪  ——  二○  ○一  年  新年  贺词  
（  二○  ○  ○  年  十二  月  三十  一  日  ）  （  附  图片  1  张  ）  
女士  们  ，  先生  们  ，  同志  们  ，  朋友  们  ：  
2001  年  新年  钟声  即将  敲响  。  人类  社会  前进  的  航船  就要  驶入  21  世纪  的  新  航程  。  中国  人民  进入  了  向  现代  化  建设  第三  步  战略  目标  迈进  的  新  征程  。  
在  这个  激动  人心  的  时刻  ，  我  很  高兴  通过  中国  国际  广播  电台  、  中央  人民  广播  电台  和  中央  电视  台  ，  向  全国  各族  人民  ，  向  香港  特别  行政  区  同胞  、  澳门  特别  行政  区  同胞  和  台湾  同胞  、  海外  侨胞  ，  向  世界  各国  的  朋友  们  ，  致以  新  世纪  第一  个  新年  的  祝贺  ！  
过去  的  一  年  ，  是  我国  社会  主义  改革  开放  和  现代  化  建设  进程  中  具有  标志  意义  的  一  年  。  在  中国  共产  党  的  领导  下  ，  全国  各族  人民  团结  奋斗  ，  国民  经济  继续  保持  较快  的  发展  势头  ，  经济  结构  的  战略  性  调整  顺利  部署  实施  。  西部  大  开发  取得  良好  开端  。  精神  文明  建设  和  民主  法制  建设  进一  步  加强  。  我  们  在  过去  几  年  取得  成绩  的  基础  上  ，  胜利  完成  了  第九  个  五  年  计划  。  我国  已  进入  了  全面  建设  小康  社会  ，  加快  社会  主义  现代  化  建设  的  新的  发展  阶段  。  
面对  新  世纪  ，  世界  各国  人民  的  共同  愿望  是  ：  继续  发展  人类  以往  创造  的  一切  文明  成果  ，  克服  20  世纪  困扰  着  人类  的  战争  和  贫困  问题  ，  推进  和  平  与  发展  的  崇高  事业  ，  创造  一  个  美好  的  世界  。  
我  们  希望  ，  新  世纪  成为  各国  人民  共享  和  平  的  世纪  。  在  20  世纪  里  ，  世界  饱受  各种  战争  和  冲突  的  苦难  。  时至  今日  ，  仍  有  不少  国家  和  地区  的  人民  还  在  忍受  战火  的  煎熬  。  中国  人民  真诚  地  祝愿  他  们  早日  过上  和  平  安定  的  生活  。  中国  人民  热爱  和  平  与  自由  ，  始终  奉行  独立  自主  的  和  平  外交  政策  ，  永远  站在  人类  正义  事业  的  一边  。  我  们  愿  同  世界  上  一切  爱好  和  平  的  国家  和  人民  一道  ，  为  促进  世界  多  极  化  ，  建立  和  平  稳定  、  公正  合理  的  国际  政治  经济  新  秩序  而  努力  奋斗  。  
我  们  希望  ，  新  世纪  成为  各国  人民  共同  发展  的  世纪  。  在  20  世纪  里  ，  世界  的  生产  力  和  科学  技术  取得  了  惊人  的  成就  。  但  是  ，  世界  上  仍有  许多  人民  尚未  摆脱  贫穷  和  饥饿  ，  有的  甚至  连  基本  生存  条件  都  不  具备  ，  时刻  面临  着  死亡  的  威胁  。  经济  全球  化  对  生产  力  发展  的  新  推动  ，  科学  技术  突飞  猛进  带来  的  新  成果  ，  应该  造福  于  全  人类  ，  特别  是  应该  用  来  促进  发展  中  国家  的  发展  ，  改善  极度  贫困  人口  的  生活  境遇  ，  使  他  们  得以  具备  自我  发展  的  条件  。  中国  人民  将  坚持  不懈  地  为此  作出  自己  的  贡献  。  
我  们  希望  ，  新  世纪  成为  各种  文明  共同  进步  的  世纪  。  世界  是  丰富  多彩  的  。  世界  各国  的  文明  ，  都  是  人类  的  宝贵  财富  ，  应该  相互  尊重  、  相互  学习  。  历史  充分  证明  ，  各国  人民  自主  选择  各自  的  社会  制度  和  发展  道路  ，  在  继承  和  发展  本  民族  文明  的  基础  上  吸取  其他  文明  的  精华  ，  按照  自己  的  意志  创造  并  享受  美好  的  生活  ，  是  世界  发展  的  重要  动力  。  只有  加强  各种  文明  之间  的  交流  ，  推动  各种  文明  共同  进步  ，  世界  和  平  与  发展  的  崇高  事业  才能  真正  实现  。  

2019-04-03 15:53:40 INFO     global_step = 2100
2019-04-03 15:53:40 INFO     unsupervised_loss = 4.121916
2019-04-03 15:54:07 INFO     global_step = 2200
2019-04-03 15:54:07 INFO     unsupervised_loss = 4.073526
2019-04-03 15:54:35 INFO     global_step = 2300
2019-04-03 15:54:35 INFO     unsupervised_loss = 4.091091
2019-04-03 15:55:03 INFO     global_step = 2400
2019-04-03 15:55:03 INFO     unsupervised_loss = 4.070663
2019-04-03 15:55:04 INFO     Saving checkpoint models/unsupervised-pku-2...
2019-04-03 15:55:12 INFO     Bash Command: bash run.sh valid pku 2
2019-04-03 15:55:17 INFO     Validation results:
1.0.0
=== SUMMARY:
=== TOTAL INSERTIONS:	10030
=== TOTAL DELETIONS:	3088
=== TOTAL SUBSTITUTIONS:	15665
=== TOTAL NCHANGE:	28783
=== TOTAL TRUE WORD COUNT:	104372
=== TOTAL TEST WORD COUNT:	111314
=== TOTAL TRUE WORDS RECALL:	0.820
=== TOTAL TEST WORDS PRECISION:	0.769
=== F MEASURE:	0.794
=== OOV Rate:	0.058
=== OOV Recall Rate:	0.406
=== IV Recall Rate:	0.846
Examples:
共同  创造  美好  的  新  世纪  ——  二  ○  ○一  年  新年  贺词  
（  二○  ○  ○  年  十二  月  三十  一  日  ）  （  附  图片  1  张  ）  
女士  们  ，  先生  们  ，  同志  们  ，  朋友  们  ：  
2001  年  新年  钟声  即将  敲响  。  人类  社会  前进  的  航船  就要  驶入  21  世纪  的  新  航程  。  中国  人民  进入  了  向  现代  化  建设  第三  步  战略  目标  迈进  的  新  征程  。  
在  这个  激动  人心  的  时刻  ，  我  很  高兴  通过  中国  国际  广播  电台  、  中央  人民  广播  电台  和  中央  电视  台  ，  向  全国  各族  人民  ，  向  香港  特别  行政  区  同胞  、  澳门  特别  行政  区  同胞  和  台湾  同胞  、  海外  侨胞  ，  向  世界  各国  的  朋友  们  ，  致以  新  世纪  第一  个  新年  的  祝贺  ！  
过去  的  一  年  ，  是  我国  社会  主义  改革  开放  和  现代  化  建设  进程  中  具有  标志  意义  的  一  年  。  在  中国  共产  党  的  领导  下  ，  全国  各族  人民  团结  奋斗  ，  国民  经济  继续  保持  较快  的  发展  势头  ，  经济  结构  的  战略  性  调整  顺利  部署  实施  。  西部  大  开发  取得  良好  开端  。  精神  文明  建设  和  民主  法制  建设  进一  步  加强  。  我  们  在  过去  几  年  取得  成绩  的  基础  上  ，  胜利  完成  了  第九  个  五  年  计划  。  我国  已  进入  了  全面  建设  小康  社会  ，  加快  社会  主义  现代  化  建设  的  新的  发展  阶段  。  
面对  新  世纪  ，  世界  各国  人民  的  共同  愿望  是  ：  继续  发展  人类  以往  创造  的  一切  文明  成果  ，  克服  20  世纪  困扰  着  人类  的  战争  和  贫困  问题  ，  推进  和  平  与  发展  的  崇高  事业  ，  创造  一个  美好  的  世界  。  
我  们  希望  ，  新  世纪  成为  各国  人民  共享  和  平  的  世纪  。  在  20  世纪  里  ，  世界  饱受  各种  战争  和  冲突  的  苦难  。  时至  今日  ，  仍有  不少  国家  和  地区  的  人民  还  在  忍受  战火  的  煎熬  。  中国  人民  真诚  地  祝愿  他  们  早日  过上  和  平  安定  的  生活  。  中国  人民  热爱  和  平  与  自由  ，  始终  奉行  独立  自主  的  和  平  外交  政策  ，  永远  站在  人类  正义  事业  的  一边  。  我  们  愿  同  世界  上  一切  爱好  和  平  的  国家  和  人民  一道  ，  为  促进  世界  多  极  化  ，  建立  和  平  稳定  、  公正  合理  的  国际  政治  经济  新  秩序  而  努力  奋斗  。  
我  们  希望  ，  新  世纪  成为  各国  人民  共同  发展  的  世纪  。  在  20  世纪  里  ，  世界  的  生产  力  和  科学  技术  取得  了  惊人  的  成就  。  但  是  ，  世界  上  仍有  许多  人民  尚未  摆脱  贫穷  和  饥饿  ，  有的  甚至  连  基本  生存  条件  都  不  具备  ，  时刻  面临  着  死亡  的  威胁  。  经济  全球  化  对  生产  力  发展  的  新  推动  ，  科学  技术  突飞  猛进  带来  的  新  成果  ，  应该  造福  于  全  人类  ，  特别  是  应该  用  来  促进  发展  中  国家  的  发展  ，  改善  极度  贫困  人口  的  生活  境遇  ，  使  他  们  得以  具备  自我  发展  的  条件  。  中国  人民  将  坚持  不懈  地  为此  作出  自己  的  贡献  。  
我  们  希望  ，  新  世纪  成为  各种  文明  共同  进步  的  世纪  。  世界  是  丰富  多彩  的  。  世界  各国  的  文明  ，  都  是  人类  的  宝贵  财富  ，  应该  相互  尊重  、  相互  学习  。  历史  充分  证明  ，  各国  人民  自主  选择  各自  的  社会  制度  和  发展  道路  ，  在  继承  和  发展  本  民族  文明  的  基础  上  吸取  其他  文明  的  精华  ，  按照  自己  的  意志  创造  并  享受  美好  的  生活  ，  是  世界  发展  的  重要  动力  。  只有  加强  各种  文明  之间  的  交流  ，  推动  各种  文明  共同  进步  ，  世界  和  平  与  发展  的  崇高  事业  才能  真正  实现  。  

2019-04-03 15:55:45 INFO     global_step = 2500
2019-04-03 15:55:45 INFO     unsupervised_loss = 4.073455
2019-04-03 15:56:12 INFO     global_step = 2600
2019-04-03 15:56:12 INFO     unsupervised_loss = 4.055565
2019-04-03 15:56:41 INFO     global_step = 2700
2019-04-03 15:56:41 INFO     unsupervised_loss = 4.067535
2019-04-03 15:57:09 INFO     global_step = 2800
2019-04-03 15:57:09 INFO     unsupervised_loss = 4.040871
2019-04-03 15:57:09 INFO     Saving checkpoint models/unsupervised-pku-2...
2019-04-03 15:57:17 INFO     Bash Command: bash run.sh valid pku 2
2019-04-03 15:57:21 INFO     Validation results:
1.0.0
=== SUMMARY:
=== TOTAL INSERTIONS:	10421
=== TOTAL DELETIONS:	2891
=== TOTAL SUBSTITUTIONS:	15504
=== TOTAL NCHANGE:	28816
=== TOTAL TRUE WORD COUNT:	104372
=== TOTAL TEST WORD COUNT:	111902
=== TOTAL TRUE WORDS RECALL:	0.824
=== TOTAL TEST WORDS PRECISION:	0.768
=== F MEASURE:	0.795
=== OOV Rate:	0.058
=== OOV Recall Rate:	0.404
=== IV Recall Rate:	0.849
Examples:
共同  创造  美好  的  新  世纪  ——  二  ○  ○一  年  新  年  贺词  
（  二  ○  ○  ○  年  十二  月  三十  一  日  ）  （  附  图片  1  张  ）  
女士  们  ，  先生  们  ，  同志  们  ，  朋友  们  ：  
2001  年  新年  钟声  即将  敲响  。  人类  社会  前进  的  航船  就要  驶入  21  世纪  的  新  航程  。  中国  人民  进入  了  向  现代  化  建设  第三  步  战略  目标  迈进  的  新  征程  。  
在  这个  激动  人心  的  时刻  ，  我  很  高兴  通过  中国  国际  广播  电台  、  中央  人民  广播  电台  和  中央  电视  台  ，  向  全国  各族  人民  ，  向  香港  特别  行政  区  同胞  、  澳门  特别  行政  区  同胞  和  台湾  同胞  、  海外  侨胞  ，  向  世界  各国  的  朋友  们  ，  致以  新  世纪  第一  个  新年  的  祝贺  ！  
过去  的  一  年  ，  是  我国  社会  主义  改革  开放  和  现代  化  建设  进程  中  具有  标志  意义  的  一  年  。  在  中国  共产  党  的  领导  下  ，  全国  各族  人民  团结  奋斗  ，  国民  经济  继续  保持  较快  的  发展  势头  ，  经济  结构  的  战略  性  调整  顺利  部署  实施  。  西部  大  开发  取得  良好  开端  。  精神  文明  建设  和  民主  法制  建设  进一  步  加强  。  我  们  在  过去  几  年  取得  成绩  的  基础  上  ，  胜利  完成  了  第九  个  五  年  计划  。  我国  已  进入  了  全面  建设  小康  社会  ，  加快  社会  主义  现代  化  建设  的  新的  发展  阶段  。  
面对  新  世纪  ，  世界  各国  人民  的  共同  愿望  是  ：  继续  发展  人类  以往  创造  的  一切  文明  成果  ，  克服  20  世纪  困扰  着  人类  的  战争  和  贫困  问题  ，  推进  和  平  与  发展  的  崇高  事业  ，  创造  一个  美好  的  世界  。  
我  们  希望  ，  新  世纪  成为  各国  人民  共享  和  平  的  世纪  。  在  20  世纪  里  ，  世界  饱受  各种  战争  和  冲突  的  苦难  。  时至  今日  ，  仍  有  不少  国家  和  地区  的  人民  还  在  忍受  战火  的  煎熬  。  中国  人民  真诚  地  祝愿  他  们  早日  过上  和  平  安定  的  生活  。  中国  人民  热爱  和  平  与  自由  ，  始终  奉行  独立  自主  的  和  平  外交  政策  ，  永远  站在  人类  正义  事业  的  一边  。  我  们  愿  同  世界  上  一切  爱好  和  平  的  国家  和  人民  一道  ，  为  促进  世界  多  极  化  ，  建立  和  平  稳定  、  公正  合理  的  国际  政治  经济  新  秩序  而  努力  奋斗  。  
我  们  希望  ，  新  世纪  成为  各国  人民  共同  发展  的  世纪  。  在  20  世纪  里  ，  世界  的  生产  力  和  科学  技术  取得  了  惊人  的  成就  。  但  是  ，  世界  上  仍有  许多  人民  尚未  摆脱  贫穷  和  饥饿  ，  有的  甚至  连  基本  生存  条件  都  不  具备  ，  时刻  面临  着  死亡  的  威胁  。  经济  全球  化  对  生产  力  发展  的  新  推动  ，  科学  技术  突飞  猛进  带来  的  新  成果  ，  应该  造福  于  全  人类  ，  特别  是  应该  用  来  促进  发展  中  国家  的  发展  ，  改善  极度  贫困  人口  的  生活  境遇  ，  使  他  们  得以  具备  自我  发展  的  条件  。  中国  人民  将  坚持  不懈  地  为此  作出  自己  的  贡献  。  
我  们  希望  ，  新  世纪  成为  各种  文明  共同  进步  的  世纪  。  世界  是  丰富  多彩  的  。  世界  各国  的  文明  ，  都  是  人类  的  宝贵  财富  ，  应该  相互  尊重  、  相互  学习  。  历史  充分  证明  ，  各国  人民  自主  选择  各自  的  社会  制度  和  发展  道路  ，  在  继承  和  发展  本  民族  文明  的  基础  上  吸取  其他  文明  的  精华  ，  按照  自己  的  意志  创造  并  享受  美好  的  生活  ，  是  世界  发展  的  重要  动力  。  只有  加强  各种  文明  之间  的  交流  ，  推动  各种  文明  共同  进步  ，  世界  和  平  与  发展  的  崇高  事业  才能  真正  实现  。  

2019-04-03 15:57:49 INFO     global_step = 2900
2019-04-03 15:57:49 INFO     unsupervised_loss = 4.037165
2019-04-03 15:58:17 INFO     global_step = 3000
2019-04-03 15:58:17 INFO     unsupervised_loss = 4.032601
2019-04-03 15:58:45 INFO     global_step = 3100
2019-04-03 15:58:45 INFO     unsupervised_loss = 4.022927
2019-04-03 15:59:12 INFO     global_step = 3200
2019-04-03 15:59:12 INFO     unsupervised_loss = 4.008051
2019-04-03 15:59:12 INFO     Saving checkpoint models/unsupervised-pku-2...
2019-04-03 15:59:20 INFO     Bash Command: bash run.sh valid pku 2
2019-04-03 15:59:25 INFO     Validation results:
1.0.0
=== SUMMARY:
=== TOTAL INSERTIONS:	10475
=== TOTAL DELETIONS:	2738
=== TOTAL SUBSTITUTIONS:	15376
=== TOTAL NCHANGE:	28589
=== TOTAL TRUE WORD COUNT:	104372
=== TOTAL TEST WORD COUNT:	112109
=== TOTAL TRUE WORDS RECALL:	0.826
=== TOTAL TEST WORDS PRECISION:	0.769
=== F MEASURE:	0.797
=== OOV Rate:	0.058
=== OOV Recall Rate:	0.404
=== IV Recall Rate:	0.852
Examples:
共同  创造  美好  的  新  世纪  ——  二  ○  ○一  年  新年  贺词  
（  二○  ○  ○  年  十二  月  三十  一  日  ）  （  附  图片  1  张  ）  
女士  们  ，  先生  们  ，  同志  们  ，  朋友  们  ：  
2001  年  新年  钟声  即将  敲响  。  人类  社会  前进  的  航船  就  要  驶入  21  世纪  的  新  航程  。  中国  人民  进入  了  向  现代  化  建设  第三  步  战略  目标  迈进  的  新  征程  。  
在  这个  激动  人心  的  时刻  ，  我  很  高兴  通过  中国  国际  广播  电台  、  中央  人民  广播  电台  和  中央  电视  台  ，  向  全国  各族  人民  ，  向  香港  特别  行政  区  同胞  、  澳门  特别  行政  区  同胞  和  台湾  同胞  、  海外  侨胞  ，  向  世界  各国  的  朋友  们  ，  致以  新  世纪  第一  个  新年  的  祝贺  ！  
过去  的  一  年  ，  是  我国  社会  主义  改革  开放  和  现代  化  建设  进程  中  具有  标志  意义  的  一  年  。  在  中国  共产  党  的  领导  下  ，  全国  各族  人民  团结  奋斗  ，  国民  经济  继续  保持  较快  的  发展  势头  ，  经济  结构  的  战略  性  调整  顺利  部署  实施  。  西部  大  开发  取得  良好  开端  。  精神  文明  建设  和  民主  法制  建设  进一  步  加强  。  我  们  在  过去  几  年  取得  成绩  的  基础  上  ，  胜利  完成  了  第九  个  五  年  计划  。  我国  已  进入  了  全面  建设  小康  社会  ，  加快  社会  主义  现代  化  建设  的  新的  发展  阶段  。  
面对  新  世纪  ，  世界  各国  人民  的  共同  愿望  是  ：  继续  发展  人类  以往  创造  的  一切  文明  成果  ，  克服  20  世纪  困扰  着  人类  的  战争  和  贫困  问题  ，  推进  和  平  与  发展  的  崇高  事业  ，  创造  一个  美好  的  世界  。  
我  们  希望  ，  新  世纪  成为  各国  人民  共享  和  平  的  世纪  。  在  20  世纪  里  ，  世界  饱受  各种  战争  和  冲突  的  苦难  。  时至  今日  ，  仍  有  不少  国家  和  地区  的  人民  还  在  忍受  战火  的  煎熬  。  中国  人民  真诚  地  祝愿  他  们  早日  过上  和  平  安定  的  生活  。  中国  人民  热爱  和  平  与  自由  ，  始终  奉行  独立  自主  的  和  平  外交  政策  ，  永远  站在  人类  正义  事业  的  一边  。  我  们  愿  同  世界  上  一切  爱好  和  平  的  国家  和  人民  一道  ，  为  促进  世界  多  极  化  ，  建立  和  平  稳定  、  公正  合理  的  国际  政治  经济  新  秩序  而  努力  奋斗  。  
我  们  希望  ，  新  世纪  成为  各国  人民  共同  发展  的  世纪  。  在  20  世纪  里  ，  世界  的  生产  力  和  科学  技术  取得  了  惊人  的  成就  。  但  是  ，  世界  上  仍有  许多  人民  尚未  摆脱  贫穷  和  饥饿  ，  有的  甚至  连  基本  生存  条件  都  不  具备  ，  时刻  面临  着  死亡  的  威胁  。  经济  全球  化  对  生产  力  发展  的  新  推动  ，  科学  技术  突飞  猛进  带来  的  新  成果  ，  应该  造福  于  全  人类  ，  特别  是  应该  用  来  促进  发展  中  国家  的  发展  ，  改善  极度  贫困  人口  的  生活  境遇  ，  使  他  们  得以  具备  自我  发展  的  条件  。  中国  人民  将  坚持  不懈  地  为此  作出  自己  的  贡献  。  
我  们  希望  ，  新  世纪  成为  各种  文明  共同  进步  的  世纪  。  世界  是  丰富  多彩  的  。  世界  各国  的  文明  ，  都  是  人类  的  宝贵  财富  ，  应该  相互  尊重  、  相互  学习  。  历史  充分  证明  ，  各国  人民  自主  选择  各自  的  社会  制度  和  发展  道路  ，  在  继承  和  发展  本  民族  文明  的  基础  上  吸取  其他  文明  的  精华  ，  按照  自己  的  意志  创造  并  享受  美好  的  生活  ，  是  世界  发展  的  重要  动力  。  只有  加强  各种  文明  之间  的  交流  ，  推动  各种  文明  共同  进步  ，  世界  和  平  与  发展  的  崇高  事业  才能  真正  实现  。  

2019-04-03 15:59:25 INFO     Saving best checkpoint....
2019-04-03 15:59:52 INFO     global_step = 3300
2019-04-03 15:59:52 INFO     unsupervised_loss = 3.994038
2019-04-03 16:00:20 INFO     global_step = 3400
2019-04-03 16:00:20 INFO     unsupervised_loss = 4.002148
2019-04-03 16:00:47 INFO     global_step = 3500
2019-04-03 16:00:47 INFO     unsupervised_loss = 3.984617
2019-04-03 16:01:15 INFO     global_step = 3600
2019-04-03 16:01:15 INFO     unsupervised_loss = 3.988679
2019-04-03 16:01:15 INFO     Saving checkpoint models/unsupervised-pku-2...
2019-04-03 16:01:23 INFO     Bash Command: bash run.sh valid pku 2
2019-04-03 16:01:28 INFO     Validation results:
1.0.0
=== SUMMARY:
=== TOTAL INSERTIONS:	10569
=== TOTAL DELETIONS:	2767
=== TOTAL SUBSTITUTIONS:	15467
=== TOTAL NCHANGE:	28803
=== TOTAL TRUE WORD COUNT:	104372
=== TOTAL TEST WORD COUNT:	112174
=== TOTAL TRUE WORDS RECALL:	0.825
=== TOTAL TEST WORDS PRECISION:	0.768
=== F MEASURE:	0.796
=== OOV Rate:	0.058
=== OOV Recall Rate:	0.400
=== IV Recall Rate:	0.851
Examples:
共同  创造  美好  的  新  世纪  ——  二  ○  ○一  年  新年  贺词  
（  二  ○  ○  ○  年  十二  月  三十  一  日  ）  （  附  图片  1  张  ）  
女士  们  ，  先生  们  ，  同志  们  ，  朋友  们  ：  
2001  年  新年  钟声  即将  敲响  。  人类  社会  前进  的  航船  就  要  驶入  21  世纪  的  新  航程  。  中国  人民  进入  了  向  现代  化  建设  第三  步  战略  目标  迈进  的  新  征程  。  
在  这个  激动  人心  的  时刻  ，  我  很  高兴  通过  中国  国际  广播  电台  、  中央  人民  广播  电台  和  中央  电视  台  ，  向  全国  各族  人民  ，  向  香港  特别  行政  区  同胞  、  澳门  特别  行政  区  同胞  和  台湾  同胞  、  海外  侨胞  ，  向  世界  各国  的  朋友  们  ，  致以  新  世纪  第一  个  新年  的  祝贺  ！  
过去  的  一  年  ，  是  我国  社会  主义  改革  开放  和  现代  化  建设  进程  中  具有  标志  意义  的  一  年  。  在  中国  共产  党  的  领导  下  ，  全国  各族  人民  团结  奋斗  ，  国民  经济  继续  保持  较快  的  发展  势头  ，  经济  结构  的  战略  性  调整  顺利  部署  实施  。  西部  大  开发  取得  良好  开端  。  精神  文明  建设  和  民主  法制  建设  进一  步  加强  。  我  们  在  过去  几  年  取得  成绩  的  基础  上  ，  胜利  完成  了  第九  个  五  年  计划  。  我国  已  进入  了  全面  建设  小康  社会  ，  加快  社会  主义  现代  化  建设  的  新的  发展  阶段  。  
面对  新  世纪  ，  世界  各国  人民  的  共同  愿望  是  ：  继续  发展  人类  以往  创造  的  一切  文明  成果  ，  克服  20  世纪  困扰  着  人类  的  战争  和  贫困  问题  ，  推进  和  平  与  发展  的  崇高  事业  ，  创造  一个  美好  的  世界  。  
我  们  希望  ，  新  世纪  成为  各国  人民  共享  和  平  的  世纪  。  在  20  世纪  里  ，  世界  饱受  各种  战争  和  冲突  的  苦难  。  时至  今日  ，  仍有  不少  国家  和  地区  的  人民  还  在  忍受  战火  的  煎熬  。  中国  人民  真诚  地  祝愿  他  们  早日  过上  和  平  安定  的  生活  。  中国  人民  热爱  和  平  与  自由  ，  始终  奉行  独立  自主  的  和  平  外交  政策  ，  永远  站在  人类  正义  事业  的  一边  。  我  们  愿  同  世界  上  一切  爱好  和  平  的  国家  和  人民  一道  ，  为  促进  世界  多  极  化  ，  建立  和  平稳  定  、  公正  合理  的  国际  政治  经济  新  秩序  而  努力  奋斗  。  
我  们  希望  ，  新  世纪  成为  各国  人民  共同  发展  的  世纪  。  在  20  世纪  里  ，  世界  的  生产  力  和  科学  技术  取得  了  惊人  的  成就  。  但  是  ，  世界  上  仍有  许多  人民  尚未  摆脱  贫穷  和  饥饿  ，  有的  甚至  连  基本  生存  条件  都  不  具备  ，  时刻  面临  着  死亡  的  威胁  。  经济  全球  化  对  生产  力  发展  的  新  推动  ，  科学  技术  突飞  猛进  带来  的  新  成果  ，  应该  造福  于  全  人类  ，  特别  是  应该  用  来  促进  发展  中  国家  的  发展  ，  改善  极度  贫困  人口  的  生活  境遇  ，  使  他  们  得以  具备  自我  发展  的  条件  。  中国  人民  将  坚持  不懈  地  为此  作出  自己  的  贡献  。  
我  们  希望  ，  新  世纪  成为  各种  文明  共同  进步  的  世纪  。  世界  是  丰富  多彩  的  。  世界  各国  的  文明  ，  都  是  人类  的  宝贵  财富  ，  应该  相互  尊重  、  相互  学习  。  历史  充分  证明  ，  各国  人民  自主  选择  各自  的  社会  制度  和  发展  道路  ，  在  继承  和  发展  本  民族  文明  的  基础  上  吸取  其他  文明  的  精华  ，  按照  自己  的  意志  创造  并  享受  美好  的  生活  ，  是  世界  发展  的  重要  动力  。  只有  加强  各种  文明  之间  的  交流  ，  推动  各种  文明  共同  进步  ，  世界  和  平  与  发展  的  崇高  事业  才能  真正  实现  。  

2019-04-03 16:01:56 INFO     global_step = 3700
2019-04-03 16:01:56 INFO     unsupervised_loss = 3.986720
2019-04-03 16:02:23 INFO     global_step = 3800
2019-04-03 16:02:23 INFO     unsupervised_loss = 3.988169
2019-04-03 16:02:51 INFO     global_step = 3900
2019-04-03 16:02:51 INFO     unsupervised_loss = 3.976398
2019-04-03 16:03:19 INFO     global_step = 4000
2019-04-03 16:03:19 INFO     unsupervised_loss = 3.994402
2019-04-03 16:03:19 INFO     Saving checkpoint models/unsupervised-pku-2...
2019-04-03 16:03:28 INFO     Bash Command: bash run.sh valid pku 2
2019-04-03 16:03:32 INFO     Validation results:
1.0.0
=== SUMMARY:
=== TOTAL INSERTIONS:	10756
=== TOTAL DELETIONS:	2671
=== TOTAL SUBSTITUTIONS:	15377
=== TOTAL NCHANGE:	28804
=== TOTAL TRUE WORD COUNT:	104372
=== TOTAL TEST WORD COUNT:	112457
=== TOTAL TRUE WORDS RECALL:	0.827
=== TOTAL TEST WORDS PRECISION:	0.768
=== F MEASURE:	0.796
=== OOV Rate:	0.058
=== OOV Recall Rate:	0.397
=== IV Recall Rate:	0.853
Examples:
共同  创造  美好  的  新  世纪  ——  二  ○  ○一  年  新年  贺词  
（  二○  ○  ○  年  十二  月  三十  一  日  ）  （  附  图片  1  张  ）  
女士  们  ，  先生  们  ，  同志  们  ，  朋友  们  ：  
2001  年  新年  钟声  即将  敲响  。  人类  社会  前进  的  航船  就  要  驶入  21  世纪  的  新  航程  。  中国  人民  进入  了  向  现代  化  建设  第三  步  战略  目标  迈进  的  新  征程  。  
在  这个  激动  人心  的  时刻  ，  我  很  高兴  通过  中国  国际  广播  电台  、  中央  人民  广播  电台  和  中央  电视  台  ，  向  全国  各族  人民  ，  向  香港  特别  行政  区  同胞  、  澳门  特别  行政  区  同胞  和  台湾  同胞  、  海外  侨胞  ，  向  世界  各国  的  朋友  们  ，  致以  新  世纪  第一  个  新年  的  祝贺  ！  
过去  的  一  年  ，  是  我国  社会  主义  改革  开放  和  现代  化  建设  进程  中  具有  标志  意义  的  一  年  。  在  中国  共产  党  的  领导  下  ，  全国  各族  人民  团结  奋斗  ，  国民  经济  继续  保持  较快  的  发展  势头  ，  经济  结构  的  战略  性  调整  顺利  部署  实施  。  西部  大  开发  取得  良好  开端  。  精神  文明  建设  和  民主  法制  建设  进一  步  加强  。  我  们  在  过去  几  年  取得  成绩  的  基础  上  ，  胜利  完成  了  第九  个  五  年  计划  。  我国  已  进入  了  全面  建设  小康  社会  ，  加快  社会  主义  现代  化  建设  的  新的  发展  阶段  。  
面对  新  世纪  ，  世界  各国  人民  的  共同  愿望  是  ：  继续  发展  人类  以往  创造  的  一切  文明  成果  ，  克服  20  世纪  困扰  着  人类  的  战争  和  贫困  问题  ，  推进  和  平  与  发展  的  崇高  事业  ，  创造  一  个  美好  的  世界  。  
我  们  希望  ，  新  世纪  成为  各国  人民  共享  和  平  的  世纪  。  在  20  世纪  里  ，  世界  饱受  各种  战争  和  冲突  的  苦难  。  时至  今日  ，  仍  有  不少  国家  和  地区  的  人民  还  在  忍受  战火  的  煎熬  。  中国  人民  真诚  地  祝愿  他  们  早日  过上  和  平  安定  的  生活  。  中国  人民  热爱  和  平  与  自由  ，  始终  奉行  独立  自主  的  和  平  外交  政策  ，  永远  站在  人类  正义  事业  的  一  边  。  我  们  愿  同  世界  上  一切  爱好  和  平  的  国家  和  人民  一道  ，  为  促进  世界  多  极  化  ，  建立  和  平  稳定  、  公正  合理  的  国际  政治  经济  新  秩序  而  努力  奋斗  。  
我  们  希望  ，  新  世纪  成为  各国  人民  共同  发展  的  世纪  。  在  20  世纪  里  ，  世界  的  生产  力  和  科学  技术  取得  了  惊人  的  成就  。  但  是  ，  世界  上  仍有  许多  人民  尚未  摆脱  贫穷  和  饥饿  ，  有的  甚至  连  基本  生存  条件  都  不  具备  ，  时刻  面临  着  死亡  的  威胁  。  经济  全球  化  对  生产  力  发展  的  新  推动  ，  科学  技术  突飞  猛进  带来  的  新  成果  ，  应该  造福  于  全  人类  ，  特别  是  应该  用  来  促进  发展  中  国家  的  发展  ，  改善  极度  贫困  人口  的  生活  境遇  ，  使  他  们  得以  具备  自我  发展  的  条件  。  中国  人民  将  坚持  不懈  地  为此  作出  自己  的  贡献  。  
我  们  希望  ，  新  世纪  成为  各种  文明  共同  进步  的  世纪  。  世界  是  丰富  多彩  的  。  世界  各国  的  文明  ，  都  是  人类  的  宝贵  财富  ，  应该  相互  尊重  、  相互  学习  。  历史  充分  证明  ，  各国  人民  自主  选择  各自  的  社会  制度  和  发展  道路  ，  在  继承  和  发展  本  民族  文明  的  基础  上  吸取  其他  文明  的  精华  ，  按照  自己  的  意志  创造  并  享受  美好  的  生活  ，  是  世界  发展  的  重要  动力  。  只  有  加强  各种  文明  之间  的  交流  ，  推动  各种  文明  共同  进步  ，  世界  和  平  与  发展  的  崇高  事业  才能  真正  实现  。  

2019-04-03 16:03:59 INFO     global_step = 4100
2019-04-03 16:03:59 INFO     unsupervised_loss = 3.954058
2019-04-03 16:04:26 INFO     global_step = 4200
2019-04-03 16:04:26 INFO     unsupervised_loss = 3.970627
2019-04-03 16:04:54 INFO     global_step = 4300
2019-04-03 16:04:54 INFO     unsupervised_loss = 3.962006
2019-04-03 16:05:22 INFO     global_step = 4400
2019-04-03 16:05:22 INFO     unsupervised_loss = 3.970355
2019-04-03 16:05:23 INFO     Saving checkpoint models/unsupervised-pku-2...
2019-04-03 16:05:31 INFO     Bash Command: bash run.sh valid pku 2
2019-04-03 16:05:36 INFO     Validation results:
1.0.0
=== SUMMARY:
=== TOTAL INSERTIONS:	10686
=== TOTAL DELETIONS:	2668
=== TOTAL SUBSTITUTIONS:	15311
=== TOTAL NCHANGE:	28665
=== TOTAL TRUE WORD COUNT:	104372
=== TOTAL TEST WORD COUNT:	112390
=== TOTAL TRUE WORDS RECALL:	0.828
=== TOTAL TEST WORDS PRECISION:	0.769
=== F MEASURE:	0.797
=== OOV Rate:	0.058
=== OOV Recall Rate:	0.400
=== IV Recall Rate:	0.854
Examples:
共同  创造  美好  的  新  世纪  ——  二  ○  ○一  年  新年  贺词  
（  二  ○  ○  ○  年  十二  月  三十  一  日  ）  （  附  图片  1  张  ）  
女士  们  ，  先生  们  ，  同志  们  ，  朋友  们  ：  
2001  年  新年  钟声  即将  敲响  。  人类  社会  前进  的  航船  就  要  驶入  21  世纪  的  新  航程  。  中国  人民  进入  了  向  现代  化  建设  第三  步  战略  目标  迈进  的  新  征程  。  
在  这个  激动  人心  的  时刻  ，  我  很  高兴  通过  中国  国际  广播  电台  、  中央  人民  广播  电台  和  中央  电视  台  ，  向  全国  各族  人民  ，  向  香港  特别  行政  区  同胞  、  澳门  特别  行政  区  同胞  和  台湾  同胞  、  海外  侨胞  ，  向  世界  各国  的  朋友  们  ，  致以  新  世纪  第一  个  新年  的  祝贺  ！  
过去  的  一  年  ，  是  我国  社会  主义  改革  开放  和  现代  化  建设  进程  中  具有  标志  意义  的  一  年  。  在  中国  共产  党  的  领导  下  ，  全国  各族  人民  团结  奋斗  ，  国民  经济  继续  保持  较快  的  发展  势头  ，  经济  结构  的  战略  性  调整  顺利  部署  实施  。  西部  大  开发  取得  良好  开端  。  精神  文明  建设  和  民主  法制  建设  进一  步  加强  。  我  们  在  过去  几  年  取得  成绩  的  基础  上  ，  胜利  完成  了  第九  个  五  年  计划  。  我国  已  进入  了  全面  建设  小康  社会  ，  加快  社会  主义  现代  化  建设  的  新的  发展  阶段  。  
面对  新  世纪  ，  世界  各国  人民  的  共同  愿望  是  ：  继续  发展  人类  以往  创造  的  一切  文明  成果  ，  克服  20  世纪  困扰  着  人类  的  战争  和  贫困  问题  ，  推进  和  平  与  发展  的  崇高  事业  ，  创造  一个  美好  的  世界  。  
我  们  希望  ，  新  世纪  成为  各国  人民  共享  和  平  的  世纪  。  在  20  世纪  里  ，  世界  饱受  各种  战争  和  冲突  的  苦难  。  时至  今日  ，  仍  有  不少  国家  和  地区  的  人民  还  在  忍受  战火  的  煎熬  。  中国  人民  真诚  地  祝愿  他  们  早日  过上  和  平  安定  的  生活  。  中国  人民  热爱  和  平  与  自由  ，  始终  奉行  独立  自主  的  和  平  外交  政策  ，  永远  站在  人类  正义  事业  的  一边  。  我  们  愿  同  世界  上  一切  爱好  和  平  的  国家  和  人民  一道  ，  为  促进  世界  多  极  化  ，  建立  和  平稳  定  、  公正  合理  的  国际  政治  经济  新  秩序  而  努力  奋斗  。  
我  们  希望  ，  新  世纪  成为  各国  人民  共同  发展  的  世纪  。  在  20  世纪  里  ，  世界  的  生产  力  和  科学  技术  取得  了  惊人  的  成就  。  但  是  ，  世界  上  仍有  许多  人民  尚未  摆脱  贫穷  和  饥饿  ，  有的  甚至  连  基本  生存  条件  都  不  具备  ，  时刻  面临  着  死亡  的  威胁  。  经济  全球  化  对  生产  力  发展  的  新  推动  ，  科学  技术  突飞  猛进  带来  的  新  成果  ，  应该  造福  于  全  人类  ，  特别  是  应该  用  来  促进  发展  中  国家  的  发展  ，  改善  极度  贫困  人口  的  生活  境遇  ，  使  他  们  得以  具备  自我  发展  的  条件  。  中国  人民  将  坚持  不懈  地  为此  作出  自己  的  贡献  。  
我  们  希望  ，  新  世纪  成为  各种  文明  共同  进步  的  世纪  。  世界  是  丰富  多彩  的  。  世界  各国  的  文明  ，  都  是  人类  的  宝贵  财富  ，  应该  相互  尊重  、  相互  学习  。  历史  充分  证明  ，  各国  人民  自主  选择  各自  的  社会  制度  和  发展  道路  ，  在  继承  和  发展  本  民族  文明  的  基础  上  吸取  其他  文明  的  精华  ，  按照  自己  的  意志  创造  并  享受  美好  的  生活  ，  是  世界  发展  的  重要  动力  。  只有  加强  各种  文明  之间  的  交流  ，  推动  各种  文明  共同  进步  ，  世界  和  平  与  发展  的  崇高  事业  才能  真正  实现  。  

2019-04-03 16:06:03 INFO     global_step = 4500
2019-04-03 16:06:03 INFO     unsupervised_loss = 3.972748
2019-04-03 16:06:31 INFO     global_step = 4600
2019-04-03 16:06:31 INFO     unsupervised_loss = 3.961688
2019-04-03 16:07:00 INFO     global_step = 4700
2019-04-03 16:07:00 INFO     unsupervised_loss = 3.958972
2019-04-03 16:07:27 INFO     global_step = 4800
2019-04-03 16:07:27 INFO     unsupervised_loss = 3.951109
2019-04-03 16:07:28 INFO     Saving checkpoint models/unsupervised-pku-2...
2019-04-03 16:07:36 INFO     Bash Command: bash run.sh valid pku 2
2019-04-03 16:07:41 INFO     Validation results:
1.0.0
=== SUMMARY:
=== TOTAL INSERTIONS:	10500
=== TOTAL DELETIONS:	2726
=== TOTAL SUBSTITUTIONS:	15346
=== TOTAL NCHANGE:	28572
=== TOTAL TRUE WORD COUNT:	104372
=== TOTAL TEST WORD COUNT:	112146
=== TOTAL TRUE WORDS RECALL:	0.827
=== TOTAL TEST WORDS PRECISION:	0.770
=== F MEASURE:	0.797
=== OOV Rate:	0.058
=== OOV Recall Rate:	0.400
=== IV Recall Rate:	0.853
Examples:
共同  创造  美好  的  新  世纪  ——  二  ○  ○一  年  新年  贺词  
（  二○  ○  ○  年  十二  月  三十  一  日  ）  （  附  图片  1  张  ）  
女士  们  ，  先生  们  ，  同志  们  ，  朋友  们  ：  
2001  年  新年  钟声  即将  敲响  。  人类  社会  前进  的  航船  就  要  驶入  21  世纪  的  新  航程  。  中国  人民  进入  了  向  现代  化  建设  第三  步  战略  目标  迈进  的  新  征程  。  
在  这个  激动  人心  的  时刻  ，  我  很  高兴  通过  中国  国际  广播  电台  、  中央  人民  广播  电台  和  中央  电视  台  ，  向  全国  各族  人民  ，  向  香港  特别  行政  区  同胞  、  澳门  特别  行政  区  同胞  和  台湾  同胞  、  海外  侨胞  ，  向  世界  各国  的  朋友  们  ，  致以  新  世纪  第一  个  新年  的  祝贺  ！  
过去  的  一  年  ，  是  我国  社会  主义  改革  开放  和  现代  化  建设  进程  中  具有  标志  意义  的  一  年  。  在  中国  共产  党  的  领导  下  ，  全国  各族  人民  团结  奋斗  ，  国民  经济  继续  保持  较快  的  发展  势头  ，  经济  结构  的  战略  性  调整  顺利  部署  实施  。  西部  大  开发  取得  良好  开端  。  精神  文明  建设  和  民主  法制  建设  进一  步  加强  。  我  们  在  过去  几  年  取得  成绩  的  基础  上  ，  胜利  完成  了  第九  个  五  年  计划  。  我国  已  进入  了  全面  建设  小康  社会  ，  加快  社会  主义  现代  化  建设  的  新的  发展  阶段  。  
面对  新  世纪  ，  世界  各国  人民  的  共同  愿望  是  ：  继续  发展  人类  以往  创造  的  一切  文明  成果  ，  克服  20  世纪  困扰  着  人类  的  战争  和  贫困  问题  ，  推进  和  平  与  发展  的  崇高  事业  ，  创造  一  个  美好  的  世界  。  
我  们  希望  ，  新  世纪  成为  各国  人民  共享  和  平  的  世纪  。  在  20  世纪  里  ，  世界  饱受  各种  战争  和  冲突  的  苦难  。  时至  今日  ，  仍  有  不少  国家  和  地区  的  人民  还  在  忍受  战火  的  煎熬  。  中国  人民  真诚  地  祝愿  他  们  早日  过上  和  平  安定  的  生活  。  中国  人民  热爱  和  平  与  自由  ，  始终  奉行  独立  自主  的  和  平  外交  政策  ，  永远  站在  人类  正义  事业  的  一边  。  我  们  愿  同  世界  上  一切  爱好  和  平  的  国家  和  人民  一道  ，  为  促进  世界  多  极  化  ，  建立  和  平  稳定  、  公正  合理  的  国际  政治  经济  新  秩序  而  努力  奋斗  。  
我  们  希望  ，  新  世纪  成为  各国  人民  共同  发展  的  世纪  。  在  20  世纪  里  ，  世界  的  生产  力  和  科学  技术  取得  了  惊人  的  成就  。  但是  ，  世界  上  仍有  许多  人民  尚未  摆脱  贫穷  和  饥饿  ，  有的  甚至  连  基本  生存  条件  都  不  具备  ，  时刻  面临  着  死亡  的  威胁  。  经济  全球  化  对  生产  力  发展  的  新  推动  ，  科学  技术  突飞  猛进  带来  的  新  成果  ，  应该  造福  于  全  人类  ，  特别  是  应该  用  来  促进  发展  中  国家  的  发展  ，  改善  极度  贫困  人口  的  生活  境遇  ，  使  他  们  得以  具备  自我  发展  的  条件  。  中国  人民  将  坚持  不懈  地  为此  作出  自己  的  贡献  。  
我  们  希望  ，  新  世纪  成为  各种  文明  共同  进步  的  世纪  。  世界  是  丰富  多彩  的  。  世界  各国  的  文明  ，  都  是  人类  的  宝贵  财富  ，  应该  相互  尊重  、  相互  学习  。  历史  充分  证明  ，  各国  人民  自主  选择  各自  的  社会  制度  和  发展  道路  ，  在  继承  和  发展  本  民族  文明  的  基础  上  吸取  其他  文明  的  精华  ，  按照  自己  的  意志  创造  并  享受  美好  的  生活  ，  是  世界  发展  的  重要  动力  。  只有  加强  各种  文明  之间  的  交流  ，  推动  各种  文明  共同  进步  ，  世界  和  平  与  发展  的  崇高  事业  才能  真正  实现  。  

2019-04-03 16:08:08 INFO     global_step = 4900
2019-04-03 16:08:08 INFO     unsupervised_loss = 3.914858
2019-04-03 16:08:35 INFO     global_step = 5000
2019-04-03 16:08:35 INFO     unsupervised_loss = 3.863907
2019-04-03 16:09:04 INFO     global_step = 5100
2019-04-03 16:09:04 INFO     unsupervised_loss = 3.879177
2019-04-03 16:09:33 INFO     global_step = 5200
2019-04-03 16:09:33 INFO     unsupervised_loss = 3.859713
2019-04-03 16:09:33 INFO     Saving checkpoint models/unsupervised-pku-2...
2019-04-03 16:09:41 INFO     Bash Command: bash run.sh valid pku 2
2019-04-03 16:09:46 INFO     Validation results:
1.0.0
=== SUMMARY:
=== TOTAL INSERTIONS:	10701
=== TOTAL DELETIONS:	2668
=== TOTAL SUBSTITUTIONS:	15325
=== TOTAL NCHANGE:	28694
=== TOTAL TRUE WORD COUNT:	104372
=== TOTAL TEST WORD COUNT:	112405
=== TOTAL TRUE WORDS RECALL:	0.828
=== TOTAL TEST WORDS PRECISION:	0.768
=== F MEASURE:	0.797
=== OOV Rate:	0.058
=== OOV Recall Rate:	0.396
=== IV Recall Rate:	0.854
Examples:
共同  创造  美好  的  新  世纪  ——  二  ○  ○一  年  新年  贺词  
（  二○  ○  ○  年  十二  月  三十  一  日  ）  （  附  图片  1  张  ）  
女士  们  ，  先生  们  ，  同志  们  ，  朋友  们  ：  
2001  年  新年  钟声  即将  敲响  。  人类  社会  前进  的  航船  就  要  驶入  21  世纪  的  新  航程  。  中国  人民  进入  了  向  现代  化  建设  第三  步  战略  目标  迈进  的  新  征程  。  
在  这个  激动  人心  的  时刻  ，  我  很  高兴  通过  中国  国际  广播  电台  、  中央  人民  广播  电台  和  中央  电视  台  ，  向  全国  各族  人民  ，  向  香港  特别  行政  区  同胞  、  澳门  特别  行政  区  同胞  和  台湾  同胞  、  海外  侨胞  ，  向  世界  各国  的  朋友  们  ，  致以  新  世纪  第一  个  新年  的  祝贺  ！  
过去  的  一  年  ，  是  我国  社会  主义  改革  开放  和  现代  化  建设  进程  中  具有  标志  意义  的  一  年  。  在  中国  共产  党  的  领导  下  ，  全国  各族  人民  团结  奋斗  ，  国民  经济  继续  保持  较快  的  发展  势头  ，  经济  结构  的  战略  性  调整  顺利  部署  实施  。  西部  大  开发  取得  良好  开端  。  精神  文明  建设  和  民主  法制  建设  进一  步  加强  。  我  们  在  过去  几  年  取得  成绩  的  基础  上  ，  胜利  完成  了  第九  个  五  年  计划  。  我国  已  进入  了  全面  建设  小康  社会  ，  加快  社会  主义  现代  化  建设  的  新的  发展  阶段  。  
面对  新  世纪  ，  世界  各国  人民  的  共同  愿望  是  ：  继续  发展  人类  以往  创造  的  一切  文明  成果  ，  克服  20  世纪  困扰  着  人类  的  战争  和  贫困  问题  ，  推进  和  平  与  发展  的  崇高  事业  ，  创造  一  个  美好  的  世界  。  
我  们  希望  ，  新  世纪  成为  各国  人民  共享  和  平  的  世纪  。  在  20  世纪  里  ，  世界  饱受  各种  战争  和  冲突  的  苦难  。  时至  今日  ，  仍  有  不少  国家  和  地区  的  人民  还  在  忍受  战火  的  煎熬  。  中国  人民  真诚  地  祝愿  他  们  早日  过上  和  平  安定  的  生活  。  中国  人民  热爱  和  平  与  自由  ，  始终  奉行  独立  自主  的  和  平  外交  政策  ，  永远  站在  人类  正义  事业  的  一边  。  我  们  愿  同  世界  上  一切  爱好  和  平  的  国家  和  人民  一道  ，  为  促进  世界  多  极  化  ，  建立  和  平  稳定  、  公正  合理  的  国际  政治  经济  新  秩序  而  努力  奋斗  。  
我  们  希望  ，  新  世纪  成为  各国  人民  共同  发展  的  世纪  。  在  20  世纪  里  ，  世界  的  生产  力  和  科学  技术  取得  了  惊人  的  成就  。  但  是  ，  世界  上  仍有  许多  人民  尚未  摆脱  贫穷  和  饥饿  ，  有的  甚至  连  基本  生存  条件  都  不  具备  ，  时刻  面临  着  死亡  的  威胁  。  经济  全球  化  对  生产  力  发展  的  新  推动  ，  科学  技术  突飞  猛进  带来  的  新  成果  ，  应该  造福  于  全  人类  ，  特别  是  应该  用  来  促进  发展  中  国家  的  发展  ，  改善  极度  贫困  人口  的  生活  境遇  ，  使  他  们  得以  具备  自我  发展  的  条件  。  中国  人民  将  坚持  不懈  地  为此  作出  自己  的  贡献  。  
我  们  希望  ，  新  世纪  成为  各种  文明  共同  进步  的  世纪  。  世界  是  丰富  多彩  的  。  世界  各国  的  文明  ，  都  是  人类  的  宝贵  财富  ，  应该  相互  尊重  、  相互  学习  。  历史  充分  证明  ，  各国  人民  自主  选择  各自  的  社会  制度  和  发展  道路  ，  在  继承  和  发展  本  民族  文明  的  基础  上  吸取  其他  文明  的  精华  ，  按照  自己  的  意志  创造  并  享受  美好  的  生活  ，  是  世界  发展  的  重要  动力  。  只  有  加强  各种  文明  之间  的  交流  ，  推动  各种  文明  共同  进步  ，  世界  和  平  与  发展  的  崇高  事业  才能  真正  实现  。  

2019-04-03 16:10:12 INFO     global_step = 5300
2019-04-03 16:10:12 INFO     unsupervised_loss = 3.832536
2019-04-03 16:10:41 INFO     global_step = 5400
2019-04-03 16:10:41 INFO     unsupervised_loss = 3.837407
2019-04-03 16:11:08 INFO     global_step = 5500
2019-04-03 16:11:08 INFO     unsupervised_loss = 3.811590
2019-04-03 16:11:35 INFO     global_step = 5600
2019-04-03 16:11:35 INFO     unsupervised_loss = 3.801315
2019-04-03 16:11:36 INFO     Saving checkpoint models/unsupervised-pku-2...
2019-04-03 16:11:44 INFO     Bash Command: bash run.sh valid pku 2
2019-04-03 16:11:48 INFO     Validation results:
1.0.0
=== SUMMARY:
=== TOTAL INSERTIONS:	10681
=== TOTAL DELETIONS:	2682
=== TOTAL SUBSTITUTIONS:	15334
=== TOTAL NCHANGE:	28697
=== TOTAL TRUE WORD COUNT:	104372
=== TOTAL TEST WORD COUNT:	112371
=== TOTAL TRUE WORDS RECALL:	0.827
=== TOTAL TEST WORDS PRECISION:	0.768
=== F MEASURE:	0.797
=== OOV Rate:	0.058
=== OOV Recall Rate:	0.399
=== IV Recall Rate:	0.854
Examples:
共同  创造  美好  的  新  世纪  ——  二  ○  ○一  年  新年  贺词  
（  二○  ○  ○  年  十二  月  三十  一  日  ）  （  附  图片  1  张  ）  
女士  们  ，  先生  们  ，  同志  们  ，  朋友  们  ：  
2001  年  新年  钟声  即将  敲响  。  人类  社会  前进  的  航船  就  要  驶入  21  世纪  的  新  航程  。  中国  人民  进入  了  向  现代  化  建设  第三  步  战略  目标  迈进  的  新  征程  。  
在  这个  激动  人心  的  时刻  ，  我  很  高兴  通过  中国  国际  广播  电台  、  中央  人民  广播  电台  和  中央  电视  台  ，  向  全国  各族  人民  ，  向  香港  特别  行政  区  同胞  、  澳门  特别  行政  区  同胞  和  台湾  同胞  、  海外  侨胞  ，  向  世界  各国  的  朋友  们  ，  致以  新  世纪  第一  个  新年  的  祝贺  ！  
过去  的  一  年  ，  是  我国  社会  主义  改革  开放  和  现代  化  建设  进程  中  具有  标志  意义  的  一  年  。  在  中国  共产  党  的  领导  下  ，  全国  各族  人民  团结  奋斗  ，  国民  经济  继续  保持  较快  的  发展  势头  ，  经济  结构  的  战略  性  调整  顺利  部署  实施  。  西部  大  开发  取得  良好  开端  。  精神  文明  建设  和  民主  法制  建设  进一  步  加强  。  我  们  在  过去  几  年  取得  成绩  的  基础  上  ，  胜利  完成  了  第九  个  五  年  计划  。  我国  已  进入  了  全面  建设  小康  社会  ，  加快  社会  主义  现代  化  建设  的  新的  发展  阶段  。  
面对  新  世纪  ，  世界  各国  人民  的  共同  愿望  是  ：  继续  发展  人类  以往  创造  的  一切  文明  成果  ，  克服  20  世纪  困扰  着  人类  的  战争  和  贫困  问题  ，  推进  和  平  与  发展  的  崇高  事业  ，  创造  一  个  美好  的  世界  。  
我  们  希望  ，  新  世纪  成为  各国  人民  共享  和  平  的  世纪  。  在  20  世纪  里  ，  世界  饱受  各种  战争  和  冲突  的  苦难  。  时至  今日  ，  仍  有  不少  国家  和  地区  的  人民  还  在  忍受  战火  的  煎熬  。  中国  人民  真诚  地  祝愿  他  们  早日  过上  和  平  安定  的  生活  。  中国  人民  热爱  和  平  与  自由  ，  始终  奉行  独立  自主  的  和  平  外交  政策  ，  永远  站在  人类  正义  事业  的  一边  。  我  们  愿  同  世界  上  一切  爱好  和  平  的  国家  和  人民  一道  ，  为  促进  世界  多  极  化  ，  建立  和  平  稳定  、  公正  合理  的  国际  政治  经济  新  秩序  而  努力  奋斗  。  
我  们  希望  ，  新  世纪  成为  各国  人民  共同  发展  的  世纪  。  在  20  世纪  里  ，  世界  的  生产  力  和  科学  技术  取得  了  惊人  的  成就  。  但  是  ，  世界  上  仍有  许多  人民  尚未  摆脱  贫穷  和  饥饿  ，  有的  甚至  连  基本  生存  条件  都  不  具备  ，  时刻  面临  着  死亡  的  威胁  。  经济  全球  化  对  生产  力  发展  的  新  推动  ，  科学  技术  突飞  猛进  带来  的  新  成果  ，  应该  造福  于  全  人类  ，  特别  是  应该  用  来  促进  发展  中  国家  的  发展  ，  改善  极度  贫困  人口  的  生活  境遇  ，  使  他  们  得以  具备  自我  发展  的  条件  。  中国  人民  将  坚持  不懈  地  为此  作出  自己  的  贡献  。  
我  们  希望  ，  新  世纪  成为  各种  文明  共同  进步  的  世纪  。  世界  是  丰富  多彩  的  。  世界  各国  的  文明  ，  都  是  人类  的  宝贵  财富  ，  应该  相互  尊重  、  相互  学习  。  历史  充分  证明  ，  各国  人民  自主  选择  各自  的  社会  制度  和  发展  道路  ，  在  继承  和  发展  本  民族  文明  的  基础  上  吸取  其他  文明  的  精华  ，  按照  自己  的  意志  创造  并  享受  美好  的  生活  ，  是  世界  发展  的  重要  动力  。  只  有  加强  各种  文明  之间  的  交流  ，  推动  各种  文明  共同  进步  ，  世界  和  平  与  发展  的  崇高  事业  才能  真正  实现  。  

2019-04-03 16:12:15 INFO     global_step = 5700
2019-04-03 16:12:15 INFO     unsupervised_loss = 3.833557
2019-04-03 16:12:43 INFO     global_step = 5800
2019-04-03 16:12:43 INFO     unsupervised_loss = 3.805267
2019-04-03 16:13:11 INFO     global_step = 5900
2019-04-03 16:13:11 INFO     unsupervised_loss = 3.813849
2019-04-03 16:13:38 INFO     Training Complete!
2019-04-03 16:13:38 INFO     Saving final checkpoint models/unsupervised-pku-2...
2019-04-03 16:13:46 INFO     Bash Command: bash run.sh valid pku 2
2019-04-03 16:13:50 INFO     Validation results:
1.0.0
=== SUMMARY:
=== TOTAL INSERTIONS:	10792
=== TOTAL DELETIONS:	2634
=== TOTAL SUBSTITUTIONS:	15353
=== TOTAL NCHANGE:	28779
=== TOTAL TRUE WORD COUNT:	104372
=== TOTAL TEST WORD COUNT:	112530
=== TOTAL TRUE WORDS RECALL:	0.828
=== TOTAL TEST WORDS PRECISION:	0.768
=== F MEASURE:	0.797
=== OOV Rate:	0.058
=== OOV Recall Rate:	0.397
=== IV Recall Rate:	0.854
Examples:
共同  创造  美好  的  新  世纪  ——  二  ○  ○一  年  新年  贺词  
（  二○  ○  ○  年  十二  月  三十  一  日  ）  （  附  图片  1  张  ）  
女士  们  ，  先生  们  ，  同志  们  ，  朋友  们  ：  
2001  年  新年  钟声  即将  敲响  。  人类  社会  前进  的  航船  就  要  驶入  21  世纪  的  新  航程  。  中国  人民  进入  了  向  现代  化  建设  第三  步  战略  目标  迈进  的  新  征程  。  
在  这个  激动  人心  的  时刻  ，  我  很  高兴  通过  中国  国际  广播  电台  、  中央  人民  广播  电台  和  中央  电视  台  ，  向  全国  各族  人民  ，  向  香港  特别  行政  区  同胞  、  澳门  特别  行政  区  同胞  和  台湾  同胞  、  海外  侨胞  ，  向  世界  各国  的  朋友  们  ，  致以  新  世纪  第一  个  新年  的  祝贺  ！  
过去  的  一  年  ，  是  我国  社会  主义  改革  开放  和  现代  化  建设  进程  中  具有  标志  意义  的  一  年  。  在  中国  共产  党  的  领导  下  ，  全国  各族  人民  团结  奋斗  ，  国民  经济  继续  保持  较快  的  发展  势头  ，  经济  结构  的  战略  性  调整  顺利  部署  实施  。  西部  大  开发  取得  良好  开端  。  精神  文明  建设  和  民主  法制  建设  进一  步  加强  。  我  们  在  过去  几  年  取得  成绩  的  基础  上  ，  胜利  完成  了  第九  个  五  年  计划  。  我国  已  进入  了  全面  建设  小康  社会  ，  加快  社会  主义  现代  化  建设  的  新的  发展  阶段  。  
面对  新  世纪  ，  世界  各国  人民  的  共同  愿望  是  ：  继续  发展  人类  以往  创造  的  一切  文明  成果  ，  克服  20  世纪  困扰  着  人类  的  战争  和  贫困  问题  ，  推进  和  平  与  发展  的  崇高  事业  ，  创造  一  个  美好  的  世界  。  
我  们  希望  ，  新  世纪  成为  各国  人民  共享  和  平  的  世纪  。  在  20  世纪  里  ，  世界  饱受  各种  战争  和  冲突  的  苦难  。  时至  今日  ，  仍  有  不少  国家  和  地区  的  人民  还  在  忍受  战火  的  煎熬  。  中国  人民  真诚  地  祝愿  他  们  早日  过上  和  平  安定  的  生活  。  中国  人民  热爱  和  平  与  自由  ，  始终  奉行  独立  自主  的  和  平  外交  政策  ，  永远  站在  人类  正义  事业  的  一  边  。  我  们  愿  同  世界  上  一切  爱好  和  平  的  国家  和  人民  一道  ，  为  促进  世界  多  极  化  ，  建立  和  平  稳定  、  公正  合理  的  国际  政治  经济  新  秩序  而  努力  奋斗  。  
我  们  希望  ，  新  世纪  成为  各国  人民  共同  发展  的  世纪  。  在  20  世纪  里  ，  世界  的  生产  力  和  科学  技术  取得  了  惊人  的  成就  。  但  是  ，  世界  上  仍有  许多  人民  尚未  摆脱  贫穷  和  饥饿  ，  有的  甚至  连  基本  生存  条件  都  不  具备  ，  时刻  面临  着  死亡  的  威胁  。  经济  全球  化  对  生产  力  发展  的  新  推动  ，  科学  技术  突飞  猛进  带来  的  新  成果  ，  应该  造福  于  全  人类  ，  特别  是  应该  用  来  促进  发展  中  国家  的  发展  ，  改善  极度  贫困  人口  的  生活  境遇  ，  使  他  们  得以  具备  自我  发展  的  条件  。  中国  人民  将  坚持  不懈  地  为此  作出  自己  的  贡献  。  
我  们  希望  ，  新  世纪  成为  各种  文明  共同  进步  的  世纪  。  世界  是  丰富  多彩  的  。  世界  各国  的  文明  ，  都  是  人类  的  宝贵  财富  ，  应该  相互  尊重  、  相互  学习  。  历史  充分  证明  ，  各国  人民  自主  选择  各自  的  社会  制度  和  发展  道路  ，  在  继承  和  发展  本  民族  文明  的  基础  上  吸取  其他  文明  的  精华  ，  按照  自己  的  意志  创造  并  享受  美好  的  生活  ，  是  世界  发展  的  重要  动力  。  只  有  加强  各种  文明  之间  的  交流  ，  推动  各种  文明  共同  进步  ，  世界  和  平  与  发展  的  崇高  事业  才能  真正  实现  。  

2019-04-03 16:13:50 INFO     Prepare prediction dataloader
2019-04-03 16:13:51 INFO     #line: 1945
2019-04-03 16:13:51 INFO     #sentence: 11845
2019-04-03 16:13:51 INFO     #token: 191520
2019-04-03 16:13:51 INFO     ##########Example 0##########
2019-04-03 16:13:51 INFO     Characters: <BOS> 共 同 创 造 美 好 的 新 世 纪 —— 二 ○ ○ 一 年 新 年 贺 词 <\n>
2019-04-03 16:13:51 INFO     Tokens: <BOS> 共 同 创 造 美 好 的 新 世 纪 <PUNC> 二 ○ ○ 一 年 新 年 贺 词 </s>
2019-04-03 16:13:51 INFO     Segments: 20
2019-04-03 16:13:51 INFO     ##########Example 1##########
2019-04-03 16:13:51 INFO     Characters: <BOS> （ 二 ○ ○ ○ 年 十 二 月 三 十 一 日 ）  （ 附 图 片 1 张 ） <\n>
2019-04-03 16:13:51 INFO     Tokens: <BOS> <PUNC> 二 ○ ○ ○ 年 十 二 月 三 十 一 日 <PUNC> 附 图 片 <NUM> 张 <PUNC> </s>
2019-04-03 16:13:51 INFO     Segments: 20
2019-04-03 16:13:51 INFO     ##########Example 2##########
2019-04-03 16:13:51 INFO     Characters: <BOS> 女 士 们 ， 
2019-04-03 16:13:51 INFO     Tokens: <BOS> 女 士 们 <PUNC> </s>
2019-04-03 16:13:51 INFO     Segments: 4
2019-04-03 16:13:51 INFO     ##########Example 3##########
2019-04-03 16:13:51 INFO     Characters: <BOS> 先 生 们 ， 
2019-04-03 16:13:51 INFO     Tokens: <BOS> 先 生 们 <PUNC> </s>
2019-04-03 16:13:51 INFO     Segments: 4
2019-04-03 16:13:51 INFO     ##########Example 4##########
2019-04-03 16:13:51 INFO     Characters: <BOS> 同 志 们 ， 
2019-04-03 16:13:51 INFO     Tokens: <BOS> 同 志 们 <PUNC> </s>
2019-04-03 16:13:51 INFO     Segments: 4
2019-04-03 16:13:51 INFO     ##########Example 5##########
2019-04-03 16:13:51 INFO     Characters: <BOS> 朋 友 们 ： <\n>
2019-04-03 16:13:51 INFO     Tokens: <BOS> 朋 友 们 <PUNC> </s>
2019-04-03 16:13:51 INFO     Segments: 4
2019-04-03 16:13:51 INFO     ##########Example 6##########
2019-04-03 16:13:51 INFO     Characters: <BOS> 2001 年 新 年 钟 声 即 将 敲 响 。 
2019-04-03 16:13:51 INFO     Tokens: <BOS> <NUM> 年 新 年 钟 声 即 将 敲 响 <PUNC> </s>
2019-04-03 16:13:51 INFO     Segments: 11
2019-04-03 16:13:51 INFO     ##########Example 7##########
2019-04-03 16:13:51 INFO     Characters: <BOS> 人 类 社 会 前 进 的 航 船 就 要 驶 入 21 世 纪 的 新 航 程 。 
2019-04-03 16:13:51 INFO     Tokens: <BOS> 人 类 社 会 前 进 的 航 船 就 要 驶 入 <NUM> 世 纪 的 新 航 程 <PUNC> </s>
2019-04-03 16:13:51 INFO     Segments: 21
2019-04-03 16:13:51 INFO     ##########Example 8##########
2019-04-03 16:13:51 INFO     Characters: <BOS> 中 国 人 民 进 入 了 向 现 代 化 建 设 第 三 步 战 略 目 标 迈 进 的 新 征 程 。 <\n>
2019-04-03 16:13:51 INFO     Tokens: <BOS> 中 国 人 民 进 入 了 向 现 代 化 建 设 第 三 步 战 略 目 标 迈 进 的 新 征 程 <PUNC> </s>
2019-04-03 16:13:51 INFO     Segments: 27
2019-04-03 16:13:51 INFO     ##########Example 9##########
2019-04-03 16:13:51 INFO     Characters: <BOS> 在 这 个 激 动 人 心 的 时 刻 ， 
2019-04-03 16:13:51 INFO     Tokens: <BOS> 在 这 个 激 动 人 心 的 时 刻 <PUNC> </s>
2019-04-03 16:13:51 INFO     Segments: 11
2019-04-03 16:13:51 INFO     Loading checkpoint None...
2019-04-03 16:13:51 INFO     Model Info:
SegmentalLM(
  (embedding): Embedding(8677, 256)
  (embedding2vocab): Linear(in_features=256, out_features=8677, bias=True)
  (context_encoder): ContextEncoder(
    (rnn): LSTM(256, 256, num_layers=2, dropout=0.1)
  )
  (segment_decoder): SegmentDecoder(
    (rnn): LSTM(256, 256, num_layers=2, dropout=0.1)
    (output_dropout): Dropout(p=0.1)
  )
  (decoder_h_transformation): Linear(in_features=256, out_features=512, bias=True)
  (encoder_input_dropout): Dropout(p=0.1)
  (decoder_input_dropout): Dropout(p=0.2)
  (y0_transformation): Linear(in_features=256, out_features=256, bias=True)
)
2019-04-03 16:13:51 INFO     Global step: 3200
2019-04-03 16:13:59 INFO     Bash Command: bash run.sh valid pku 2
2019-04-03 16:14:04 INFO     Test evaluation results:
1.0.0
=== SUMMARY:
=== TOTAL INSERTIONS:	10792
=== TOTAL DELETIONS:	2634
=== TOTAL SUBSTITUTIONS:	15353
=== TOTAL NCHANGE:	28779
=== TOTAL TRUE WORD COUNT:	104372
=== TOTAL TEST WORD COUNT:	112530
=== TOTAL TRUE WORDS RECALL:	0.828
=== TOTAL TEST WORDS PRECISION:	0.768
=== F MEASURE:	0.797
=== OOV Rate:	0.058
=== OOV Recall Rate:	0.397
=== IV Recall Rate:	0.854
Examples:
共同  创造  美好  的  新  世纪  ——  二  ○  ○一  年  新年  贺词  
（  二○  ○  ○  年  十二  月  三十  一  日  ）  （  附  图片  1  张  ）  
女士  们  ，  先生  们  ，  同志  们  ，  朋友  们  ：  
2001  年  新年  钟声  即将  敲响  。  人类  社会  前进  的  航船  就  要  驶入  21  世纪  的  新  航程  。  中国  人民  进入  了  向  现代  化  建设  第三  步  战略  目标  迈进  的  新  征程  。  
在  这个  激动  人心  的  时刻  ，  我  很  高兴  通过  中国  国际  广播  电台  、  中央  人民  广播  电台  和  中央  电视  台  ，  向  全国  各族  人民  ，  向  香港  特别  行政  区  同胞  、  澳门  特别  行政  区  同胞  和  台湾  同胞  、  海外  侨胞  ，  向  世界  各国  的  朋友  们  ，  致以  新  世纪  第一  个  新年  的  祝贺  ！  
过去  的  一  年  ，  是  我国  社会  主义  改革  开放  和  现代  化  建设  进程  中  具有  标志  意义  的  一  年  。  在  中国  共产  党  的  领导  下  ，  全国  各族  人民  团结  奋斗  ，  国民  经济  继续  保持  较快  的  发展  势头  ，  经济  结构  的  战略  性  调整  顺利  部署  实施  。  西部  大  开发  取得  良好  开端  。  精神  文明  建设  和  民主  法制  建设  进一  步  加强  。  我  们  在  过去  几  年  取得  成绩  的  基础  上  ，  胜利  完成  了  第九  个  五  年  计划  。  我国  已  进入  了  全面  建设  小康  社会  ，  加快  社会  主义  现代  化  建设  的  新的  发展  阶段  。  
面对  新  世纪  ，  世界  各国  人民  的  共同  愿望  是  ：  继续  发展  人类  以往  创造  的  一切  文明  成果  ，  克服  20  世纪  困扰  着  人类  的  战争  和  贫困  问题  ，  推进  和  平  与  发展  的  崇高  事业  ，  创造  一  个  美好  的  世界  。  
我  们  希望  ，  新  世纪  成为  各国  人民  共享  和  平  的  世纪  。  在  20  世纪  里  ，  世界  饱受  各种  战争  和  冲突  的  苦难  。  时至  今日  ，  仍  有  不少  国家  和  地区  的  人民  还  在  忍受  战火  的  煎熬  。  中国  人民  真诚  地  祝愿  他  们  早日  过上  和  平  安定  的  生活  。  中国  人民  热爱  和  平  与  自由  ，  始终  奉行  独立  自主  的  和  平  外交  政策  ，  永远  站在  人类  正义  事业  的  一  边  。  我  们  愿  同  世界  上  一切  爱好  和  平  的  国家  和  人民  一道  ，  为  促进  世界  多  极  化  ，  建立  和  平  稳定  、  公正  合理  的  国际  政治  经济  新  秩序  而  努力  奋斗  。  
我  们  希望  ，  新  世纪  成为  各国  人民  共同  发展  的  世纪  。  在  20  世纪  里  ，  世界  的  生产  力  和  科学  技术  取得  了  惊人  的  成就  。  但  是  ，  世界  上  仍有  许多  人民  尚未  摆脱  贫穷  和  饥饿  ，  有的  甚至  连  基本  生存  条件  都  不  具备  ，  时刻  面临  着  死亡  的  威胁  。  经济  全球  化  对  生产  力  发展  的  新  推动  ，  科学  技术  突飞  猛进  带来  的  新  成果  ，  应该  造福  于  全  人类  ，  特别  是  应该  用  来  促进  发展  中  国家  的  发展  ，  改善  极度  贫困  人口  的  生活  境遇  ，  使  他  们  得以  具备  自我  发展  的  条件  。  中国  人民  将  坚持  不懈  地  为此  作出  自己  的  贡献  。  
我  们  希望  ，  新  世纪  成为  各种  文明  共同  进步  的  世纪  。  世界  是  丰富  多彩  的  。  世界  各国  的  文明  ，  都  是  人类  的  宝贵  财富  ，  应该  相互  尊重  、  相互  学习  。  历史  充分  证明  ，  各国  人民  自主  选择  各自  的  社会  制度  和  发展  道路  ，  在  继承  和  发展  本  民族  文明  的  基础  上  吸取  其他  文明  的  精华  ，  按照  自己  的  意志  创造  并  享受  美好  的  生活  ，  是  世界  发展  的  重要  动力  。  只  有  加强  各种  文明  之间  的  交流  ，  推动  各种  文明  共同  进步  ，  世界  和  平  与  发展  的  崇高  事业  才能  真正  实现  。  

