2019-04-03 20:50:01 INFO     Namespace(adam_learning_rate=0.005, bos_token='<BOS>', config_file='models/slm_msr_4_config.json', cpu_num=4, do_predict=True, do_supervised=False, do_unsupervised=True, do_valid=True, english_token='<ENG>', eos_token='</s>', gradient_clip=0.1, init_checkpoint=None, init_embedding_path='data/vocab/embedding.npy', log_every_steps=100, max_seq_length=32, number_token='<NUM>', predict_batch_size=500, predict_inputs=['data/msr/test.txt'], predict_output='models/unsupervised-msr-4/prediction.txt', punctuation_token='<PUNC>', save_every_steps=400, save_path='models/unsupervised-msr-4', segment_token='  ', segmented=None, sgd_learning_rate=16.0, supervised_batch_size=1000, supervised_lambda=1.0, train_steps=6000, unsegmented=['data/msr/unsegmented.txt', 'data/msr/test.txt'], unsupervised_batch_size=16000, use_cuda=True, valid_batch_size=500, valid_inputs=['data/msr/test.txt'], valid_output='models/unsupervised-msr-4/valid_prediction.txt', vocab_file='data/vocab/vocab.txt', warm_up_steps=800)
2019-04-03 20:50:01 INFO     Loading init embedding from data/vocab/embedding.npy...
2019-04-03 20:50:01 INFO     Config Info:
{
  "decoder_dropout_rate": 0.1,
  "decoder_input_dropout_rate": 0.2,
  "decoder_layer_number": 2,
  "embedding_size": 256,
  "encoder_dropout_rate": 0.2,
  "encoder_input_dropout_rate": 0.1,
  "encoder_layer_number": 2,
  "eng_id": 7,
  "eos_id": 5,
  "hidden_size": 256,
  "max_segment_length": 4,
  "num_id": 3,
  "punc_id": 2,
  "vocab_size": 8677
}
2019-04-03 20:50:01 INFO     Model Info:
SegmentalLM(
  (embedding): Embedding(8677, 256)
  (embedding2vocab): Linear(in_features=256, out_features=8677, bias=True)
  (context_encoder): ContextEncoder(
    (rnn): LSTM(256, 256, num_layers=2, dropout=0.2)
  )
  (segment_decoder): SegmentDecoder(
    (rnn): LSTM(256, 256, num_layers=2, dropout=0.1)
    (output_dropout): Dropout(p=0.1)
  )
  (decoder_h_transformation): Linear(in_features=256, out_features=512, bias=True)
  (encoder_input_dropout): Dropout(p=0.1)
  (decoder_input_dropout): Dropout(p=0.2)
  (start_of_segment): Linear(in_features=256, out_features=256, bias=True)
)
2019-04-03 20:50:07 INFO     Prepare unsupervised dataloader
2019-04-03 20:50:34 INFO     #line: 90909
2019-04-03 20:50:34 INFO     #sentence: 291768
2019-04-03 20:50:34 INFO     #token: 4720758
2019-04-03 20:50:35 INFO     ##########Example 0##########
2019-04-03 20:50:35 INFO     Characters: <BOS> “ 人 们 常 说 生 活 是 一 部 教 科 书 ， 
2019-04-03 20:50:35 INFO     Tokens: <BOS> <PUNC> 人 们 常 说 生 活 是 一 部 教 科 书 <PUNC> </s>
2019-04-03 20:50:35 INFO     Segments: 14
2019-04-03 20:50:35 INFO     ##########Example 1##########
2019-04-03 20:50:35 INFO     Characters: <BOS> 而 血 与 火 的 战 争 更 是 不 可 多 得 的 教 科 书 ， 
2019-04-03 20:50:35 INFO     Tokens: <BOS> 而 血 与 火 的 战 争 更 是 不 可 多 得 的 教 科 书 <PUNC> </s>
2019-04-03 20:50:35 INFO     Segments: 18
2019-04-03 20:50:35 INFO     ##########Example 2##########
2019-04-03 20:50:35 INFO     Characters: <BOS> 她 确 实 是 名 副 其 实 的 ‘ 我 的 大 学 ’  。 <\n>
2019-04-03 20:50:35 INFO     Tokens: <BOS> 她 确 实 是 名 副 其 实 的 <PUNC> 我 的 大 学 <PUNC> </s>
2019-04-03 20:50:35 INFO     Segments: 15
2019-04-03 20:50:35 INFO     ##########Example 3##########
2019-04-03 20:50:35 INFO     Characters: <BOS> “ 心 静 渐 知 春 似 海 ， 
2019-04-03 20:50:35 INFO     Tokens: <BOS> <PUNC> 心 静 渐 知 春 似 海 <PUNC> </s>
2019-04-03 20:50:35 INFO     Segments: 9
2019-04-03 20:50:35 INFO     ##########Example 4##########
2019-04-03 20:50:35 INFO     Characters: <BOS> 花 深 每 觉 影 生 香 。 <\n>
2019-04-03 20:50:35 INFO     Tokens: <BOS> 花 深 每 觉 影 生 香 <PUNC> </s>
2019-04-03 20:50:35 INFO     Segments: 8
2019-04-03 20:50:35 INFO     ##########Example 5##########
2019-04-03 20:50:35 INFO     Characters: <BOS> “ 吃 屎 的 东 西 ， 
2019-04-03 20:50:35 INFO     Tokens: <BOS> <PUNC> 吃 屎 的 东 西 <PUNC> </s>
2019-04-03 20:50:35 INFO     Segments: 7
2019-04-03 20:50:35 INFO     ##########Example 6##########
2019-04-03 20:50:35 INFO     Characters: <BOS> 连 一 捆 麦 也 铡 不 动 呀 ？ <\n>
2019-04-03 20:50:35 INFO     Tokens: <BOS> 连 一 捆 麦 也 铡 不 动 呀 <PUNC> </s>
2019-04-03 20:50:35 INFO     Segments: 10
2019-04-03 20:50:35 INFO     ##########Example 7##########
2019-04-03 20:50:35 INFO     Characters: <BOS> 他 “ 严 格 要 求 自 己 ， 
2019-04-03 20:50:35 INFO     Tokens: <BOS> 他 <PUNC> 严 格 要 求 自 己 <PUNC> </s>
2019-04-03 20:50:35 INFO     Segments: 9
2019-04-03 20:50:35 INFO     ##########Example 8##########
2019-04-03 20:50:35 INFO     Characters: <BOS> 从 一 个 科 举 出 身 的 进 士 成 为 一 个 伟 大 的 民 主 主 义 者 ， 
2019-04-03 20:50:35 INFO     Tokens: <BOS> 从 一 个 科 举 出 身 的 进 士 成 为 一 个 伟 大 的 民 主 主 义 者 <PUNC> </s>
2019-04-03 20:50:35 INFO     Segments: 23
2019-04-03 20:50:35 INFO     ##########Example 9##########
2019-04-03 20:50:35 INFO     Characters: <BOS> 进 而 成 为 一 位 杰 出 的 党 外 共 产 主 义 战 士 ， 
2019-04-03 20:50:35 INFO     Tokens: <BOS> 进 而 成 为 一 位 杰 出 的 党 外 共 产 主 义 战 士 <PUNC> </s>
2019-04-03 20:50:35 INFO     Segments: 18
2019-04-03 20:50:40 INFO     Bucket batch sizes: 2285,1600,1333,1066,888,761,592,500
2019-04-03 20:50:40 INFO     Prepare validation dataloader
2019-04-03 20:50:41 INFO     #line: 3985
2019-04-03 20:50:41 INFO     #sentence: 12820
2019-04-03 20:50:41 INFO     #token: 205820
2019-04-03 20:50:41 INFO     ##########Example 0##########
2019-04-03 20:50:41 INFO     Characters: <BOS> 扬 帆 远 东 做 与 中 国 合 作 的 先 行 <\n>
2019-04-03 20:50:41 INFO     Tokens: <BOS> 扬 帆 远 东 做 与 中 国 合 作 的 先 行 </s>
2019-04-03 20:50:41 INFO     Segments: 13
2019-04-03 20:50:41 INFO     ##########Example 1##########
2019-04-03 20:50:41 INFO     Characters: <BOS> 希 腊 的 经 济 结 构 较 特 殊 。 <\n>
2019-04-03 20:50:41 INFO     Tokens: <BOS> 希 腊 的 经 济 结 构 较 特 殊 <PUNC> </s>
2019-04-03 20:50:41 INFO     Segments: 11
2019-04-03 20:50:41 INFO     ##########Example 2##########
2019-04-03 20:50:41 INFO     Characters: <BOS> 海 运 业 雄 踞 全 球 之 首 ， 
2019-04-03 20:50:41 INFO     Tokens: <BOS> 海 运 业 雄 踞 全 球 之 首 <PUNC> </s>
2019-04-03 20:50:41 INFO     Segments: 10
2019-04-03 20:50:41 INFO     ##########Example 3##########
2019-04-03 20:50:41 INFO     Characters: <BOS> 按 吨 位 计 占 世 界 总 数 的 １７％ 。 <\n>
2019-04-03 20:50:41 INFO     Tokens: <BOS> 按 吨 位 计 占 世 界 总 数 的 <NUM> <PUNC> </s>
2019-04-03 20:50:41 INFO     Segments: 12
2019-04-03 20:50:41 INFO     ##########Example 4##########
2019-04-03 20:50:41 INFO     Characters: <BOS> 另 外 旅 游 、 侨 汇 也 是 经 济 收 入 的 重 要 组 成 部 分 ， 
2019-04-03 20:50:41 INFO     Tokens: <BOS> 另 外 旅 游 <PUNC> 侨 汇 也 是 经 济 收 入 的 重 要 组 成 部 分 <PUNC> </s>
2019-04-03 20:50:41 INFO     Segments: 21
2019-04-03 20:50:41 INFO     ##########Example 5##########
2019-04-03 20:50:41 INFO     Characters: <BOS> 制 造 业 规 模 相 对 较 小 。 <\n>
2019-04-03 20:50:41 INFO     Tokens: <BOS> 制 造 业 规 模 相 对 较 小 <PUNC> </s>
2019-04-03 20:50:41 INFO     Segments: 10
2019-04-03 20:50:41 INFO     ##########Example 6##########
2019-04-03 20:50:41 INFO     Characters: <BOS> 多 年 来 ， 
2019-04-03 20:50:41 INFO     Tokens: <BOS> 多 年 来 <PUNC> </s>
2019-04-03 20:50:41 INFO     Segments: 4
2019-04-03 20:50:41 INFO     ##########Example 7##########
2019-04-03 20:50:41 INFO     Characters: <BOS> 中 希 贸 易 始 终 处 于 较 低 的 水 平 ， 
2019-04-03 20:50:41 INFO     Tokens: <BOS> 中 希 贸 易 始 终 处 于 较 低 的 水 平 <PUNC> </s>
2019-04-03 20:50:41 INFO     Segments: 14
2019-04-03 20:50:41 INFO     ##########Example 8##########
2019-04-03 20:50:41 INFO     Characters: <BOS> 希 腊 几 乎 没 有 在 中 国 投 资 。 <\n>
2019-04-03 20:50:41 INFO     Tokens: <BOS> 希 腊 几 乎 没 有 在 中 国 投 资 <PUNC> </s>
2019-04-03 20:50:41 INFO     Segments: 12
2019-04-03 20:50:41 INFO     ##########Example 9##########
2019-04-03 20:50:41 INFO     Characters: <BOS> 十 几 年 来 ， 
2019-04-03 20:50:41 INFO     Tokens: <BOS> 十 几 年 来 <PUNC> </s>
2019-04-03 20:50:41 INFO     Segments: 5
2019-04-03 20:50:42 INFO     Ramdomly Initializing SLM parameters...
2019-04-03 20:50:43 INFO     global_step = 0
2019-04-03 20:50:43 INFO     unsupervised_loss = 14.804349
2019-04-03 20:50:43 INFO     Saving checkpoint models/unsupervised-msr-4...
2019-04-03 20:51:01 INFO     Bash Command: bash run.sh valid msr 4
2019-04-03 20:51:19 INFO     Validation results:
1.0.0
=== SUMMARY:
=== TOTAL INSERTIONS:	69025
=== TOTAL DELETIONS:	343
=== TOTAL SUBSTITUTIONS:	57400
=== TOTAL NCHANGE:	126768
=== TOTAL TRUE WORD COUNT:	106873
=== TOTAL TEST WORD COUNT:	175555
=== TOTAL TRUE WORDS RECALL:	0.460
=== TOTAL TEST WORDS PRECISION:	0.280
=== F MEASURE:	0.348
=== OOV Rate:	0.026
=== OOV Recall Rate:	0.066
=== IV Recall Rate:	0.470
Examples:
扬  帆  远  东  做  与  中  国  合  作  的  先  行  
希  腊  的  经济  结  构  较  特  殊  。  
海  运  业  雄  踞  全  球  之  首  ，  按  吨  位  计  占  世  界  总  数  的  １７％  。  
另  外  旅  游  、  侨  汇  也  是  经济  收  入  的  重  要  组  成  部分  ，  制  造  业  规  模  相  对  较  小  。  
多  年  来  ，  中  希  贸  易  始  终  处  于  较  低  的  水  平  ，  希  腊  几  乎  没  有  在  中  国  投  资  。  
十  几  年  来  ，  改  革  开  放  的  中  国  经济  高  速  发  展  ，  远  东  在  崛  起  。  
瓦  西  里  斯  的  船  只  中  有  ４０％  驶  向  远  东  ，  每  个  月  几  乎  都  有  两  三  条  船  停  靠  中  国  港  口  。  
他  感  受  到  了  中  国  经济  发  展  的  大  潮  。  
他  要  与  中  国  人  合  作  。  
他  来  到  中  国  ，  成  为  第  一  个  访  华  的  大  船  主  。  

2019-04-03 20:51:19 INFO     Overwriting best checkpoint....
2019-04-03 20:52:01 INFO     global_step = 100
2019-04-03 20:52:01 INFO     unsupervised_loss = 8.636223
2019-04-03 20:52:41 INFO     global_step = 200
2019-04-03 20:52:41 INFO     unsupervised_loss = 6.098403
2019-04-03 20:53:25 INFO     global_step = 300
2019-04-03 20:53:25 INFO     unsupervised_loss = 5.480944
2019-04-03 20:54:04 INFO     global_step = 400
2019-04-03 20:54:04 INFO     unsupervised_loss = 5.232084
2019-04-03 20:54:04 INFO     Saving checkpoint models/unsupervised-msr-4...
2019-04-03 20:54:22 INFO     Bash Command: bash run.sh valid msr 4
2019-04-03 20:54:38 INFO     Validation results:
1.0.0
=== SUMMARY:
=== TOTAL INSERTIONS:	5034
=== TOTAL DELETIONS:	14386
=== TOTAL SUBSTITUTIONS:	24928
=== TOTAL NCHANGE:	44348
=== TOTAL TRUE WORD COUNT:	106873
=== TOTAL TEST WORD COUNT:	97521
=== TOTAL TRUE WORDS RECALL:	0.632
=== TOTAL TEST WORDS PRECISION:	0.693
=== F MEASURE:	0.661
=== OOV Rate:	0.026
=== OOV Recall Rate:	0.336
=== IV Recall Rate:	0.640
Examples:
扬帆  远东  做与  中国  合作的  先行  
希腊的  经济  结构  较特殊  。  
海运  业  雄踞  全球  之首  ，  按  吨  位计  占世界  总数的  １７％  。  
另外旅游  、  侨汇  也是  经济  收入  的重要  组成  部分  ，  制造  业  规模  相对  较小  。  
多年来  ，  中希  贸易  始终  处于  较低的  水平  ，  希腊  几乎  没有  在  中国  投资  。  
十几年来  ，  改革  开放的  中国  经济  高速  发展  ，  远东  在  崛起  。  
瓦西里斯  的  船只  中  有  ４０％  驶向  远东  ，  每个月  几乎  都有  两三条  船停靠  中国  港口  。  
他  感受到了  中国  经济  发展的  大潮  。  
他  要与  中国  人  合作  。  
他  来到  中国  ，  成为  第一个  访华的  大船  主  。  
run.sh: line 118: models/unsupervised-msr-4/prediction.txt: No such file or directory
run.sh: line 120: syntax error near unexpected token `fi'
run.sh: line 120: `fi'

2019-04-03 20:54:38 INFO     Overwriting best checkpoint....
2019-04-03 20:55:21 INFO     global_step = 500
2019-04-03 20:55:21 INFO     unsupervised_loss = 5.128079
2019-04-03 20:56:02 INFO     global_step = 600
2019-04-03 20:56:02 INFO     unsupervised_loss = 4.990563
2019-04-03 20:56:44 INFO     global_step = 700
2019-04-03 20:56:44 INFO     unsupervised_loss = 4.939255
2019-04-03 20:57:23 INFO     global_step = 800
2019-04-03 20:57:23 INFO     unsupervised_loss = 4.853104
2019-04-03 20:57:23 INFO     Saving checkpoint models/unsupervised-msr-4...
2019-04-03 20:57:41 INFO     Bash Command: bash run.sh valid msr 4
2019-04-03 20:57:58 INFO     Validation results:
1.0.0
=== SUMMARY:
=== TOTAL INSERTIONS:	6215
=== TOTAL DELETIONS:	10429
=== TOTAL SUBSTITUTIONS:	20565
=== TOTAL NCHANGE:	37209
=== TOTAL TRUE WORD COUNT:	106873
=== TOTAL TEST WORD COUNT:	102659
=== TOTAL TRUE WORDS RECALL:	0.710
=== TOTAL TEST WORDS PRECISION:	0.739
=== F MEASURE:	0.724
=== OOV Rate:	0.026
=== OOV Recall Rate:	0.331
=== IV Recall Rate:	0.720
Examples:
扬帆  远东  做  与  中国  合作  的  先行  
希腊  的  经济  结构  较  特殊  。  
海运  业  雄踞  全球  之首  ，  按  吨  位计  占  世界  总数的  １７％  。  
另外  旅游  、  侨汇  也是  经济  收入  的  重要  组成  部分  ，  制造业  规模  相对  较小  。  
多年来  ，  中希  贸易  始终  处于  较低  的  水平  ，  希腊  几乎  没有  在中国  投资  。  
十几年来  ，  改革  开放  的  中国  经济  高速  发展  ，  远东  在  崛起  。  
瓦西里斯  的  船只  中有  ４０％  驶向  远东  ，  每个月  几乎  都有  两三条  船  停靠  中国  港口  。  
他  感受到了  中国  经济  发展  的  大潮  。  
他  要与  中国  人  合作  。  
他  来到  中国  ，  成为  第一个  访华  的大  船主  。  

2019-04-03 20:57:58 INFO     Overwriting best checkpoint....
2019-04-03 20:58:40 INFO     global_step = 900
2019-04-03 20:58:40 INFO     unsupervised_loss = 4.802961
2019-04-03 20:59:20 INFO     global_step = 1000
2019-04-03 20:59:20 INFO     unsupervised_loss = 4.633139
2019-04-03 21:00:03 INFO     global_step = 1100
2019-04-03 21:00:03 INFO     unsupervised_loss = 4.527065
2019-04-03 21:00:45 INFO     global_step = 1200
2019-04-03 21:00:45 INFO     unsupervised_loss = 4.476667
2019-04-03 21:00:45 INFO     Saving checkpoint models/unsupervised-msr-4...
2019-04-03 21:01:04 INFO     Bash Command: bash run.sh valid msr 4
2019-04-03 21:01:23 INFO     Validation results:
1.0.0
=== SUMMARY:
=== TOTAL INSERTIONS:	6962
=== TOTAL DELETIONS:	9474
=== TOTAL SUBSTITUTIONS:	19565
=== TOTAL NCHANGE:	36001
=== TOTAL TRUE WORD COUNT:	106873
=== TOTAL TEST WORD COUNT:	104361
=== TOTAL TRUE WORDS RECALL:	0.728
=== TOTAL TEST WORDS PRECISION:	0.746
=== F MEASURE:	0.737
=== OOV Rate:	0.026
=== OOV Recall Rate:	0.327
=== IV Recall Rate:	0.739
Examples:
扬帆  远东  做与  中国  合作  的先行  
希腊  的  经济  结构  较  特殊  。  
海运  业  雄踞  全球  之首  ，  按吨  位计占  世界  总数的  １７％  。  
另外旅游  、  侨汇  也  是  经济  收入  的重要  组成  部分  ，  制造业  规模  相对  较小  。  
多年来  ，  中希  贸易  始终  处于  较低  的  水平  ，  希腊  几乎  没有  在  中国  投资  。  
十几  年来  ，  改革  开放  的  中国  经济  高速  发展  ，  远东  在  崛起  。  
瓦西  里斯的  船只  中  有  ４０％  驶向  远东  ，  每个月  几乎  都  有  两三  条  船停靠  中国  港口  。  
他  感受到了  中国  经济  发展  的  大潮  。  
他  要  与  中国人  合作  。  
他  来到  中国  ，  成为  第一个  访华  的  大船  主  。  

2019-04-03 21:01:23 INFO     Overwriting best checkpoint....
2019-04-03 21:02:06 INFO     global_step = 1300
2019-04-03 21:02:06 INFO     unsupervised_loss = 4.423545
2019-04-03 21:02:47 INFO     global_step = 1400
2019-04-03 21:02:47 INFO     unsupervised_loss = 4.392563
2019-04-03 21:03:28 INFO     global_step = 1500
2019-04-03 21:03:28 INFO     unsupervised_loss = 4.374600
2019-04-03 21:04:11 INFO     global_step = 1600
2019-04-03 21:04:11 INFO     unsupervised_loss = 4.353547
2019-04-03 21:04:11 INFO     Saving checkpoint models/unsupervised-msr-4...
2019-04-03 21:04:30 INFO     Bash Command: bash run.sh valid msr 4
2019-04-03 21:04:48 INFO     Validation results:
1.0.0
=== SUMMARY:
=== TOTAL INSERTIONS:	7476
=== TOTAL DELETIONS:	8275
=== TOTAL SUBSTITUTIONS:	18510
=== TOTAL NCHANGE:	34261
=== TOTAL TRUE WORD COUNT:	106873
=== TOTAL TEST WORD COUNT:	106074
=== TOTAL TRUE WORDS RECALL:	0.749
=== TOTAL TEST WORDS PRECISION:	0.755
=== F MEASURE:	0.752
=== OOV Rate:	0.026
=== OOV Recall Rate:	0.311
=== IV Recall Rate:	0.761
Examples:
扬帆  远东  做  与  中国  合作  的  先行  
希腊  的  经济  结构  较  特殊  。  
海运  业  雄踞  全球  之首  ，  按  吨  位计  占  世界  总数  的  １７％  。  
另外旅游  、  侨汇  也  是  经济  收入  的  重要  组成  部分  ，  制造业  规模  相对  较小  。  
多年来  ，  中希  贸易  始终  处于  较低  的  水平  ，  希腊  几乎  没有  在  中国  投资  。  
十几  年来  ，  改革  开放  的  中国  经济  高速  发展  ，  远东  在  崛起  。  
瓦西  里斯  的  船只  中  有  ４０％  驶向  远东  ，  每  个月  几乎  都  有  两三  条  船停靠  中国  港口  。  
他  感受到了  中国  经济  发展  的  大潮  。  
他  要  与  中国  人  合作  。  
他  来到  中国  ，  成为  第一  个  访华  的  大船  主  。  

2019-04-03 21:04:48 INFO     Overwriting best checkpoint....
2019-04-03 21:05:29 INFO     global_step = 1700
2019-04-03 21:05:29 INFO     unsupervised_loss = 4.315290
2019-04-03 21:06:12 INFO     global_step = 1800
2019-04-03 21:06:12 INFO     unsupervised_loss = 4.295403
2019-04-03 21:06:54 INFO     global_step = 1900
2019-04-03 21:06:54 INFO     unsupervised_loss = 4.309465
2019-04-03 21:07:37 INFO     global_step = 2000
2019-04-03 21:07:37 INFO     unsupervised_loss = 4.288370
2019-04-03 21:07:37 INFO     Saving checkpoint models/unsupervised-msr-4...
2019-04-03 21:07:57 INFO     Bash Command: bash run.sh valid msr 4
2019-04-03 21:08:17 INFO     Validation results:
1.0.0
=== SUMMARY:
=== TOTAL INSERTIONS:	8065
=== TOTAL DELETIONS:	7577
=== TOTAL SUBSTITUTIONS:	17796
=== TOTAL NCHANGE:	33438
=== TOTAL TRUE WORD COUNT:	106873
=== TOTAL TEST WORD COUNT:	107361
=== TOTAL TRUE WORDS RECALL:	0.763
=== TOTAL TEST WORDS PRECISION:	0.759
=== F MEASURE:	0.761
=== OOV Rate:	0.026
=== OOV Recall Rate:	0.293
=== IV Recall Rate:	0.775
Examples:
扬帆  远东  做与  中国  合作  的  先行  
希腊  的  经济  结构  较特殊  。  
海运业  雄踞  全球  之首  ，  按  吨  位计  占  世界  总数  的  １７％  。  
另外旅游  、  侨汇  也  是  经济  收入  的  重要  组成  部分  ，  制造业  规模  相对  较小  。  
多年来  ，  中希  贸易  始终  处于  较低  的  水平  ，  希腊  几乎  没有  在  中国  投资  。  
十几  年  来  ，  改革  开放  的中国  经济  高速  发展  ，  远东  在  崛起  。  
瓦  西里  斯的  船只  中  有  ４０％  驶向  远东  ，  每  个月  几乎  都  有  两三  条  船  停靠  中国  港口  。  
他  感受到了  中国  经济  发展  的  大潮  。  
他要  与  中国人  合作  。  
他  来到  中国  ，  成为  第一个  访华  的大  船主  。  

2019-04-03 21:08:17 INFO     Overwriting best checkpoint....
2019-04-03 21:08:58 INFO     global_step = 2100
2019-04-03 21:08:58 INFO     unsupervised_loss = 4.268798
2019-04-03 21:09:41 INFO     global_step = 2200
2019-04-03 21:09:41 INFO     unsupervised_loss = 4.268581
2019-04-03 21:10:22 INFO     global_step = 2300
2019-04-03 21:10:22 INFO     unsupervised_loss = 4.257557
2019-04-03 21:11:03 INFO     global_step = 2400
2019-04-03 21:11:03 INFO     unsupervised_loss = 4.256524
2019-04-03 21:11:03 INFO     Saving checkpoint models/unsupervised-msr-4...
2019-04-03 21:11:21 INFO     Bash Command: bash run.sh valid msr 4
2019-04-03 21:11:38 INFO     Validation results:
1.0.0
=== SUMMARY:
=== TOTAL INSERTIONS:	8438
=== TOTAL DELETIONS:	7190
=== TOTAL SUBSTITUTIONS:	17864
=== TOTAL NCHANGE:	33492
=== TOTAL TRUE WORD COUNT:	106873
=== TOTAL TEST WORD COUNT:	108121
=== TOTAL TRUE WORDS RECALL:	0.766
=== TOTAL TEST WORDS PRECISION:	0.757
=== F MEASURE:	0.761
=== OOV Rate:	0.026
=== OOV Recall Rate:	0.288
=== IV Recall Rate:	0.779
Examples:
扬帆  远东  做  与  中国  合作  的  先行  
希腊  的  经济  结构  较  特殊  。  
海运  业  雄踞  全球  之首  ，  按  吨  位计  占  世界  总数  的  １７％  。  
另外旅游  、  侨  汇  也  是  经济  收入  的  重要  组成  部分  ，  制造业  规模  相对  较小  。  
多年来  ，  中希  贸易  始终  处于  较低  的  水平  ，  希腊  几乎  没有  在  中国  投资  。  
十几  年来  ，  改革  开放  的  中国  经济  高速  发展  ，  远东  在  崛起  。  
瓦  西里斯  的  船只  中  有  ４０％  驶向  远东  ，  每  个月  几乎  都  有  两三  条  船  停靠  中国  港口  。  
他  感受到了  中国  经济  发展  的  大潮  。  
他  要  与  中国  人  合作  。  
他  来到  中国  ，  成为  第一  个  访华  的  大船  主  。  

2019-04-03 21:12:21 INFO     global_step = 2500
2019-04-03 21:12:21 INFO     unsupervised_loss = 4.239589
2019-04-03 21:13:03 INFO     global_step = 2600
2019-04-03 21:13:03 INFO     unsupervised_loss = 4.216491
2019-04-03 21:13:43 INFO     global_step = 2700
2019-04-03 21:13:43 INFO     unsupervised_loss = 4.215419
2019-04-03 21:14:25 INFO     global_step = 2800
2019-04-03 21:14:25 INFO     unsupervised_loss = 4.226516
2019-04-03 21:14:25 INFO     Saving checkpoint models/unsupervised-msr-4...
2019-04-03 21:14:45 INFO     Bash Command: bash run.sh valid msr 4
2019-04-03 21:15:04 INFO     Validation results:
1.0.0
=== SUMMARY:
=== TOTAL INSERTIONS:	8386
=== TOTAL DELETIONS:	6981
=== TOTAL SUBSTITUTIONS:	17142
=== TOTAL NCHANGE:	32509
=== TOTAL TRUE WORD COUNT:	106873
=== TOTAL TEST WORD COUNT:	108278
=== TOTAL TRUE WORDS RECALL:	0.774
=== TOTAL TEST WORDS PRECISION:	0.764
=== F MEASURE:	0.769
=== OOV Rate:	0.026
=== OOV Recall Rate:	0.282
=== IV Recall Rate:	0.788
Examples:
扬帆  远东  做  与  中国  合作  的  先行  
希腊的  经济  结构  较  特殊  。  
海运  业  雄踞  全球  之首  ，  按  吨  位  计占  世界  总数  的  １７％  。  
另外旅游  、  侨汇  也是  经济  收入  的  重要  组成  部分  ，  制造业  规模  相对  较小  。  
多年来  ，  中希  贸易  始终  处于  较低  的  水平  ，  希腊  几乎  没有  在  中国  投资  。  
十几  年  来  ，  改革  开放  的  中国  经济  高速  发展  ，  远东  在  崛起  。  
瓦西  里斯  的  船只  中  有  ４０％  驶向  远东  ，  每  个月  几乎  都  有  两三  条  船  停靠  中国  港口  。  
他  感受到了  中国  经济  发展  的  大潮  。  
他  要  与  中国  人  合作  。  
他  来到  中国  ，  成为  第一  个  访华  的  大船  主  。  

2019-04-03 21:15:04 INFO     Overwriting best checkpoint....
2019-04-03 21:15:45 INFO     global_step = 2900
2019-04-03 21:15:45 INFO     unsupervised_loss = 4.214009
2019-04-03 21:16:28 INFO     global_step = 3000
2019-04-03 21:16:28 INFO     unsupervised_loss = 4.197429
2019-04-03 21:17:07 INFO     global_step = 3100
2019-04-03 21:17:07 INFO     unsupervised_loss = 4.208364
2019-04-03 21:17:50 INFO     global_step = 3200
2019-04-03 21:17:50 INFO     unsupervised_loss = 4.201248
2019-04-03 21:17:50 INFO     Saving checkpoint models/unsupervised-msr-4...
2019-04-03 21:18:09 INFO     Bash Command: bash run.sh valid msr 4
2019-04-03 21:18:27 INFO     Validation results:
1.0.0
=== SUMMARY:
=== TOTAL INSERTIONS:	9166
=== TOTAL DELETIONS:	6122
=== TOTAL SUBSTITUTIONS:	16643
=== TOTAL NCHANGE:	31931
=== TOTAL TRUE WORD COUNT:	106873
=== TOTAL TEST WORD COUNT:	109917
=== TOTAL TRUE WORDS RECALL:	0.787
=== TOTAL TEST WORDS PRECISION:	0.765
=== F MEASURE:	0.776
=== OOV Rate:	0.026
=== OOV Recall Rate:	0.275
=== IV Recall Rate:	0.801
Examples:
扬帆  远东  做  与  中国  合作  的  先行  
希腊的  经济  结构  较  特殊  。  
海运  业  雄踞  全球  之首  ，  按  吨位  计占  世界  总数  的  １７％  。  
另外旅游  、  侨汇  也  是  经济  收入  的  重要  组成  部分  ，  制造业  规模  相对  较小  。  
多年来  ，  中希  贸易  始终  处于  较低  的  水平  ，  希腊  几乎  没有  在  中国  投资  。  
十几  年来  ，  改革  开放的  中国  经济  高速  发展  ，  远东  在  崛起  。  
瓦  西里斯  的  船只  中  有  ４０％  驶向  远东  ，  每  个月  几乎  都  有  两三  条  船  停靠  中国  港口  。  
他  感受到了  中国  经济  发展  的  大潮  。  
他要  与  中国  人  合作  。  
他  来到  中国  ，  成为  第一  个  访华  的大  船主  。  

2019-04-03 21:18:27 INFO     Overwriting best checkpoint....
2019-04-03 21:19:07 INFO     global_step = 3300
2019-04-03 21:19:07 INFO     unsupervised_loss = 4.195739
2019-04-03 21:19:48 INFO     global_step = 3400
2019-04-03 21:19:48 INFO     unsupervised_loss = 4.184759
2019-04-03 21:20:29 INFO     global_step = 3500
2019-04-03 21:20:29 INFO     unsupervised_loss = 4.197234
2019-04-03 21:21:11 INFO     global_step = 3600
2019-04-03 21:21:11 INFO     unsupervised_loss = 4.192916
2019-04-03 21:21:11 INFO     Saving checkpoint models/unsupervised-msr-4...
2019-04-03 21:21:30 INFO     Bash Command: bash run.sh valid msr 4
2019-04-03 21:21:46 INFO     Validation results:
1.0.0
=== SUMMARY:
=== TOTAL INSERTIONS:	9228
=== TOTAL DELETIONS:	6142
=== TOTAL SUBSTITUTIONS:	16769
=== TOTAL NCHANGE:	32139
=== TOTAL TRUE WORD COUNT:	106873
=== TOTAL TEST WORD COUNT:	109959
=== TOTAL TRUE WORDS RECALL:	0.786
=== TOTAL TEST WORDS PRECISION:	0.764
=== F MEASURE:	0.774
=== OOV Rate:	0.026
=== OOV Recall Rate:	0.268
=== IV Recall Rate:	0.800
Examples:
扬帆  远东  做  与  中国  合作  的  先行  
希腊的  经济  结构  较  特殊  。  
海运  业  雄踞  全球  之首  ，  按  吨位  计占  世界  总数  的  １７％  。  
另外旅游  、  侨汇  也  是  经济  收入  的  重要  组成  部分  ，  制造业  规模  相对  较小  。  
多年来  ，  中希  贸易  始终  处于  较低  的  水平  ，  希腊  几乎  没有  在  中国  投资  。  
十几  年来  ，  改革  开放  的  中国  经济  高速  发展  ，  远东  在  崛起  。  
瓦  西里斯  的  船只  中  有  ４０％  驶向  远东  ，  每  个月  几乎  都  有  两三  条  船  停靠  中国  港口  。  
他  感受到了  中国  经济  发展  的  大潮  。  
他  要  与  中国  人  合作  。  
他  来到  中国  ，  成为  第一  个  访华  的  大  船  主  。  

2019-04-03 21:22:26 INFO     global_step = 3700
2019-04-03 21:22:26 INFO     unsupervised_loss = 4.192845
2019-04-03 21:23:07 INFO     global_step = 3800
2019-04-03 21:23:07 INFO     unsupervised_loss = 4.178488
2019-04-03 21:23:51 INFO     global_step = 3900
2019-04-03 21:23:51 INFO     unsupervised_loss = 4.173759
2019-04-03 21:24:32 INFO     global_step = 4000
2019-04-03 21:24:32 INFO     unsupervised_loss = 4.160050
2019-04-03 21:24:32 INFO     Saving checkpoint models/unsupervised-msr-4...
2019-04-03 21:24:51 INFO     Bash Command: bash run.sh valid msr 4
2019-04-03 21:25:11 INFO     Validation results:
1.0.0
=== SUMMARY:
=== TOTAL INSERTIONS:	9848
=== TOTAL DELETIONS:	5471
=== TOTAL SUBSTITUTIONS:	16163
=== TOTAL NCHANGE:	31482
=== TOTAL TRUE WORD COUNT:	106873
=== TOTAL TEST WORD COUNT:	111250
=== TOTAL TRUE WORDS RECALL:	0.798
=== TOTAL TEST WORDS PRECISION:	0.766
=== F MEASURE:	0.782
=== OOV Rate:	0.026
=== OOV Recall Rate:	0.255
=== IV Recall Rate:	0.812
Examples:
扬帆  远东  做  与  中国  合作  的  先行  
希腊  的  经济  结构  较  特殊  。  
海运  业  雄踞  全球  之首  ，  按  吨位  计占  世界  总数  的  １７％  。  
另外旅游  、  侨汇  也  是  经济  收入  的  重要  组成  部分  ，  制造业  规模  相对  较小  。  
多年来  ，  中希  贸易  始终  处于  较低  的  水平  ，  希腊  几乎  没有  在  中国  投资  。  
十几  年来  ，  改革  开放  的  中国  经济  高速  发展  ，  远东  在  崛起  。  
瓦  西里  斯的  船只  中  有  ４０％  驶向  远东  ，  每  个月  几乎  都  有  两三  条  船  停靠  中国  港口  。  
他  感受到了  中国  经济  发展  的  大潮  。  
他  要  与  中国  人  合作  。  
他  来到  中国  ，  成为  第一  个  访华  的  大  船主  。  

2019-04-03 21:25:11 INFO     Overwriting best checkpoint....
2019-04-03 21:25:54 INFO     global_step = 4100
2019-04-03 21:25:54 INFO     unsupervised_loss = 4.169132
2019-04-03 21:26:34 INFO     global_step = 4200
2019-04-03 21:26:34 INFO     unsupervised_loss = 4.161636
2019-04-03 21:27:16 INFO     global_step = 4300
2019-04-03 21:27:16 INFO     unsupervised_loss = 4.164287
2019-04-03 21:27:59 INFO     global_step = 4400
2019-04-03 21:27:59 INFO     unsupervised_loss = 4.167017
2019-04-03 21:27:59 INFO     Saving checkpoint models/unsupervised-msr-4...
2019-04-03 21:28:16 INFO     Bash Command: bash run.sh valid msr 4
2019-04-03 21:28:31 INFO     Validation results:
1.0.0
=== SUMMARY:
=== TOTAL INSERTIONS:	9809
=== TOTAL DELETIONS:	5608
=== TOTAL SUBSTITUTIONS:	16565
=== TOTAL NCHANGE:	31982
=== TOTAL TRUE WORD COUNT:	106873
=== TOTAL TEST WORD COUNT:	111074
=== TOTAL TRUE WORDS RECALL:	0.793
=== TOTAL TEST WORDS PRECISION:	0.763
=== F MEASURE:	0.777
=== OOV Rate:	0.026
=== OOV Recall Rate:	0.258
=== IV Recall Rate:	0.807
Examples:
扬帆  远东  做  与  中国  合作  的  先行  
希腊  的  经济  结构  较  特殊  。  
海运  业  雄踞  全球  之首  ，  按  吨  位计  占  世界  总数  的  １７％  。  
另外旅游  、  侨汇  也  是  经济  收入  的  重要  组成  部分  ，  制造业  规模  相对  较小  。  
多年来  ，  中希  贸易  始终  处于  较低  的  水平  ，  希腊  几乎  没有  在  中国  投资  。  
十几  年来  ，  改革  开放的  中国  经济  高速  发展  ，  远东  在  崛起  。  
瓦  西里  斯的  船只  中  有  ４０％  驶向  远东  ，  每  个月  几乎  都  有  两三  条  船  停靠  中国  港口  。  
他  感受到了  中国  经济  发展  的大潮  。  
他  要  与  中国  人  合作  。  
他  来到  中国  ，  成为  第一  个  访华  的  大船  主  。  

2019-04-03 21:29:12 INFO     global_step = 4500
2019-04-03 21:29:12 INFO     unsupervised_loss = 4.133829
2019-04-03 21:29:54 INFO     global_step = 4600
2019-04-03 21:29:54 INFO     unsupervised_loss = 4.146796
2019-04-03 21:30:35 INFO     global_step = 4700
2019-04-03 21:30:35 INFO     unsupervised_loss = 4.145184
2019-04-03 21:31:17 INFO     global_step = 4800
2019-04-03 21:31:17 INFO     unsupervised_loss = 4.149635
2019-04-03 21:31:17 INFO     Saving checkpoint models/unsupervised-msr-4...
2019-04-03 21:31:34 INFO     Bash Command: bash run.sh valid msr 4
2019-04-03 21:31:51 INFO     Validation results:
1.0.0
=== SUMMARY:
=== TOTAL INSERTIONS:	9705
=== TOTAL DELETIONS:	5710
=== TOTAL SUBSTITUTIONS:	16552
=== TOTAL NCHANGE:	31967
=== TOTAL TRUE WORD COUNT:	106873
=== TOTAL TEST WORD COUNT:	110868
=== TOTAL TRUE WORDS RECALL:	0.792
=== TOTAL TEST WORDS PRECISION:	0.763
=== F MEASURE:	0.777
=== OOV Rate:	0.026
=== OOV Recall Rate:	0.261
=== IV Recall Rate:	0.806
Examples:
扬帆  远东  做  与  中国  合作  的  先行  
希腊的  经济  结构  较  特殊  。  
海运  业  雄踞  全球  之首  ，  按  吨位  计占  世界  总数  的  １７％  。  
另外旅游  、  侨汇  也  是  经济  收入  的  重要  组成  部分  ，  制造业  规模  相对  较小  。  
多年来  ，  中希  贸易  始终  处于  较低  的  水平  ，  希腊  几乎  没有  在  中国  投资  。  
十几  年  来  ，  改革  开放  的  中国  经济  高速  发展  ，  远东  在  崛起  。  
瓦  西里  斯的  船只  中  有  ４０％  驶向  远东  ，  每  个月  几乎  都  有  两三  条  船  停靠  中国  港口  。  
他  感受到了  中国  经济  发展  的  大潮  。  
他  要  与  中国  人  合作  。  
他  来到  中国  ，  成为  第一  个  访华  的  大船  主  。  

2019-04-03 21:32:34 INFO     global_step = 4900
2019-04-03 21:32:34 INFO     unsupervised_loss = 4.137686
2019-04-03 21:33:15 INFO     global_step = 5000
2019-04-03 21:33:15 INFO     unsupervised_loss = 4.094892
2019-04-03 21:33:56 INFO     global_step = 5100
2019-04-03 21:33:56 INFO     unsupervised_loss = 4.086695
2019-04-03 21:34:38 INFO     global_step = 5200
2019-04-03 21:34:38 INFO     unsupervised_loss = 4.081003
2019-04-03 21:34:38 INFO     Saving checkpoint models/unsupervised-msr-4...
2019-04-03 21:34:55 INFO     Bash Command: bash run.sh valid msr 4
2019-04-03 21:35:10 INFO     Validation results:
1.0.0
=== SUMMARY:
=== TOTAL INSERTIONS:	9873
=== TOTAL DELETIONS:	5383
=== TOTAL SUBSTITUTIONS:	16155
=== TOTAL NCHANGE:	31411
=== TOTAL TRUE WORD COUNT:	106873
=== TOTAL TEST WORD COUNT:	111363
=== TOTAL TRUE WORDS RECALL:	0.798
=== TOTAL TEST WORDS PRECISION:	0.766
=== F MEASURE:	0.782
=== OOV Rate:	0.026
=== OOV Recall Rate:	0.253
=== IV Recall Rate:	0.813
Examples:
扬帆  远东  做  与  中国  合作  的  先行  
希腊的  经济  结构  较  特殊  。  
海运  业  雄踞  全球  之首  ，  按  吨位  计占  世界  总数  的  １７％  。  
另外旅游  、  侨汇  也  是  经济  收入  的  重要  组成  部分  ，  制造业  规模  相对  较小  。  
多年来  ，  中希  贸易  始终  处于  较低  的  水平  ，  希腊  几乎  没有  在  中国  投资  。  
十几  年  来  ，  改革  开放  的  中国  经济  高速  发展  ，  远东  在  崛起  。  
瓦  西里  斯的  船只  中  有  ４０％  驶向  远东  ，  每  个月  几乎  都  有  两三  条  船  停靠  中国  港口  。  
他  感受到了  中国  经济  发展  的  大潮  。  
他  要  与  中国  人  合作  。  
他  来到  中国  ，  成为  第一  个  访华  的  大船  主  。  

2019-04-03 21:35:52 INFO     global_step = 5300
2019-04-03 21:35:52 INFO     unsupervised_loss = 4.072076
2019-04-03 21:36:33 INFO     global_step = 5400
2019-04-03 21:36:33 INFO     unsupervised_loss = 4.053304
2019-04-03 21:37:16 INFO     global_step = 5500
2019-04-03 21:37:16 INFO     unsupervised_loss = 4.052398
2019-04-03 21:37:57 INFO     global_step = 5600
2019-04-03 21:37:57 INFO     unsupervised_loss = 4.065362
2019-04-03 21:37:57 INFO     Saving checkpoint models/unsupervised-msr-4...
2019-04-03 21:38:15 INFO     Bash Command: bash run.sh valid msr 4
2019-04-03 21:38:33 INFO     Validation results:
1.0.0
=== SUMMARY:
=== TOTAL INSERTIONS:	9964
=== TOTAL DELETIONS:	5407
=== TOTAL SUBSTITUTIONS:	16209
=== TOTAL NCHANGE:	31580
=== TOTAL TRUE WORD COUNT:	106873
=== TOTAL TEST WORD COUNT:	111430
=== TOTAL TRUE WORDS RECALL:	0.798
=== TOTAL TEST WORDS PRECISION:	0.765
=== F MEASURE:	0.781
=== OOV Rate:	0.026
=== OOV Recall Rate:	0.252
=== IV Recall Rate:	0.813
Examples:
扬帆  远东  做  与  中国  合作  的  先行  
希腊的  经济  结构  较  特殊  。  
海运  业  雄踞  全球  之首  ，  按  吨位  计占  世界  总数  的  １７％  。  
另外旅游  、  侨汇  也  是  经济  收入  的  重要  组成  部分  ，  制造业  规模  相对  较小  。  
多年来  ，  中希  贸易  始终  处于  较低  的  水平  ，  希腊  几乎  没有  在  中国  投资  。  
十几  年  来  ，  改革  开放  的  中国  经济  高速  发展  ，  远东  在  崛起  。  
瓦  西里  斯的  船只  中  有  ４０％  驶向  远东  ，  每  个月  几乎  都  有  两三  条  船  停靠  中国  港口  。  
他  感受到了  中国  经济  发展  的  大潮  。  
他  要  与  中国  人  合作  。  
他  来到  中国  ，  成为  第一  个  访华  的  大船  主  。  

2019-04-03 21:39:14 INFO     global_step = 5700
2019-04-03 21:39:14 INFO     unsupervised_loss = 4.041682
2019-04-03 21:39:56 INFO     global_step = 5800
2019-04-03 21:39:56 INFO     unsupervised_loss = 4.050743
2019-04-03 21:40:38 INFO     global_step = 5900
2019-04-03 21:40:38 INFO     unsupervised_loss = 4.047586
2019-04-03 21:41:18 INFO     Saving checkpoint models/unsupervised-msr-4...
2019-04-03 21:41:36 INFO     Bash Command: bash run.sh valid msr 4
2019-04-03 21:41:55 INFO     Validation results:
1.0.0
=== SUMMARY:
=== TOTAL INSERTIONS:	10008
=== TOTAL DELETIONS:	5361
=== TOTAL SUBSTITUTIONS:	16123
=== TOTAL NCHANGE:	31492
=== TOTAL TRUE WORD COUNT:	106873
=== TOTAL TEST WORD COUNT:	111520
=== TOTAL TRUE WORDS RECALL:	0.799
=== TOTAL TEST WORDS PRECISION:	0.766
=== F MEASURE:	0.782
=== OOV Rate:	0.026
=== OOV Recall Rate:	0.252
=== IV Recall Rate:	0.814
Examples:
扬帆  远东  做  与  中国  合作  的  先行  
希腊的  经济  结构  较  特殊  。  
海运  业  雄踞  全球  之首  ，  按  吨位  计占  世界  总数  的  １７％  。  
另外旅游  、  侨汇  也  是  经济  收入  的  重要  组成  部分  ，  制造业  规模  相对  较小  。  
多年来  ，  中希  贸易  始终  处于  较低  的  水平  ，  希腊  几乎  没有  在  中国  投资  。  
十几  年  来  ，  改革  开放  的  中国  经济  高速  发展  ，  远东  在  崛起  。  
瓦  西里  斯  的  船只  中  有  ４０％  驶向  远东  ，  每  个月  几乎  都  有  两三  条  船  停靠  中国  港口  。  
他  感受到了  中国  经济  发展  的  大潮  。  
他  要  与  中国  人  合作  。  
他  来到  中国  ，  成为  第一  个  访华  的  大船  主  。  

2019-04-03 21:41:55 INFO     Prepare prediction dataloader
2019-04-03 21:41:56 INFO     #line: 3985
2019-04-03 21:41:56 INFO     #sentence: 12820
2019-04-03 21:41:56 INFO     #token: 205820
2019-04-03 21:41:56 INFO     ##########Example 0##########
2019-04-03 21:41:56 INFO     Characters: <BOS> 扬 帆 远 东 做 与 中 国 合 作 的 先 行 <\n>
2019-04-03 21:41:56 INFO     Tokens: <BOS> 扬 帆 远 东 做 与 中 国 合 作 的 先 行 </s>
2019-04-03 21:41:56 INFO     Segments: 13
2019-04-03 21:41:56 INFO     ##########Example 1##########
2019-04-03 21:41:56 INFO     Characters: <BOS> 希 腊 的 经 济 结 构 较 特 殊 。 <\n>
2019-04-03 21:41:56 INFO     Tokens: <BOS> 希 腊 的 经 济 结 构 较 特 殊 <PUNC> </s>
2019-04-03 21:41:56 INFO     Segments: 11
2019-04-03 21:41:56 INFO     ##########Example 2##########
2019-04-03 21:41:56 INFO     Characters: <BOS> 海 运 业 雄 踞 全 球 之 首 ， 
2019-04-03 21:41:56 INFO     Tokens: <BOS> 海 运 业 雄 踞 全 球 之 首 <PUNC> </s>
2019-04-03 21:41:56 INFO     Segments: 10
2019-04-03 21:41:56 INFO     ##########Example 3##########
2019-04-03 21:41:56 INFO     Characters: <BOS> 按 吨 位 计 占 世 界 总 数 的 １７％ 。 <\n>
2019-04-03 21:41:56 INFO     Tokens: <BOS> 按 吨 位 计 占 世 界 总 数 的 <NUM> <PUNC> </s>
2019-04-03 21:41:56 INFO     Segments: 12
2019-04-03 21:41:56 INFO     ##########Example 4##########
2019-04-03 21:41:56 INFO     Characters: <BOS> 另 外 旅 游 、 侨 汇 也 是 经 济 收 入 的 重 要 组 成 部 分 ， 
2019-04-03 21:41:56 INFO     Tokens: <BOS> 另 外 旅 游 <PUNC> 侨 汇 也 是 经 济 收 入 的 重 要 组 成 部 分 <PUNC> </s>
2019-04-03 21:41:56 INFO     Segments: 21
2019-04-03 21:41:56 INFO     ##########Example 5##########
2019-04-03 21:41:56 INFO     Characters: <BOS> 制 造 业 规 模 相 对 较 小 。 <\n>
2019-04-03 21:41:56 INFO     Tokens: <BOS> 制 造 业 规 模 相 对 较 小 <PUNC> </s>
2019-04-03 21:41:56 INFO     Segments: 10
2019-04-03 21:41:56 INFO     ##########Example 6##########
2019-04-03 21:41:56 INFO     Characters: <BOS> 多 年 来 ， 
2019-04-03 21:41:56 INFO     Tokens: <BOS> 多 年 来 <PUNC> </s>
2019-04-03 21:41:56 INFO     Segments: 4
2019-04-03 21:41:56 INFO     ##########Example 7##########
2019-04-03 21:41:56 INFO     Characters: <BOS> 中 希 贸 易 始 终 处 于 较 低 的 水 平 ， 
2019-04-03 21:41:56 INFO     Tokens: <BOS> 中 希 贸 易 始 终 处 于 较 低 的 水 平 <PUNC> </s>
2019-04-03 21:41:56 INFO     Segments: 14
2019-04-03 21:41:56 INFO     ##########Example 8##########
2019-04-03 21:41:56 INFO     Characters: <BOS> 希 腊 几 乎 没 有 在 中 国 投 资 。 <\n>
2019-04-03 21:41:56 INFO     Tokens: <BOS> 希 腊 几 乎 没 有 在 中 国 投 资 <PUNC> </s>
2019-04-03 21:41:56 INFO     Segments: 12
2019-04-03 21:41:56 INFO     ##########Example 9##########
2019-04-03 21:41:56 INFO     Characters: <BOS> 十 几 年 来 ， 
2019-04-03 21:41:56 INFO     Tokens: <BOS> 十 几 年 来 <PUNC> </s>
2019-04-03 21:41:56 INFO     Segments: 5
2019-04-03 21:41:57 INFO     Loading checkpoint None...
2019-04-03 21:41:57 INFO     Global step of best-checkpoint: 4000
2019-04-03 21:42:14 INFO     Bash Command: bash run.sh eval msr 4
2019-04-03 21:42:32 INFO     Test evaluation results:
1.0.0
=== SUMMARY:
=== TOTAL INSERTIONS:	9848
=== TOTAL DELETIONS:	5471
=== TOTAL SUBSTITUTIONS:	16163
=== TOTAL NCHANGE:	31482
=== TOTAL TRUE WORD COUNT:	106873
=== TOTAL TEST WORD COUNT:	111250
=== TOTAL TRUE WORDS RECALL:	0.798
=== TOTAL TEST WORDS PRECISION:	0.766
=== F MEASURE:	0.782
=== OOV Rate:	0.026
=== OOV Recall Rate:	0.255
=== IV Recall Rate:	0.812
Examples:
扬帆  远东  做  与  中国  合作  的  先行  
希腊  的  经济  结构  较  特殊  。  
海运  业  雄踞  全球  之首  ，  按  吨位  计占  世界  总数  的  １７％  。  
另外旅游  、  侨汇  也  是  经济  收入  的  重要  组成  部分  ，  制造业  规模  相对  较小  。  
多年来  ，  中希  贸易  始终  处于  较低  的  水平  ，  希腊  几乎  没有  在  中国  投资  。  
十几  年来  ，  改革  开放  的  中国  经济  高速  发展  ，  远东  在  崛起  。  
瓦  西里  斯的  船只  中  有  ４０％  驶向  远东  ，  每  个月  几乎  都  有  两三  条  船  停靠  中国  港口  。  
他  感受到了  中国  经济  发展  的  大潮  。  
他  要  与  中国  人  合作  。  
他  来到  中国  ，  成为  第一  个  访华  的  大  船主  。  

