2019-04-03 16:16:49 INFO     Namespace(adam_learning_rate=0.005, bos_token='<BOS>', config_file='models/slm_pku_3_config.json', cpu_num=4, do_predict=True, do_supervised=False, do_unsupervised=True, do_valid=True, english_token='<ENG>', eos_token='</s>', gradient_clip=0.1, init_checkpoint=None, init_embedding_path='data/vocab/embedding.npy', log_every_steps=100, max_seq_length=32, number_token='<NUM>', predict_batch_size=500, predict_inputs=['data/pku/test.txt'], predict_output='models/unsupervised-pku-3/prediction.txt', punctuation_token='<PUNC>', save_every_steps=400, save_path='models/unsupervised-pku-3', segment_token='  ', segmented=None, sgd_learning_rate=16.0, supervised_batch_size=1000, supervised_lambda=1.0, train_steps=6000, unsegmented=['data/pku/unsegmented.txt', 'data/pku/test.txt'], unsupervised_batch_size=16000, use_cuda=True, valid_batch_size=500, valid_inputs=['data/pku/test.txt'], valid_output='models/unsupervised-pku-3/valid_prediction.txt', vocab_file='data/vocab/vocab.txt', warm_up_steps=800)
2019-04-03 16:16:49 INFO     Loading init embedding from data/vocab/embedding.npy...
2019-04-03 16:16:49 INFO     Config Info:
{
  "decoder_dropout_rate": 0.1,
  "decoder_input_dropout_rate": 0.3,
  "decoder_layer_number": 2,
  "embedding_size": 256,
  "encoder_dropout_rate": 0.1,
  "encoder_input_dropout_rate": 0.1,
  "encoder_layer_number": 2,
  "eng_id": 7,
  "eos_id": 5,
  "hidden_size": 256,
  "max_segment_length": 3,
  "num_id": 3,
  "punc_id": 2,
  "vocab_size": 8677
}
2019-04-03 16:16:49 INFO     Model Info:
SegmentalLM(
  (embedding): Embedding(8677, 256)
  (embedding2vocab): Linear(in_features=256, out_features=8677, bias=True)
  (context_encoder): ContextEncoder(
    (rnn): LSTM(256, 256, num_layers=2, dropout=0.1)
  )
  (segment_decoder): SegmentDecoder(
    (rnn): LSTM(256, 256, num_layers=2, dropout=0.1)
    (output_dropout): Dropout(p=0.1)
  )
  (decoder_h_transformation): Linear(in_features=256, out_features=512, bias=True)
  (encoder_input_dropout): Dropout(p=0.1)
  (decoder_input_dropout): Dropout(p=0.3)
  (y0_transformation): Linear(in_features=256, out_features=256, bias=True)
)
2019-04-03 16:16:53 INFO     Prepare unsupervised dataloader
2019-04-03 16:16:59 INFO     #line: 21001
2019-04-03 16:16:59 INFO     #sentence: 138102
2019-04-03 16:16:59 INFO     #token: 2222127
2019-04-03 16:16:59 INFO     ##########Example 0##########
2019-04-03 16:16:59 INFO     Characters: <BOS> 迈 向 充 满 希 望 的 新 世 纪 —— 一 九 九 八 年 新 年 讲 话 （ 附 图 片 １ 张 ） <\n>
2019-04-03 16:16:59 INFO     Tokens: <BOS> 迈 向 充 满 希 望 的 新 世 纪 <PUNC> 一 九 九 八 年 新 年 讲 话 <PUNC> 附 图 片 <NUM> 张 <PUNC> </s>
2019-04-03 16:16:59 INFO     Segments: 27
2019-04-03 16:16:59 INFO     ##########Example 1##########
2019-04-03 16:16:59 INFO     Characters: <BOS> 中 共 中 央 总 书 记 、 国 家 主 席 江 泽 民 <\n>
2019-04-03 16:16:59 INFO     Tokens: <BOS> 中 共 中 央 总 书 记 <PUNC> 国 家 主 席 江 泽 民 </s>
2019-04-03 16:16:59 INFO     Segments: 15
2019-04-03 16:16:59 INFO     ##########Example 2##########
2019-04-03 16:16:59 INFO     Characters: <BOS> （ 一 九 九 七 年 十 二 月 三 十 一 日 ） <\n>
2019-04-03 16:16:59 INFO     Tokens: <BOS> <PUNC> 一 九 九 七 年 十 二 月 三 十 一 日 <PUNC> </s>
2019-04-03 16:16:59 INFO     Segments: 14
2019-04-03 16:16:59 INFO     ##########Example 3##########
2019-04-03 16:16:59 INFO     Characters: <BOS> １２ 月 ３１ 日 ， 
2019-04-03 16:16:59 INFO     Tokens: <BOS> <NUM> 月 <NUM> 日 <PUNC> </s>
2019-04-03 16:16:59 INFO     Segments: 5
2019-04-03 16:16:59 INFO     ##########Example 4##########
2019-04-03 16:16:59 INFO     Characters: <BOS> 中 共 中 央 总 书 记 、 国 家 主 席 江 泽 民 发 表 １９９８ 年 新 年 讲 话 《 迈 向 充 满 希 望 
2019-04-03 16:16:59 INFO     Tokens: <BOS> 中 共 中 央 总 书 记 <PUNC> 国 家 主 席 江 泽 民 发 表 <NUM> 年 新 年 讲 话 <PUNC> 迈 向 充 满 希 望 </s>
2019-04-03 16:16:59 INFO     Segments: 30
2019-04-03 16:16:59 INFO     ##########Example 5##########
2019-04-03 16:16:59 INFO     Characters: <BOS> 的 新 世 纪 》  。  （ 
2019-04-03 16:16:59 INFO     Tokens: <BOS> 的 新 世 纪 <PUNC> </s>
2019-04-03 16:16:59 INFO     Segments: 5
2019-04-03 16:16:59 INFO     ##########Example 6##########
2019-04-03 16:16:59 INFO     Characters: <BOS> 新 华 社 记 者 兰 红 光 摄 ） <\n>
2019-04-03 16:16:59 INFO     Tokens: <BOS> 新 华 社 记 者 兰 红 光 摄 <PUNC> </s>
2019-04-03 16:16:59 INFO     Segments: 10
2019-04-03 16:16:59 INFO     ##########Example 7##########
2019-04-03 16:16:59 INFO     Characters: <BOS> 同 胞 们 、 朋 友 们 、 女 士 们 、 先 生 们 ： <\n>
2019-04-03 16:16:59 INFO     Tokens: <BOS> 同 胞 们 <PUNC> 朋 友 们 <PUNC> 女 士 们 <PUNC> 先 生 们 <PUNC> </s>
2019-04-03 16:16:59 INFO     Segments: 16
2019-04-03 16:16:59 INFO     ##########Example 8##########
2019-04-03 16:16:59 INFO     Characters: <BOS> 在 １９９８ 年 来 临 之 际 ， 
2019-04-03 16:16:59 INFO     Tokens: <BOS> 在 <NUM> 年 来 临 之 际 <PUNC> </s>
2019-04-03 16:16:59 INFO     Segments: 8
2019-04-03 16:16:59 INFO     ##########Example 9##########
2019-04-03 16:16:59 INFO     Characters: <BOS> 我 十 分 高 兴 地 通 过 中 央 人 民 广 播 电 台 、 中 国 国 际 广 播 电 台 和 中 央 电 视 
2019-04-03 16:16:59 INFO     Tokens: <BOS> 我 十 分 高 兴 地 通 过 中 央 人 民 广 播 电 台 <PUNC> 中 国 国 际 广 播 电 台 和 中 央 电 视 </s>
2019-04-03 16:16:59 INFO     Segments: 30
2019-04-03 16:17:01 INFO     Bucket batch sizes: 2285,1600,1333,1066,941,761,592,500
2019-04-03 16:17:01 INFO     Prepare validation dataloader
2019-04-03 16:17:02 INFO     #line: 1945
2019-04-03 16:17:02 INFO     #sentence: 11845
2019-04-03 16:17:02 INFO     #token: 191520
2019-04-03 16:17:02 INFO     ##########Example 0##########
2019-04-03 16:17:02 INFO     Characters: <BOS> 共 同 创 造 美 好 的 新 世 纪 —— 二 ○ ○ 一 年 新 年 贺 词 <\n>
2019-04-03 16:17:02 INFO     Tokens: <BOS> 共 同 创 造 美 好 的 新 世 纪 <PUNC> 二 ○ ○ 一 年 新 年 贺 词 </s>
2019-04-03 16:17:02 INFO     Segments: 20
2019-04-03 16:17:02 INFO     ##########Example 1##########
2019-04-03 16:17:02 INFO     Characters: <BOS> （ 二 ○ ○ ○ 年 十 二 月 三 十 一 日 ）  （ 附 图 片 1 张 ） <\n>
2019-04-03 16:17:02 INFO     Tokens: <BOS> <PUNC> 二 ○ ○ ○ 年 十 二 月 三 十 一 日 <PUNC> 附 图 片 <NUM> 张 <PUNC> </s>
2019-04-03 16:17:02 INFO     Segments: 20
2019-04-03 16:17:02 INFO     ##########Example 2##########
2019-04-03 16:17:02 INFO     Characters: <BOS> 女 士 们 ， 
2019-04-03 16:17:02 INFO     Tokens: <BOS> 女 士 们 <PUNC> </s>
2019-04-03 16:17:02 INFO     Segments: 4
2019-04-03 16:17:02 INFO     ##########Example 3##########
2019-04-03 16:17:02 INFO     Characters: <BOS> 先 生 们 ， 
2019-04-03 16:17:02 INFO     Tokens: <BOS> 先 生 们 <PUNC> </s>
2019-04-03 16:17:02 INFO     Segments: 4
2019-04-03 16:17:02 INFO     ##########Example 4##########
2019-04-03 16:17:02 INFO     Characters: <BOS> 同 志 们 ， 
2019-04-03 16:17:02 INFO     Tokens: <BOS> 同 志 们 <PUNC> </s>
2019-04-03 16:17:02 INFO     Segments: 4
2019-04-03 16:17:02 INFO     ##########Example 5##########
2019-04-03 16:17:02 INFO     Characters: <BOS> 朋 友 们 ： <\n>
2019-04-03 16:17:02 INFO     Tokens: <BOS> 朋 友 们 <PUNC> </s>
2019-04-03 16:17:02 INFO     Segments: 4
2019-04-03 16:17:02 INFO     ##########Example 6##########
2019-04-03 16:17:02 INFO     Characters: <BOS> 2001 年 新 年 钟 声 即 将 敲 响 。 
2019-04-03 16:17:02 INFO     Tokens: <BOS> <NUM> 年 新 年 钟 声 即 将 敲 响 <PUNC> </s>
2019-04-03 16:17:02 INFO     Segments: 11
2019-04-03 16:17:02 INFO     ##########Example 7##########
2019-04-03 16:17:02 INFO     Characters: <BOS> 人 类 社 会 前 进 的 航 船 就 要 驶 入 21 世 纪 的 新 航 程 。 
2019-04-03 16:17:02 INFO     Tokens: <BOS> 人 类 社 会 前 进 的 航 船 就 要 驶 入 <NUM> 世 纪 的 新 航 程 <PUNC> </s>
2019-04-03 16:17:02 INFO     Segments: 21
2019-04-03 16:17:02 INFO     ##########Example 8##########
2019-04-03 16:17:02 INFO     Characters: <BOS> 中 国 人 民 进 入 了 向 现 代 化 建 设 第 三 步 战 略 目 标 迈 进 的 新 征 程 。 <\n>
2019-04-03 16:17:02 INFO     Tokens: <BOS> 中 国 人 民 进 入 了 向 现 代 化 建 设 第 三 步 战 略 目 标 迈 进 的 新 征 程 <PUNC> </s>
2019-04-03 16:17:02 INFO     Segments: 27
2019-04-03 16:17:02 INFO     ##########Example 9##########
2019-04-03 16:17:02 INFO     Characters: <BOS> 在 这 个 激 动 人 心 的 时 刻 ， 
2019-04-03 16:17:02 INFO     Tokens: <BOS> 在 这 个 激 动 人 心 的 时 刻 <PUNC> </s>
2019-04-03 16:17:02 INFO     Segments: 11
2019-04-03 16:17:02 INFO     Ramdomly Initializing SLM parameters...
2019-04-03 16:17:02 INFO     global_step = 0
2019-04-03 16:17:02 INFO     unsupervised_loss = 16.686420
2019-04-03 16:17:03 INFO     Saving checkpoint models/unsupervised-pku-3...
2019-04-03 16:17:16 INFO     Bash Command: bash run.sh valid pku 3
2019-04-03 16:17:21 INFO     Validation results:
1.0.0
=== SUMMARY:
=== TOTAL INSERTIONS:	63542
=== TOTAL DELETIONS:	530
=== TOTAL SUBSTITUTIONS:	57137
=== TOTAL NCHANGE:	121209
=== TOTAL TRUE WORD COUNT:	104372
=== TOTAL TEST WORD COUNT:	167384
=== TOTAL TRUE WORDS RECALL:	0.447
=== TOTAL TEST WORDS PRECISION:	0.279
=== F MEASURE:	0.344
=== OOV Rate:	0.058
=== OOV Recall Rate:	0.193
=== IV Recall Rate:	0.463
Examples:
共  同  创  造  美  好  的  新  世  纪  ——  二  ○  ○  一  年  新  年  贺  词  
（  二  ○  ○  ○  年  十  二  月  三  十  一  日  ）  （  附  图  片  1  张  ）  
女  士  们  ，  先  生  们  ，  同  志  们  ，  朋  友  们  ：  
2001  年  新  年  钟  声  即  将  敲  响  。  人  类  社  会  前  进  的  航  船  就  要  驶  入  21  世  纪  的  新  航  程  。  中  国  人  民  进  入  了  向  现  代  化  建  设  第  三  步  战  略  目  标  迈  进  的  新  征  程  。  
在  这  个  激  动  人  心  的  时  刻  ，  我  很  高  兴  通  过  中  国  国  际  广  播  电  台  、  中  央  人  民  广  播  电  台  和  中  央  电  视  台  ，  向  全  国  各  族  人  民  ，  向  香  港  特  别  行  政  区  同  胞  、  澳  门  特  别  行  政  区  同  胞  和  台  湾  同  胞  、  海  外  侨  胞  ，  向  世  界  各  国  的  朋  友  们  ，  致  以  新  世  纪  第  一  个  新  年  的  祝  贺  ！  
过  去  的  一  年  ，  是  我  国  社  会  主  义  改  革  开  放  和  现  代  化  建  设  进  程  中  具  有  标  志  意  义  的  一  年  。  在  中  国  共  产  党  的  领  导  下  ，  全  国  各  族  人  民  团  结  奋  斗  ，  国  民  经  济  继  续  保  持  较  快  的  发  展  势  头  ，  经  济  结  构  的  战  略  性  调  整  顺  利  部  署  实  施  。  西  部  大  开  发  取  得  良  好  开  端  。  精  神文  明  建  设  和  民  主  法  制  建  设  进  一  步  加  强  。  我  们  在  过  去  几  年  取  得  成  绩  的  基  础  上  ，  胜  利  完  成  了  第  九  个  五年  计  划  。  我  国  已  进  入  了  全  面  建  设  小  康  社  会  ，  加  快  社  会  主  义  现  代  化  建  设  的  新  的  发  展  阶  段  。  
面  对  新  世  纪  ，  世  界  各  国  人  民  的  共  同  愿  望  是  ：  继  续  发  展  人  类  以  往  创  造  的  一  切  文  明  成  果  ，  克  服  20  世  纪  困  扰  着  人  类  的  战  争  和  贫  困  问  题  ，  推  进  和  平  与  发  展  的  崇  高  事  业  ，  创  造  一  个  美  好  的  世  界  。  
我  们  希  望  ，  新  世  纪  成  为  各  国  人  民  共  享  和  平  的  世  纪  。  在  20  世  纪  里  ，  世  界  饱  受  各  种  战  争  和  冲  突  的  苦  难  。  时  至  今日  ，  仍  有  不  少  国  家  和  地  区  的  人  民  还  在  忍  受  战  火  的  煎  熬  。  中  国  人  民  真  诚  地  祝  愿  他  们  早  日  过  上  和  平  安  定  的  生  活  。  中  国  人  民  热  爱  和  平  与  自  由  ，  始  终  奉  行  独  立  自  主  的  和  平  外  交  政  策  ，  永  远  站  在  人  类  正  义  事  业  的  一  边  。  我  们  愿  同  世  界  上  一  切  爱  好  和  平  的  国  家  和  人  民  一  道  ，  为  促进  世  界  多  极  化  ，  建  立  和  平  稳  定  、  公  正  合  理  的  国  际  政  治  经  济  新  秩  序  而  努  力  奋  斗  。  
我  们  希  望  ，  新  世  纪  成  为  各  国  人  民  共  同  发  展  的  世  纪  。  在  20  世  纪  里  ，  世  界  的  生  产  力  和  科  学  技  术  取  得  了  惊  人  的  成  就  。  但  是  ，  世  界  上  仍  有  许  多  人  民  尚  未  摆  脱  贫  穷  和  饥  饿  ，  有  的  甚  至  连  基  本  生  存  条  件  都  不  具  备  ，  时  刻  面  临  着  死  亡  的  威  胁  。  经  济  全  球  化  对  生  产  力  发  展  的  新  推  动  ，  科  学  技  术  突  飞  猛  进  带  来  的  新  成  果  ，  应  该  造  福  于  全  人  类  ，  特  别  是  应  该  用  来  促进  发  展  中  国  家  的  发  展  ，  改  善  极  度  贫  困  人  口  的  生  活  境  遇  ，  使  他  们  得  以  具  备  自  我  发  展  的  条  件  。  中  国  人  民  将  坚  持  不  懈  地为  此  作  出  自  己  的  贡  献  。  
我  们  希  望  ，  新  世  纪  成  为  各  种  文  明  共  同  进  步  的  世  纪  。  世  界  是  丰  富  多  彩  的  。  世  界  各  国  的  文  明  ，  都  是  人  类  的  宝  贵  财  富  ，  应  该  相  互  尊  重  、  相  互  学  习  。  历  史  充  分  证  明  ，  各  国  人  民  自  主  选  择  各  自  的  社  会  制  度  和  发  展  道  路  ，  在  继  承  和  发  展  本  民  族  文  明  的  基  础  上  吸  取  其  他  文  明  的  精  华  ，  按  照  自  己  的  意  志  创  造  并  享  受  美  好  的  生  活  ，  是  世  界  发  展  的  重  要  动  力  。  只  有  加  强  各  种  文  明  之  间  的  交  流  ，  推  动  各  种  文  明  共  同  进  步  ，  世  界  和  平  与  发  展  的  崇  高  事  业  才  能  真  正  实  现  。  

2019-04-03 16:17:21 INFO     Saving best checkpoint....
2019-04-03 16:17:56 INFO     global_step = 100
2019-04-03 16:17:56 INFO     unsupervised_loss = 8.635897
2019-04-03 16:18:31 INFO     global_step = 200
2019-04-03 16:18:31 INFO     unsupervised_loss = 6.192547
2019-04-03 16:19:06 INFO     global_step = 300
2019-04-03 16:19:06 INFO     unsupervised_loss = 5.522381
2019-04-03 16:19:42 INFO     global_step = 400
2019-04-03 16:19:42 INFO     unsupervised_loss = 5.287165
2019-04-03 16:19:42 INFO     Saving checkpoint models/unsupervised-pku-3...
2019-04-03 16:19:55 INFO     Bash Command: bash run.sh valid pku 3
2019-04-03 16:20:00 INFO     Validation results:
1.0.0
=== SUMMARY:
=== TOTAL INSERTIONS:	3847
=== TOTAL DELETIONS:	11507
=== TOTAL SUBSTITUTIONS:	22240
=== TOTAL NCHANGE:	37594
=== TOTAL TRUE WORD COUNT:	104372
=== TOTAL TEST WORD COUNT:	96712
=== TOTAL TRUE WORDS RECALL:	0.677
=== TOTAL TEST WORDS PRECISION:	0.730
=== F MEASURE:	0.702
=== OOV Rate:	0.058
=== OOV Recall Rate:	0.429
=== IV Recall Rate:	0.692
Examples:
共同  创造  美好的  新世纪  ——  二○  ○一年  新年  贺词  
（  二○  ○  ○年  十二  月  三十一  日  ）  （  附图片  1  张  ）  
女士  们  ，  先生  们  ，  同志  们  ，  朋友  们  ：  
2001  年  新年  钟声  即将  敲响  。  人类  社会  前进  的  航船  就要  驶入  21  世纪的  新  航程  。  中国  人民  进入了  向  现代化  建设  第三步  战略  目标  迈进的  新  征程  。  
在  这个  激动  人心的  时刻  ，  我  很高兴  通过  中国  国际  广播  电台  、  中央  人民  广播  电台  和  中央  电视台  ，  向  全国  各族  人民  ，  向  香港  特别  行政区  同胞  、  澳门  特别  行政区  同胞和  台湾  同胞  、  海外  侨胞  ，  向  世界  各国的  朋友  们  ，  致以  新世纪  第一个  新年的  祝贺  ！  
过去的  一年  ，  是  我国  社会  主义  改革  开放和  现代化  建设  进程中  具有  标志  意义的  一年  。  在  中国  共产  党的  领导下  ，  全国  各族  人民  团结  奋斗  ，  国民  经济  继续  保持  较快  的  发展  势头  ，  经济  结构的  战略  性  调整  顺利  部署  实施  。  西部  大  开发  取得  良好  开端  。  精神  文明  建设和  民主  法制  建设  进一步  加强  。  我们  在  过去  几年  取得  成绩  的  基础上  ，  胜利  完成了  第九个  五年  计划  。  我国已  进入了  全面  建设  小康  社会  ，  加快  社会  主义  现代化  建设的  新的  发展  阶段  。  
面对  新世纪  ，  世界  各国  人民的  共同  愿望  是  ：  继续  发展  人类  以往  创造的  一切  文明  成果  ，  克服  20  世纪  困扰着  人类  的  战争和  贫困  问题  ，  推进  和平  与  发展的  崇高  事业  ，  创造  一个  美好的  世界  。  
我们  希望  ，  新世纪  成为  各国  人民  共享  和平  的  世纪  。  在  20  世纪  里  ，  世界  饱受  各种  战争和  冲突  的  苦难  。  时  至今日  ，  仍有  不少  国家和  地区的  人民  还在  忍受  战火  的  煎熬  。  中国  人民  真诚地  祝愿  他们  早日过  上和  平安  定的  生活  。  中国  人民  热爱  和平  与  自由  ，  始终  奉行  独立  自主的  和平  外交  政策  ，  永远  站在  人类  正义  事业的  一边  。  我们  愿  同  世界上  一切  爱好  和平  的  国家和  人民  一道  ，  为  促进  世界  多  极化  ，  建立  和平  稳定  、  公正  合理的  国际  政治  经济  新  秩序而  努力  奋斗  。  
我们  希望  ，  新世纪  成为  各国  人民  共同  发展的  世纪  。  在  20  世纪  里  ，  世界的  生产  力和  科学  技术  取得了  惊人  的  成就  。  但是  ，  世界上  仍有  许多  人民  尚未  摆脱贫  穷和  饥饿  ，  有的  甚至  连  基本  生存  条件  都不  具备  ，  时刻  面临着  死亡  的  威胁  。  经济  全球  化  对  生产  力  发展的  新  推动  ，  科学  技术  突飞  猛进  带来  的  新  成果  ，  应该  造福  于  全  人类  ，  特别是  应该  用  来  促进  发展中  国家的  发展  ，  改善  极度  贫困  人口  的  生活  境遇  ，  使  他们  得以  具备  自我  发展的  条件  。  中国  人民  将  坚持  不懈地  为此  作出  自己的  贡献  。  
我们  希望  ，  新世纪  成为  各种  文明  共同  进步  的  世纪  。  世界  是  丰富  多彩  的  。  世界  各国的  文明  ，  都是  人类的  宝贵  财富  ，  应该  相互  尊重  、  相互  学习  。  历史  充分  证明  ，  各国  人民  自主  选择  各自的  社会  制度和  发展  道路  ，  在  继承和  发展  本  民族  文明  的  基础上  吸取  其他  文明  的  精华  ，  按照  自己的  意志  创造并  享受  美好的  生活  ，  是  世界  发展的  重要  动力  。  只有  加强  各种  文明  之间  的  交流  ，  推动  各种  文明  共同  进步  ，  世界  和平  与  发展的  崇高  事业  才能  真正  实现  。  

2019-04-03 16:20:00 INFO     Saving best checkpoint....
2019-04-03 16:20:35 INFO     global_step = 500
2019-04-03 16:20:35 INFO     unsupervised_loss = 5.131377
2019-04-03 16:21:10 INFO     global_step = 600
2019-04-03 16:21:10 INFO     unsupervised_loss = 5.017529
2019-04-03 16:21:45 INFO     global_step = 700
2019-04-03 16:21:45 INFO     unsupervised_loss = 4.934224
2019-04-03 16:22:21 INFO     global_step = 800
2019-04-03 16:22:21 INFO     unsupervised_loss = 4.893030
2019-04-03 16:22:22 INFO     Saving checkpoint models/unsupervised-pku-3...
2019-04-03 16:22:33 INFO     Bash Command: bash run.sh valid pku 3
2019-04-03 16:22:38 INFO     Validation results:
1.0.0
=== SUMMARY:
=== TOTAL INSERTIONS:	3971
=== TOTAL DELETIONS:	10429
=== TOTAL SUBSTITUTIONS:	19740
=== TOTAL NCHANGE:	34140
=== TOTAL TRUE WORD COUNT:	104372
=== TOTAL TEST WORD COUNT:	97914
=== TOTAL TRUE WORDS RECALL:	0.711
=== TOTAL TEST WORDS PRECISION:	0.758
=== F MEASURE:	0.734
=== OOV Rate:	0.058
=== OOV Recall Rate:	0.447
=== IV Recall Rate:	0.727
Examples:
共同  创造  美好  的  新世纪  ——  二○  ○一  年  新年  贺词  
（  二○  ○  ○年  十二  月  三十一  日  ）  （  附图片  1  张  ）  
女士  们  ，  先生  们  ，  同志  们  ，  朋友  们  ：  
2001  年  新年  钟声  即将  敲响  。  人类  社会  前进  的  航船  就要  驶入  21  世纪  的  新  航程  。  中国  人民  进入了  向  现代化  建设  第三步  战略  目标  迈进  的  新  征程  。  
在  这个  激动  人心  的  时刻  ，  我  很高兴  通过  中国  国际  广播  电台  、  中央  人民  广播  电台  和  中央  电视台  ，  向  全国  各族  人民  ，  向  香港  特别  行政区  同胞  、  澳门  特别  行政区  同胞和  台湾  同胞  、  海外  侨胞  ，  向  世界  各国  的  朋友  们  ，  致以  新世纪  第一个  新年的  祝贺  ！  
过去的  一年  ，  是  我国  社会  主义  改革  开放和  现代化  建设  进程中  具有  标志  意义  的  一年  。  在  中国  共产  党的  领导下  ，  全国  各族  人民  团结  奋斗  ，  国民  经济  继续  保持  较快  的  发展  势头  ，  经济  结构  的  战略  性  调整  顺利  部署  实施  。  西部  大  开发  取得  良好  开端  。  精神  文明  建设和  民主  法制  建设  进一步  加强  。  我们  在  过去  几年  取得  成绩  的  基础上  ，  胜利  完成了  第九个  五年  计划  。  我国已  进入了  全面  建设  小康  社会  ，  加快  社会  主义  现代化  建设  的  新的  发展  阶段  。  
面对  新世纪  ，  世界  各国  人民  的  共同  愿望  是  ：  继续  发展  人类  以往  创造  的  一切  文明  成果  ，  克服  20  世纪  困扰着  人类  的  战争和  贫困  问题  ，  推进  和平  与  发展  的  崇高  事业  ，  创造  一个  美好的  世界  。  
我们  希望  ，  新世纪  成为  各国  人民  共享  和平  的  世纪  。  在  20  世纪里  ，  世界  饱受  各种  战争和  冲突  的  苦难  。  时  至今日  ，  仍有  不少  国家和  地区  的  人民  还  在  忍受  战火  的  煎熬  。  中国  人民  真诚地  祝愿  他们  早日  过上  和平  安定  的  生活  。  中国  人民  热爱  和平  与  自由  ，  始终  奉行  独立  自主  的  和平  外交  政策  ，  永远  站在  人类  正义  事业  的  一边  。  我们  愿  同  世界上  一切  爱好  和平  的  国家和  人民  一道  ，  为  促进  世界  多极化  ，  建立  和平  稳定  、  公正  合理  的  国际  政治  经济  新  秩序而  努力  奋斗  。  
我们  希望  ，  新世纪  成为  各国  人民  共同  发展  的  世纪  。  在  20  世纪里  ，  世界  的  生产  力和  科学  技术  取得了  惊人  的  成就  。  但是  ，  世界上  仍有  许多  人民  尚未  摆脱  贫穷  和  饥饿  ，  有的  甚至  连  基本  生存  条件  都不  具备  ，  时刻  面临着  死亡  的  威胁  。  经济  全球  化  对  生产  力  发展  的  新  推动  ，  科学  技术  突飞  猛进  带来  的  新  成果  ，  应该  造福  于  全人类  ，  特别是  应该  用  来  促进  发展中  国家  的  发展  ，  改善  极度  贫困  人口  的  生活  境遇  ，  使  他们  得以  具备  自我  发展  的  条件  。  中国  人民  将  坚持  不懈地  为此  作出  自己的  贡献  。  
我们  希望  ，  新世纪  成为  各种  文明  共同  进步  的  世纪  。  世界  是  丰富  多彩  的  。  世界  各国  的  文明  ，  都是  人类  的宝贵  财富  ，  应该  相互  尊重  、  相互  学习  。  历史  充分  证明  ，  各国  人民  自主  选择  各自的  社会  制度和  发展  道路  ，  在  继承和  发展  本  民族  文明  的  基础上  吸取  其他  文明  的  精华  ，  按照  自己的  意志  创造并  享受  美好  的  生活  ，  是  世界  发展  的  重要  动力  。  只有  加强  各种  文明  之间  的  交流  ，  推动  各种  文明  共同  进步  ，  世界  和平  与  发展  的  崇高  事业  才能  真正  实现  。  

2019-04-03 16:22:38 INFO     Saving best checkpoint....
2019-04-03 16:23:15 INFO     global_step = 900
2019-04-03 16:23:15 INFO     unsupervised_loss = 4.817874
2019-04-03 16:23:52 INFO     global_step = 1000
2019-04-03 16:23:52 INFO     unsupervised_loss = 4.630263
2019-04-03 16:24:28 INFO     global_step = 1100
2019-04-03 16:24:28 INFO     unsupervised_loss = 4.491984
2019-04-03 16:25:04 INFO     global_step = 1200
2019-04-03 16:25:04 INFO     unsupervised_loss = 4.423965
2019-04-03 16:25:05 INFO     Saving checkpoint models/unsupervised-pku-3...
2019-04-03 16:25:17 INFO     Bash Command: bash run.sh valid pku 3
2019-04-03 16:25:21 INFO     Validation results:
1.0.0
=== SUMMARY:
=== TOTAL INSERTIONS:	5418
=== TOTAL DELETIONS:	7423
=== TOTAL SUBSTITUTIONS:	16954
=== TOTAL NCHANGE:	29795
=== TOTAL TRUE WORD COUNT:	104372
=== TOTAL TEST WORD COUNT:	102367
=== TOTAL TRUE WORDS RECALL:	0.766
=== TOTAL TEST WORDS PRECISION:	0.781
=== F MEASURE:	0.774
=== OOV Rate:	0.058
=== OOV Recall Rate:	0.438
=== IV Recall Rate:	0.787
Examples:
共同  创造  美好  的  新  世纪  ——  二○  ○一  年  新年  贺词  
（  二○  ○  ○  年十二  月  三十一  日  ）  （  附图片  1  张  ）  
女士  们  ，  先生  们  ，  同志  们  ，  朋友  们  ：  
2001  年  新年  钟声  即将  敲响  。  人类  社会  前进  的  航船  就要  驶入  21  世纪  的  新  航程  。  中国  人民  进入了  向  现代化  建设  第三  步  战略  目标  迈进  的  新  征程  。  
在  这个  激动  人心  的  时刻  ，  我  很  高兴  通过  中国  国际  广播  电台  、  中央  人民  广播  电台  和  中央  电视台  ，  向  全国  各族  人民  ，  向  香港  特别  行政  区  同胞  、  澳门  特别  行政  区  同胞  和  台湾  同胞  、  海外  侨胞  ，  向  世界  各国  的  朋友  们  ，  致以  新世纪  第一个  新年  的  祝贺  ！  
过去的  一年  ，  是  我国  社会  主义  改革  开放和  现代化  建设  进程  中  具有  标志  意义  的  一年  。  在  中国  共产  党的  领导下  ，  全国  各族  人民  团结  奋斗  ，  国民  经济  继续  保持  较快  的  发展  势头  ，  经济  结构  的  战略  性  调整  顺利  部署  实施  。  西部  大  开发  取得  良好  开端  。  精神  文明  建设和  民主  法制  建设  进一步  加强  。  我们  在  过去  几年  取得  成绩  的  基础  上  ，  胜利  完成了  第九  个  五年  计划  。  我国  已  进入了  全面  建设  小康  社会  ，  加快  社会  主义  现代化  建设  的  新的  发展  阶段  。  
面对  新  世纪  ，  世界  各国  人民  的  共同  愿望  是  ：  继续  发展  人类  以往  创造  的  一切  文明  成果  ，  克服  20  世纪  困扰着  人类  的  战争  和  贫困  问题  ，  推进  和平  与  发展  的  崇高  事业  ，  创造  一个  美好  的  世界  。  
我们  希望  ，  新  世纪  成为  各国  人民  共享  和平  的  世纪  。  在  20  世纪里  ，  世界  饱受  各种  战争  和  冲突  的  苦难  。  时  至今日  ，  仍有  不少  国家和  地区  的  人民  还  在  忍受  战火  的  煎熬  。  中国  人民  真诚  地  祝愿  他们  早日  过上  和平  安定  的  生活  。  中国  人民  热爱  和平  与  自由  ，  始终  奉行  独立  自主  的  和平  外交  政策  ，  永远  站在  人类  正义  事业  的  一边  。  我们  愿  同  世界上  一切  爱好  和平  的  国家和  人民  一道  ，  为  促进  世界  多极化  ，  建立  和平  稳定  、  公正  合理  的  国际  政治  经济  新  秩序  而  努力  奋斗  。  
我们  希望  ，  新  世纪  成为  各国  人民  共同  发展  的  世纪  。  在  20  世纪里  ，  世界  的  生产  力和  科学  技术  取得了  惊人  的  成就  。  但是  ，  世界上  仍有  许多  人民  尚未  摆脱  贫穷  和  饥饿  ，  有的  甚至  连  基本  生存  条件  都  不  具备  ，  时刻  面临着  死亡  的  威胁  。  经济  全球  化  对  生产  力  发展  的  新  推动  ，  科学  技术  突飞  猛进  带来  的  新  成果  ，  应该  造福  于全  人类  ，  特别是  应该  用来  促进  发展中  国家  的  发展  ，  改善  极度  贫困  人口  的  生活  境遇  ，  使  他们  得以  具备  自我  发展  的  条件  。  中国  人民  将  坚持  不懈  地  为此  作出  自己的  贡献  。  
我们  希望  ，  新  世纪  成为  各种  文明  共同  进步  的  世纪  。  世界  是  丰富  多彩  的  。  世界  各国  的  文明  ，  都是  人类  的宝贵  财富  ，  应该  相互  尊重  、  相互  学习  。  历史  充分  证明  ，  各国  人民  自主  选择  各自  的  社会  制度  和  发展  道路  ，  在  继承和  发展  本  民族  文明  的  基础  上  吸取  其他  文明  的  精华  ，  按照  自己的  意志  创造并  享受  美好  的  生活  ，  是  世界  发展  的  重要  动力  。  只有  加强  各种  文明  之间  的  交流  ，  推动  各种  文明  共同  进步  ，  世界  和平  与  发展  的  崇高  事业  才能  真正  实现  。  

2019-04-03 16:25:21 INFO     Saving best checkpoint....
2019-04-03 16:25:57 INFO     global_step = 1300
2019-04-03 16:25:57 INFO     unsupervised_loss = 4.363732
2019-04-03 16:26:33 INFO     global_step = 1400
2019-04-03 16:26:33 INFO     unsupervised_loss = 4.317337
2019-04-03 16:27:10 INFO     global_step = 1500
2019-04-03 16:27:10 INFO     unsupervised_loss = 4.286074
2019-04-03 16:27:45 INFO     global_step = 1600
2019-04-03 16:27:45 INFO     unsupervised_loss = 4.239585
2019-04-03 16:27:46 INFO     Saving checkpoint models/unsupervised-pku-3...
2019-04-03 16:27:58 INFO     Bash Command: bash run.sh valid pku 3
2019-04-03 16:28:03 INFO     Validation results:
1.0.0
=== SUMMARY:
=== TOTAL INSERTIONS:	5984
=== TOTAL DELETIONS:	6658
=== TOTAL SUBSTITUTIONS:	16352
=== TOTAL NCHANGE:	28994
=== TOTAL TRUE WORD COUNT:	104372
=== TOTAL TEST WORD COUNT:	103698
=== TOTAL TRUE WORDS RECALL:	0.780
=== TOTAL TEST WORDS PRECISION:	0.785
=== F MEASURE:	0.782
=== OOV Rate:	0.058
=== OOV Recall Rate:	0.446
=== IV Recall Rate:	0.800
Examples:
共同  创造  美好  的  新世纪  ——  二○  ○一  年  新年  贺词  
（  二○  ○  ○  年  十二  月  三十一  日  ）  （  附图片  1  张  ）  
女士  们  ，  先生  们  ，  同志  们  ，  朋友  们  ：  
2001  年  新年  钟声  即将  敲响  。  人类  社会  前进  的  航船  就要  驶入  21  世纪  的  新  航程  。  中国  人民  进入了  向  现代化  建设  第三  步  战略  目标  迈进  的  新  征程  。  
在  这个  激动  人心  的  时刻  ，  我  很  高兴  通过  中国  国际  广播  电台  、  中央  人民  广播  电台  和  中央  电视台  ，  向  全国  各族  人民  ，  向  香港  特别  行政  区  同胞  、  澳门  特别  行政  区  同胞  和  台湾  同胞  、  海外  侨胞  ，  向  世界  各国  的  朋友  们  ，  致以  新世纪  第一个  新年  的  祝贺  ！  
过去  的  一年  ，  是  我国  社会  主义  改革  开放和  现代化  建设  进程  中  具有  标志  意义  的  一年  。  在  中国  共产  党的  领导  下  ，  全国  各族  人民  团结  奋斗  ，  国民  经济  继续  保持  较快  的  发展  势头  ，  经济  结构  的  战略  性  调整  顺利  部署  实施  。  西部大  开发  取得  良好  开端  。  精神  文明  建设和  民主  法制  建设  进一步  加强  。  我们  在  过去  几年  取得  成绩  的基础  上  ，  胜利  完成了  第九  个  五年  计划  。  我国  已  进入了  全面  建设  小康  社会  ，  加快  社会  主义  现代化  建设  的  新的  发展  阶段  。  
面对  新世纪  ，  世界  各国  人民  的  共同  愿望  是  ：  继续  发展  人类  以往  创造  的  一切  文明  成果  ，  克服  20  世纪  困扰着  人类  的  战争  和  贫困  问题  ，  推进  和平  与  发展  的  崇高  事业  ，  创造  一个  美好  的  世界  。  
我们  希望  ，  新世纪  成为  各国  人民  共享  和平  的  世纪  。  在  20  世纪里  ，  世界  饱受  各种  战争  和  冲突  的  苦难  。  时至  今日  ，  仍有  不少  国家  和  地区  的  人民  还  在  忍受  战火  的  煎熬  。  中国  人民  真诚  地  祝愿  他们  早日  过上  和平  安定  的  生活  。  中国  人民  热爱  和平  与  自由  ，  始终  奉行  独立  自主  的  和平  外交  政策  ，  永远  站在  人类  正义  事业  的  一边  。  我们  愿  同  世界上  一切  爱好  和平  的  国家  和  人民  一道  ，  为  促进  世界  多极化  ，  建立  和平  稳定  、  公正  合理  的  国际  政治  经济  新  秩序  而  努力  奋斗  。  
我们  希望  ，  新世纪  成为  各国  人民  共同  发展  的  世纪  。  在  20  世纪里  ，  世界  的  生产  力和  科学  技术  取得了  惊人  的  成就  。  但是  ，  世界  上  仍有  许多  人民  尚未  摆脱  贫穷  和  饥饿  ，  有的  甚至  连基本  生存  条件  都  不  具备  ，  时刻  面临着  死亡  的  威胁  。  经济  全球  化  对  生产  力  发展  的  新  推动  ，  科学  技术  突飞  猛进  带来  的  新  成果  ，  应该  造福  于全  人类  ，  特别是  应该  用来  促进  发展  中  国家  的  发展  ，  改善  极度  贫困  人口  的  生活  境遇  ，  使  他们  得以  具备  自我  发展  的  条件  。  中国  人民  将  坚持  不懈  地  为此  作出  自己  的  贡献  。  
我们  希望  ，  新世纪  成为  各种  文明  共同  进步  的  世纪  。  世界  是  丰富  多彩  的  。  世界  各国  的  文明  ，  都  是  人类  的宝贵  财富  ，  应该  相互  尊重  、  相互  学习  。  历史  充分  证明  ，  各国  人民  自主  选择  各自  的  社会  制度  和  发展  道路  ，  在  继承和  发展  本  民族  文明  的  基础  上  吸取  其他  文明  的  精华  ，  按照  自己  的  意志  创造并  享受  美好  的  生活  ，  是  世界  发展  的  重要  动力  。  只有  加强  各种  文明  之间  的  交流  ，  推动  各种  文明  共同  进步  ，  世界  和平  与  发展  的  崇高  事业  才能  真正  实现  。  

2019-04-03 16:28:03 INFO     Saving best checkpoint....
2019-04-03 16:28:39 INFO     global_step = 1700
2019-04-03 16:28:39 INFO     unsupervised_loss = 4.236905
2019-04-03 16:29:15 INFO     global_step = 1800
2019-04-03 16:29:15 INFO     unsupervised_loss = 4.215926
2019-04-03 16:29:51 INFO     global_step = 1900
2019-04-03 16:29:51 INFO     unsupervised_loss = 4.188186
2019-04-03 16:30:26 INFO     global_step = 2000
2019-04-03 16:30:26 INFO     unsupervised_loss = 4.186398
2019-04-03 16:30:26 INFO     Saving checkpoint models/unsupervised-pku-3...
2019-04-03 16:30:39 INFO     Bash Command: bash run.sh valid pku 3
2019-04-03 16:30:44 INFO     Validation results:
1.0.0
=== SUMMARY:
=== TOTAL INSERTIONS:	6494
=== TOTAL DELETIONS:	6109
=== TOTAL SUBSTITUTIONS:	16198
=== TOTAL NCHANGE:	28801
=== TOTAL TRUE WORD COUNT:	104372
=== TOTAL TEST WORD COUNT:	104757
=== TOTAL TRUE WORDS RECALL:	0.786
=== TOTAL TEST WORDS PRECISION:	0.783
=== F MEASURE:	0.785
=== OOV Rate:	0.058
=== OOV Recall Rate:	0.440
=== IV Recall Rate:	0.807
Examples:
共同  创造  美好  的  新世纪  ——  二○  ○一  年  新  年  贺词  
（  二○  ○  ○  年  十二  月  三十一  日  ）  （  附图片  1  张  ）  
女士  们  ，  先生  们  ，  同志  们  ，  朋友  们  ：  
2001  年  新  年  钟声  即将  敲响  。  人类  社会  前进  的航船  就要  驶入  21  世纪  的  新  航程  。  中国  人民  进入了  向  现代  化  建设  第三  步  战略  目标  迈进  的  新  征程  。  
在  这个  激动  人心  的  时刻  ，  我  很  高兴  通过  中国  国际  广播  电台  、  中央  人民  广播  电台  和  中央  电视台  ，  向  全国  各族  人民  ，  向  香港  特别  行政  区  同胞  、  澳门  特别  行政  区  同胞  和  台湾  同胞  、  海外  侨胞  ，  向  世界  各国  的  朋友  们  ，  致以  新世纪  第一  个  新年  的  祝贺  ！  
过去  的  一年  ，  是  我国  社会  主义  改革  开放和  现代化  建设  进程  中  具有  标志  意义  的  一年  。  在  中国  共产  党的  领导  下  ，  全国  各族  人民  团结  奋斗  ，  国民  经济  继续  保持  较快  的  发展  势头  ，  经济  结构  的  战略  性  调整  顺利  部署  实施  。  西部  大  开发  取得  良好  开端  。  精神  文明  建设  和  民主  法制  建设  进一步  加强  。  我  们  在  过去  几年  取得  成绩  的  基础  上  ，  胜利  完成了  第九  个  五年  计划  。  我国  已  进入了  全面  建设  小康  社会  ，  加快  社会  主义  现代化  建设  的  新的  发展  阶段  。  
面对  新  世纪  ，  世界  各国  人民  的  共同  愿望  是  ：  继续  发展  人类  以往  创造  的  一切  文明  成果  ，  克服  20  世纪  困扰  着  人类  的  战争  和  贫困  问题  ，  推进  和平  与  发展  的  崇高  事业  ，  创造  一个  美好  的  世界  。  
我  们  希望  ，  新世纪  成为  各国  人民  共享  和平  的  世纪  。  在  20  世纪里  ，  世界  饱受  各种  战争  和  冲突  的  苦难  。  时至  今日  ，  仍  有  不少  国家和  地区  的  人民  还  在  忍受  战火  的  煎熬  。  中国  人民  真诚  地  祝愿  他们  早日  过上  和平  安定  的  生活  。  中国  人民  热爱  和平  与  自由  ，  始终  奉行  独立  自主  的  和平  外交  政策  ，  永远  站在  人类  正义  事业  的  一边  。  我  们  愿  同  世界  上  一切  爱好  和平  的  国家  和  人民  一道  ，  为  促进  世界  多极化  ，  建立  和平  稳定  、  公正  合理  的  国际  政治  经济  新  秩序  而  努力  奋斗  。  
我  们  希望  ，  新世纪  成为  各国  人民  共同  发展  的  世纪  。  在  20  世纪里  ，  世界  的  生产  力  和  科学  技术  取得了  惊人  的  成就  。  但是  ，  世界  上  仍有  许多  人民  尚未  摆脱  贫穷  和  饥饿  ，  有的  甚至  连基本  生存  条件  都  不  具备  ，  时刻  面临着  死亡  的  威胁  。  经济  全球  化  对  生产  力  发展  的  新  推动  ，  科学  技术  突飞  猛进  带来  的  新  成果  ，  应该  造福  于  全人类  ，  特别是  应该  用来  促进  发展  中  国家  的  发展  ，  改善  极度  贫困  人口  的  生活  境遇  ，  使  他  们  得以  具备  自我  发展  的  条件  。  中国  人民  将  坚持  不懈  地  为此  作出  自己  的  贡献  。  
我  们  希望  ，  新世纪  成为  各种  文明  共同  进步  的  世纪  。  世界  是  丰富  多彩  的  。  世界  各国  的  文明  ，  都  是  人类  的宝贵  财富  ，  应该  相互  尊重  、  相互  学习  。  历史  充分  证明  ，  各国  人民  自主  选择  各自  的  社会  制度  和  发展  道路  ，  在  继承和  发展  本  民族  文明  的  基础  上  吸取  其他  文明  的  精华  ，  按照  自己  的  意志  创造并  享受  美好  的  生活  ，  是  世界  发展  的  重要  动力  。  只有  加强  各种  文明  之间  的  交流  ，  推动  各种  文明  共同  进步  ，  世界  和平  与  发展  的  崇高  事业  才能  真正  实现  。  

2019-04-03 16:30:44 INFO     Saving best checkpoint....
2019-04-03 16:31:18 INFO     global_step = 2100
2019-04-03 16:31:18 INFO     unsupervised_loss = 4.164671
2019-04-03 16:31:54 INFO     global_step = 2200
2019-04-03 16:31:54 INFO     unsupervised_loss = 4.170637
2019-04-03 16:32:30 INFO     global_step = 2300
2019-04-03 16:32:30 INFO     unsupervised_loss = 4.148052
2019-04-03 16:33:05 INFO     global_step = 2400
2019-04-03 16:33:05 INFO     unsupervised_loss = 4.133738
2019-04-03 16:33:06 INFO     Saving checkpoint models/unsupervised-pku-3...
2019-04-03 16:33:19 INFO     Bash Command: bash run.sh valid pku 3
2019-04-03 16:33:24 INFO     Validation results:
1.0.0
=== SUMMARY:
=== TOTAL INSERTIONS:	6950
=== TOTAL DELETIONS:	5368
=== TOTAL SUBSTITUTIONS:	15651
=== TOTAL NCHANGE:	27969
=== TOTAL TRUE WORD COUNT:	104372
=== TOTAL TEST WORD COUNT:	105954
=== TOTAL TRUE WORDS RECALL:	0.799
=== TOTAL TEST WORDS PRECISION:	0.787
=== F MEASURE:	0.793
=== OOV Rate:	0.058
=== OOV Recall Rate:	0.437
=== IV Recall Rate:	0.821
Examples:
共同  创造  美好  的  新  世纪  ——  二  ○  ○一  年  新  年  贺词  
（  二○  ○  ○  年  十二  月  三十一  日  ）  （  附图片  1  张  ）  
女士  们  ，  先生  们  ，  同志  们  ，  朋友  们  ：  
2001  年  新  年  钟声  即将  敲响  。  人类  社会  前进  的  航船  就要  驶入  21  世纪  的  新  航程  。  中国  人民  进入了  向  现代化  建设  第三  步  战略  目标  迈进  的  新  征程  。  
在  这个  激动  人心  的  时刻  ，  我  很  高兴  通过  中国  国际  广播  电台  、  中央  人民  广播  电台  和  中央  电视台  ，  向  全国  各族  人民  ，  向  香港  特别  行政  区  同胞  、  澳门  特别  行政  区  同胞  和  台湾  同胞  、  海外  侨胞  ，  向  世界  各国  的  朋友  们  ，  致以  新世纪  第一  个  新年  的  祝贺  ！  
过去  的  一年  ，  是  我国  社会  主义  改革  开放和  现代化  建设  进程  中  具有  标志  意义  的  一年  。  在  中国  共产  党的  领导  下  ，  全国  各族  人民  团结  奋斗  ，  国民  经济  继续  保持  较快  的  发展  势头  ，  经济  结构  的  战略  性  调整  顺利  部署  实施  。  西部  大  开发  取得  良好  开端  。  精神  文明  建设  和  民主  法制  建设  进一步  加强  。  我  们  在  过去  几年  取得  成绩  的  基础  上  ，  胜利  完成了  第九  个  五  年  计划  。  我国  已  进入了  全面  建设  小康  社会  ，  加快  社会  主义  现代化  建设  的  新的  发展  阶段  。  
面对  新  世纪  ，  世界  各国  人民  的  共同  愿望  是  ：  继续  发展  人类  以往  创造  的  一切  文明  成果  ，  克服  20  世纪  困扰  着  人类  的  战争  和  贫困  问题  ，  推进  和平  与  发展  的  崇高  事业  ，  创造  一个  美好  的  世界  。  
我  们  希望  ，  新  世纪  成为  各国  人民  共享  和平  的  世纪  。  在  20  世纪里  ，  世界  饱受  各种  战争  和  冲突  的  苦难  。  时至  今日  ，  仍有  不少  国家  和  地区  的  人民  还  在  忍受  战火  的  煎熬  。  中国  人民  真诚  地  祝愿  他们  早日  过上  和平  安定  的  生活  。  中国  人民  热爱  和平  与  自由  ，  始终  奉行  独立  自主  的  和平  外交  政策  ，  永远  站在  人类  正义  事业  的  一边  。  我  们  愿  同  世界  上  一切  爱好  和平  的  国家  和  人民  一道  ，  为  促进  世界  多极化  ，  建立  和平  稳定  、  公正  合理  的  国际  政治  经济  新  秩序而  努力  奋斗  。  
我  们  希望  ，  新  世纪  成为  各国  人民  共同  发展  的  世纪  。  在  20  世纪里  ，  世界  的  生产  力  和  科学  技术  取得了  惊人  的  成就  。  但是  ，  世界  上  仍有  许多  人民  尚未  摆脱  贫穷  和  饥饿  ，  有的  甚至  连  基本  生存  条件  都  不  具备  ，  时刻  面临着  死亡  的  威胁  。  经济  全球  化  对  生产  力  发展  的  新  推动  ，  科学  技术  突飞  猛进  带来  的  新  成果  ，  应该  造福  于  全  人类  ，  特别  是  应该  用  来  促进  发展  中  国家  的  发展  ，  改善  极度  贫困  人口  的  生活  境遇  ，  使  他们  得以  具备  自我  发展  的  条件  。  中国  人民  将  坚持  不懈  地  为此  作出  自己  的  贡献  。  
我  们  希望  ，  新  世纪  成为  各种  文明  共同  进步  的  世纪  。  世界  是  丰富  多彩  的  。  世界  各国  的  文明  ，  都  是  人类  的宝贵  财富  ，  应该  相互  尊重  、  相互  学习  。  历史  充分  证明  ，  各国  人民  自主  选择  各自  的  社会  制度  和  发展  道路  ，  在  继承和  发展  本  民族  文明  的  基础  上  吸取  其他  文明  的  精华  ，  按照  自己  的  意志  创造  并  享受  美好  的  生活  ，  是  世界  发展  的  重要  动力  。  只有  加强  各种  文明  之间  的  交流  ，  推动  各种  文明  共同  进步  ，  世界  和平  与  发展  的  崇高  事业  才能  真正  实现  。  

2019-04-03 16:33:24 INFO     Saving best checkpoint....
2019-04-03 16:34:00 INFO     global_step = 2500
2019-04-03 16:34:00 INFO     unsupervised_loss = 4.135411
2019-04-03 16:34:36 INFO     global_step = 2600
2019-04-03 16:34:36 INFO     unsupervised_loss = 4.118315
2019-04-03 16:35:11 INFO     global_step = 2700
2019-04-03 16:35:11 INFO     unsupervised_loss = 4.112606
2019-04-03 16:35:47 INFO     global_step = 2800
2019-04-03 16:35:47 INFO     unsupervised_loss = 4.113364
2019-04-03 16:35:48 INFO     Saving checkpoint models/unsupervised-pku-3...
2019-04-03 16:36:01 INFO     Bash Command: bash run.sh valid pku 3
2019-04-03 16:36:06 INFO     Validation results:
1.0.0
=== SUMMARY:
=== TOTAL INSERTIONS:	7184
=== TOTAL DELETIONS:	5132
=== TOTAL SUBSTITUTIONS:	15452
=== TOTAL NCHANGE:	27768
=== TOTAL TRUE WORD COUNT:	104372
=== TOTAL TEST WORD COUNT:	106424
=== TOTAL TRUE WORDS RECALL:	0.803
=== TOTAL TEST WORDS PRECISION:	0.787
=== F MEASURE:	0.795
=== OOV Rate:	0.058
=== OOV Recall Rate:	0.438
=== IV Recall Rate:	0.825
Examples:
共同  创造  美好  的  新  世纪  ——  二  ○  ○一  年  新年  贺词  
（  二○  ○  ○  年  十二  月  三十一  日  ）  （  附图片  1  张  ）  
女士  们  ，  先生  们  ，  同志  们  ，  朋友  们  ：  
2001  年  新  年  钟声  即将  敲响  。  人类  社会  前进  的  航船  就  要  驶入  21  世纪  的  新  航程  。  中国  人民  进入了  向  现代  化  建设  第三  步  战略  目标  迈进  的  新  征程  。  
在  这个  激动  人心  的  时刻  ，  我  很  高兴  通过  中国  国际  广播  电台  、  中央  人民  广播  电台  和  中央  电视台  ，  向  全国  各族  人民  ，  向  香港  特别  行政  区  同胞  、  澳门  特别  行政  区  同胞  和  台湾  同胞  、  海外  侨胞  ，  向  世界  各国  的  朋友  们  ，  致以  新世纪  第一  个  新年的  祝贺  ！  
过去  的  一年  ，  是  我国  社会  主义  改革  开放和  现代化  建设  进程  中  具有  标志  意义  的  一年  。  在  中国  共产  党的  领导  下  ，  全国  各族  人民  团结  奋斗  ，  国民  经济  继续  保持  较快  的  发展  势头  ，  经济  结构  的  战略  性  调整  顺利  部署  实施  。  西部  大  开发  取得  良好  开端  。  精神  文明  建设  和  民主  法制  建设  进一步  加强  。  我  们  在  过去  几年  取得  成绩  的  基础  上  ，  胜利  完成了  第九  个  五年  计划  。  我国  已  进入了  全面  建设  小康  社会  ，  加快  社会  主义  现代化  建设  的  新的  发展  阶段  。  
面对  新世纪  ，  世界  各国  人民  的  共同  愿望  是  ：  继续  发展  人类  以往  创造  的  一切  文明  成果  ，  克服  20  世纪  困扰  着  人类  的  战争  和  贫困  问题  ，  推进  和平  与  发展  的  崇高  事业  ，  创造  一个  美好  的  世界  。  
我  们  希望  ，  新世纪  成为  各国  人民  共享  和平  的  世纪  。  在  20  世纪里  ，  世界  饱受  各种  战争  和  冲突  的  苦难  。  时至  今日  ，  仍有  不少  国家  和  地区  的  人民  还  在  忍受  战火  的  煎熬  。  中国  人民  真诚  地  祝愿  他们  早日  过上  和平  安定  的  生活  。  中国  人民  热爱  和平  与  自由  ，  始终  奉行  独立  自主  的  和平  外交  政策  ，  永远  站在  人类  正义  事业  的  一边  。  我  们  愿  同  世界  上  一切  爱好  和平  的  国家  和  人民  一道  ，  为  促进  世界  多极化  ，  建立  和平  稳定  、  公正  合理  的  国际  政治  经济  新  秩序而  努力  奋斗  。  
我  们  希望  ，  新世纪  成为  各国  人民  共同  发展  的  世纪  。  在  20  世纪里  ，  世界  的  生产  力  和  科学  技术  取得了  惊人  的  成就  。  但  是  ，  世界  上  仍有  许多  人民  尚未  摆脱  贫穷  和  饥饿  ，  有的  甚至  连  基本  生存  条件  都  不  具备  ，  时刻  面临着  死亡  的  威胁  。  经济  全球  化  对  生产  力  发展  的  新  推动  ，  科学  技术  突飞  猛进  带来  的  新  成果  ，  应该  造福  于全  人类  ，  特别  是  应该  用来  促进  发展  中  国家  的  发展  ，  改善  极度  贫困  人口  的  生活  境遇  ，  使  他们  得以  具备  自我  发展  的  条件  。  中国  人民  将  坚持  不懈  地  为此  作出  自己  的  贡献  。  
我  们  希望  ，  新世纪  成为  各种  文明  共同  进步  的  世纪  。  世界  是  丰富  多彩  的  。  世界  各国  的  文明  ，  都  是  人类  的宝贵  财富  ，  应该  相互  尊重  、  相互  学习  。  历史  充分  证明  ，  各国  人民  自主  选择  各自  的  社会  制度  和  发展  道路  ，  在  继承  和  发展  本  民族  文明  的  基础  上  吸取  其他  文明  的  精华  ，  按照  自己  的  意志  创造  并  享受  美好  的  生活  ，  是  世界  发展  的  重要  动力  。  只  有  加强  各种  文明  之间  的  交流  ，  推动  各种  文明  共同  进步  ，  世界  和平  与  发展  的  崇高  事业  才能  真正  实现  。  

2019-04-03 16:36:06 INFO     Saving best checkpoint....
2019-04-03 16:36:41 INFO     global_step = 2900
2019-04-03 16:36:41 INFO     unsupervised_loss = 4.103729
2019-04-03 16:37:15 INFO     global_step = 3000
2019-04-03 16:37:15 INFO     unsupervised_loss = 4.079286
2019-04-03 16:37:51 INFO     global_step = 3100
2019-04-03 16:37:51 INFO     unsupervised_loss = 4.073918
2019-04-03 16:38:27 INFO     global_step = 3200
2019-04-03 16:38:27 INFO     unsupervised_loss = 4.080358
2019-04-03 16:38:28 INFO     Saving checkpoint models/unsupervised-pku-3...
2019-04-03 16:38:40 INFO     Bash Command: bash run.sh valid pku 3
2019-04-03 16:38:45 INFO     Validation results:
1.0.0
=== SUMMARY:
=== TOTAL INSERTIONS:	7446
=== TOTAL DELETIONS:	4881
=== TOTAL SUBSTITUTIONS:	15407
=== TOTAL NCHANGE:	27734
=== TOTAL TRUE WORD COUNT:	104372
=== TOTAL TEST WORD COUNT:	106937
=== TOTAL TRUE WORDS RECALL:	0.806
=== TOTAL TEST WORDS PRECISION:	0.786
=== F MEASURE:	0.796
=== OOV Rate:	0.058
=== OOV Recall Rate:	0.428
=== IV Recall Rate:	0.829
Examples:
共同  创造  美好  的  新世纪  ——  二  ○  ○一  年  新年  贺词  
（  二○  ○  ○  年  十二  月  三十一  日  ）  （  附图片  1  张  ）  
女士  们  ，  先生  们  ，  同志  们  ，  朋友  们  ：  
2001  年  新  年  钟声  即将  敲响  。  人类  社会  前进  的航船  就  要  驶入  21  世纪  的  新  航程  。  中国  人民  进入了  向  现代  化  建设  第三  步  战略  目标  迈进  的  新  征程  。  
在  这个  激动  人心  的  时刻  ，  我  很  高兴  通过  中国  国际  广播  电台  、  中央  人民  广播  电台  和  中央  电视台  ，  向  全国  各族  人民  ，  向  香港  特别  行政  区  同胞  、  澳门  特别  行政  区  同胞  和  台湾  同胞  、  海外  侨胞  ，  向  世界  各国  的  朋友  们  ，  致以  新世纪  第一  个  新年  的  祝贺  ！  
过去  的  一年  ，  是  我国  社会  主义  改革  开放和  现代化  建设  进程  中  具有  标志  意义  的  一年  。  在  中国  共产  党的  领导  下  ，  全国  各族  人民  团结  奋斗  ，  国民  经济  继续  保持  较快  的  发展  势头  ，  经济  结构  的  战略  性  调整  顺利  部署  实施  。  西部  大  开发  取得  良好  开端  。  精神  文明  建设  和  民主  法制  建设  进一步  加强  。  我  们  在  过去  几年  取得  成绩  的  基础  上  ，  胜利  完成  了  第九  个  五  年  计划  。  我国  已  进入了  全面  建设  小康  社会  ，  加快  社会  主义  现代化  建设  的  新的  发展  阶段  。  
面对  新世纪  ，  世界  各国  人民  的  共同  愿望  是  ：  继续  发展  人类  以往  创造  的  一切  文明  成果  ，  克服  20  世纪  困扰  着  人类  的  战争  和  贫困  问题  ，  推进  和平  与  发展  的  崇高  事业  ，  创造  一个  美好  的  世界  。  
我  们  希望  ，  新  世纪  成为  各国  人民  共享  和平  的  世纪  。  在  20  世纪里  ，  世界  饱受  各种  战争  和  冲突  的  苦难  。  时至  今日  ，  仍  有  不少  国家  和  地区  的  人民  还  在  忍受  战火  的  煎熬  。  中国  人民  真诚  地  祝愿  他们  早日  过上  和平  安定  的  生活  。  中国  人民  热爱  和平  与  自由  ，  始终  奉行  独立  自主  的  和平  外交  政策  ，  永远  站在  人类  正义  事业  的  一边  。  我  们  愿  同  世界  上  一切  爱好  和平  的  国家  和  人民  一道  ，  为  促进  世界  多极化  ，  建立  和平  稳定  、  公正  合理  的  国际  政治  经济  新  秩序而  努力  奋斗  。  
我  们  希望  ，  新  世纪  成为  各国  人民  共同  发展  的  世纪  。  在  20  世纪里  ，  世界  的  生产  力  和  科学  技术  取得了  惊人  的  成就  。  但是  ，  世界  上  仍有  许多  人民  尚未  摆脱  贫穷  和  饥饿  ，  有的  甚至  连  基本  生存  条件  都  不  具备  ，  时刻  面临着  死亡  的  威胁  。  经济  全球  化  对  生产  力  发展  的  新  推动  ，  科学  技术  突飞  猛进  带来  的  新  成果  ，  应该  造福  于  全  人类  ，  特别  是  应该  用  来  促进  发展  中  国家  的  发展  ，  改善  极度  贫困  人口  的  生活  境遇  ，  使  他  们  得以  具备  自我  发展  的  条件  。  中国  人民  将  坚持  不懈  地  为此  作出  自己  的  贡献  。  
我  们  希望  ，  新  世纪  成为  各种  文明  共同  进步  的  世纪  。  世界  是  丰富  多彩  的  。  世界  各国  的  文明  ，  都  是  人类  的宝贵  财富  ，  应该  相互  尊重  、  相互  学习  。  历史  充分  证明  ，  各国  人民  自主  选择  各自  的  社会  制度  和  发展  道路  ，  在  继承和  发展  本  民族  文明  的  基础  上  吸取  其他  文明  的  精华  ，  按照  自己  的  意志  创造  并  享受  美好  的  生活  ，  是  世界  发展  的  重要  动力  。  只有  加强  各种  文明  之间  的  交流  ，  推动  各种  文明  共同  进步  ，  世界  和平  与  发展  的  崇高  事业  才能  真正  实现  。  

2019-04-03 16:38:45 INFO     Saving best checkpoint....
2019-04-03 16:39:19 INFO     global_step = 3300
2019-04-03 16:39:19 INFO     unsupervised_loss = 4.070681
2019-04-03 16:39:55 INFO     global_step = 3400
2019-04-03 16:39:55 INFO     unsupervised_loss = 4.068115
2019-04-03 16:40:30 INFO     global_step = 3500
2019-04-03 16:40:30 INFO     unsupervised_loss = 4.051578
2019-04-03 16:41:06 INFO     global_step = 3600
2019-04-03 16:41:06 INFO     unsupervised_loss = 4.052358
2019-04-03 16:41:07 INFO     Saving checkpoint models/unsupervised-pku-3...
2019-04-03 16:41:18 INFO     Bash Command: bash run.sh valid pku 3
2019-04-03 16:41:23 INFO     Validation results:
1.0.0
=== SUMMARY:
=== TOTAL INSERTIONS:	7391
=== TOTAL DELETIONS:	4817
=== TOTAL SUBSTITUTIONS:	15414
=== TOTAL NCHANGE:	27622
=== TOTAL TRUE WORD COUNT:	104372
=== TOTAL TEST WORD COUNT:	106946
=== TOTAL TRUE WORDS RECALL:	0.806
=== TOTAL TEST WORDS PRECISION:	0.787
=== F MEASURE:	0.796
=== OOV Rate:	0.058
=== OOV Recall Rate:	0.423
=== IV Recall Rate:	0.830
Examples:
共同  创造  美好  的  新世纪  ——  二  ○  ○一  年  新年  贺词  
（  二○  ○  ○  年  十二  月  三十一  日  ）  （  附图片  1  张  ）  
女士  们  ，  先生  们  ，  同志  们  ，  朋友  们  ：  
2001  年  新  年  钟声  即将  敲响  。  人类  社会  前进  的航船  就  要  驶入  21  世纪  的  新  航程  。  中国  人民  进入  了  向  现代  化  建设  第三  步  战略  目标  迈进  的  新  征程  。  
在  这个  激动  人  心  的  时刻  ，  我  很  高兴  通过  中国  国际  广播  电台  、  中央  人民  广播  电台  和  中央  电视台  ，  向  全国  各族  人民  ，  向  香港  特别  行政  区  同胞  、  澳门  特别  行政  区  同胞  和  台湾  同胞  、  海外  侨胞  ，  向  世界  各国  的  朋友  们  ，  致以  新世纪  第一  个  新年  的  祝贺  ！  
过去  的  一年  ，  是  我国  社会  主义  改革  开放和  现代化  建设  进程  中  具有  标志  意义  的  一年  。  在  中国  共产  党的  领导  下  ，  全国  各族  人民  团结  奋斗  ，  国民  经济  继续  保持  较快  的  发展  势头  ，  经济  结构  的  战略  性  调整  顺利  部署  实施  。  西部  大  开发  取得  良好  开端  。  精神  文明  建设  和  民主  法制  建设  进一步  加强  。  我  们  在  过去  几年  取得  成绩  的  基础  上  ，  胜利  完成  了  第九  个  五年  计划  。  我国  已  进入  了  全面  建设  小康  社会  ，  加快  社会  主义  现代化  建设  的  新的  发展  阶段  。  
面对  新  世纪  ，  世界  各国  人民  的  共同  愿望  是  ：  继续  发展  人类  以往  创造  的  一切  文明  成果  ，  克服  20  世纪  困扰  着  人类  的  战争  和  贫困  问题  ，  推进  和平  与  发展  的  崇高  事业  ，  创造  一个  美好  的  世界  。  
我  们  希望  ，  新  世纪  成为  各国  人民  共享  和平  的  世纪  。  在  20  世纪里  ，  世界  饱受  各种  战争  和  冲突  的  苦难  。  时至  今日  ，  仍  有  不少  国家  和  地区  的  人民  还  在  忍受  战火  的  煎熬  。  中国  人民  真诚  地  祝愿  他  们  早日  过上  和平  安定  的  生活  。  中国  人民  热爱  和平  与  自由  ，  始终  奉行  独立  自主  的  和平  外交  政策  ，  永远  站在  人类  正义  事业  的  一边  。  我  们  愿  同  世界  上  一切  爱好  和平  的  国家  和  人民  一道  ，  为  促进  世界  多极化  ，  建立  和平  稳定  、  公正  合理  的  国际  政治  经济  新  秩序而  努力  奋斗  。  
我  们  希望  ，  新  世纪  成为  各国  人民  共同  发展  的  世纪  。  在  20  世纪里  ，  世界  的  生产  力  和  科学  技术  取得  了  惊人  的  成就  。  但是  ，  世界  上  仍有  许多  人民  尚未  摆脱  贫穷  和  饥饿  ，  有的  甚至  连  基本  生存  条件  都  不  具备  ，  时刻  面临着  死亡  的  威胁  。  经济  全球  化  对  生产  力  发展  的  新  推动  ，  科学  技术  突飞  猛进  带来  的  新  成果  ，  应该  造福  于  全  人类  ，  特别  是  应该  用来  促进  发展  中  国家  的  发展  ，  改善  极度  贫困  人口  的  生活  境遇  ，  使  他  们  得以  具备  自我  发展  的  条件  。  中国  人民  将  坚持  不懈  地  为此  作出  自己  的  贡献  。  
我  们  希望  ，  新  世纪  成为  各种  文明  共同  进步  的  世纪  。  世界  是  丰富  多彩  的  。  世界  各国  的  文明  ，  都是  人类  的宝贵  财富  ，  应该  相互  尊重  、  相互  学习  。  历史  充分  证明  ，  各国  人民  自主  选择  各自  的  社会  制度  和  发展  道路  ，  在  继承和  发展  本  民族  文明  的  基础  上  吸取  其他  文明  的  精华  ，  按照  自己  的  意志  创造  并  享受  美好  的  生活  ，  是  世界  发展  的  重要  动力  。  只  有  加强  各种  文明  之间  的  交流  ，  推动  各种  文明  共同  进步  ，  世界  和平  与  发展  的  崇高  事业  才能  真正  实现  。  

2019-04-03 16:41:59 INFO     global_step = 3700
2019-04-03 16:41:59 INFO     unsupervised_loss = 4.059044
2019-04-03 16:42:35 INFO     global_step = 3800
2019-04-03 16:42:35 INFO     unsupervised_loss = 4.045074
2019-04-03 16:43:10 INFO     global_step = 3900
2019-04-03 16:43:10 INFO     unsupervised_loss = 4.042414
2019-04-03 16:43:47 INFO     global_step = 4000
2019-04-03 16:43:47 INFO     unsupervised_loss = 4.046710
2019-04-03 16:43:48 INFO     Saving checkpoint models/unsupervised-pku-3...
2019-04-03 16:44:00 INFO     Bash Command: bash run.sh valid pku 3
2019-04-03 16:44:04 INFO     Validation results:
1.0.0
=== SUMMARY:
=== TOTAL INSERTIONS:	7580
=== TOTAL DELETIONS:	4506
=== TOTAL SUBSTITUTIONS:	15017
=== TOTAL NCHANGE:	27103
=== TOTAL TRUE WORD COUNT:	104372
=== TOTAL TEST WORD COUNT:	107446
=== TOTAL TRUE WORDS RECALL:	0.813
=== TOTAL TEST WORDS PRECISION:	0.790
=== F MEASURE:	0.801
=== OOV Rate:	0.058
=== OOV Recall Rate:	0.421
=== IV Recall Rate:	0.837
Examples:
共同  创造  美好  的  新世纪  ——  二  ○  ○一  年  新  年  贺词  
（  二○  ○  ○  年  十二  月  三十一  日  ）  （  附图片  1  张  ）  
女士  们  ，  先生  们  ，  同志  们  ，  朋友  们  ：  
2001  年  新  年  钟声  即将  敲响  。  人类  社会  前进  的  航船  就  要  驶入  21  世纪  的  新  航程  。  中国  人民  进入  了  向  现代  化  建设  第三  步  战略  目标  迈进  的  新  征程  。  
在  这个  激动  人心  的  时刻  ，  我  很  高兴  通过  中国  国际  广播  电台  、  中央  人民  广播  电台  和  中央  电视台  ，  向  全国  各族  人民  ，  向  香港  特别  行政  区  同胞  、  澳门  特别  行政  区  同胞  和  台湾  同胞  、  海外  侨胞  ，  向  世界  各国  的  朋友  们  ，  致以  新世纪  第一个  新年  的  祝贺  ！  
过去  的  一年  ，  是  我国  社会  主义  改革  开放和  现代化  建设  进程  中  具有  标志  意义  的  一年  。  在  中国  共产  党的  领导  下  ，  全国  各族  人民  团结  奋斗  ，  国民  经济  继续  保持  较快  的  发展  势头  ，  经济  结构  的  战略  性  调整  顺利  部署  实施  。  西部  大  开发  取得  良好  开端  。  精神  文明  建设  和  民主  法制  建设  进一步  加强  。  我  们  在  过去  几年  取得  成绩  的  基础  上  ，  胜利  完成  了  第九  个  五年  计划  。  我国  已  进入  了  全面  建设  小康  社会  ，  加快  社会  主义  现代化  建设  的  新的  发展  阶段  。  
面对  新  世纪  ，  世界  各国  人民  的  共同  愿望  是  ：  继续  发展  人类  以往  创造  的  一切  文明  成果  ，  克服  20  世纪  困扰  着  人类  的  战争  和  贫困  问题  ，  推进  和平  与  发展  的  崇高  事业  ，  创造  一个  美好  的  世界  。  
我  们  希望  ，  新  世纪  成为  各国  人民  共享  和平  的  世纪  。  在  20  世纪里  ，  世界  饱受  各种  战争  和  冲突  的  苦难  。  时至  今日  ，  仍  有  不少  国家  和  地区  的  人民  还  在  忍受  战火  的  煎熬  。  中国  人民  真诚  地  祝愿  他  们  早日  过上  和平  安定  的  生活  。  中国  人民  热爱  和平  与  自由  ，  始终  奉行  独立  自主  的  和平  外交  政策  ，  永远  站在  人类  正义  事业  的  一边  。  我  们  愿  同  世界  上  一切  爱好  和平  的  国家  和  人民  一道  ，  为  促进  世界  多极化  ，  建立  和平  稳定  、  公正  合理  的  国际  政治  经济  新  秩序而  努力  奋斗  。  
我  们  希望  ，  新  世纪  成为  各国  人民  共同  发展  的  世纪  。  在  20  世纪里  ，  世界  的  生产  力  和  科学  技术  取得  了  惊人  的  成就  。  但  是  ，  世界  上  仍  有  许多  人民  尚未  摆脱  贫穷  和  饥饿  ，  有的  甚至  连  基本  生存  条件  都  不  具备  ，  时刻  面临着  死亡  的  威胁  。  经济  全球  化  对  生产  力  发展  的  新  推动  ，  科学  技术  突飞  猛进  带来  的  新  成果  ，  应该  造福  于  全  人类  ，  特别  是  应该  用  来  促进  发展  中  国家  的  发展  ，  改善  极度  贫困  人口  的  生活  境遇  ，  使  他们  得以  具备  自我  发展  的  条件  。  中国  人民  将  坚持  不懈  地  为此  作出  自己  的  贡献  。  
我  们  希望  ，  新  世纪  成为  各种  文明  共同  进步  的  世纪  。  世界  是  丰富  多彩  的  。  世界  各国  的  文明  ，  都  是  人类  的宝贵  财富  ，  应该  相互  尊重  、  相互  学习  。  历史  充分  证明  ，  各国  人民  自主  选择  各自  的  社会  制度  和  发展  道路  ，  在  继承和  发展  本  民族  文明  的  基础  上  吸取  其他  文明  的  精华  ，  按照  自己  的  意志  创造  并  享受  美好  的  生活  ，  是  世界  发展  的  重要  动力  。  只  有  加强  各种  文明  之间  的  交流  ，  推动  各种  文明  共同  进步  ，  世界  和平  与  发展  的  崇高  事业  才能  真正  实现  。  

2019-04-03 16:44:04 INFO     Saving best checkpoint....
2019-04-03 16:44:40 INFO     global_step = 4100
2019-04-03 16:44:40 INFO     unsupervised_loss = 4.039940
2019-04-03 16:45:17 INFO     global_step = 4200
2019-04-03 16:45:17 INFO     unsupervised_loss = 4.039006
2019-04-03 16:45:52 INFO     global_step = 4300
2019-04-03 16:45:52 INFO     unsupervised_loss = 4.031896
2019-04-03 16:46:29 INFO     global_step = 4400
2019-04-03 16:46:29 INFO     unsupervised_loss = 4.028061
2019-04-03 16:46:29 INFO     Saving checkpoint models/unsupervised-pku-3...
2019-04-03 16:46:41 INFO     Bash Command: bash run.sh valid pku 3
2019-04-03 16:46:46 INFO     Validation results:
1.0.0
=== SUMMARY:
=== TOTAL INSERTIONS:	7525
=== TOTAL DELETIONS:	4405
=== TOTAL SUBSTITUTIONS:	14753
=== TOTAL NCHANGE:	26683
=== TOTAL TRUE WORD COUNT:	104372
=== TOTAL TEST WORD COUNT:	107492
=== TOTAL TRUE WORDS RECALL:	0.816
=== TOTAL TEST WORDS PRECISION:	0.793
=== F MEASURE:	0.804
=== OOV Rate:	0.058
=== OOV Recall Rate:	0.424
=== IV Recall Rate:	0.840
Examples:
共同  创造  美好  的  新  世纪  ——  二  ○  ○一  年  新年  贺词  
（  二○  ○  ○  年  十二  月  三十一  日  ）  （  附图片  1  张  ）  
女士  们  ，  先生  们  ，  同志  们  ，  朋友  们  ：  
2001  年  新  年  钟声  即将  敲响  。  人类  社会  前进  的航船  就  要  驶入  21  世纪  的  新  航程  。  中国  人民  进入  了  向  现代  化  建设  第三  步  战略  目标  迈进  的  新  征程  。  
在  这个  激动  人心  的  时刻  ，  我  很  高兴  通过  中国  国际  广播  电台  、  中央  人民  广播  电台  和  中央  电视台  ，  向  全国  各族  人民  ，  向  香港  特别  行政  区  同胞  、  澳门  特别  行政  区  同胞  和  台湾  同胞  、  海外  侨胞  ，  向  世界  各国  的  朋友  们  ，  致以  新世纪  第一  个  新年  的  祝贺  ！  
过去  的  一年  ，  是  我国  社会  主义  改革  开放和  现代  化  建设  进程  中  具有  标志  意义  的  一年  。  在  中国  共产  党的  领导  下  ，  全国  各族  人民  团结  奋斗  ，  国民  经济  继续  保持  较快  的  发展  势头  ，  经济  结构  的  战略  性  调整  顺利  部署  实施  。  西部  大  开发  取得  良好  开端  。  精神  文明  建设  和  民主  法制  建设  进一步  加强  。  我们  在  过去  几年  取得  成绩  的  基础  上  ，  胜利  完成  了  第九  个  五  年  计划  。  我国  已  进入  了  全面  建设  小康  社会  ，  加快  社会  主义  现代  化  建设  的  新的  发展  阶段  。  
面对  新  世纪  ，  世界  各国  人民  的  共同  愿望  是  ：  继续  发展  人类  以往  创造  的  一切  文明  成果  ，  克服  20  世纪  困扰  着  人类  的  战争  和  贫困  问题  ，  推进  和平  与  发展  的  崇高  事业  ，  创造  一个  美好  的  世界  。  
我们  希望  ，  新  世纪  成为  各国  人民  共享  和平  的  世纪  。  在  20  世纪里  ，  世界  饱受  各种  战争  和  冲突  的  苦难  。  时至  今日  ，  仍  有  不少  国家  和  地区  的  人民  还  在  忍受  战火  的  煎熬  。  中国  人民  真诚  地  祝愿  他们  早日  过上  和平  安定  的  生活  。  中国  人民  热爱  和平  与  自由  ，  始终  奉行  独立  自主  的  和平  外交  政策  ，  永远  站在  人类  正义  事业  的  一边  。  我们  愿  同  世界  上  一切  爱好  和平  的  国家  和  人民  一道  ，  为  促进  世界  多极化  ，  建立  和平  稳定  、  公正  合理  的  国际  政治  经济  新  秩序而  努力  奋斗  。  
我们  希望  ，  新  世纪  成为  各国  人民  共同  发展  的  世纪  。  在  20  世纪里  ，  世界  的  生产  力  和  科学  技术  取得  了  惊人  的  成就  。  但是  ，  世界  上  仍  有  许多  人民  尚未  摆脱  贫穷  和  饥饿  ，  有的  甚至  连  基本  生存  条件  都  不  具备  ，  时刻  面临着  死亡  的  威胁  。  经济  全球  化  对  生产  力  发展  的  新  推动  ，  科学  技术  突飞  猛进  带来  的  新  成果  ，  应该  造福  于  全  人类  ，  特别  是  应该  用来  促进  发展  中  国家  的  发展  ，  改善  极度  贫困  人口  的  生活  境遇  ，  使  他们  得以  具备  自我  发展  的  条件  。  中国  人民  将  坚持  不懈  地  为此  作出  自己  的  贡献  。  
我们  希望  ，  新  世纪  成为  各种  文明  共同  进步  的  世纪  。  世界  是  丰富  多彩  的  。  世界  各国  的  文明  ，  都  是  人类  的宝贵  财富  ，  应该  相互  尊重  、  相互  学习  。  历史  充分  证明  ，  各国  人民  自主  选择  各自  的  社会  制度  和  发展  道路  ，  在  继承和  发展  本  民族  文明  的  基础  上  吸取  其他  文明  的  精华  ，  按照  自己  的  意志  创造  并  享受  美好  的  生活  ，  是  世界  发展  的  重要  动力  。  只  有  加强  各种  文明  之间  的  交流  ，  推动  各种  文明  共同  进步  ，  世界  和平  与  发展  的  崇高  事业  才能  真正  实现  。  

2019-04-03 16:46:46 INFO     Saving best checkpoint....
2019-04-03 16:47:21 INFO     global_step = 4500
2019-04-03 16:47:21 INFO     unsupervised_loss = 4.019495
2019-04-03 16:47:56 INFO     global_step = 4600
2019-04-03 16:47:56 INFO     unsupervised_loss = 4.009021
2019-04-03 16:48:32 INFO     global_step = 4700
2019-04-03 16:48:32 INFO     unsupervised_loss = 4.019846
2019-04-03 16:49:09 INFO     global_step = 4800
2019-04-03 16:49:09 INFO     unsupervised_loss = 4.019090
2019-04-03 16:49:09 INFO     Saving checkpoint models/unsupervised-pku-3...
2019-04-03 16:49:23 INFO     Bash Command: bash run.sh valid pku 3
2019-04-03 16:49:28 INFO     Validation results:
1.0.0
=== SUMMARY:
=== TOTAL INSERTIONS:	7867
=== TOTAL DELETIONS:	4284
=== TOTAL SUBSTITUTIONS:	15076
=== TOTAL NCHANGE:	27227
=== TOTAL TRUE WORD COUNT:	104372
=== TOTAL TEST WORD COUNT:	107955
=== TOTAL TRUE WORDS RECALL:	0.815
=== TOTAL TEST WORDS PRECISION:	0.787
=== F MEASURE:	0.801
=== OOV Rate:	0.058
=== OOV Recall Rate:	0.415
=== IV Recall Rate:	0.839
Examples:
共同  创造  美好  的  新  世纪  ——  二  ○  ○一  年  新  年  贺词  
（  二○  ○  ○  年  十二  月  三十一  日  ）  （  附图片  1  张  ）  
女士  们  ，  先生  们  ，  同志  们  ，  朋友  们  ：  
2001  年  新  年  钟声  即将  敲响  。  人类  社会  前进  的  航船  就  要  驶入  21  世纪  的  新  航程  。  中国  人民  进入  了  向  现代  化  建设  第三  步  战略  目标  迈进  的  新  征程  。  
在  这个  激动  人心  的  时刻  ，  我  很  高兴  通过  中国  国际  广播  电台  、  中央  人民  广播  电台  和  中央  电视台  ，  向  全国  各族  人民  ，  向  香港  特别  行政  区  同胞  、  澳门  特别  行政  区  同胞  和  台湾  同胞  、  海外  侨胞  ，  向  世界  各国  的  朋友  们  ，  致以  新世纪  第一  个  新  年  的  祝贺  ！  
过去  的  一年  ，  是  我国  社会  主义  改革  开放和  现代化  建设  进程  中  具有  标志  意义  的  一年  。  在  中国  共产  党的  领导  下  ，  全国  各族  人民  团结  奋斗  ，  国民  经济  继续  保持  较快  的  发展  势头  ，  经济  结构  的  战略  性  调整  顺利  部署  实施  。  西部  大  开发  取得  良好  开端  。  精神  文明  建设  和  民主  法制  建设  进一步  加强  。  我  们  在  过去  几年  取得  成绩  的  基础  上  ，  胜利  完成  了  第九  个  五  年  计划  。  我国  已  进入  了  全面  建设  小康  社会  ，  加快  社会  主义  现代化  建设  的  新的  发展  阶段  。  
面对  新  世纪  ，  世界  各国  人民  的  共同  愿望  是  ：  继续  发展  人类  以往  创造  的  一切  文明  成果  ，  克服  20  世纪  困扰  着  人类  的  战争  和  贫困  问题  ，  推进  和平  与  发展  的  崇高  事业  ，  创造  一个  美好  的  世界  。  
我  们  希望  ，  新  世纪  成为  各国  人民  共享  和平  的  世纪  。  在  20  世纪里  ，  世界  饱受  各种  战争  和  冲突  的  苦难  。  时至  今日  ，  仍  有  不少  国家  和  地区  的  人民  还  在  忍受  战火  的  煎熬  。  中国  人民  真诚  地  祝愿  他  们  早日  过上  和平  安定  的  生活  。  中国  人民  热爱  和平  与  自由  ，  始终  奉行  独立  自主  的  和平  外交  政策  ，  永远  站在  人类  正义  事业  的  一边  。  我  们  愿  同  世界  上  一切  爱好  和平  的  国家  和  人民  一道  ，  为  促进  世界  多极化  ，  建立  和平  稳定  、  公正  合理  的  国际  政治  经济  新  秩序而  努力  奋斗  。  
我  们  希望  ，  新  世纪  成为  各国  人民  共同  发展  的  世纪  。  在  20  世纪里  ，  世界  的  生产  力  和  科学  技术  取得  了  惊人  的  成就  。  但是  ，  世界  上  仍有  许多  人民  尚未  摆脱  贫穷  和  饥饿  ，  有的  甚至  连  基本  生存  条件  都  不  具备  ，  时刻  面临着  死亡  的  威胁  。  经济  全球  化  对  生产  力  发展  的  新  推动  ，  科学  技术  突飞  猛进  带来  的  新  成果  ，  应该  造福  于  全  人类  ，  特别  是  应该  用来  促进  发展  中  国家  的  发展  ，  改善  极度  贫困  人口  的  生活  境遇  ，  使  他  们  得以  具备  自我  发展  的  条件  。  中国  人民  将  坚持  不懈  地  为此  作出  自己  的  贡献  。  
我  们  希望  ，  新  世纪  成为  各种  文明  共同  进步  的  世纪  。  世界  是  丰富  多彩  的  。  世界  各国  的  文明  ，  都  是  人类  的宝贵  财富  ，  应该  相互  尊重  、  相互  学习  。  历史  充分  证明  ，  各国  人民  自主  选择  各自  的  社会  制度  和  发展  道路  ，  在  继承和  发展  本  民族  文明  的  基础  上  吸取  其他  文明  的  精华  ，  按照  自己  的  意志  创造  并  享受  美好  的  生活  ，  是  世界  发展  的  重要  动力  。  只  有  加强  各种  文明  之间  的  交流  ，  推动  各种  文明  共同  进步  ，  世界  和平  与  发展  的  崇高  事业  才能  真正  实现  。  

2019-04-03 16:50:02 INFO     global_step = 4900
2019-04-03 16:50:02 INFO     unsupervised_loss = 3.965229
2019-04-03 16:50:38 INFO     global_step = 5000
2019-04-03 16:50:38 INFO     unsupervised_loss = 3.950012
2019-04-03 16:51:14 INFO     global_step = 5100
2019-04-03 16:51:14 INFO     unsupervised_loss = 3.935273
2019-04-03 16:51:50 INFO     global_step = 5200
2019-04-03 16:51:50 INFO     unsupervised_loss = 3.912007
2019-04-03 16:51:51 INFO     Saving checkpoint models/unsupervised-pku-3...
2019-04-03 16:52:03 INFO     Bash Command: bash run.sh valid pku 3
2019-04-03 16:52:08 INFO     Validation results:
1.0.0
=== SUMMARY:
=== TOTAL INSERTIONS:	7913
=== TOTAL DELETIONS:	4196
=== TOTAL SUBSTITUTIONS:	14829
=== TOTAL NCHANGE:	26938
=== TOTAL TRUE WORD COUNT:	104372
=== TOTAL TEST WORD COUNT:	108089
=== TOTAL TRUE WORDS RECALL:	0.818
=== TOTAL TEST WORDS PRECISION:	0.790
=== F MEASURE:	0.803
=== OOV Rate:	0.058
=== OOV Recall Rate:	0.418
=== IV Recall Rate:	0.842
Examples:
共同  创造  美好  的  新  世纪  ——  二  ○  ○一  年  新  年  贺词  
（  二○  ○  ○  年  十二  月  三十一  日  ）  （  附图片  1  张  ）  
女士  们  ，  先生  们  ，  同志  们  ，  朋友  们  ：  
2001  年  新  年  钟声  即将  敲响  。  人类  社会  前进  的航船  就  要  驶入  21  世纪  的  新  航程  。  中国  人民  进入  了  向  现代  化  建设  第三  步  战略  目标  迈进  的  新  征程  。  
在  这个  激动  人心  的  时刻  ，  我  很  高兴  通过  中国  国际  广播  电台  、  中央  人民  广播  电台  和  中央  电视台  ，  向  全国  各族  人民  ，  向  香港  特别  行政  区  同胞  、  澳门  特别  行政  区  同胞  和  台湾  同胞  、  海外  侨胞  ，  向  世界  各国  的  朋友  们  ，  致以  新世纪  第一  个  新  年  的  祝贺  ！  
过去  的  一年  ，  是  我国  社会  主义  改革  开放和  现代化  建设  进程  中  具有  标志  意义  的  一年  。  在  中国  共产  党的  领导  下  ，  全国  各族  人民  团结  奋斗  ，  国民  经济  继续  保持  较快  的  发展  势头  ，  经济  结构  的  战略  性  调整  顺利  部署  实施  。  西部  大  开发  取得  良好  开端  。  精神  文明  建设  和  民主  法制  建设  进一步  加强  。  我  们  在  过去  几年  取得  成绩  的  基础  上  ，  胜利  完成  了  第九  个  五  年  计划  。  我国  已  进入  了  全面  建设  小康  社会  ，  加快  社会  主义  现代化  建设  的  新的  发展  阶段  。  
面对  新  世纪  ，  世界  各国  人民  的  共同  愿望  是  ：  继续  发展  人类  以往  创造  的  一切  文明  成果  ，  克服  20  世纪  困扰  着  人类  的  战争  和  贫困  问题  ，  推进  和平  与  发展  的  崇高  事业  ，  创造  一个  美好  的  世界  。  
我  们  希望  ，  新  世纪  成为  各国  人民  共享  和平  的  世纪  。  在  20  世纪里  ，  世界  饱受  各种  战争  和  冲突  的  苦难  。  时至  今日  ，  仍  有  不少  国家  和  地区  的  人民  还  在  忍受  战火  的  煎熬  。  中国  人民  真诚  地  祝愿  他  们  早日  过上  和平  安定  的  生活  。  中国  人民  热爱  和平  与  自由  ，  始终  奉行  独立  自主  的  和平  外交  政策  ，  永远  站在  人类  正义  事业  的  一边  。  我  们  愿  同  世界  上  一切  爱好  和平  的  国家  和  人民  一道  ，  为  促进  世界  多极化  ，  建立  和平  稳定  、  公正  合理  的  国际  政治  经济  新  秩序而  努力  奋斗  。  
我  们  希望  ，  新  世纪  成为  各国  人民  共同  发展  的  世纪  。  在  20  世纪里  ，  世界  的  生产  力  和  科学  技术  取得  了  惊人  的  成就  。  但是  ，  世界  上  仍有  许多  人民  尚未  摆脱  贫穷  和  饥饿  ，  有的  甚至  连  基本  生存  条件  都  不  具备  ，  时刻  面临着  死亡  的  威胁  。  经济  全球  化  对  生产  力  发展  的  新  推动  ，  科学  技术  突飞  猛进  带来  的  新  成果  ，  应该  造福  于  全  人类  ，  特别  是  应该  用来  促进  发展  中  国家  的  发展  ，  改善  极度  贫困  人口  的  生活  境遇  ，  使  他  们  得以  具备  自我  发展  的  条件  。  中国  人民  将  坚持  不懈  地  为此  作出  自己  的  贡献  。  
我  们  希望  ，  新  世纪  成为  各种  文明  共同  进步  的  世纪  。  世界  是  丰富  多彩  的  。  世界  各国  的  文明  ，  都  是  人类  的宝贵  财富  ，  应该  相互  尊重  、  相互  学习  。  历史  充分  证明  ，  各国  人民  自主  选择  各自  的  社会  制度  和  发展  道路  ，  在  继承和  发展  本  民族  文明  的  基础  上  吸取  其他  文明  的  精华  ，  按照  自己  的  意志  创造  并  享受  美好  的  生活  ，  是  世界  发展  的  重要  动力  。  只  有  加强  各种  文明  之间  的  交流  ，  推动  各种  文明  共同  进步  ，  世界  和平  与  发展  的  崇高  事业  才能  真正  实现  。  

2019-04-03 16:52:44 INFO     global_step = 5300
2019-04-03 16:52:44 INFO     unsupervised_loss = 3.917739
2019-04-03 16:53:20 INFO     global_step = 5400
2019-04-03 16:53:20 INFO     unsupervised_loss = 3.903047
2019-04-03 16:53:56 INFO     global_step = 5500
2019-04-03 16:53:56 INFO     unsupervised_loss = 3.899887
2019-04-03 16:54:32 INFO     global_step = 5600
2019-04-03 16:54:32 INFO     unsupervised_loss = 3.883668
2019-04-03 16:54:33 INFO     Saving checkpoint models/unsupervised-pku-3...
2019-04-03 16:54:44 INFO     Bash Command: bash run.sh valid pku 3
2019-04-03 16:54:48 INFO     Validation results:
1.0.0
=== SUMMARY:
=== TOTAL INSERTIONS:	8094
=== TOTAL DELETIONS:	4072
=== TOTAL SUBSTITUTIONS:	14769
=== TOTAL NCHANGE:	26935
=== TOTAL TRUE WORD COUNT:	104372
=== TOTAL TEST WORD COUNT:	108394
=== TOTAL TRUE WORDS RECALL:	0.819
=== TOTAL TEST WORDS PRECISION:	0.789
=== F MEASURE:	0.804
=== OOV Rate:	0.058
=== OOV Recall Rate:	0.416
=== IV Recall Rate:	0.844
Examples:
共同  创造  美好  的  新  世纪  ——  二  ○  ○一  年  新  年  贺词  
（  二○  ○  ○  年  十二  月  三十一  日  ）  （  附图片  1  张  ）  
女士  们  ，  先生  们  ，  同志  们  ，  朋友  们  ：  
2001  年  新  年  钟声  即将  敲响  。  人类  社会  前进  的航船  就  要  驶入  21  世纪  的  新  航程  。  中国  人民  进入  了  向  现代  化  建设  第三  步  战略  目标  迈进  的  新  征程  。  
在  这个  激动  人心  的  时刻  ，  我  很  高兴  通过  中国  国际  广播  电台  、  中央  人民  广播  电台  和  中央  电视台  ，  向  全国  各族  人民  ，  向  香港  特别  行政  区  同胞  、  澳门  特别  行政  区  同胞  和  台湾  同胞  、  海外  侨胞  ，  向  世界  各国  的  朋友  们  ，  致以  新世纪  第一  个  新  年  的  祝贺  ！  
过去  的  一年  ，  是  我国  社会  主义  改革  开放和  现代化  建设  进程  中  具有  标志  意义  的  一年  。  在  中国  共产  党的  领导  下  ，  全国  各族  人民  团结  奋斗  ，  国民  经济  继续  保持  较快  的  发展  势头  ，  经济  结构  的  战略  性  调整  顺利  部署  实施  。  西部  大  开发  取得  良好  开端  。  精神  文明  建设  和  民主  法制  建设  进一步  加强  。  我  们  在  过去  几年  取得  成绩  的  基础  上  ，  胜利  完成  了  第九  个  五  年  计划  。  我国  已  进入  了  全面  建设  小康  社会  ，  加快  社会  主义  现代化  建设  的  新的  发展  阶段  。  
面对  新  世纪  ，  世界  各国  人民  的  共同  愿望  是  ：  继续  发展  人类  以往  创造  的  一切  文明  成果  ，  克服  20  世纪  困扰  着  人类  的  战争  和  贫困  问题  ，  推进  和平  与  发展  的  崇高  事业  ，  创造  一个  美好  的  世界  。  
我  们  希望  ，  新  世纪  成为  各国  人民  共享  和平  的  世纪  。  在  20  世纪里  ，  世界  饱受  各种  战争  和  冲突  的  苦难  。  时至  今日  ，  仍  有  不少  国家  和  地区  的  人民  还  在  忍受  战火  的  煎熬  。  中国  人民  真诚  地  祝愿  他  们  早日  过上  和平  安定  的  生活  。  中国  人民  热爱  和平  与  自由  ，  始终  奉行  独立  自主  的  和平  外交  政策  ，  永远  站在  人类  正义  事业  的  一边  。  我  们  愿  同  世界  上  一切  爱好  和平  的  国家  和  人民  一道  ，  为  促进  世界  多极化  ，  建立  和平  稳定  、  公正  合理  的  国际  政治  经济  新  秩序而  努力  奋斗  。  
我  们  希望  ，  新  世纪  成为  各国  人民  共同  发展  的  世纪  。  在  20  世纪里  ，  世界  的  生产  力  和  科学  技术  取得  了  惊人  的  成就  。  但  是  ，  世界  上  仍  有  许多  人民  尚未  摆脱  贫穷  和  饥饿  ，  有的  甚至  连  基本  生存  条件  都  不  具备  ，  时刻  面临着  死亡  的  威胁  。  经济  全球  化  对  生产  力  发展  的  新  推动  ，  科学  技术  突飞  猛进  带来  的  新  成果  ，  应该  造福  于  全  人类  ，  特别  是  应该  用来  促进  发展  中  国家  的  发展  ，  改善  极度  贫困  人口  的  生活  境遇  ，  使  他  们  得以  具备  自我  发展  的  条件  。  中国  人民  将  坚持  不懈  地  为此  作出  自己  的  贡献  。  
我  们  希望  ，  新  世纪  成为  各种  文明  共同  进步  的  世纪  。  世界  是  丰富  多彩  的  。  世界  各国  的  文明  ，  都  是  人类  的宝贵  财富  ，  应该  相互  尊重  、  相互  学习  。  历史  充分  证明  ，  各国  人民  自主  选择  各自  的  社会  制度  和  发展  道路  ，  在  继承和  发展  本  民族  文明  的  基础  上  吸取  其他  文明  的  精华  ，  按照  自己  的  意志  创造  并  享受  美好  的  生活  ，  是  世界  发展  的  重要  动力  。  只  有  加强  各种  文明  之间  的  交流  ，  推动  各种  文明  共同  进步  ，  世界  和平  与  发展  的  崇高  事业  才能  真正  实现  。  

2019-04-03 16:55:23 INFO     global_step = 5700
2019-04-03 16:55:23 INFO     unsupervised_loss = 3.885876
2019-04-03 16:55:59 INFO     global_step = 5800
2019-04-03 16:55:59 INFO     unsupervised_loss = 3.869618
2019-04-03 16:56:34 INFO     global_step = 5900
2019-04-03 16:56:34 INFO     unsupervised_loss = 3.869785
2019-04-03 16:57:08 INFO     Training Complete!
2019-04-03 16:57:08 INFO     Saving final checkpoint models/unsupervised-pku-3...
2019-04-03 16:57:20 INFO     Bash Command: bash run.sh valid pku 3
2019-04-03 16:57:25 INFO     Validation results:
1.0.0
=== SUMMARY:
=== TOTAL INSERTIONS:	8038
=== TOTAL DELETIONS:	4125
=== TOTAL SUBSTITUTIONS:	14875
=== TOTAL NCHANGE:	27038
=== TOTAL TRUE WORD COUNT:	104372
=== TOTAL TEST WORD COUNT:	108285
=== TOTAL TRUE WORDS RECALL:	0.818
=== TOTAL TEST WORDS PRECISION:	0.788
=== F MEASURE:	0.803
=== OOV Rate:	0.058
=== OOV Recall Rate:	0.415
=== IV Recall Rate:	0.843
Examples:
共同  创造  美好  的  新  世纪  ——  二  ○  ○一  年  新  年  贺词  
（  二○  ○  ○  年  十二  月  三十一  日  ）  （  附图片  1  张  ）  
女士  们  ，  先生  们  ，  同志  们  ，  朋友  们  ：  
2001  年  新  年  钟声  即将  敲响  。  人类  社会  前进  的航船  就  要  驶入  21  世纪  的  新  航程  。  中国  人民  进入  了  向  现代  化  建设  第三  步  战略  目标  迈进  的  新  征程  。  
在  这个  激动  人心  的  时刻  ，  我  很  高兴  通过  中国  国际  广播  电台  、  中央  人民  广播  电台  和  中央  电视台  ，  向  全国  各族  人民  ，  向  香港  特别  行政  区  同胞  、  澳门  特别  行政  区  同胞  和  台湾  同胞  、  海外  侨胞  ，  向  世界  各国  的  朋友  们  ，  致以  新世纪  第一  个  新  年  的  祝贺  ！  
过去  的  一年  ，  是  我国  社会  主义  改革  开放和  现代化  建设  进程  中  具有  标志  意义  的  一年  。  在  中国  共产  党的  领导  下  ，  全国  各族  人民  团结  奋斗  ，  国民  经济  继续  保持  较快  的  发展  势头  ，  经济  结构  的  战略  性  调整  顺利  部署  实施  。  西部  大  开发  取得  良好  开端  。  精神  文明  建设  和  民主  法制  建设  进一步  加强  。  我  们  在  过去  几年  取得  成绩  的  基础  上  ，  胜利  完成  了  第九  个  五  年  计划  。  我国  已  进入  了  全面  建设  小康  社会  ，  加快  社会  主义  现代化  建设  的  新的  发展  阶段  。  
面对  新  世纪  ，  世界  各国  人民  的  共同  愿望  是  ：  继续  发展  人类  以往  创造  的  一切  文明  成果  ，  克服  20  世纪  困扰  着  人类  的  战争  和  贫困  问题  ，  推进  和平  与  发展  的  崇高  事业  ，  创造  一个  美好  的  世界  。  
我  们  希望  ，  新  世纪  成为  各国  人民  共享  和平  的  世纪  。  在  20  世纪里  ，  世界  饱受  各种  战争  和  冲突  的  苦难  。  时至  今日  ，  仍  有  不少  国家  和  地区  的  人民  还  在  忍受  战火  的  煎熬  。  中国  人民  真诚  地  祝愿  他  们  早日  过上  和平  安定  的  生活  。  中国  人民  热爱  和平  与  自由  ，  始终  奉行  独立  自主  的  和平  外交  政策  ，  永远  站在  人类  正义  事业  的  一边  。  我  们  愿  同  世界  上  一切  爱好  和平  的  国家  和  人民  一道  ，  为  促进  世界  多极化  ，  建立  和平  稳定  、  公正  合理  的  国际  政治  经济  新  秩序而  努力  奋斗  。  
我  们  希望  ，  新  世纪  成为  各国  人民  共同  发展  的  世纪  。  在  20  世纪里  ，  世界  的  生产  力  和  科学  技术  取得  了  惊人  的  成就  。  但  是  ，  世界  上  仍有  许多  人民  尚未  摆脱  贫穷  和  饥饿  ，  有的  甚至  连  基本  生存  条件  都  不  具备  ，  时刻  面临着  死亡  的  威胁  。  经济  全球  化  对  生产  力  发展  的  新  推动  ，  科学  技术  突飞  猛进  带来  的  新  成果  ，  应该  造福  于  全  人类  ，  特别  是  应该  用来  促进  发展  中  国家  的  发展  ，  改善  极度  贫困  人口  的  生活  境遇  ，  使  他  们  得以  具备  自我  发展  的  条件  。  中国  人民  将  坚持  不懈  地  为此  作出  自己  的  贡献  。  
我  们  希望  ，  新  世纪  成为  各种  文明  共同  进步  的  世纪  。  世界  是  丰富  多彩  的  。  世界  各国  的  文明  ，  都  是  人类  的宝贵  财富  ，  应该  相互  尊重  、  相互  学习  。  历史  充分  证明  ，  各国  人民  自主  选择  各自  的  社会  制度  和  发展  道路  ，  在  继承和  发展  本  民族  文明  的  基础  上  吸取  其他  文明  的  精华  ，  按照  自己  的  意志  创造  并  享受  美好  的  生活  ，  是  世界  发展  的  重要  动力  。  只  有  加强  各种  文明  之间  的  交流  ，  推动  各种  文明  共同  进步  ，  世界  和平  与  发展  的  崇高  事业  才能  真正  实现  。  

2019-04-03 16:57:25 INFO     Prepare prediction dataloader
2019-04-03 16:57:26 INFO     #line: 1945
2019-04-03 16:57:26 INFO     #sentence: 11845
2019-04-03 16:57:26 INFO     #token: 191520
2019-04-03 16:57:26 INFO     ##########Example 0##########
2019-04-03 16:57:26 INFO     Characters: <BOS> 共 同 创 造 美 好 的 新 世 纪 —— 二 ○ ○ 一 年 新 年 贺 词 <\n>
2019-04-03 16:57:26 INFO     Tokens: <BOS> 共 同 创 造 美 好 的 新 世 纪 <PUNC> 二 ○ ○ 一 年 新 年 贺 词 </s>
2019-04-03 16:57:26 INFO     Segments: 20
2019-04-03 16:57:26 INFO     ##########Example 1##########
2019-04-03 16:57:26 INFO     Characters: <BOS> （ 二 ○ ○ ○ 年 十 二 月 三 十 一 日 ）  （ 附 图 片 1 张 ） <\n>
2019-04-03 16:57:26 INFO     Tokens: <BOS> <PUNC> 二 ○ ○ ○ 年 十 二 月 三 十 一 日 <PUNC> 附 图 片 <NUM> 张 <PUNC> </s>
2019-04-03 16:57:26 INFO     Segments: 20
2019-04-03 16:57:26 INFO     ##########Example 2##########
2019-04-03 16:57:26 INFO     Characters: <BOS> 女 士 们 ， 
2019-04-03 16:57:26 INFO     Tokens: <BOS> 女 士 们 <PUNC> </s>
2019-04-03 16:57:26 INFO     Segments: 4
2019-04-03 16:57:26 INFO     ##########Example 3##########
2019-04-03 16:57:26 INFO     Characters: <BOS> 先 生 们 ， 
2019-04-03 16:57:26 INFO     Tokens: <BOS> 先 生 们 <PUNC> </s>
2019-04-03 16:57:26 INFO     Segments: 4
2019-04-03 16:57:26 INFO     ##########Example 4##########
2019-04-03 16:57:26 INFO     Characters: <BOS> 同 志 们 ， 
2019-04-03 16:57:26 INFO     Tokens: <BOS> 同 志 们 <PUNC> </s>
2019-04-03 16:57:26 INFO     Segments: 4
2019-04-03 16:57:26 INFO     ##########Example 5##########
2019-04-03 16:57:26 INFO     Characters: <BOS> 朋 友 们 ： <\n>
2019-04-03 16:57:26 INFO     Tokens: <BOS> 朋 友 们 <PUNC> </s>
2019-04-03 16:57:26 INFO     Segments: 4
2019-04-03 16:57:26 INFO     ##########Example 6##########
2019-04-03 16:57:26 INFO     Characters: <BOS> 2001 年 新 年 钟 声 即 将 敲 响 。 
2019-04-03 16:57:26 INFO     Tokens: <BOS> <NUM> 年 新 年 钟 声 即 将 敲 响 <PUNC> </s>
2019-04-03 16:57:26 INFO     Segments: 11
2019-04-03 16:57:26 INFO     ##########Example 7##########
2019-04-03 16:57:26 INFO     Characters: <BOS> 人 类 社 会 前 进 的 航 船 就 要 驶 入 21 世 纪 的 新 航 程 。 
2019-04-03 16:57:26 INFO     Tokens: <BOS> 人 类 社 会 前 进 的 航 船 就 要 驶 入 <NUM> 世 纪 的 新 航 程 <PUNC> </s>
2019-04-03 16:57:26 INFO     Segments: 21
2019-04-03 16:57:26 INFO     ##########Example 8##########
2019-04-03 16:57:26 INFO     Characters: <BOS> 中 国 人 民 进 入 了 向 现 代 化 建 设 第 三 步 战 略 目 标 迈 进 的 新 征 程 。 <\n>
2019-04-03 16:57:26 INFO     Tokens: <BOS> 中 国 人 民 进 入 了 向 现 代 化 建 设 第 三 步 战 略 目 标 迈 进 的 新 征 程 <PUNC> </s>
2019-04-03 16:57:26 INFO     Segments: 27
2019-04-03 16:57:26 INFO     ##########Example 9##########
2019-04-03 16:57:26 INFO     Characters: <BOS> 在 这 个 激 动 人 心 的 时 刻 ， 
2019-04-03 16:57:26 INFO     Tokens: <BOS> 在 这 个 激 动 人 心 的 时 刻 <PUNC> </s>
2019-04-03 16:57:26 INFO     Segments: 11
2019-04-03 16:57:26 INFO     Loading checkpoint None...
2019-04-03 16:57:26 INFO     Model Info:
SegmentalLM(
  (embedding): Embedding(8677, 256)
  (embedding2vocab): Linear(in_features=256, out_features=8677, bias=True)
  (context_encoder): ContextEncoder(
    (rnn): LSTM(256, 256, num_layers=2, dropout=0.1)
  )
  (segment_decoder): SegmentDecoder(
    (rnn): LSTM(256, 256, num_layers=2, dropout=0.1)
    (output_dropout): Dropout(p=0.1)
  )
  (decoder_h_transformation): Linear(in_features=256, out_features=512, bias=True)
  (encoder_input_dropout): Dropout(p=0.1)
  (decoder_input_dropout): Dropout(p=0.3)
  (y0_transformation): Linear(in_features=256, out_features=256, bias=True)
)
2019-04-03 16:57:26 INFO     Global step: 4400
2019-04-03 16:57:40 INFO     Bash Command: bash run.sh valid pku 3
2019-04-03 16:57:44 INFO     Test evaluation results:
1.0.0
=== SUMMARY:
=== TOTAL INSERTIONS:	8038
=== TOTAL DELETIONS:	4125
=== TOTAL SUBSTITUTIONS:	14875
=== TOTAL NCHANGE:	27038
=== TOTAL TRUE WORD COUNT:	104372
=== TOTAL TEST WORD COUNT:	108285
=== TOTAL TRUE WORDS RECALL:	0.818
=== TOTAL TEST WORDS PRECISION:	0.788
=== F MEASURE:	0.803
=== OOV Rate:	0.058
=== OOV Recall Rate:	0.415
=== IV Recall Rate:	0.843
Examples:
共同  创造  美好  的  新  世纪  ——  二  ○  ○一  年  新  年  贺词  
（  二○  ○  ○  年  十二  月  三十一  日  ）  （  附图片  1  张  ）  
女士  们  ，  先生  们  ，  同志  们  ，  朋友  们  ：  
2001  年  新  年  钟声  即将  敲响  。  人类  社会  前进  的航船  就  要  驶入  21  世纪  的  新  航程  。  中国  人民  进入  了  向  现代  化  建设  第三  步  战略  目标  迈进  的  新  征程  。  
在  这个  激动  人心  的  时刻  ，  我  很  高兴  通过  中国  国际  广播  电台  、  中央  人民  广播  电台  和  中央  电视台  ，  向  全国  各族  人民  ，  向  香港  特别  行政  区  同胞  、  澳门  特别  行政  区  同胞  和  台湾  同胞  、  海外  侨胞  ，  向  世界  各国  的  朋友  们  ，  致以  新世纪  第一  个  新  年  的  祝贺  ！  
过去  的  一年  ，  是  我国  社会  主义  改革  开放和  现代化  建设  进程  中  具有  标志  意义  的  一年  。  在  中国  共产  党的  领导  下  ，  全国  各族  人民  团结  奋斗  ，  国民  经济  继续  保持  较快  的  发展  势头  ，  经济  结构  的  战略  性  调整  顺利  部署  实施  。  西部  大  开发  取得  良好  开端  。  精神  文明  建设  和  民主  法制  建设  进一步  加强  。  我  们  在  过去  几年  取得  成绩  的  基础  上  ，  胜利  完成  了  第九  个  五  年  计划  。  我国  已  进入  了  全面  建设  小康  社会  ，  加快  社会  主义  现代化  建设  的  新的  发展  阶段  。  
面对  新  世纪  ，  世界  各国  人民  的  共同  愿望  是  ：  继续  发展  人类  以往  创造  的  一切  文明  成果  ，  克服  20  世纪  困扰  着  人类  的  战争  和  贫困  问题  ，  推进  和平  与  发展  的  崇高  事业  ，  创造  一个  美好  的  世界  。  
我  们  希望  ，  新  世纪  成为  各国  人民  共享  和平  的  世纪  。  在  20  世纪里  ，  世界  饱受  各种  战争  和  冲突  的  苦难  。  时至  今日  ，  仍  有  不少  国家  和  地区  的  人民  还  在  忍受  战火  的  煎熬  。  中国  人民  真诚  地  祝愿  他  们  早日  过上  和平  安定  的  生活  。  中国  人民  热爱  和平  与  自由  ，  始终  奉行  独立  自主  的  和平  外交  政策  ，  永远  站在  人类  正义  事业  的  一边  。  我  们  愿  同  世界  上  一切  爱好  和平  的  国家  和  人民  一道  ，  为  促进  世界  多极化  ，  建立  和平  稳定  、  公正  合理  的  国际  政治  经济  新  秩序而  努力  奋斗  。  
我  们  希望  ，  新  世纪  成为  各国  人民  共同  发展  的  世纪  。  在  20  世纪里  ，  世界  的  生产  力  和  科学  技术  取得  了  惊人  的  成就  。  但  是  ，  世界  上  仍有  许多  人民  尚未  摆脱  贫穷  和  饥饿  ，  有的  甚至  连  基本  生存  条件  都  不  具备  ，  时刻  面临着  死亡  的  威胁  。  经济  全球  化  对  生产  力  发展  的  新  推动  ，  科学  技术  突飞  猛进  带来  的  新  成果  ，  应该  造福  于  全  人类  ，  特别  是  应该  用来  促进  发展  中  国家  的  发展  ，  改善  极度  贫困  人口  的  生活  境遇  ，  使  他  们  得以  具备  自我  发展  的  条件  。  中国  人民  将  坚持  不懈  地  为此  作出  自己  的  贡献  。  
我  们  希望  ，  新  世纪  成为  各种  文明  共同  进步  的  世纪  。  世界  是  丰富  多彩  的  。  世界  各国  的  文明  ，  都  是  人类  的宝贵  财富  ，  应该  相互  尊重  、  相互  学习  。  历史  充分  证明  ，  各国  人民  自主  选择  各自  的  社会  制度  和  发展  道路  ，  在  继承和  发展  本  民族  文明  的  基础  上  吸取  其他  文明  的  精华  ，  按照  自己  的  意志  创造  并  享受  美好  的  生活  ，  是  世界  发展  的  重要  动力  。  只  有  加强  各种  文明  之间  的  交流  ，  推动  各种  文明  共同  进步  ，  世界  和平  与  发展  的  崇高  事业  才能  真正  实现  。  

