2019-04-03 18:55:43 INFO     Namespace(adam_learning_rate=0.005, bos_token='<BOS>', config_file='models/slm_cityu_2_config.json', cpu_num=4, do_predict=True, do_supervised=False, do_unsupervised=True, do_valid=True, english_token='<ENG>', eos_token='</s>', gradient_clip=0.1, init_checkpoint=None, init_embedding_path='data/vocab/embedding.npy', log_every_steps=100, max_seq_length=32, number_token='<NUM>', predict_batch_size=500, predict_inputs=['data/cityu/test.txt'], predict_output='models/unsupervised-cityu-2/prediction.txt', punctuation_token='<PUNC>', save_every_steps=400, save_path='models/unsupervised-cityu-2', segment_token='  ', segmented=None, sgd_learning_rate=16.0, supervised_batch_size=1000, supervised_lambda=1.0, train_steps=6000, unsegmented=['data/cityu/unsegmented.txt', 'data/cityu/test.txt'], unsupervised_batch_size=16000, use_cuda=True, valid_batch_size=500, valid_inputs=['data/cityu/test.txt'], valid_output='models/unsupervised-cityu-2/valid_prediction.txt', vocab_file='data/vocab/vocab.txt', warm_up_steps=800)
2019-04-03 18:55:43 INFO     Loading init embedding from data/vocab/embedding.npy...
2019-04-03 18:55:43 INFO     Config Info:
{
  "decoder_dropout_rate": 0.1,
  "decoder_input_dropout_rate": 0.1,
  "decoder_layer_number": 2,
  "embedding_size": 256,
  "encoder_dropout_rate": 0.1,
  "encoder_input_dropout_rate": 0.1,
  "encoder_layer_number": 2,
  "eng_id": 7,
  "eos_id": 5,
  "hidden_size": 256,
  "max_segment_length": 2,
  "num_id": 3,
  "punc_id": 2,
  "vocab_size": 8677
}
2019-04-03 18:55:43 INFO     Model Info:
SegmentalLM(
  (embedding): Embedding(8677, 256)
  (embedding2vocab): Linear(in_features=256, out_features=8677, bias=True)
  (context_encoder): ContextEncoder(
    (rnn): LSTM(256, 256, num_layers=2, dropout=0.1)
  )
  (segment_decoder): SegmentDecoder(
    (rnn): LSTM(256, 256, num_layers=2, dropout=0.1)
    (output_dropout): Dropout(p=0.1)
  )
  (decoder_h_transformation): Linear(in_features=256, out_features=512, bias=True)
  (encoder_input_dropout): Dropout(p=0.1)
  (decoder_input_dropout): Dropout(p=0.1)
  (y0_transformation): Linear(in_features=256, out_features=256, bias=True)
)
2019-04-03 18:55:47 INFO     Prepare unsupervised dataloader
2019-04-03 18:55:56 INFO     #line: 54512
2019-04-03 18:55:56 INFO     #sentence: 174094
2019-04-03 18:55:56 INFO     #token: 2751794
2019-04-03 18:55:56 INFO     ##########Example 0##########
2019-04-03 18:55:56 INFO     Characters: <BOS> 立 会 选 情 告 一 段 落 民 主 进 程 还 看 明 天 <\n>
2019-04-03 18:55:56 INFO     Tokens: <BOS> 立 会 选 情 告 一 段 落 民 主 进 程 还 看 明 天 </s>
2019-04-03 18:55:56 INFO     Segments: 16
2019-04-03 18:55:56 INFO     ##########Example 1##########
2019-04-03 18:55:56 INFO     Characters: <BOS> 立 法 会 选 举 出 现 了 戏 剧 性 的 结 果 ， 
2019-04-03 18:55:56 INFO     Tokens: <BOS> 立 法 会 选 举 出 现 了 戏 剧 性 的 结 果 <PUNC> </s>
2019-04-03 18:55:56 INFO     Segments: 15
2019-04-03 18:55:56 INFO     ##########Example 2##########
2019-04-03 18:55:56 INFO     Characters: <BOS> 尽 管 投 票 率 创 下 新 高 ， 
2019-04-03 18:55:56 INFO     Tokens: <BOS> 尽 管 投 票 率 创 下 新 高 <PUNC> </s>
2019-04-03 18:55:56 INFO     Segments: 10
2019-04-03 18:55:56 INFO     ##########Example 3##########
2019-04-03 18:55:56 INFO     Characters: <BOS> 而 过 去 经 验 显 示 高 投 票 率 对 民 主 派 较 有 利 ， 
2019-04-03 18:55:56 INFO     Tokens: <BOS> 而 过 去 经 验 显 示 高 投 票 率 对 民 主 派 较 有 利 <PUNC> </s>
2019-04-03 18:55:56 INFO     Segments: 19
2019-04-03 18:55:56 INFO     ##########Example 4##########
2019-04-03 18:55:56 INFO     Characters: <BOS> 但 由 于 名 单 协 调 不 当 及 配 票 策 略 失 误 ， 
2019-04-03 18:55:56 INFO     Tokens: <BOS> 但 由 于 名 单 协 调 不 当 及 配 票 策 略 失 误 <PUNC> </s>
2019-04-03 18:55:56 INFO     Segments: 17
2019-04-03 18:55:56 INFO     ##########Example 5##########
2019-04-03 18:55:56 INFO     Characters: <BOS> 加 上 丑 闻 影 响 选 情 ， 
2019-04-03 18:55:56 INFO     Tokens: <BOS> 加 上 丑 闻 影 响 选 情 <PUNC> </s>
2019-04-03 18:55:56 INFO     Segments: 9
2019-04-03 18:55:56 INFO     ##########Example 6##########
2019-04-03 18:55:56 INFO     Characters: <BOS> 民 主 党 的 议 席 比 上 一 届 减 少 ， 
2019-04-03 18:55:56 INFO     Tokens: <BOS> 民 主 党 的 议 席 比 上 一 届 减 少 <PUNC> </s>
2019-04-03 18:55:56 INFO     Segments: 13
2019-04-03 18:55:56 INFO     ##########Example 7##########
2019-04-03 18:55:56 INFO     Characters: <BOS> 由 第 一 大 党 跌 至 第 三 ； <\n>
2019-04-03 18:55:56 INFO     Tokens: <BOS> 由 第 一 大 党 跌 至 第 三 <PUNC> </s>
2019-04-03 18:55:56 INFO     Segments: 10
2019-04-03 18:55:56 INFO     ##########Example 8##########
2019-04-03 18:55:56 INFO     Characters: <BOS> 而 泛 民 主 派 在 30 席 普 选 中 亦 只 能 取 得 18 席 ， 
2019-04-03 18:55:56 INFO     Tokens: <BOS> 而 泛 民 主 派 在 <NUM> 席 普 选 中 亦 只 能 取 得 <NUM> 席 <PUNC> </s>
2019-04-03 18:55:56 INFO     Segments: 19
2019-04-03 18:55:56 INFO     ##########Example 9##########
2019-04-03 18:55:56 INFO     Characters: <BOS> 比 选 前 预 期 的 20 席 少 ； <\n>
2019-04-03 18:55:56 INFO     Tokens: <BOS> 比 选 前 预 期 的 <NUM> 席 少 <PUNC> </s>
2019-04-03 18:55:56 INFO     Segments: 10
2019-04-03 18:55:58 INFO     Bucket batch sizes: 2000,1454,1230,1066,941,800,640,500
2019-04-03 18:55:58 INFO     Prepare validation dataloader
2019-04-03 18:55:58 INFO     #line: 1493
2019-04-03 18:55:58 INFO     #sentence: 4827
2019-04-03 18:55:58 INFO     #token: 75548
2019-04-03 18:55:58 INFO     ##########Example 0##########
2019-04-03 18:55:58 INFO     Characters: <BOS> 「 练 得 铜 皮 铁 骨 」 露 宿 早 惯 蚊 叮 <\n>
2019-04-03 18:55:58 INFO     Tokens: <BOS> <PUNC> 练 得 铜 皮 铁 骨 <PUNC> 露 宿 早 惯 蚊 叮 </s>
2019-04-03 18:55:58 INFO     Segments: 14
2019-04-03 18:55:58 INFO     ##########Example 1##########
2019-04-03 18:55:58 INFO     Characters: <BOS> 本 港 约 有 450 至 600 名 露 宿 者 ， 
2019-04-03 18:55:58 INFO     Tokens: <BOS> 本 港 约 有 <NUM> 至 <NUM> 名 露 宿 者 <PUNC> </s>
2019-04-03 18:55:58 INFO     Segments: 12
2019-04-03 18:55:58 INFO     ##########Example 2##########
2019-04-03 18:55:58 INFO     Characters: <BOS> 其 中 近 四 分 之 一 ， 
2019-04-03 18:55:58 INFO     Tokens: <BOS> 其 中 近 四 分 之 一 <PUNC> </s>
2019-04-03 18:55:58 INFO     Segments: 8
2019-04-03 18:55:58 INFO     ##########Example 3##########
2019-04-03 18:55:58 INFO     Characters: <BOS> 即 约 150 人 露 宿 在 深 水 埗 。 <\n>
2019-04-03 18:55:58 INFO     Tokens: <BOS> 即 约 <NUM> 人 露 宿 在 深 水 埗 <PUNC> </s>
2019-04-03 18:55:58 INFO     Segments: 11
2019-04-03 18:55:58 INFO     ##########Example 4##########
2019-04-03 18:55:58 INFO     Characters: <BOS> 有 外 展 社 工 称 ， 
2019-04-03 18:55:58 INFO     Tokens: <BOS> 有 外 展 社 工 称 <PUNC> </s>
2019-04-03 18:55:58 INFO     Segments: 7
2019-04-03 18:55:58 INFO     ##########Example 5##########
2019-04-03 18:55:58 INFO     Characters: <BOS> 露 宿 者 日 间 多 到 商 场 等 冷 气 场 所 避 暑 ， 
2019-04-03 18:55:58 INFO     Tokens: <BOS> 露 宿 者 日 间 多 到 商 场 等 冷 气 场 所 避 暑 <PUNC> </s>
2019-04-03 18:55:58 INFO     Segments: 17
2019-04-03 18:55:58 INFO     ##########Example 6##########
2019-04-03 18:55:58 INFO     Characters: <BOS> 流 连 至 晚 上 11 、 12 时 ， 
2019-04-03 18:55:58 INFO     Tokens: <BOS> 流 连 至 晚 上 <NUM> <PUNC> <NUM> 时 <PUNC> </s>
2019-04-03 18:55:58 INFO     Segments: 10
2019-04-03 18:55:58 INFO     ##########Example 7##########
2019-04-03 18:55:58 INFO     Characters: <BOS> 才 用 纸 皮 在 公 园 外 「 打 地 铺 」  ， 
2019-04-03 18:55:58 INFO     Tokens: <BOS> 才 用 纸 皮 在 公 园 外 <PUNC> 打 地 铺 <PUNC> </s>
2019-04-03 18:55:58 INFO     Segments: 13
2019-04-03 18:55:58 INFO     ##########Example 8##########
2019-04-03 18:55:58 INFO     Characters: <BOS> 他 们 早 已 「 练 得 一 身 铜 皮 铁 骨 」  ， 
2019-04-03 18:55:58 INFO     Tokens: <BOS> 他 们 早 已 <PUNC> 练 得 一 身 铜 皮 铁 骨 <PUNC> </s>
2019-04-03 18:55:58 INFO     Segments: 14
2019-04-03 18:55:58 INFO     ##########Example 9##########
2019-04-03 18:55:58 INFO     Characters: <BOS> 彻 夜 被 蚊 叮 也 习 以 为 常 ， 
2019-04-03 18:55:58 INFO     Tokens: <BOS> 彻 夜 被 蚊 叮 也 习 以 为 常 <PUNC> </s>
2019-04-03 18:55:58 INFO     Segments: 11
2019-04-03 18:55:58 INFO     Ramdomly Initializing SLM parameters...
2019-04-03 18:55:59 INFO     global_step = 0
2019-04-03 18:55:59 INFO     unsupervised_loss = 16.215839
2019-04-03 18:56:00 INFO     Saving checkpoint models/unsupervised-cityu-2...
2019-04-03 18:56:04 INFO     Bash Command: bash run.sh valid cityu 2
2019-04-03 18:56:07 INFO     Validation results:
1.0.0
=== SUMMARY:
=== TOTAL INSERTIONS:	25220
=== TOTAL DELETIONS:	100
=== TOTAL SUBSTITUTIONS:	21454
=== TOTAL NCHANGE:	46774
=== TOTAL TRUE WORD COUNT:	40936
=== TOTAL TEST WORD COUNT:	66056
=== TOTAL TRUE WORDS RECALL:	0.473
=== TOTAL TEST WORDS PRECISION:	0.293
=== F MEASURE:	0.362
=== OOV Rate:	1.000
=== OOV Recall Rate:	0.473
=== IV Recall Rate:	--
Examples:
「  练  得  铜  皮  铁  骨  」  露  宿  早  惯  蚊  叮  
本  港  约  有  450  至  600  名露  宿  者  ，  其  中  近  四  分  之  一  ，  即  约  150  人  露  宿  在  深  水  埗  。  
有  外  展  社  工  称  ，  露  宿  者  日  间  多  到  商  场  等  冷  气  场  所  避  暑  ，  流  连  至  晚  上  11  、  12  时  ，  才  用  纸  皮  在  公  园  外  「  打  地  铺  」  ，  他  们  早  已  「  练  得  一  身  铜  皮  铁  骨  」  ，  彻  夜  被  蚊  叮  也  习  以  为  常  ，  但  社  工  在  炎  夏  仍  会  频  频  给  他  们  派  发  蚊  香  。  
基  督  教  关  怀  无  家  者  协  会  的  外  展  社  工  ，  过  去  一  直  有  探  访  李  郑  屋  游  乐  场  外  的  露  宿  者  ，  该  会  总  干  事  赖  淑  芬  说  ，  该  处  的  露  宿  者  只  有  数  人  ，  且  流  动  性  很  大  。  
不  管  被  多  少  蚊  叮  也  没  什  感  觉  
她  指  这  些  露  宿  者  日  间  都  会  流  连  于  冷  气  场  所  ，  晚  上  才  到  游  乐  场  露  宿  ，  但  碍  于  游  乐  场  晚  上  关  门  ，  他  们  只  可  在  外  围  「  打  地  铺  」  。  
由  于  附  近  多  草  丛  ，  晚  上  人  流  少  ，  部  分  露  宿  者  又  因  为  个  人  卫  生  问  题  ，  总  成  为  蚊  叮  对  象  。  
但  露  宿  者  早  已  习  惯  被  蚊  叮  ，  不  管  被  多  少  蚊  叮  也  没  什  感  觉  。  
不  过  ，  有  些  露  宿  者  一  样  被  蚊  叮  至  痕  痒  入  心  ，  要  不  断  换  位  找  个  较  少  蚊  的  地  方  睡  觉  ，  故  彻  夜  难  眠  。  
赖  淑  芬  指  区  内  露  宿  者  之  家  经  常  「  爆  满  」  ，  他  们  未  必  有  位  入  住  ﹔  

2019-04-03 18:56:07 INFO     Saving best checkpoint....
2019-04-03 18:56:33 INFO     global_step = 100
2019-04-03 18:56:33 INFO     unsupervised_loss = 8.810809
2019-04-03 18:57:00 INFO     global_step = 200
2019-04-03 18:57:00 INFO     unsupervised_loss = 6.470644
2019-04-03 18:57:27 INFO     global_step = 300
2019-04-03 18:57:27 INFO     unsupervised_loss = 5.774694
2019-04-03 18:57:54 INFO     global_step = 400
2019-04-03 18:57:54 INFO     unsupervised_loss = 5.524794
2019-04-03 18:57:55 INFO     Saving checkpoint models/unsupervised-cityu-2...
2019-04-03 18:57:58 INFO     Bash Command: bash run.sh valid cityu 2
2019-04-03 18:58:01 INFO     Validation results:
1.0.0
=== SUMMARY:
=== TOTAL INSERTIONS:	3656
=== TOTAL DELETIONS:	1945
=== TOTAL SUBSTITUTIONS:	7476
=== TOTAL NCHANGE:	13077
=== TOTAL TRUE WORD COUNT:	40936
=== TOTAL TEST WORD COUNT:	42647
=== TOTAL TRUE WORDS RECALL:	0.770
=== TOTAL TEST WORDS PRECISION:	0.739
=== F MEASURE:	0.754
=== OOV Rate:	1.000
=== OOV Recall Rate:	0.770
=== IV Recall Rate:	--
Examples:
「  练得  铜皮  铁骨  」  露宿  早惯  蚊叮  
本港  约有  450  至  600  名  露宿  者  ，  其中  近四  分  之一  ，  即约  150  人  露宿  在  深水  埗  。  
有  外展  社工  称  ，  露宿  者日  间  多到  商场  等  冷气  场所  避暑  ，  流  连至  晚上  11  、  12  时  ，  才  用  纸皮  在  公园  外  「  打  地铺  」  ，  他  们  早已  「  练得  一身  铜皮  铁骨  」  ，  彻夜  被  蚊叮  也  习以  为  常  ，  但  社工  在  炎夏  仍会  频频  给他  们  派发  蚊香  。  
基督  教  关怀  无家  者  协会  的  外展  社工  ，  过去  一直  有  探访  李  郑  屋  游乐  场外  的  露宿  者  ，  该  会  总干  事赖  淑芬  说  ，  该  处  的  露宿  者  只有  数人  ，  且  流动  性  很大  。  
不管  被  多少  蚊叮  也  没什  感觉  
她指  这些  露宿  者  日间  都会  流连  于  冷气  场所  ，  晚上  才到  游乐  场  露宿  ，  但  碍于  游乐  场  晚上  关门  ，  他  们  只可  在  外围  「  打  地铺  」  。  
由于  附近  多  草丛  ，  晚上  人流  少  ，  部分  露宿  者  又  因为  个人  卫生  问题  ，  总  成为  蚊叮  对象  。  
但  露宿  者  早已  习惯  被  蚊叮  ，  不管  被  多少  蚊叮  也  没什  感觉  。  
不过  ，  有些  露宿  者  一样  被  蚊叮  至  痕痒  入心  ，  要  不断  换位  找个  较少  蚊  的  地方  睡觉  ，  故  彻夜  难眠  。  
赖  淑芬  指  区内  露宿  者  之家  经常  「  爆满  」  ，  他  们  未必  有位  入住  ﹔  

2019-04-03 18:58:01 INFO     Saving best checkpoint....
2019-04-03 18:58:27 INFO     global_step = 500
2019-04-03 18:58:27 INFO     unsupervised_loss = 5.354367
2019-04-03 18:58:54 INFO     global_step = 600
2019-04-03 18:58:54 INFO     unsupervised_loss = 5.235879
2019-04-03 18:59:22 INFO     global_step = 700
2019-04-03 18:59:22 INFO     unsupervised_loss = 5.146459
2019-04-03 18:59:49 INFO     global_step = 800
2019-04-03 18:59:49 INFO     unsupervised_loss = 5.066973
2019-04-03 18:59:49 INFO     Saving checkpoint models/unsupervised-cityu-2...
2019-04-03 18:59:53 INFO     Bash Command: bash run.sh valid cityu 2
2019-04-03 18:59:55 INFO     Validation results:
1.0.0
=== SUMMARY:
=== TOTAL INSERTIONS:	3789
=== TOTAL DELETIONS:	1843
=== TOTAL SUBSTITUTIONS:	7143
=== TOTAL NCHANGE:	12775
=== TOTAL TRUE WORD COUNT:	40936
=== TOTAL TEST WORD COUNT:	42882
=== TOTAL TRUE WORDS RECALL:	0.780
=== TOTAL TEST WORDS PRECISION:	0.745
=== F MEASURE:	0.762
=== OOV Rate:	1.000
=== OOV Recall Rate:	0.780
=== IV Recall Rate:	--
Examples:
「  练得  铜皮  铁骨  」  露宿  早惯  蚊叮  
本港  约有  450  至  600  名  露宿  者  ，  其中  近四  分之  一  ，  即  约  150  人  露宿  在  深水  埗  。  
有  外展  社工  称  ，  露宿  者日  间  多  到  商场  等  冷气  场所  避暑  ，  流连  至  晚上  11  、  12  时  ，  才  用  纸皮  在  公园  外  「  打  地铺  」  ，  他  们  早已  「  练得  一  身铜  皮  铁骨  」  ，  彻夜  被  蚊叮  也习  以为  常  ，  但  社工  在  炎夏  仍  会  频频  给他  们  派发  蚊香  。  
基督  教  关怀  无家  者  协会  的  外展  社工  ，  过去  一直  有  探访  李  郑  屋  游乐  场外  的  露宿  者  ，  该  会总  干事  赖  淑芬  说  ，  该  处  的  露宿  者  只有  数人  ，  且  流动  性  很大  。  
不管  被  多少  蚊叮  也  没什  感觉  
她  指  这些  露宿  者  日间  都会  流连  于  冷气  场所  ，  晚上  才  到  游乐  场  露宿  ，  但  碍于  游乐  场  晚上  关门  ，  他  们  只  可  在  外围  「  打  地铺  」  。  
由于  附近  多  草丛  ，  晚上  人流  少  ，  部分  露宿  者  又  因为  个人  卫生  问题  ，  总  成为  蚊叮  对象  。  
但  露宿  者  早已  习惯  被  蚊叮  ，  不管  被  多少  蚊叮  也  没什  感觉  。  
不过  ，  有些  露宿  者  一样  被  蚊叮  至  痕痒  入心  ，  要  不断  换位  找个  较少  蚊  的  地方  睡觉  ，  故  彻夜  难眠  。  
赖  淑芬  指  区内  露宿  者  之家  经常  「  爆满  」  ，  他  们  未必  有位  入住  ﹔  

2019-04-03 18:59:55 INFO     Saving best checkpoint....
2019-04-03 19:00:21 INFO     global_step = 900
2019-04-03 19:00:21 INFO     unsupervised_loss = 5.018856
2019-04-03 19:00:49 INFO     global_step = 1000
2019-04-03 19:00:49 INFO     unsupervised_loss = 4.824235
2019-04-03 19:01:16 INFO     global_step = 1100
2019-04-03 19:01:16 INFO     unsupervised_loss = 4.707488
2019-04-03 19:01:44 INFO     global_step = 1200
2019-04-03 19:01:44 INFO     unsupervised_loss = 4.672150
2019-04-03 19:01:44 INFO     Saving checkpoint models/unsupervised-cityu-2...
2019-04-03 19:01:48 INFO     Bash Command: bash run.sh valid cityu 2
2019-04-03 19:01:50 INFO     Validation results:
1.0.0
=== SUMMARY:
=== TOTAL INSERTIONS:	4050
=== TOTAL DELETIONS:	1590
=== TOTAL SUBSTITUTIONS:	6747
=== TOTAL NCHANGE:	12387
=== TOTAL TRUE WORD COUNT:	40936
=== TOTAL TEST WORD COUNT:	43396
=== TOTAL TRUE WORDS RECALL:	0.796
=== TOTAL TEST WORDS PRECISION:	0.751
=== F MEASURE:	0.773
=== OOV Rate:	1.000
=== OOV Recall Rate:	0.796
=== IV Recall Rate:	--
Examples:
「  练得  铜皮  铁骨  」  露宿  早惯  蚊叮  
本港  约有  450  至  600  名  露宿  者  ，  其中  近  四  分之  一  ，  即  约  150  人  露宿  在  深水  埗  。  
有  外展  社工  称  ，  露宿  者  日间  多到  商场  等  冷气  场所  避暑  ，  流连  至  晚上  11  、  12  时  ，  才  用  纸皮  在  公园  外  「  打  地铺  」  ，  他  们  早已  「  练得  一  身  铜皮  铁骨  」  ，  彻夜  被  蚊叮  也习  以为  常  ，  但  社工  在  炎夏  仍会  频频  给  他  们  派发  蚊香  。  
基督  教  关怀  无家  者  协会  的  外展  社工  ，  过去  一直  有  探访  李  郑屋  游乐  场外  的  露宿  者  ，  该会  总  干事  赖  淑芬  说  ，  该处  的  露宿  者  只有  数  人  ，  且  流动  性  很大  。  
不管  被  多少  蚊叮  也  没什  感觉  
她  指  这些  露宿  者  日间  都  会  流连  于  冷气  场所  ，  晚上  才  到  游乐  场  露宿  ，  但  碍于  游乐  场  晚上  关门  ，  他  们  只  可  在  外围  「  打  地铺  」  。  
由于  附近  多  草丛  ，  晚上  人流  少  ，  部分  露宿  者  又  因为  个人  卫生  问题  ，  总  成为  蚊叮  对象  。  
但  露宿  者  早已  习惯  被  蚊叮  ，  不管  被  多少  蚊叮  也  没什  感觉  。  
不过  ，  有些  露宿  者  一样  被  蚊叮  至  痕痒  入心  ，  要  不断  换位  找个  较少  蚊  的  地方  睡觉  ，  故  彻夜  难眠  。  
赖  淑芬  指  区内  露宿  者  之家  经常  「  爆满  」  ，  他  们  未必  有位  入住  ﹔  

2019-04-03 19:01:50 INFO     Saving best checkpoint....
2019-04-03 19:02:17 INFO     global_step = 1300
2019-04-03 19:02:17 INFO     unsupervised_loss = 4.570248
2019-04-03 19:02:46 INFO     global_step = 1400
2019-04-03 19:02:46 INFO     unsupervised_loss = 4.556346
2019-04-03 19:03:13 INFO     global_step = 1500
2019-04-03 19:03:13 INFO     unsupervised_loss = 4.531996
2019-04-03 19:03:41 INFO     global_step = 1600
2019-04-03 19:03:41 INFO     unsupervised_loss = 4.471956
2019-04-03 19:03:41 INFO     Saving checkpoint models/unsupervised-cityu-2...
2019-04-03 19:03:45 INFO     Bash Command: bash run.sh valid cityu 2
2019-04-03 19:03:47 INFO     Validation results:
1.0.0
=== SUMMARY:
=== TOTAL INSERTIONS:	4142
=== TOTAL DELETIONS:	1479
=== TOTAL SUBSTITUTIONS:	6564
=== TOTAL NCHANGE:	12185
=== TOTAL TRUE WORD COUNT:	40936
=== TOTAL TEST WORD COUNT:	43599
=== TOTAL TRUE WORDS RECALL:	0.804
=== TOTAL TEST WORDS PRECISION:	0.754
=== F MEASURE:	0.778
=== OOV Rate:	1.000
=== OOV Recall Rate:	0.804
=== IV Recall Rate:	--
Examples:
「  练  得铜  皮  铁骨  」  露宿  早惯  蚊叮  
本港  约有  450  至  600  名  露宿  者  ，  其中  近  四  分之  一  ，  即  约  150  人  露宿  在  深水  埗  。  
有  外展  社工  称  ，  露宿  者日  间  多  到  商场  等  冷气  场所  避暑  ，  流连  至  晚上  11  、  12  时  ，  才  用  纸皮  在  公园  外  「  打  地铺  」  ，  他  们  早已  「  练得  一  身铜  皮  铁骨  」  ，  彻夜  被  蚊叮  也习  以  为  常  ，  但  社工  在  炎夏  仍  会  频频  给  他  们  派发  蚊香  。  
基督  教  关怀  无家  者  协会  的  外展  社工  ，  过去  一直  有  探访  李  郑  屋  游乐  场外  的  露宿  者  ，  该  会总  干事  赖  淑芬  说  ，  该处  的  露宿  者  只有  数人  ，  且  流动  性  很大  。  
不管  被  多少  蚊叮  也  没什  感觉  
她  指  这些  露宿  者  日间  都  会  流连  于  冷气  场所  ，  晚上  才  到  游乐  场  露宿  ，  但  碍于  游乐  场  晚上  关门  ，  他  们  只  可  在  外围  「  打  地铺  」  。  
由于  附近  多  草丛  ，  晚上  人流  少  ，  部分  露宿  者  又  因为  个人  卫生  问题  ，  总  成为  蚊叮  对象  。  
但  露宿  者  早已  习惯  被  蚊叮  ，  不管  被  多少  蚊叮  也  没什  感觉  。  
不过  ，  有些  露宿  者  一样  被  蚊叮  至  痕痒  入心  ，  要  不断  换位  找个  较少  蚊  的  地方  睡觉  ，  故  彻夜  难眠  。  
赖  淑芬  指  区内  露宿  者  之家  经常  「  爆满  」  ，  他  们  未必  有位  入住  ﹔  

2019-04-03 19:03:47 INFO     Saving best checkpoint....
2019-04-03 19:04:14 INFO     global_step = 1700
2019-04-03 19:04:14 INFO     unsupervised_loss = 4.433569
2019-04-03 19:04:42 INFO     global_step = 1800
2019-04-03 19:04:42 INFO     unsupervised_loss = 4.449470
2019-04-03 19:05:09 INFO     global_step = 1900
2019-04-03 19:05:09 INFO     unsupervised_loss = 4.432734
2019-04-03 19:05:36 INFO     global_step = 2000
2019-04-03 19:05:36 INFO     unsupervised_loss = 4.433416
2019-04-03 19:05:36 INFO     Saving checkpoint models/unsupervised-cityu-2...
2019-04-03 19:05:40 INFO     Bash Command: bash run.sh valid cityu 2
2019-04-03 19:05:42 INFO     Validation results:
1.0.0
=== SUMMARY:
=== TOTAL INSERTIONS:	4260
=== TOTAL DELETIONS:	1362
=== TOTAL SUBSTITUTIONS:	6442
=== TOTAL NCHANGE:	12064
=== TOTAL TRUE WORD COUNT:	40936
=== TOTAL TEST WORD COUNT:	43834
=== TOTAL TRUE WORDS RECALL:	0.809
=== TOTAL TEST WORDS PRECISION:	0.756
=== F MEASURE:	0.782
=== OOV Rate:	1.000
=== OOV Recall Rate:	0.809
=== IV Recall Rate:	--
Examples:
「  练得  铜皮  铁骨  」  露宿  早惯  蚊叮  
本港  约有  450  至  600  名  露宿  者  ，  其中  近  四  分之  一  ，  即  约  150  人  露宿  在  深水  埗  。  
有  外展  社工  称  ，  露宿  者  日间  多  到  商场  等  冷气  场所  避暑  ，  流连  至  晚上  11  、  12  时  ，  才  用  纸皮  在  公园  外  「  打  地铺  」  ，  他  们  早已  「  练得  一  身铜  皮  铁骨  」  ，  彻夜  被  蚊叮  也  习  以  为  常  ，  但  社工  在  炎夏  仍  会  频频  给  他  们  派发  蚊香  。  
基督  教  关怀  无家  者  协会  的  外展  社工  ，  过去  一直  有  探访  李  郑屋  游乐  场外  的  露宿  者  ，  该会  总  干事  赖  淑芬  说  ，  该处  的  露宿  者  只有  数人  ，  且  流动  性  很大  。  
不管  被  多少  蚊叮  也  没什  感觉  
她  指  这些  露宿  者  日间  都  会  流连  于  冷气  场所  ，  晚上  才  到  游乐  场  露宿  ，  但  碍于  游乐  场  晚上  关门  ，  他  们  只  可  在  外围  「  打  地铺  」  。  
由于  附近  多  草丛  ，  晚上  人流  少  ，  部分  露宿  者  又  因为  个人  卫生  问题  ，  总  成为  蚊叮  对象  。  
但  露宿  者  早已  习惯  被  蚊叮  ，  不管  被  多少  蚊叮  也  没什  感觉  。  
不过  ，  有些  露宿  者  一样  被  蚊叮  至  痕痒  入心  ，  要  不断  换位  找个  较少  蚊  的  地方  睡觉  ，  故  彻夜  难眠  。  
赖  淑芬  指  区内  露宿  者  之家  经常  「  爆满  」  ，  他  们  未必  有位  入住  ﹔  

2019-04-03 19:05:42 INFO     Saving best checkpoint....
2019-04-03 19:06:09 INFO     global_step = 2100
2019-04-03 19:06:09 INFO     unsupervised_loss = 4.429219
2019-04-03 19:06:37 INFO     global_step = 2200
2019-04-03 19:06:37 INFO     unsupervised_loss = 4.401221
2019-04-03 19:07:04 INFO     global_step = 2300
2019-04-03 19:07:04 INFO     unsupervised_loss = 4.412502
2019-04-03 19:07:31 INFO     global_step = 2400
2019-04-03 19:07:31 INFO     unsupervised_loss = 4.367805
2019-04-03 19:07:32 INFO     Saving checkpoint models/unsupervised-cityu-2...
2019-04-03 19:07:35 INFO     Bash Command: bash run.sh valid cityu 2
2019-04-03 19:07:38 INFO     Validation results:
1.0.0
=== SUMMARY:
=== TOTAL INSERTIONS:	4372
=== TOTAL DELETIONS:	1357
=== TOTAL SUBSTITUTIONS:	6515
=== TOTAL NCHANGE:	12244
=== TOTAL TRUE WORD COUNT:	40936
=== TOTAL TEST WORD COUNT:	43951
=== TOTAL TRUE WORDS RECALL:	0.808
=== TOTAL TEST WORDS PRECISION:	0.752
=== F MEASURE:	0.779
=== OOV Rate:	1.000
=== OOV Recall Rate:	0.808
=== IV Recall Rate:	--
Examples:
「  练  得铜  皮  铁骨  」  露宿  早惯  蚊叮  
本港  约有  450  至  600  名  露宿  者  ，  其中  近  四  分之  一  ，  即  约  150  人  露宿  在  深水  埗  。  
有  外展  社工  称  ，  露宿  者  日间  多  到  商场  等  冷气  场所  避暑  ，  流连  至  晚上  11  、  12  时  ，  才  用  纸皮  在  公园  外  「  打  地铺  」  ，  他  们  早已  「  练得  一  身铜  皮  铁骨  」  ，  彻夜  被  蚊叮  也  习  以  为  常  ，  但  社工  在  炎夏  仍  会  频频  给  他  们  派发  蚊香  。  
基督  教  关怀  无家  者  协会  的  外展  社工  ，  过去  一直  有  探访  李  郑  屋  游乐  场外  的  露宿  者  ，  该会  总  干事  赖  淑芬  说  ，  该处  的  露宿  者  只  有  数人  ，  且  流动  性  很大  。  
不管  被  多少  蚊叮  也  没什  感觉  
她  指  这些  露宿  者  日间  都  会  流连  于  冷气  场所  ，  晚上  才  到  游乐  场  露宿  ，  但  碍于  游乐  场  晚上  关门  ，  他  们  只  可  在  外围  「  打  地铺  」  。  
由于  附近  多  草丛  ，  晚上  人流  少  ，  部分  露宿  者  又  因为  个人  卫生  问题  ，  总  成为  蚊叮  对象  。  
但  露宿  者  早已  习惯  被  蚊叮  ，  不管  被  多少  蚊叮  也  没什  感觉  。  
不过  ，  有些  露宿  者  一样  被  蚊叮  至  痕痒  入心  ，  要  不断  换位  找个  较少  蚊  的  地方  睡觉  ，  故  彻夜  难眠  。  
赖  淑芬  指  区内  露宿  者  之家  经常  「  爆满  」  ，  他  们  未必  有位  入住  ﹔  

2019-04-03 19:08:05 INFO     global_step = 2500
2019-04-03 19:08:05 INFO     unsupervised_loss = 4.356733
2019-04-03 19:08:32 INFO     global_step = 2600
2019-04-03 19:08:32 INFO     unsupervised_loss = 4.352220
2019-04-03 19:09:00 INFO     global_step = 2700
2019-04-03 19:09:00 INFO     unsupervised_loss = 4.361195
2019-04-03 19:09:26 INFO     global_step = 2800
2019-04-03 19:09:26 INFO     unsupervised_loss = 4.339873
2019-04-03 19:09:27 INFO     Saving checkpoint models/unsupervised-cityu-2...
2019-04-03 19:09:31 INFO     Bash Command: bash run.sh valid cityu 2
2019-04-03 19:09:34 INFO     Validation results:
1.0.0
=== SUMMARY:
=== TOTAL INSERTIONS:	4427
=== TOTAL DELETIONS:	1326
=== TOTAL SUBSTITUTIONS:	6464
=== TOTAL NCHANGE:	12217
=== TOTAL TRUE WORD COUNT:	40936
=== TOTAL TEST WORD COUNT:	44037
=== TOTAL TRUE WORDS RECALL:	0.810
=== TOTAL TEST WORDS PRECISION:	0.753
=== F MEASURE:	0.780
=== OOV Rate:	1.000
=== OOV Recall Rate:	0.810
=== IV Recall Rate:	--
Examples:
「  练得  铜皮  铁骨  」  露宿  早惯  蚊叮  
本港  约有  450  至  600  名  露宿  者  ，  其中  近四  分之  一  ，  即  约  150  人  露宿  在  深水  埗  。  
有  外展  社工  称  ，  露宿  者  日间  多  到  商场  等  冷气  场所  避暑  ，  流连  至  晚上  11  、  12  时  ，  才  用  纸皮  在  公园  外  「  打  地铺  」  ，  他  们  早已  「  练得  一  身铜  皮  铁骨  」  ，  彻夜  被  蚊叮  也习  以  为  常  ，  但  社工  在  炎夏  仍  会  频频  给  他  们  派发  蚊香  。  
基督  教  关怀  无家  者  协会  的  外展  社工  ，  过去  一直  有  探访  李  郑  屋  游乐  场外  的  露宿  者  ，  该会  总  干事  赖  淑芬  说  ，  该处  的  露宿  者  只  有  数人  ，  且  流动  性  很大  。  
不管  被  多少  蚊叮  也  没什  感觉  
她  指  这些  露宿  者  日间  都  会  流连  于  冷气  场所  ，  晚上  才  到  游乐  场  露宿  ，  但  碍于  游乐  场  晚上  关门  ，  他  们  只  可  在  外围  「  打  地铺  」  。  
由于  附近  多  草丛  ，  晚上  人流  少  ，  部分  露宿  者  又  因为  个人  卫生  问题  ，  总  成为  蚊叮  对象  。  
但  露宿  者  早已  习惯  被  蚊叮  ，  不管  被  多少  蚊叮  也  没什  感觉  。  
不过  ，  有些  露宿  者  一样  被  蚊叮  至  痕痒  入心  ，  要  不断  换位  找个  较少  蚊  的  地方  睡觉  ，  故  彻夜  难眠  。  
赖  淑芬  指  区内  露宿  者  之家  经常  「  爆满  」  ，  他  们  未必  有位  入住  ﹔  

2019-04-03 19:10:01 INFO     global_step = 2900
2019-04-03 19:10:01 INFO     unsupervised_loss = 4.358370
2019-04-03 19:10:28 INFO     global_step = 3000
2019-04-03 19:10:28 INFO     unsupervised_loss = 4.310215
2019-04-03 19:10:56 INFO     global_step = 3100
2019-04-03 19:10:56 INFO     unsupervised_loss = 4.362145
2019-04-03 19:11:25 INFO     global_step = 3200
2019-04-03 19:11:25 INFO     unsupervised_loss = 4.316741
2019-04-03 19:11:25 INFO     Saving checkpoint models/unsupervised-cityu-2...
2019-04-03 19:11:29 INFO     Bash Command: bash run.sh valid cityu 2
2019-04-03 19:11:31 INFO     Validation results:
1.0.0
=== SUMMARY:
=== TOTAL INSERTIONS:	4527
=== TOTAL DELETIONS:	1259
=== TOTAL SUBSTITUTIONS:	6368
=== TOTAL NCHANGE:	12154
=== TOTAL TRUE WORD COUNT:	40936
=== TOTAL TEST WORD COUNT:	44204
=== TOTAL TRUE WORDS RECALL:	0.814
=== TOTAL TEST WORDS PRECISION:	0.754
=== F MEASURE:	0.782
=== OOV Rate:	1.000
=== OOV Recall Rate:	0.814
=== IV Recall Rate:	--
Examples:
「  练  得铜  皮  铁骨  」  露宿  早惯  蚊叮  
本港  约有  450  至  600  名  露宿  者  ，  其中  近  四  分之  一  ，  即  约  150  人  露宿  在  深水  埗  。  
有  外展  社工  称  ，  露宿  者  日间  多  到  商场  等  冷气  场所  避暑  ，  流连  至  晚上  11  、  12  时  ，  才  用  纸皮  在  公园  外  「  打  地铺  」  ，  他  们  早已  「  练得  一  身铜  皮  铁骨  」  ，  彻夜  被  蚊叮  也  习以  为  常  ，  但  社工  在  炎夏  仍  会  频频  给  他  们  派发  蚊香  。  
基督  教  关怀  无家  者  协会  的  外展  社工  ，  过去  一直  有  探访  李郑  屋  游乐  场外  的  露宿  者  ，  该会  总  干事  赖  淑芬  说  ，  该处  的  露宿  者  只  有  数人  ，  且  流动  性  很大  。  
不管  被  多少  蚊叮  也  没什  感觉  
她  指  这些  露宿  者  日间  都  会  流连  于  冷气  场所  ，  晚上  才  到  游乐  场  露宿  ，  但  碍于  游乐  场  晚上  关门  ，  他  们  只  可  在  外围  「  打  地铺  」  。  
由于  附近  多  草丛  ，  晚上  人流  少  ，  部分  露宿  者  又  因为  个人  卫生  问题  ，  总  成为  蚊叮  对象  。  
但  露宿  者  早已  习惯  被  蚊叮  ，  不管  被  多少  蚊叮  也  没什  感觉  。  
不过  ，  有些  露宿  者  一样  被  蚊叮  至  痕痒  入心  ，  要  不断  换位  找个  较  少蚊  的  地方  睡觉  ，  故  彻夜  难眠  。  
赖  淑芬  指  区内  露宿  者  之家  经常  「  爆满  」  ，  他  们  未必  有位  入住  ﹔  

2019-04-03 19:11:58 INFO     global_step = 3300
2019-04-03 19:11:58 INFO     unsupervised_loss = 4.335400
2019-04-03 19:12:25 INFO     global_step = 3400
2019-04-03 19:12:25 INFO     unsupervised_loss = 4.320514
2019-04-03 19:12:52 INFO     global_step = 3500
2019-04-03 19:12:52 INFO     unsupervised_loss = 4.318540
2019-04-03 19:13:19 INFO     global_step = 3600
2019-04-03 19:13:19 INFO     unsupervised_loss = 4.251684
2019-04-03 19:13:20 INFO     Saving checkpoint models/unsupervised-cityu-2...
2019-04-03 19:13:24 INFO     Bash Command: bash run.sh valid cityu 2
2019-04-03 19:13:27 INFO     Validation results:
1.0.0
=== SUMMARY:
=== TOTAL INSERTIONS:	4548
=== TOTAL DELETIONS:	1241
=== TOTAL SUBSTITUTIONS:	6350
=== TOTAL NCHANGE:	12139
=== TOTAL TRUE WORD COUNT:	40936
=== TOTAL TEST WORD COUNT:	44243
=== TOTAL TRUE WORDS RECALL:	0.815
=== TOTAL TEST WORDS PRECISION:	0.754
=== F MEASURE:	0.783
=== OOV Rate:	1.000
=== OOV Recall Rate:	0.815
=== IV Recall Rate:	--
Examples:
「  练  得铜  皮  铁骨  」  露宿  早惯  蚊叮  
本港  约有  450  至  600  名  露宿  者  ，  其中  近  四  分之  一  ，  即  约  150  人  露宿  在  深水  埗  。  
有  外展  社工  称  ，  露宿  者  日间  多到  商场  等  冷气  场所  避暑  ，  流连  至  晚上  11  、  12  时  ，  才  用  纸皮  在  公园  外  「  打  地铺  」  ，  他  们  早已  「  练得  一  身铜  皮  铁骨  」  ，  彻夜  被  蚊叮  也  习以  为  常  ，  但  社工  在  炎夏  仍  会  频频  给  他  们  派发  蚊香  。  
基督  教  关怀  无家  者  协会  的  外展  社工  ，  过去  一直  有  探访  李  郑屋  游乐  场外  的  露宿  者  ，  该会  总  干事  赖  淑芬  说  ，  该处  的  露宿  者  只  有  数人  ，  且  流动  性  很大  。  
不管  被  多少  蚊叮  也  没什  感觉  
她  指  这些  露宿  者  日间  都  会  流连  于  冷气  场所  ，  晚上  才  到  游乐  场  露宿  ，  但  碍于  游乐  场  晚上  关门  ，  他  们  只  可  在  外围  「  打  地铺  」  。  
由于  附近  多  草丛  ，  晚上  人流  少  ，  部分  露宿  者  又  因为  个人  卫生  问题  ，  总  成为  蚊叮  对象  。  
但  露宿  者  早已  习惯  被  蚊叮  ，  不管  被  多少  蚊叮  也  没什  感觉  。  
不过  ，  有些  露宿  者  一样  被  蚊叮  至  痕痒  入心  ，  要  不断  换位  找个  较少  蚊  的  地方  睡觉  ，  故  彻夜  难眠  。  
赖  淑芬  指  区内  露宿  者  之家  经常  「  爆满  」  ，  他  们  未必  有位  入住  ﹔  

2019-04-03 19:13:27 INFO     Saving best checkpoint....
2019-04-03 19:13:53 INFO     global_step = 3700
2019-04-03 19:13:53 INFO     unsupervised_loss = 4.258986
2019-04-03 19:14:20 INFO     global_step = 3800
2019-04-03 19:14:20 INFO     unsupervised_loss = 4.287031
2019-04-03 19:14:48 INFO     global_step = 3900
2019-04-03 19:14:48 INFO     unsupervised_loss = 4.285800
2019-04-03 19:15:15 INFO     global_step = 4000
2019-04-03 19:15:15 INFO     unsupervised_loss = 4.285552
2019-04-03 19:15:16 INFO     Saving checkpoint models/unsupervised-cityu-2...
2019-04-03 19:15:19 INFO     Bash Command: bash run.sh valid cityu 2
2019-04-03 19:15:22 INFO     Validation results:
1.0.0
=== SUMMARY:
=== TOTAL INSERTIONS:	4518
=== TOTAL DELETIONS:	1225
=== TOTAL SUBSTITUTIONS:	6314
=== TOTAL NCHANGE:	12057
=== TOTAL TRUE WORD COUNT:	40936
=== TOTAL TEST WORD COUNT:	44229
=== TOTAL TRUE WORDS RECALL:	0.816
=== TOTAL TEST WORDS PRECISION:	0.755
=== F MEASURE:	0.784
=== OOV Rate:	1.000
=== OOV Recall Rate:	0.816
=== IV Recall Rate:	--
Examples:
「  练得  铜  皮  铁骨  」  露宿  早惯  蚊叮  
本港  约有  450  至  600  名  露宿  者  ，  其中  近四  分之  一  ，  即  约  150  人  露宿  在  深水  埗  。  
有  外展  社工  称  ，  露宿  者  日间  多到  商场  等  冷气  场所  避暑  ，  流连  至  晚上  11  、  12  时  ，  才  用  纸皮  在  公园  外  「  打  地铺  」  ，  他  们  早已  「  练得  一  身铜  皮  铁骨  」  ，  彻夜  被  蚊叮  也  习以  为  常  ，  但  社工  在  炎夏  仍  会  频频  给  他  们  派发  蚊香  。  
基督  教  关怀  无家  者  协会  的  外展  社工  ，  过去  一直  有  探访  李  郑屋  游乐  场  外  的  露宿  者  ，  该会  总  干事  赖  淑芬  说  ，  该处  的  露宿  者  只  有  数人  ，  且  流动  性  很大  。  
不管  被  多少  蚊叮  也  没什  感觉  
她  指  这些  露宿  者  日间  都  会  流连  于  冷气  场所  ，  晚上  才  到  游乐  场  露宿  ，  但  碍于  游乐  场  晚上  关门  ，  他  们  只  可  在  外围  「  打  地铺  」  。  
由于  附近  多  草丛  ，  晚上  人流  少  ，  部分  露宿  者  又  因为  个人  卫生  问题  ，  总  成为  蚊叮  对象  。  
但  露宿  者  早已  习惯  被  蚊叮  ，  不管  被  多少  蚊叮  也  没什  感觉  。  
不过  ，  有些  露宿  者  一样  被  蚊叮  至  痕痒  入心  ，  要  不断  换位  找个  较少  蚊  的  地方  睡觉  ，  故  彻夜  难眠  。  
赖  淑芬  指  区内  露宿  者  之家  经常  「  爆满  」  ，  他  们  未必  有位  入住  ﹔  

2019-04-03 19:15:22 INFO     Saving best checkpoint....
2019-04-03 19:15:49 INFO     global_step = 4100
2019-04-03 19:15:49 INFO     unsupervised_loss = 4.292860
2019-04-03 19:16:17 INFO     global_step = 4200
2019-04-03 19:16:17 INFO     unsupervised_loss = 4.291583
2019-04-03 19:16:45 INFO     global_step = 4300
2019-04-03 19:16:45 INFO     unsupervised_loss = 4.231090
2019-04-03 19:17:12 INFO     global_step = 4400
2019-04-03 19:17:12 INFO     unsupervised_loss = 4.256307
2019-04-03 19:17:12 INFO     Saving checkpoint models/unsupervised-cityu-2...
2019-04-03 19:17:16 INFO     Bash Command: bash run.sh valid cityu 2
2019-04-03 19:17:18 INFO     Validation results:
1.0.0
=== SUMMARY:
=== TOTAL INSERTIONS:	4455
=== TOTAL DELETIONS:	1276
=== TOTAL SUBSTITUTIONS:	6352
=== TOTAL NCHANGE:	12083
=== TOTAL TRUE WORD COUNT:	40936
=== TOTAL TEST WORD COUNT:	44115
=== TOTAL TRUE WORDS RECALL:	0.814
=== TOTAL TEST WORDS PRECISION:	0.755
=== F MEASURE:	0.783
=== OOV Rate:	1.000
=== OOV Recall Rate:	0.814
=== IV Recall Rate:	--
Examples:
「  练得  铜皮  铁骨  」  露宿  早惯  蚊叮  
本港  约有  450  至  600  名  露宿  者  ，  其中  近四  分之  一  ，  即  约  150  人  露宿  在  深水  埗  。  
有  外展  社工  称  ，  露宿  者  日间  多  到  商场  等  冷气  场所  避暑  ，  流连  至  晚上  11  、  12  时  ，  才  用  纸皮  在  公园  外  「  打  地铺  」  ，  他  们  早已  「  练得  一  身铜  皮  铁骨  」  ，  彻夜  被  蚊叮  也  习以  为  常  ，  但  社工  在  炎夏  仍  会  频频  给  他  们  派发  蚊香  。  
基督  教  关怀  无家  者  协会  的  外展  社工  ，  过去  一直  有  探访  李  郑屋  游乐  场外  的  露宿  者  ，  该会  总  干事  赖  淑芬  说  ，  该处  的  露宿  者  只  有  数人  ，  且  流动  性  很大  。  
不管  被  多少  蚊叮  也  没什  感觉  
她  指  这些  露宿  者  日间  都  会  流连  于  冷气  场所  ，  晚上  才  到  游乐  场  露宿  ，  但  碍于  游乐  场  晚上  关门  ，  他  们  只  可  在  外围  「  打  地铺  」  。  
由于  附近  多  草丛  ，  晚上  人流  少  ，  部分  露宿  者  又  因为  个人  卫生  问题  ，  总  成为  蚊叮  对象  。  
但  露宿  者  早已  习惯  被  蚊叮  ，  不管  被  多少  蚊叮  也  没什  感觉  。  
不过  ，  有些  露宿  者  一样  被  蚊叮  至  痕痒  入心  ，  要  不断  换位  找个  较少  蚊  的  地方  睡觉  ，  故  彻夜  难眠  。  
赖  淑芬  指  区内  露宿  者  之家  经常  「  爆满  」  ，  他  们  未必  有位  入住  ﹔  

2019-04-03 19:17:45 INFO     global_step = 4500
2019-04-03 19:17:45 INFO     unsupervised_loss = 4.238583
2019-04-03 19:18:12 INFO     global_step = 4600
2019-04-03 19:18:12 INFO     unsupervised_loss = 4.233925
2019-04-03 19:18:39 INFO     global_step = 4700
2019-04-03 19:18:39 INFO     unsupervised_loss = 4.273317
2019-04-03 19:19:06 INFO     global_step = 4800
2019-04-03 19:19:06 INFO     unsupervised_loss = 4.246135
2019-04-03 19:19:07 INFO     Saving checkpoint models/unsupervised-cityu-2...
2019-04-03 19:19:10 INFO     Bash Command: bash run.sh valid cityu 2
2019-04-03 19:19:12 INFO     Validation results:
1.0.0
=== SUMMARY:
=== TOTAL INSERTIONS:	4606
=== TOTAL DELETIONS:	1173
=== TOTAL SUBSTITUTIONS:	6284
=== TOTAL NCHANGE:	12063
=== TOTAL TRUE WORD COUNT:	40936
=== TOTAL TEST WORD COUNT:	44369
=== TOTAL TRUE WORDS RECALL:	0.818
=== TOTAL TEST WORDS PRECISION:	0.755
=== F MEASURE:	0.785
=== OOV Rate:	1.000
=== OOV Recall Rate:	0.818
=== IV Recall Rate:	--
Examples:
「  练得  铜皮  铁骨  」  露宿  早惯  蚊叮  
本港  约有  450  至  600  名  露宿  者  ，  其中  近  四  分之  一  ，  即  约  150  人  露宿  在  深水  埗  。  
有  外展  社工  称  ，  露宿  者  日间  多  到  商场  等  冷气  场所  避暑  ，  流连  至  晚上  11  、  12  时  ，  才  用  纸皮  在  公园  外  「  打  地铺  」  ，  他  们  早已  「  练得  一  身  铜皮  铁骨  」  ，  彻夜  被  蚊叮  也  习以  为  常  ，  但  社工  在  炎夏  仍  会  频频  给  他  们  派发  蚊香  。  
基督  教  关怀  无家  者  协会  的  外展  社工  ，  过去  一直  有  探访  李  郑屋  游乐  场  外  的  露宿  者  ，  该会  总  干事  赖  淑芬  说  ，  该处  的  露宿  者  只  有  数人  ，  且  流动  性  很大  。  
不管  被  多少  蚊叮  也  没什  感觉  
她  指  这些  露宿  者  日间  都  会  流连  于  冷气  场所  ，  晚上  才  到  游乐  场  露宿  ，  但  碍于  游乐  场  晚上  关门  ，  他  们  只  可  在  外围  「  打  地铺  」  。  
由于  附近  多  草丛  ，  晚上  人流  少  ，  部分  露宿  者  又  因为  个人  卫生  问题  ，  总  成为  蚊叮  对象  。  
但  露宿  者  早已  习惯  被  蚊叮  ，  不管  被  多少  蚊叮  也  没什  感觉  。  
不过  ，  有些  露宿  者  一样  被  蚊叮  至  痕痒  入心  ，  要  不断  换位  找个  较少  蚊  的  地方  睡觉  ，  故  彻夜  难眠  。  
赖  淑芬  指  区内  露宿  者  之家  经常  「  爆满  」  ，  他  们  未必  有位  入住  ﹔  

2019-04-03 19:19:12 INFO     Saving best checkpoint....
2019-04-03 19:19:39 INFO     global_step = 4900
2019-04-03 19:19:39 INFO     unsupervised_loss = 4.241503
2019-04-03 19:20:07 INFO     global_step = 5000
2019-04-03 19:20:07 INFO     unsupervised_loss = 4.232227
2019-04-03 19:20:34 INFO     global_step = 5100
2019-04-03 19:20:34 INFO     unsupervised_loss = 4.205118
2019-04-03 19:21:02 INFO     global_step = 5200
2019-04-03 19:21:02 INFO     unsupervised_loss = 4.175735
2019-04-03 19:21:02 INFO     Saving checkpoint models/unsupervised-cityu-2...
2019-04-03 19:21:06 INFO     Bash Command: bash run.sh valid cityu 2
2019-04-03 19:21:08 INFO     Validation results:
1.0.0
=== SUMMARY:
=== TOTAL INSERTIONS:	4613
=== TOTAL DELETIONS:	1153
=== TOTAL SUBSTITUTIONS:	6217
=== TOTAL NCHANGE:	11983
=== TOTAL TRUE WORD COUNT:	40936
=== TOTAL TEST WORD COUNT:	44396
=== TOTAL TRUE WORDS RECALL:	0.820
=== TOTAL TEST WORDS PRECISION:	0.756
=== F MEASURE:	0.787
=== OOV Rate:	1.000
=== OOV Recall Rate:	0.820
=== IV Recall Rate:	--
Examples:
「  练得  铜皮  铁骨  」  露宿  早惯  蚊叮  
本港  约有  450  至  600  名  露宿  者  ，  其中  近  四  分之  一  ，  即  约  150  人  露宿  在  深水  埗  。  
有  外展  社工  称  ，  露宿  者  日间  多  到  商场  等  冷气  场所  避暑  ，  流连  至  晚上  11  、  12  时  ，  才  用  纸皮  在  公园  外  「  打  地铺  」  ，  他  们  早已  「  练得  一  身铜  皮  铁骨  」  ，  彻夜  被  蚊叮  也  习以  为  常  ，  但  社工  在  炎夏  仍  会  频频  给  他  们  派发  蚊香  。  
基督  教  关怀  无家  者  协会  的  外展  社工  ，  过去  一直  有  探访  李  郑屋  游乐  场  外  的  露宿  者  ，  该会  总  干事  赖  淑芬  说  ，  该处  的  露宿  者  只  有  数人  ，  且  流动  性  很大  。  
不管  被  多少  蚊叮  也  没什  感觉  
她  指  这  些  露宿  者  日间  都  会  流连  于  冷气  场所  ，  晚上  才  到  游乐  场  露宿  ，  但  碍于  游乐  场  晚上  关门  ，  他  们  只  可  在  外围  「  打  地铺  」  。  
由于  附近  多  草丛  ，  晚上  人流  少  ，  部分  露宿  者  又  因为  个人  卫生  问题  ，  总  成为  蚊叮  对象  。  
但  露宿  者  早已  习惯  被  蚊叮  ，  不管  被  多少  蚊叮  也  没什  感觉  。  
不过  ，  有些  露宿  者  一样  被  蚊叮  至  痕痒  入心  ，  要  不断  换位  找个  较  少  蚊  的  地方  睡觉  ，  故  彻夜  难眠  。  
赖  淑芬  指  区内  露宿  者  之家  经常  「  爆满  」  ，  他  们  未必  有位  入住  ﹔  

2019-04-03 19:21:08 INFO     Saving best checkpoint....
2019-04-03 19:21:35 INFO     global_step = 5300
2019-04-03 19:21:35 INFO     unsupervised_loss = 4.177457
2019-04-03 19:22:03 INFO     global_step = 5400
2019-04-03 19:22:03 INFO     unsupervised_loss = 4.191418
2019-04-03 19:22:30 INFO     global_step = 5500
2019-04-03 19:22:30 INFO     unsupervised_loss = 4.168850
2019-04-03 19:22:58 INFO     global_step = 5600
2019-04-03 19:22:58 INFO     unsupervised_loss = 4.160484
2019-04-03 19:22:58 INFO     Saving checkpoint models/unsupervised-cityu-2...
2019-04-03 19:23:01 INFO     Bash Command: bash run.sh valid cityu 2
2019-04-03 19:23:04 INFO     Validation results:
1.0.0
=== SUMMARY:
=== TOTAL INSERTIONS:	4589
=== TOTAL DELETIONS:	1169
=== TOTAL SUBSTITUTIONS:	6212
=== TOTAL NCHANGE:	11970
=== TOTAL TRUE WORD COUNT:	40936
=== TOTAL TEST WORD COUNT:	44356
=== TOTAL TRUE WORDS RECALL:	0.820
=== TOTAL TEST WORDS PRECISION:	0.756
=== F MEASURE:	0.787
=== OOV Rate:	1.000
=== OOV Recall Rate:	0.820
=== IV Recall Rate:	--
Examples:
「  练得  铜皮  铁骨  」  露宿  早惯  蚊叮  
本港  约有  450  至  600  名  露宿  者  ，  其中  近  四  分之  一  ，  即  约  150  人  露宿  在  深水  埗  。  
有  外展  社工  称  ，  露宿  者  日间  多  到  商场  等  冷气  场所  避暑  ，  流连  至  晚上  11  、  12  时  ，  才  用  纸皮  在  公园  外  「  打  地铺  」  ，  他  们  早已  「  练得  一  身铜  皮  铁骨  」  ，  彻夜  被  蚊叮  也  习以  为  常  ，  但  社工  在  炎夏  仍  会  频频  给  他  们  派发  蚊香  。  
基督  教  关怀  无家  者  协会  的  外展  社工  ，  过去  一直  有  探访  李  郑屋  游乐  场  外  的  露宿  者  ，  该会  总  干事  赖  淑芬  说  ，  该处  的  露宿  者  只  有  数人  ，  且  流动  性  很大  。  
不管  被  多少  蚊叮  也  没什  感觉  
她  指  这些  露宿  者  日间  都  会  流连  于  冷气  场所  ，  晚上  才  到  游乐  场  露宿  ，  但  碍于  游乐  场  晚上  关门  ，  他  们  只  可  在  外围  「  打  地铺  」  。  
由于  附近  多  草丛  ，  晚上  人流  少  ，  部分  露宿  者  又  因为  个人  卫生  问题  ，  总  成为  蚊叮  对象  。  
但  露宿  者  早已  习惯  被  蚊叮  ，  不管  被  多少  蚊叮  也  没什  感觉  。  
不过  ，  有些  露宿  者  一样  被  蚊叮  至  痕痒  入心  ，  要  不断  换位  找个  较少  蚊  的  地方  睡觉  ，  故  彻夜  难眠  。  
赖  淑芬  指  区内  露宿  者  之家  经常  「  爆满  」  ，  他  们  未必  有位  入住  ﹔  

2019-04-03 19:23:30 INFO     global_step = 5700
2019-04-03 19:23:30 INFO     unsupervised_loss = 4.116728
2019-04-03 19:23:58 INFO     global_step = 5800
2019-04-03 19:23:58 INFO     unsupervised_loss = 4.127059
2019-04-03 19:24:26 INFO     global_step = 5900
2019-04-03 19:24:26 INFO     unsupervised_loss = 4.132496
2019-04-03 19:24:52 INFO     Training Complete!
2019-04-03 19:24:52 INFO     Saving final checkpoint models/unsupervised-cityu-2...
2019-04-03 19:24:55 INFO     Bash Command: bash run.sh valid cityu 2
2019-04-03 19:24:58 INFO     Validation results:
1.0.0
=== SUMMARY:
=== TOTAL INSERTIONS:	4575
=== TOTAL DELETIONS:	1167
=== TOTAL SUBSTITUTIONS:	6234
=== TOTAL NCHANGE:	11976
=== TOTAL TRUE WORD COUNT:	40936
=== TOTAL TEST WORD COUNT:	44344
=== TOTAL TRUE WORDS RECALL:	0.819
=== TOTAL TEST WORDS PRECISION:	0.756
=== F MEASURE:	0.786
=== OOV Rate:	1.000
=== OOV Recall Rate:	0.819
=== IV Recall Rate:	--
Examples:
「  练得  铜皮  铁骨  」  露宿  早惯  蚊叮  
本港  约有  450  至  600  名  露宿  者  ，  其中  近  四  分之  一  ，  即  约  150  人  露宿  在  深水  埗  。  
有  外展  社工  称  ，  露宿  者  日间  多  到  商场  等  冷气  场所  避暑  ，  流连  至  晚上  11  、  12  时  ，  才  用  纸皮  在  公园  外  「  打  地铺  」  ，  他  们  早已  「  练得  一  身铜  皮  铁骨  」  ，  彻夜  被  蚊叮  也  习以  为  常  ，  但  社工  在  炎夏  仍  会  频频  给  他  们  派发  蚊香  。  
基督  教  关怀  无家  者  协会  的  外展  社工  ，  过去  一直  有  探访  李  郑屋  游乐  场  外  的  露宿  者  ，  该会  总  干事  赖  淑芬  说  ，  该处  的  露宿  者  只  有  数人  ，  且  流动  性  很大  。  
不管  被  多少  蚊叮  也  没什  感觉  
她  指  这些  露宿  者  日间  都  会  流连  于  冷气  场所  ，  晚上  才  到  游乐  场  露宿  ，  但  碍于  游乐  场  晚上  关门  ，  他  们  只  可  在  外围  「  打  地铺  」  。  
由于  附近  多  草丛  ，  晚上  人流  少  ，  部分  露宿  者  又  因为  个人  卫生  问题  ，  总  成为  蚊叮  对象  。  
但  露宿  者  早已  习惯  被  蚊叮  ，  不管  被  多少  蚊叮  也  没什  感觉  。  
不过  ，  有些  露宿  者  一样  被  蚊叮  至  痕痒  入心  ，  要  不断  换位  找个  较  少  蚊  的  地方  睡觉  ，  故  彻夜  难眠  。  
赖  淑芬  指  区内  露宿  者  之家  经常  「  爆满  」  ，  他  们  未必  有位  入住  ﹔  

2019-04-03 19:24:58 INFO     Prepare prediction dataloader
2019-04-03 19:24:58 INFO     #line: 1493
2019-04-03 19:24:58 INFO     #sentence: 4827
2019-04-03 19:24:58 INFO     #token: 75548
2019-04-03 19:24:58 INFO     ##########Example 0##########
2019-04-03 19:24:58 INFO     Characters: <BOS> 「 练 得 铜 皮 铁 骨 」 露 宿 早 惯 蚊 叮 <\n>
2019-04-03 19:24:58 INFO     Tokens: <BOS> <PUNC> 练 得 铜 皮 铁 骨 <PUNC> 露 宿 早 惯 蚊 叮 </s>
2019-04-03 19:24:58 INFO     Segments: 14
2019-04-03 19:24:58 INFO     ##########Example 1##########
2019-04-03 19:24:58 INFO     Characters: <BOS> 本 港 约 有 450 至 600 名 露 宿 者 ， 
2019-04-03 19:24:58 INFO     Tokens: <BOS> 本 港 约 有 <NUM> 至 <NUM> 名 露 宿 者 <PUNC> </s>
2019-04-03 19:24:58 INFO     Segments: 12
2019-04-03 19:24:58 INFO     ##########Example 2##########
2019-04-03 19:24:58 INFO     Characters: <BOS> 其 中 近 四 分 之 一 ， 
2019-04-03 19:24:58 INFO     Tokens: <BOS> 其 中 近 四 分 之 一 <PUNC> </s>
2019-04-03 19:24:58 INFO     Segments: 8
2019-04-03 19:24:58 INFO     ##########Example 3##########
2019-04-03 19:24:58 INFO     Characters: <BOS> 即 约 150 人 露 宿 在 深 水 埗 。 <\n>
2019-04-03 19:24:58 INFO     Tokens: <BOS> 即 约 <NUM> 人 露 宿 在 深 水 埗 <PUNC> </s>
2019-04-03 19:24:58 INFO     Segments: 11
2019-04-03 19:24:58 INFO     ##########Example 4##########
2019-04-03 19:24:58 INFO     Characters: <BOS> 有 外 展 社 工 称 ， 
2019-04-03 19:24:58 INFO     Tokens: <BOS> 有 外 展 社 工 称 <PUNC> </s>
2019-04-03 19:24:58 INFO     Segments: 7
2019-04-03 19:24:58 INFO     ##########Example 5##########
2019-04-03 19:24:58 INFO     Characters: <BOS> 露 宿 者 日 间 多 到 商 场 等 冷 气 场 所 避 暑 ， 
2019-04-03 19:24:58 INFO     Tokens: <BOS> 露 宿 者 日 间 多 到 商 场 等 冷 气 场 所 避 暑 <PUNC> </s>
2019-04-03 19:24:58 INFO     Segments: 17
2019-04-03 19:24:58 INFO     ##########Example 6##########
2019-04-03 19:24:58 INFO     Characters: <BOS> 流 连 至 晚 上 11 、 12 时 ， 
2019-04-03 19:24:58 INFO     Tokens: <BOS> 流 连 至 晚 上 <NUM> <PUNC> <NUM> 时 <PUNC> </s>
2019-04-03 19:24:58 INFO     Segments: 10
2019-04-03 19:24:58 INFO     ##########Example 7##########
2019-04-03 19:24:58 INFO     Characters: <BOS> 才 用 纸 皮 在 公 园 外 「 打 地 铺 」  ， 
2019-04-03 19:24:58 INFO     Tokens: <BOS> 才 用 纸 皮 在 公 园 外 <PUNC> 打 地 铺 <PUNC> </s>
2019-04-03 19:24:58 INFO     Segments: 13
2019-04-03 19:24:58 INFO     ##########Example 8##########
2019-04-03 19:24:58 INFO     Characters: <BOS> 他 们 早 已 「 练 得 一 身 铜 皮 铁 骨 」  ， 
2019-04-03 19:24:58 INFO     Tokens: <BOS> 他 们 早 已 <PUNC> 练 得 一 身 铜 皮 铁 骨 <PUNC> </s>
2019-04-03 19:24:58 INFO     Segments: 14
2019-04-03 19:24:58 INFO     ##########Example 9##########
2019-04-03 19:24:58 INFO     Characters: <BOS> 彻 夜 被 蚊 叮 也 习 以 为 常 ， 
2019-04-03 19:24:58 INFO     Tokens: <BOS> 彻 夜 被 蚊 叮 也 习 以 为 常 <PUNC> </s>
2019-04-03 19:24:58 INFO     Segments: 11
2019-04-03 19:24:58 INFO     Loading checkpoint None...
2019-04-03 19:24:58 INFO     Model Info:
SegmentalLM(
  (embedding): Embedding(8677, 256)
  (embedding2vocab): Linear(in_features=256, out_features=8677, bias=True)
  (context_encoder): ContextEncoder(
    (rnn): LSTM(256, 256, num_layers=2, dropout=0.1)
  )
  (segment_decoder): SegmentDecoder(
    (rnn): LSTM(256, 256, num_layers=2, dropout=0.1)
    (output_dropout): Dropout(p=0.1)
  )
  (decoder_h_transformation): Linear(in_features=256, out_features=512, bias=True)
  (encoder_input_dropout): Dropout(p=0.1)
  (decoder_input_dropout): Dropout(p=0.1)
  (y0_transformation): Linear(in_features=256, out_features=256, bias=True)
)
2019-04-03 19:24:58 INFO     Global step: 5200
2019-04-03 19:25:01 INFO     Bash Command: bash run.sh valid cityu 2
2019-04-03 19:25:04 INFO     Test evaluation results:
1.0.0
=== SUMMARY:
=== TOTAL INSERTIONS:	4575
=== TOTAL DELETIONS:	1167
=== TOTAL SUBSTITUTIONS:	6234
=== TOTAL NCHANGE:	11976
=== TOTAL TRUE WORD COUNT:	40936
=== TOTAL TEST WORD COUNT:	44344
=== TOTAL TRUE WORDS RECALL:	0.819
=== TOTAL TEST WORDS PRECISION:	0.756
=== F MEASURE:	0.786
=== OOV Rate:	1.000
=== OOV Recall Rate:	0.819
=== IV Recall Rate:	--
Examples:
「  练得  铜皮  铁骨  」  露宿  早惯  蚊叮  
本港  约有  450  至  600  名  露宿  者  ，  其中  近  四  分之  一  ，  即  约  150  人  露宿  在  深水  埗  。  
有  外展  社工  称  ，  露宿  者  日间  多  到  商场  等  冷气  场所  避暑  ，  流连  至  晚上  11  、  12  时  ，  才  用  纸皮  在  公园  外  「  打  地铺  」  ，  他  们  早已  「  练得  一  身铜  皮  铁骨  」  ，  彻夜  被  蚊叮  也  习以  为  常  ，  但  社工  在  炎夏  仍  会  频频  给  他  们  派发  蚊香  。  
基督  教  关怀  无家  者  协会  的  外展  社工  ，  过去  一直  有  探访  李  郑屋  游乐  场  外  的  露宿  者  ，  该会  总  干事  赖  淑芬  说  ，  该处  的  露宿  者  只  有  数人  ，  且  流动  性  很大  。  
不管  被  多少  蚊叮  也  没什  感觉  
她  指  这些  露宿  者  日间  都  会  流连  于  冷气  场所  ，  晚上  才  到  游乐  场  露宿  ，  但  碍于  游乐  场  晚上  关门  ，  他  们  只  可  在  外围  「  打  地铺  」  。  
由于  附近  多  草丛  ，  晚上  人流  少  ，  部分  露宿  者  又  因为  个人  卫生  问题  ，  总  成为  蚊叮  对象  。  
但  露宿  者  早已  习惯  被  蚊叮  ，  不管  被  多少  蚊叮  也  没什  感觉  。  
不过  ，  有些  露宿  者  一样  被  蚊叮  至  痕痒  入心  ，  要  不断  换位  找个  较  少  蚊  的  地方  睡觉  ，  故  彻夜  难眠  。  
赖  淑芬  指  区内  露宿  者  之家  经常  「  爆满  」  ，  他  们  未必  有位  入住  ﹔  

